[0.018s] Invoking command in '/home/iit.local/gturrisi/isaaclab_ws_home/basic-locomotion-dls-isaaclab/deploy/dls2_ws/build/dls2_interfaces': CONDA_PROMPT_MODIFIER=(basic_locomotion_dls_isaaclab_ros2_env) /home/iit.local/gturrisi/miniforge3/envs/basic_locomotion_dls_isaaclab_ros2_env/bin/cmake /home/iit.local/gturrisi/isaaclab_ws_home/basic-locomotion-dls-isaaclab/deploy/dls2_ws/src/dls2_interfaces -DCMAKE_INSTALL_PREFIX=/home/iit.local/gturrisi/isaaclab_ws_home/basic-locomotion-dls-isaaclab/deploy/dls2_ws/install/dls2_interfaces
[0.040s] [0mCMake Deprecation Warning at CMakeLists.txt:2 (cmake_minimum_required):
[0.040s]   Compatibility with CMake < 3.10 will be removed from a future version of
[0.040s]   CMake.
[0.040s] 
[0.040s]   Update the VERSION argument <min> value.  Or, use the <min>...<max> syntax
[0.041s]   to tell CMake that the project requires at least <min> but has been updated
[0.041s]   to work with policies introduced by <max> or earlier.
[0.041s] 
[0.041s] [0m
[0.149s] -- The C compiler identification is GNU 14.3.0
[0.371s] -- The CXX compiler identification is GNU 14.3.0
[0.389s] -- Detecting C compiler ABI info
[0.575s] -- Detecting C compiler ABI info - done
[0.616s] -- Check for working C compiler: /home/iit.local/gturrisi/miniforge3/envs/basic_locomotion_dls_isaaclab_ros2_env/bin/x86_64-conda-linux-gnu-cc - skipped
[0.616s] -- Detecting C compile features
[0.617s] -- Detecting C compile features - done
[0.642s] -- Detecting CXX compiler ABI info
[0.873s] -- Detecting CXX compiler ABI info - done
[0.918s] -- Check for working CXX compiler: /home/iit.local/gturrisi/miniforge3/envs/basic_locomotion_dls_isaaclab_ros2_env/bin/x86_64-conda-linux-gnu-c++ - skipped
[0.919s] -- Detecting CXX compile features
[0.920s] -- Detecting CXX compile features - done
[0.939s] -- Found ament_cmake: 1.3.12 (/home/iit.local/gturrisi/miniforge3/envs/basic_locomotion_dls_isaaclab_ros2_env/share/ament_cmake/cmake)
[1.151s] -- Found Python3: /home/iit.local/gturrisi/miniforge3/envs/basic_locomotion_dls_isaaclab_ros2_env/bin/python3 (found version "3.11.13") found components: Interpreter
[1.404s] -- Found rosidl_default_generators: 1.2.0 (/home/iit.local/gturrisi/miniforge3/envs/basic_locomotion_dls_isaaclab_ros2_env/share/rosidl_default_generators/cmake)
[1.414s] -- Using all available rosidl_typesupport_c: rosidl_typesupport_fastrtps_c;rosidl_typesupport_introspection_c
[1.441s] -- Found rosidl_adapter: 3.1.6 (/home/iit.local/gturrisi/miniforge3/envs/basic_locomotion_dls_isaaclab_ros2_env/share/rosidl_adapter/cmake)
[1.573s] -- Using all available rosidl_typesupport_cpp: rosidl_typesupport_fastrtps_cpp;rosidl_typesupport_introspection_cpp
[2.046s] -- Found ament_cmake_ros: 0.10.0 (/home/iit.local/gturrisi/miniforge3/envs/basic_locomotion_dls_isaaclab_ros2_env/share/ament_cmake_ros/cmake)
[2.670s] -- Using all available rosidl_typesupport_c: rosidl_typesupport_fastrtps_c;rosidl_typesupport_introspection_c
[3.485s] -- Using all available rosidl_typesupport_cpp: rosidl_typesupport_fastrtps_cpp;rosidl_typesupport_introspection_cpp
[3.496s] -- Found python_cmake_module: 0.10.0 (/home/iit.local/gturrisi/miniforge3/envs/basic_locomotion_dls_isaaclab_ros2_env/share/python_cmake_module/cmake)
[3.497s] [33mCMake Warning (dev) at /home/iit.local/gturrisi/miniforge3/envs/basic_locomotion_dls_isaaclab_ros2_env/share/python_cmake_module/cmake/Modules/FindPythonExtra.cmake:52 (find_package):
[3.497s]   Policy CMP0148 is not set: The FindPythonInterp and FindPythonLibs modules
[3.497s]   are removed.  Run "cmake --help-policy CMP0148" for policy details.  Use
[3.497s]   the cmake_policy command to set the policy and suppress this warning.
[3.498s] 
[3.498s] Call Stack (most recent call first):
[3.498s]   /home/iit.local/gturrisi/miniforge3/envs/basic_locomotion_dls_isaaclab_ros2_env/share/rosidl_generator_py/cmake/rosidl_generator_py_generate_interfaces.cmake:33 (find_package)
[3.498s]   /home/iit.local/gturrisi/miniforge3/envs/basic_locomotion_dls_isaaclab_ros2_env/share/ament_cmake_core/cmake/core/ament_execute_extensions.cmake:48 (include)
[3.498s]   /home/iit.local/gturrisi/miniforge3/envs/basic_locomotion_dls_isaaclab_ros2_env/share/rosidl_cmake/cmake/rosidl_generate_interfaces.cmake:286 (ament_execute_extensions)
[3.498s]   CMakeLists.txt:13 (rosidl_generate_interfaces)
[3.498s] This warning is for project developers.  Use -Wno-dev to suppress it.
[3.498s] [0m
[3.525s] -- Found PythonInterp: /home/iit.local/gturrisi/miniforge3/envs/basic_locomotion_dls_isaaclab_ros2_env/bin/python3 (found suitable version "3.11.13", minimum required is "3.6")
[3.525s] [33mCMake Warning (dev) at /home/iit.local/gturrisi/miniforge3/envs/basic_locomotion_dls_isaaclab_ros2_env/share/python_cmake_module/cmake/Modules/FindPythonExtra.cmake:140 (find_package):
[3.525s]   Policy CMP0148 is not set: The FindPythonInterp and FindPythonLibs modules
[3.525s]   are removed.  Run "cmake --help-policy CMP0148" for policy details.  Use
[3.525s]   the cmake_policy command to set the policy and suppress this warning.
[3.525s] 
[3.525s] Call Stack (most recent call first):
[3.525s]   /home/iit.local/gturrisi/miniforge3/envs/basic_locomotion_dls_isaaclab_ros2_env/share/rosidl_generator_py/cmake/rosidl_generator_py_generate_interfaces.cmake:33 (find_package)
[3.525s]   /home/iit.local/gturrisi/miniforge3/envs/basic_locomotion_dls_isaaclab_ros2_env/share/ament_cmake_core/cmake/core/ament_execute_extensions.cmake:48 (include)
[3.525s]   /home/iit.local/gturrisi/miniforge3/envs/basic_locomotion_dls_isaaclab_ros2_env/share/rosidl_cmake/cmake/rosidl_generate_interfaces.cmake:286 (ament_execute_extensions)
[3.525s]   CMakeLists.txt:13 (rosidl_generate_interfaces)
[3.526s] This warning is for project developers.  Use -Wno-dev to suppress it.
[3.526s] [0m
[3.533s] -- Found PythonLibs: /home/iit.local/gturrisi/miniforge3/envs/basic_locomotion_dls_isaaclab_ros2_env/lib/libpython3.11.so (found suitable version "3.11.13", minimum required is "3.5")
[3.533s] -- Using PYTHON_EXECUTABLE: /home/iit.local/gturrisi/miniforge3/envs/basic_locomotion_dls_isaaclab_ros2_env/bin/python3
[3.533s] -- Using PYTHON_INCLUDE_DIRS: /home/iit.local/gturrisi/miniforge3/envs/basic_locomotion_dls_isaaclab_ros2_env/include/python3.11
[3.533s] -- Using PYTHON_LIBRARIES: /home/iit.local/gturrisi/miniforge3/envs/basic_locomotion_dls_isaaclab_ros2_env/lib/libpython3.11.so
[3.567s] -- Found PythonExtra: .so
[6.191s] -- Found Python: /home/iit.local/gturrisi/miniforge3/envs/basic_locomotion_dls_isaaclab_ros2_env/bin/python3.11 (found version "3.11.13") found components: Interpreter Development NumPy Development.Module Development.Embed
[6.253s] -- Found ament_lint_auto: 0.12.12 (/home/iit.local/gturrisi/miniforge3/envs/basic_locomotion_dls_isaaclab_ros2_env/share/ament_lint_auto/cmake)
[6.326s] -- Added test 'lint_cmake' to check CMake code style
[6.329s] -- Added test 'xmllint' to check XML markup files
[6.338s] -- Configuring done (6.3s)
[6.457s] -- Generating done (0.1s)
[6.478s] -- Build files have been written to: /home/iit.local/gturrisi/isaaclab_ws_home/basic-locomotion-dls-isaaclab/deploy/dls2_ws/build/dls2_interfaces
[6.490s] Invoked command in '/home/iit.local/gturrisi/isaaclab_ws_home/basic-locomotion-dls-isaaclab/deploy/dls2_ws/build/dls2_interfaces' returned '0': CONDA_PROMPT_MODIFIER=(basic_locomotion_dls_isaaclab_ros2_env) /home/iit.local/gturrisi/miniforge3/envs/basic_locomotion_dls_isaaclab_ros2_env/bin/cmake /home/iit.local/gturrisi/isaaclab_ws_home/basic-locomotion-dls-isaaclab/deploy/dls2_ws/src/dls2_interfaces -DCMAKE_INSTALL_PREFIX=/home/iit.local/gturrisi/isaaclab_ws_home/basic-locomotion-dls-isaaclab/deploy/dls2_ws/install/dls2_interfaces
[6.493s] Invoking command in '/home/iit.local/gturrisi/isaaclab_ws_home/basic-locomotion-dls-isaaclab/deploy/dls2_ws/build/dls2_interfaces': CONDA_PROMPT_MODIFIER=(basic_locomotion_dls_isaaclab_ros2_env) /home/iit.local/gturrisi/miniforge3/envs/basic_locomotion_dls_isaaclab_ros2_env/bin/cmake --build /home/iit.local/gturrisi/isaaclab_ws_home/basic-locomotion-dls-isaaclab/deploy/dls2_ws/build/dls2_interfaces -- -j20 -l20
[6.561s] [  1%] [1m[34mGenerating C code for ROS interfaces[0m
[6.575s] [  2%] [1m[34mGenerating C++ code for ROS interfaces[0m
[6.591s] [  2%] Built target ament_cmake_python_copy_dls2_interfaces
[7.051s] running egg_info
[7.075s] creating dls2_interfaces.egg-info
[7.075s] writing dls2_interfaces.egg-info/PKG-INFO
[7.076s] writing dependency_links to dls2_interfaces.egg-info/dependency_links.txt
[7.077s] writing top-level names to dls2_interfaces.egg-info/top_level.txt
[7.077s] writing manifest file 'dls2_interfaces.egg-info/SOURCES.txt'
[7.151s] reading manifest file 'dls2_interfaces.egg-info/SOURCES.txt'
[7.153s] writing manifest file 'dls2_interfaces.egg-info/SOURCES.txt'
[7.207s] [  2%] Built target ament_cmake_python_build_dls2_interfaces_egg
[7.611s] [  3%] [32mBuilding C object CMakeFiles/dls2_interfaces__rosidl_generator_c.dir/rosidl_generator_c/dls2_interfaces/msg/detail/pose__functions.c.o[0m
[7.613s] [  5%] [32mBuilding C object CMakeFiles/dls2_interfaces__rosidl_generator_c.dir/rosidl_generator_c/dls2_interfaces/msg/detail/blind_state__functions.c.o[0m
[7.614s] [  6%] [32mBuilding C object CMakeFiles/dls2_interfaces__rosidl_generator_c.dir/rosidl_generator_c/dls2_interfaces/msg/detail/screw__functions.c.o[0m
[7.618s] [  7%] [32mBuilding C object CMakeFiles/dls2_interfaces__rosidl_generator_c.dir/rosidl_generator_c/dls2_interfaces/msg/detail/trajectory_generator__functions.c.o[0m
[7.618s] [  8%] [32mBuilding C object CMakeFiles/dls2_interfaces__rosidl_generator_c.dir/rosidl_generator_c/dls2_interfaces/msg/detail/base_state__functions.c.o[0m
[7.619s] [ 10%] [32mBuilding C object CMakeFiles/dls2_interfaces__rosidl_generator_c.dir/rosidl_generator_c/dls2_interfaces/msg/detail/imu__functions.c.o[0m
[7.623s] [ 11%] [32mBuilding C object CMakeFiles/dls2_interfaces__rosidl_generator_c.dir/rosidl_generator_c/dls2_interfaces/msg/detail/desired_torques__functions.c.o[0m
[7.715s] [ 11%] Built target dls2_interfaces__cpp
[7.748s] [ 12%] [1m[34mGenerating C++ type support dispatch for ROS interfaces[0m
[7.749s] [ 13%] [1m[34mGenerating C++ type support for eProsima Fast-RTPS[0m
[7.752s] [ 15%] [1m[34mGenerating C++ introspection for ROS interfaces[0m
[8.048s] [ 16%] [1m[32mLinking C shared library libdls2_interfaces__rosidl_generator_c.so[0m
[8.152s] [ 16%] Built target dls2_interfaces__rosidl_generator_c
[8.173s] [ 17%] [1m[34mGenerating C introspection for ROS interfaces[0m
[8.174s] [ 20%] [1m[34mGenerating C type support for eProsima Fast-RTPS[0m
[8.174s] [ 20%] [1m[34mGenerating C type support dispatch for ROS interfaces[0m
[8.729s] [ 21%] [32mBuilding CXX object CMakeFiles/dls2_interfaces__rosidl_typesupport_cpp.dir/rosidl_typesupport_cpp/dls2_interfaces/msg/pose__type_support.cpp.o[0m
[8.731s] [ 22%] [32mBuilding CXX object CMakeFiles/dls2_interfaces__rosidl_typesupport_cpp.dir/rosidl_typesupport_cpp/dls2_interfaces/msg/blind_state__type_support.cpp.o[0m
[8.732s] [ 24%] [32mBuilding CXX object CMakeFiles/dls2_interfaces__rosidl_typesupport_cpp.dir/rosidl_typesupport_cpp/dls2_interfaces/msg/base_state__type_support.cpp.o[0m
[8.732s] [ 25%] [32mBuilding CXX object CMakeFiles/dls2_interfaces__rosidl_typesupport_cpp.dir/rosidl_typesupport_cpp/dls2_interfaces/msg/screw__type_support.cpp.o[0m
[8.735s] [ 26%] [32mBuilding CXX object CMakeFiles/dls2_interfaces__rosidl_typesupport_cpp.dir/rosidl_typesupport_cpp/dls2_interfaces/msg/imu__type_support.cpp.o[0m
[8.740s] [ 27%] [32mBuilding CXX object CMakeFiles/dls2_interfaces__rosidl_typesupport_cpp.dir/rosidl_typesupport_cpp/dls2_interfaces/msg/desired_torques__type_support.cpp.o[0m
[8.741s] [ 29%] [32mBuilding CXX object CMakeFiles/dls2_interfaces__rosidl_typesupport_cpp.dir/rosidl_typesupport_cpp/dls2_interfaces/msg/trajectory_generator__type_support.cpp.o[0m
[8.905s] [ 30%] [32mBuilding CXX object CMakeFiles/dls2_interfaces__rosidl_typesupport_introspection_cpp.dir/rosidl_typesupport_introspection_cpp/dls2_interfaces/msg/detail/blind_state__type_support.cpp.o[0m
[8.906s] [ 31%] [32mBuilding CXX object CMakeFiles/dls2_interfaces__rosidl_typesupport_introspection_cpp.dir/rosidl_typesupport_introspection_cpp/dls2_interfaces/msg/detail/pose__type_support.cpp.o[0m
[8.907s] [ 32%] [32mBuilding CXX object CMakeFiles/dls2_interfaces__rosidl_typesupport_introspection_cpp.dir/rosidl_typesupport_introspection_cpp/dls2_interfaces/msg/detail/trajectory_generator__type_support.cpp.o[0m
[8.909s] [ 34%] [32mBuilding CXX object CMakeFiles/dls2_interfaces__rosidl_typesupport_introspection_cpp.dir/rosidl_typesupport_introspection_cpp/dls2_interfaces/msg/detail/imu__type_support.cpp.o[0m
[8.911s] [ 35%] [32mBuilding CXX object CMakeFiles/dls2_interfaces__rosidl_typesupport_introspection_cpp.dir/rosidl_typesupport_introspection_cpp/dls2_interfaces/msg/detail/screw__type_support.cpp.o[0m
[8.920s] [ 36%] [32mBuilding CXX object CMakeFiles/dls2_interfaces__rosidl_typesupport_introspection_cpp.dir/rosidl_typesupport_introspection_cpp/dls2_interfaces/msg/detail/desired_torques__type_support.cpp.o[0m
[8.921s] [ 37%] [32mBuilding CXX object CMakeFiles/dls2_interfaces__rosidl_typesupport_introspection_cpp.dir/rosidl_typesupport_introspection_cpp/dls2_interfaces/msg/detail/base_state__type_support.cpp.o[0m
[9.309s] [ 39%] [32mBuilding CXX object CMakeFiles/dls2_interfaces__rosidl_typesupport_fastrtps_cpp.dir/rosidl_typesupport_fastrtps_cpp/dls2_interfaces/msg/detail/dds_fastrtps/pose__type_support.cpp.o[0m
[9.315s] [ 40%] [32mBuilding CXX object CMakeFiles/dls2_interfaces__rosidl_typesupport_fastrtps_cpp.dir/rosidl_typesupport_fastrtps_cpp/dls2_interfaces/msg/detail/dds_fastrtps/screw__type_support.cpp.o[0m
[9.317s] [ 41%] [32mBuilding CXX object CMakeFiles/dls2_interfaces__rosidl_typesupport_fastrtps_cpp.dir/rosidl_typesupport_fastrtps_cpp/dls2_interfaces/msg/detail/dds_fastrtps/blind_state__type_support.cpp.o[0m
[9.408s] [ 43%] [32mBuilding CXX object CMakeFiles/dls2_interfaces__rosidl_typesupport_c.dir/rosidl_typesupport_c/dls2_interfaces/msg/pose__type_support.cpp.o[0m
[9.556s] [ 44%] [32mBuilding CXX object CMakeFiles/dls2_interfaces__rosidl_typesupport_c.dir/rosidl_typesupport_c/dls2_interfaces/msg/screw__type_support.cpp.o[0m
[9.747s] [ 45%] [32mBuilding CXX object CMakeFiles/dls2_interfaces__rosidl_typesupport_c.dir/rosidl_typesupport_c/dls2_interfaces/msg/blind_state__type_support.cpp.o[0m
[9.959s] [ 46%] [32mBuilding CXX object CMakeFiles/dls2_interfaces__rosidl_typesupport_c.dir/rosidl_typesupport_c/dls2_interfaces/msg/base_state__type_support.cpp.o[0m
[10.196s] [ 48%] [32mBuilding CXX object CMakeFiles/dls2_interfaces__rosidl_typesupport_c.dir/rosidl_typesupport_c/dls2_interfaces/msg/imu__type_support.cpp.o[0m
[10.398s] [ 49%] [32mBuilding CXX object CMakeFiles/dls2_interfaces__rosidl_typesupport_fastrtps_cpp.dir/rosidl_typesupport_fastrtps_cpp/dls2_interfaces/msg/detail/dds_fastrtps/base_state__type_support.cpp.o[0m
[10.408s] [ 50%] [32mBuilding CXX object CMakeFiles/dls2_interfaces__rosidl_typesupport_c.dir/rosidl_typesupport_c/dls2_interfaces/msg/trajectory_generator__type_support.cpp.o[0m
[10.419s] [ 51%] [32mBuilding CXX object CMakeFiles/dls2_interfaces__rosidl_typesupport_fastrtps_cpp.dir/rosidl_typesupport_fastrtps_cpp/dls2_interfaces/msg/detail/dds_fastrtps/imu__type_support.cpp.o[0m
[10.456s] [ 53%] [32mBuilding C object CMakeFiles/dls2_interfaces__rosidl_typesupport_introspection_c.dir/rosidl_typesupport_introspection_c/dls2_interfaces/msg/detail/pose__type_support.c.o[0m
[10.543s] [ 54%] [32mBuilding CXX object CMakeFiles/dls2_interfaces__rosidl_typesupport_fastrtps_c.dir/rosidl_typesupport_fastrtps_c/dls2_interfaces/msg/detail/pose__type_support_c.cpp.o[0m
[10.547s] [ 55%] [32mBuilding CXX object CMakeFiles/dls2_interfaces__rosidl_typesupport_fastrtps_cpp.dir/rosidl_typesupport_fastrtps_cpp/dls2_interfaces/msg/detail/dds_fastrtps/trajectory_generator__type_support.cpp.o[0m
[10.622s] [ 56%] [32mBuilding C object CMakeFiles/dls2_interfaces__rosidl_typesupport_introspection_c.dir/rosidl_typesupport_introspection_c/dls2_interfaces/msg/detail/screw__type_support.c.o[0m
[10.648s] [ 58%] [32mBuilding CXX object CMakeFiles/dls2_interfaces__rosidl_typesupport_fastrtps_c.dir/rosidl_typesupport_fastrtps_c/dls2_interfaces/msg/detail/screw__type_support_c.cpp.o[0m
[10.689s] [ 59%] [32mBuilding CXX object CMakeFiles/dls2_interfaces__rosidl_typesupport_c.dir/rosidl_typesupport_c/dls2_interfaces/msg/desired_torques__type_support.cpp.o[0m
[10.787s] [ 60%] [32mBuilding CXX object CMakeFiles/dls2_interfaces__rosidl_typesupport_fastrtps_c.dir/rosidl_typesupport_fastrtps_c/dls2_interfaces/msg/detail/blind_state__type_support_c.cpp.o[0m
[10.794s] [ 62%] [32mBuilding CXX object CMakeFiles/dls2_interfaces__rosidl_typesupport_fastrtps_cpp.dir/rosidl_typesupport_fastrtps_cpp/dls2_interfaces/msg/detail/dds_fastrtps/desired_torques__type_support.cpp.o[0m
[10.916s] [ 63%] [1m[32mLinking CXX shared library libdls2_interfaces__rosidl_typesupport_c.so[0m
[10.919s] [ 64%] [1m[32mLinking CXX shared library libdls2_interfaces__rosidl_typesupport_cpp.so[0m
[10.936s] [ 65%] [32mBuilding C object CMakeFiles/dls2_interfaces__rosidl_typesupport_introspection_c.dir/rosidl_typesupport_introspection_c/dls2_interfaces/msg/detail/blind_state__type_support.c.o[0m
[11.241s] [ 65%] Built target dls2_interfaces__rosidl_typesupport_c
[11.293s] [ 67%] [32mBuilding C object CMakeFiles/dls2_interfaces__rosidl_typesupport_introspection_c.dir/rosidl_typesupport_introspection_c/dls2_interfaces/msg/detail/base_state__type_support.c.o[0m
[11.305s] [ 67%] Built target dls2_interfaces__rosidl_typesupport_cpp
[11.336s] [ 68%] [32mBuilding CXX object CMakeFiles/dls2_interfaces__rosidl_typesupport_fastrtps_c.dir/rosidl_typesupport_fastrtps_c/dls2_interfaces/msg/detail/base_state__type_support_c.cpp.o[0m
[11.409s] [ 69%] [32mBuilding CXX object CMakeFiles/dls2_interfaces__rosidl_typesupport_fastrtps_c.dir/rosidl_typesupport_fastrtps_c/dls2_interfaces/msg/detail/imu__type_support_c.cpp.o[0m
[11.509s] [ 70%] [32mBuilding CXX object CMakeFiles/dls2_interfaces__rosidl_typesupport_fastrtps_c.dir/rosidl_typesupport_fastrtps_c/dls2_interfaces/msg/detail/trajectory_generator__type_support_c.cpp.o[0m
[11.554s] [ 72%] [32mBuilding C object CMakeFiles/dls2_interfaces__rosidl_typesupport_introspection_c.dir/rosidl_typesupport_introspection_c/dls2_interfaces/msg/detail/imu__type_support.c.o[0m
[11.652s] [ 73%] [32mBuilding CXX object CMakeFiles/dls2_interfaces__rosidl_typesupport_fastrtps_c.dir/rosidl_typesupport_fastrtps_c/dls2_interfaces/msg/detail/desired_torques__type_support_c.cpp.o[0m
[11.973s] [ 74%] [32mBuilding C object CMakeFiles/dls2_interfaces__rosidl_typesupport_introspection_c.dir/rosidl_typesupport_introspection_c/dls2_interfaces/msg/detail/trajectory_generator__type_support.c.o[0m
[12.000s] [ 75%] [32mBuilding C object CMakeFiles/dls2_interfaces__rosidl_typesupport_introspection_c.dir/rosidl_typesupport_introspection_c/dls2_interfaces/msg/detail/desired_torques__type_support.c.o[0m
[12.565s] [ 77%] [1m[32mLinking CXX shared library libdls2_interfaces__rosidl_typesupport_introspection_cpp.so[0m
[12.893s] [ 78%] [1m[32mLinking C shared library libdls2_interfaces__rosidl_typesupport_introspection_c.so[0m
[13.033s] [ 78%] Built target dls2_interfaces__rosidl_typesupport_introspection_cpp
[13.041s] [ 78%] Built target dls2_interfaces__rosidl_typesupport_introspection_c
[13.775s] [ 79%] [1m[32mLinking CXX shared library libdls2_interfaces__rosidl_typesupport_fastrtps_c.so[0m
[13.977s] [ 81%] [1m[32mLinking CXX shared library libdls2_interfaces__rosidl_typesupport_fastrtps_cpp.so[0m
[13.989s] [ 81%] Built target dls2_interfaces__rosidl_typesupport_fastrtps_c
[14.163s] [ 81%] Built target dls2_interfaces__rosidl_typesupport_fastrtps_cpp
[14.200s] [ 81%] Built target dls2_interfaces
[14.235s] [ 82%] [1m[34mGenerating Python code for ROS interfaces[0m
[15.701s] [ 82%] Built target dls2_interfaces__py
[15.747s] [ 83%] [32mBuilding C object CMakeFiles/dls2_interfaces__rosidl_generator_py.dir/rosidl_generator_py/dls2_interfaces/msg/_base_state_s.c.o[0m
[15.748s] [ 87%] [32mBuilding C object CMakeFiles/dls2_interfaces__rosidl_generator_py.dir/rosidl_generator_py/dls2_interfaces/msg/_blind_state_s.c.o[0m
[15.748s] [ 87%] [32mBuilding C object CMakeFiles/dls2_interfaces__rosidl_generator_py.dir/rosidl_generator_py/dls2_interfaces/msg/_screw_s.c.o[0m
[15.749s] [ 88%] [32mBuilding C object CMakeFiles/dls2_interfaces__rosidl_generator_py.dir/rosidl_generator_py/dls2_interfaces/msg/_trajectory_generator_s.c.o[0m
[15.749s] [ 87%] [32mBuilding C object CMakeFiles/dls2_interfaces__rosidl_generator_py.dir/rosidl_generator_py/dls2_interfaces/msg/_pose_s.c.o[0m
[15.750s] [ 89%] [32mBuilding C object CMakeFiles/dls2_interfaces__rosidl_generator_py.dir/rosidl_generator_py/dls2_interfaces/msg/_desired_torques_s.c.o[0m
[15.751s] [ 91%] [32mBuilding C object CMakeFiles/dls2_interfaces__rosidl_generator_py.dir/rosidl_generator_py/dls2_interfaces/msg/_imu_s.c.o[0m
[16.873s] [ 92%] [1m[32mLinking C shared library rosidl_generator_py/dls2_interfaces/libdls2_interfaces__rosidl_generator_py.so[0m
[16.957s] [ 92%] Built target dls2_interfaces__rosidl_generator_py
[16.993s] [ 93%] [32mBuilding C object CMakeFiles/dls2_interfaces__rosidl_typesupport_c__pyext.dir/rosidl_generator_py/dls2_interfaces/_dls2_interfaces_s.ep.rosidl_typesupport_c.c.o[0m
[16.993s] [ 94%] [32mBuilding C object CMakeFiles/dls2_interfaces__rosidl_typesupport_fastrtps_c__pyext.dir/rosidl_generator_py/dls2_interfaces/_dls2_interfaces_s.ep.rosidl_typesupport_fastrtps_c.c.o[0m
[16.995s] [ 96%] [32mBuilding C object CMakeFiles/dls2_interfaces__rosidl_typesupport_introspection_c__pyext.dir/rosidl_generator_py/dls2_interfaces/_dls2_interfaces_s.ep.rosidl_typesupport_introspection_c.c.o[0m
[17.404s] [ 97%] [1m[32mLinking C shared library rosidl_generator_py/dls2_interfaces/dls2_interfaces_s__rosidl_typesupport_introspection_c.cpython-311-x86_64-linux-gnu.so[0m
[17.406s] [ 98%] [1m[32mLinking C shared library rosidl_generator_py/dls2_interfaces/dls2_interfaces_s__rosidl_typesupport_c.cpython-311-x86_64-linux-gnu.so[0m
[17.425s] [100%] [1m[32mLinking C shared library rosidl_generator_py/dls2_interfaces/dls2_interfaces_s__rosidl_typesupport_fastrtps_c.cpython-311-x86_64-linux-gnu.so[0m
[17.474s] [100%] Built target dls2_interfaces__rosidl_typesupport_introspection_c__pyext
[17.482s] [100%] Built target dls2_interfaces__rosidl_typesupport_c__pyext
[17.509s] [100%] Built target dls2_interfaces__rosidl_typesupport_fastrtps_c__pyext
[17.531s] Invoked command in '/home/iit.local/gturrisi/isaaclab_ws_home/basic-locomotion-dls-isaaclab/deploy/dls2_ws/build/dls2_interfaces' returned '0': CONDA_PROMPT_MODIFIER=(basic_locomotion_dls_isaaclab_ros2_env) /home/iit.local/gturrisi/miniforge3/envs/basic_locomotion_dls_isaaclab_ros2_env/bin/cmake --build /home/iit.local/gturrisi/isaaclab_ws_home/basic-locomotion-dls-isaaclab/deploy/dls2_ws/build/dls2_interfaces -- -j20 -l20
[17.548s] Invoking command in '/home/iit.local/gturrisi/isaaclab_ws_home/basic-locomotion-dls-isaaclab/deploy/dls2_ws/build/dls2_interfaces': CONDA_PROMPT_MODIFIER=(basic_locomotion_dls_isaaclab_ros2_env) /home/iit.local/gturrisi/miniforge3/envs/basic_locomotion_dls_isaaclab_ros2_env/bin/cmake --install /home/iit.local/gturrisi/isaaclab_ws_home/basic-locomotion-dls-isaaclab/deploy/dls2_ws/build/dls2_interfaces
[17.563s] -- Install configuration: ""
[17.563s] -- Installing: /home/iit.local/gturrisi/isaaclab_ws_home/basic-locomotion-dls-isaaclab/deploy/dls2_ws/install/dls2_interfaces/share/ament_index/resource_index/rosidl_interfaces/dls2_interfaces
[17.564s] -- Installing: /home/iit.local/gturrisi/isaaclab_ws_home/basic-locomotion-dls-isaaclab/deploy/dls2_ws/install/dls2_interfaces/include/dls2_interfaces/dls2_interfaces
[17.564s] -- Installing: /home/iit.local/gturrisi/isaaclab_ws_home/basic-locomotion-dls-isaaclab/deploy/dls2_ws/install/dls2_interfaces/include/dls2_interfaces/dls2_interfaces/msg
[17.564s] -- Installing: /home/iit.local/gturrisi/isaaclab_ws_home/basic-locomotion-dls-isaaclab/deploy/dls2_ws/install/dls2_interfaces/include/dls2_interfaces/dls2_interfaces/msg/trajectory_generator.h
[17.565s] -- Installing: /home/iit.local/gturrisi/isaaclab_ws_home/basic-locomotion-dls-isaaclab/deploy/dls2_ws/install/dls2_interfaces/include/dls2_interfaces/dls2_interfaces/msg/rosidl_generator_c__visibility_control.h
[17.565s] -- Installing: /home/iit.local/gturrisi/isaaclab_ws_home/basic-locomotion-dls-isaaclab/deploy/dls2_ws/install/dls2_interfaces/include/dls2_interfaces/dls2_interfaces/msg/blind_state.h
[17.565s] -- Installing: /home/iit.local/gturrisi/isaaclab_ws_home/basic-locomotion-dls-isaaclab/deploy/dls2_ws/install/dls2_interfaces/include/dls2_interfaces/dls2_interfaces/msg/screw.h
[17.565s] -- Installing: /home/iit.local/gturrisi/isaaclab_ws_home/basic-locomotion-dls-isaaclab/deploy/dls2_ws/install/dls2_interfaces/include/dls2_interfaces/dls2_interfaces/msg/base_state.h
[17.565s] -- Installing: /home/iit.local/gturrisi/isaaclab_ws_home/basic-locomotion-dls-isaaclab/deploy/dls2_ws/install/dls2_interfaces/include/dls2_interfaces/dls2_interfaces/msg/detail
[17.565s] -- Installing: /home/iit.local/gturrisi/isaaclab_ws_home/basic-locomotion-dls-isaaclab/deploy/dls2_ws/install/dls2_interfaces/include/dls2_interfaces/dls2_interfaces/msg/detail/blind_state__functions.c
[17.565s] -- Installing: /home/iit.local/gturrisi/isaaclab_ws_home/basic-locomotion-dls-isaaclab/deploy/dls2_ws/install/dls2_interfaces/include/dls2_interfaces/dls2_interfaces/msg/detail/blind_state__type_support.h
[17.566s] -- Installing: /home/iit.local/gturrisi/isaaclab_ws_home/basic-locomotion-dls-isaaclab/deploy/dls2_ws/install/dls2_interfaces/include/dls2_interfaces/dls2_interfaces/msg/detail/base_state__functions.c
[17.566s] -- Installing: /home/iit.local/gturrisi/isaaclab_ws_home/basic-locomotion-dls-isaaclab/deploy/dls2_ws/install/dls2_interfaces/include/dls2_interfaces/dls2_interfaces/msg/detail/trajectory_generator__type_support.h
[17.566s] -- Installing: /home/iit.local/gturrisi/isaaclab_ws_home/basic-locomotion-dls-isaaclab/deploy/dls2_ws/install/dls2_interfaces/include/dls2_interfaces/dls2_interfaces/msg/detail/pose__struct.h
[17.566s] -- Installing: /home/iit.local/gturrisi/isaaclab_ws_home/basic-locomotion-dls-isaaclab/deploy/dls2_ws/install/dls2_interfaces/include/dls2_interfaces/dls2_interfaces/msg/detail/blind_state__struct.h
[17.566s] -- Installing: /home/iit.local/gturrisi/isaaclab_ws_home/basic-locomotion-dls-isaaclab/deploy/dls2_ws/install/dls2_interfaces/include/dls2_interfaces/dls2_interfaces/msg/detail/imu__type_support.h
[17.566s] -- Installing: /home/iit.local/gturrisi/isaaclab_ws_home/basic-locomotion-dls-isaaclab/deploy/dls2_ws/install/dls2_interfaces/include/dls2_interfaces/dls2_interfaces/msg/detail/desired_torques__functions.h
[17.566s] -- Installing: /home/iit.local/gturrisi/isaaclab_ws_home/basic-locomotion-dls-isaaclab/deploy/dls2_ws/install/dls2_interfaces/include/dls2_interfaces/dls2_interfaces/msg/detail/imu__functions.c
[17.566s] -- Installing: /home/iit.local/gturrisi/isaaclab_ws_home/basic-locomotion-dls-isaaclab/deploy/dls2_ws/install/dls2_interfaces/include/dls2_interfaces/dls2_interfaces/msg/detail/pose__type_support.h
[17.567s] -- Installing: /home/iit.local/gturrisi/isaaclab_ws_home/basic-locomotion-dls-isaaclab/deploy/dls2_ws/install/dls2_interfaces/include/dls2_interfaces/dls2_interfaces/msg/detail/base_state__struct.h
[17.567s] -- Installing: /home/iit.local/gturrisi/isaaclab_ws_home/basic-locomotion-dls-isaaclab/deploy/dls2_ws/install/dls2_interfaces/include/dls2_interfaces/dls2_interfaces/msg/detail/screw__struct.h
[17.567s] -- Installing: /home/iit.local/gturrisi/isaaclab_ws_home/basic-locomotion-dls-isaaclab/deploy/dls2_ws/install/dls2_interfaces/include/dls2_interfaces/dls2_interfaces/msg/detail/trajectory_generator__functions.h
[17.567s] -- Installing: /home/iit.local/gturrisi/isaaclab_ws_home/basic-locomotion-dls-isaaclab/deploy/dls2_ws/install/dls2_interfaces/include/dls2_interfaces/dls2_interfaces/msg/detail/desired_torques__type_support.h
[17.567s] -- Installing: /home/iit.local/gturrisi/isaaclab_ws_home/basic-locomotion-dls-isaaclab/deploy/dls2_ws/install/dls2_interfaces/include/dls2_interfaces/dls2_interfaces/msg/detail/desired_torques__functions.c
[17.567s] -- Installing: /home/iit.local/gturrisi/isaaclab_ws_home/basic-locomotion-dls-isaaclab/deploy/dls2_ws/install/dls2_interfaces/include/dls2_interfaces/dls2_interfaces/msg/detail/pose__functions.h
[17.568s] -- Installing: /home/iit.local/gturrisi/isaaclab_ws_home/basic-locomotion-dls-isaaclab/deploy/dls2_ws/install/dls2_interfaces/include/dls2_interfaces/dls2_interfaces/msg/detail/trajectory_generator__struct.h
[17.568s] -- Installing: /home/iit.local/gturrisi/isaaclab_ws_home/basic-locomotion-dls-isaaclab/deploy/dls2_ws/install/dls2_interfaces/include/dls2_interfaces/dls2_interfaces/msg/detail/blind_state__functions.h
[17.568s] -- Installing: /home/iit.local/gturrisi/isaaclab_ws_home/basic-locomotion-dls-isaaclab/deploy/dls2_ws/install/dls2_interfaces/include/dls2_interfaces/dls2_interfaces/msg/detail/imu__struct.h
[17.568s] -- Installing: /home/iit.local/gturrisi/isaaclab_ws_home/basic-locomotion-dls-isaaclab/deploy/dls2_ws/install/dls2_interfaces/include/dls2_interfaces/dls2_interfaces/msg/detail/pose__functions.c
[17.568s] -- Installing: /home/iit.local/gturrisi/isaaclab_ws_home/basic-locomotion-dls-isaaclab/deploy/dls2_ws/install/dls2_interfaces/include/dls2_interfaces/dls2_interfaces/msg/detail/imu__functions.h
[17.569s] -- Installing: /home/iit.local/gturrisi/isaaclab_ws_home/basic-locomotion-dls-isaaclab/deploy/dls2_ws/install/dls2_interfaces/include/dls2_interfaces/dls2_interfaces/msg/detail/screw__functions.c
[17.569s] -- Installing: /home/iit.local/gturrisi/isaaclab_ws_home/basic-locomotion-dls-isaaclab/deploy/dls2_ws/install/dls2_interfaces/include/dls2_interfaces/dls2_interfaces/msg/detail/base_state__functions.h
[17.569s] -- Installing: /home/iit.local/gturrisi/isaaclab_ws_home/basic-locomotion-dls-isaaclab/deploy/dls2_ws/install/dls2_interfaces/include/dls2_interfaces/dls2_interfaces/msg/detail/screw__type_support.h
[17.569s] -- Installing: /home/iit.local/gturrisi/isaaclab_ws_home/basic-locomotion-dls-isaaclab/deploy/dls2_ws/install/dls2_interfaces/include/dls2_interfaces/dls2_interfaces/msg/detail/screw__functions.h
[17.569s] -- Installing: /home/iit.local/gturrisi/isaaclab_ws_home/basic-locomotion-dls-isaaclab/deploy/dls2_ws/install/dls2_interfaces/include/dls2_interfaces/dls2_interfaces/msg/detail/base_state__type_support.h
[17.570s] -- Installing: /home/iit.local/gturrisi/isaaclab_ws_home/basic-locomotion-dls-isaaclab/deploy/dls2_ws/install/dls2_interfaces/include/dls2_interfaces/dls2_interfaces/msg/detail/desired_torques__struct.h
[17.570s] -- Installing: /home/iit.local/gturrisi/isaaclab_ws_home/basic-locomotion-dls-isaaclab/deploy/dls2_ws/install/dls2_interfaces/include/dls2_interfaces/dls2_interfaces/msg/detail/trajectory_generator__functions.c
[17.570s] -- Installing: /home/iit.local/gturrisi/isaaclab_ws_home/basic-locomotion-dls-isaaclab/deploy/dls2_ws/install/dls2_interfaces/include/dls2_interfaces/dls2_interfaces/msg/imu.h
[17.570s] -- Installing: /home/iit.local/gturrisi/isaaclab_ws_home/basic-locomotion-dls-isaaclab/deploy/dls2_ws/install/dls2_interfaces/include/dls2_interfaces/dls2_interfaces/msg/desired_torques.h
[17.570s] -- Installing: /home/iit.local/gturrisi/isaaclab_ws_home/basic-locomotion-dls-isaaclab/deploy/dls2_ws/install/dls2_interfaces/include/dls2_interfaces/dls2_interfaces/msg/pose.h
[17.571s] -- Installing: /home/iit.local/gturrisi/isaaclab_ws_home/basic-locomotion-dls-isaaclab/deploy/dls2_ws/install/dls2_interfaces/lib/libdls2_interfaces__rosidl_generator_c.so
[17.571s] -- Up-to-date: /home/iit.local/gturrisi/isaaclab_ws_home/basic-locomotion-dls-isaaclab/deploy/dls2_ws/install/dls2_interfaces/include/dls2_interfaces/dls2_interfaces
[17.571s] -- Up-to-date: /home/iit.local/gturrisi/isaaclab_ws_home/basic-locomotion-dls-isaaclab/deploy/dls2_ws/install/dls2_interfaces/include/dls2_interfaces/dls2_interfaces/msg
[17.571s] -- Installing: /home/iit.local/gturrisi/isaaclab_ws_home/basic-locomotion-dls-isaaclab/deploy/dls2_ws/install/dls2_interfaces/include/dls2_interfaces/dls2_interfaces/msg/rosidl_typesupport_fastrtps_c__visibility_control.h
[17.572s] -- Up-to-date: /home/iit.local/gturrisi/isaaclab_ws_home/basic-locomotion-dls-isaaclab/deploy/dls2_ws/install/dls2_interfaces/include/dls2_interfaces/dls2_interfaces/msg/detail
[17.572s] -- Installing: /home/iit.local/gturrisi/isaaclab_ws_home/basic-locomotion-dls-isaaclab/deploy/dls2_ws/install/dls2_interfaces/include/dls2_interfaces/dls2_interfaces/msg/detail/trajectory_generator__rosidl_typesupport_fastrtps_c.h
[17.572s] -- Installing: /home/iit.local/gturrisi/isaaclab_ws_home/basic-locomotion-dls-isaaclab/deploy/dls2_ws/install/dls2_interfaces/include/dls2_interfaces/dls2_interfaces/msg/detail/screw__rosidl_typesupport_fastrtps_c.h
[17.572s] -- Installing: /home/iit.local/gturrisi/isaaclab_ws_home/basic-locomotion-dls-isaaclab/deploy/dls2_ws/install/dls2_interfaces/include/dls2_interfaces/dls2_interfaces/msg/detail/desired_torques__rosidl_typesupport_fastrtps_c.h
[17.572s] -- Installing: /home/iit.local/gturrisi/isaaclab_ws_home/basic-locomotion-dls-isaaclab/deploy/dls2_ws/install/dls2_interfaces/include/dls2_interfaces/dls2_interfaces/msg/detail/pose__rosidl_typesupport_fastrtps_c.h
[17.572s] -- Installing: /home/iit.local/gturrisi/isaaclab_ws_home/basic-locomotion-dls-isaaclab/deploy/dls2_ws/install/dls2_interfaces/include/dls2_interfaces/dls2_interfaces/msg/detail/blind_state__rosidl_typesupport_fastrtps_c.h
[17.573s] -- Installing: /home/iit.local/gturrisi/isaaclab_ws_home/basic-locomotion-dls-isaaclab/deploy/dls2_ws/install/dls2_interfaces/include/dls2_interfaces/dls2_interfaces/msg/detail/imu__rosidl_typesupport_fastrtps_c.h
[17.573s] -- Installing: /home/iit.local/gturrisi/isaaclab_ws_home/basic-locomotion-dls-isaaclab/deploy/dls2_ws/install/dls2_interfaces/include/dls2_interfaces/dls2_interfaces/msg/detail/base_state__rosidl_typesupport_fastrtps_c.h
[17.573s] -- Installing: /home/iit.local/gturrisi/isaaclab_ws_home/basic-locomotion-dls-isaaclab/deploy/dls2_ws/install/dls2_interfaces/lib/libdls2_interfaces__rosidl_typesupport_fastrtps_c.so
[17.574s] -- Set non-toolchain portion of runtime path of "/home/iit.local/gturrisi/isaaclab_ws_home/basic-locomotion-dls-isaaclab/deploy/dls2_ws/install/dls2_interfaces/lib/libdls2_interfaces__rosidl_typesupport_fastrtps_c.so" to ""
[17.574s] -- Up-to-date: /home/iit.local/gturrisi/isaaclab_ws_home/basic-locomotion-dls-isaaclab/deploy/dls2_ws/install/dls2_interfaces/include/dls2_interfaces/dls2_interfaces
[17.574s] -- Up-to-date: /home/iit.local/gturrisi/isaaclab_ws_home/basic-locomotion-dls-isaaclab/deploy/dls2_ws/install/dls2_interfaces/include/dls2_interfaces/dls2_interfaces/msg
[17.574s] -- Up-to-date: /home/iit.local/gturrisi/isaaclab_ws_home/basic-locomotion-dls-isaaclab/deploy/dls2_ws/install/dls2_interfaces/include/dls2_interfaces/dls2_interfaces/msg/detail
[17.574s] -- Installing: /home/iit.local/gturrisi/isaaclab_ws_home/basic-locomotion-dls-isaaclab/deploy/dls2_ws/install/dls2_interfaces/include/dls2_interfaces/dls2_interfaces/msg/detail/screw__rosidl_typesupport_introspection_c.h
[17.575s] -- Installing: /home/iit.local/gturrisi/isaaclab_ws_home/basic-locomotion-dls-isaaclab/deploy/dls2_ws/install/dls2_interfaces/include/dls2_interfaces/dls2_interfaces/msg/detail/trajectory_generator__rosidl_typesupport_introspection_c.h
[17.575s] -- Installing: /home/iit.local/gturrisi/isaaclab_ws_home/basic-locomotion-dls-isaaclab/deploy/dls2_ws/install/dls2_interfaces/include/dls2_interfaces/dls2_interfaces/msg/detail/trajectory_generator__type_support.c
[17.575s] -- Installing: /home/iit.local/gturrisi/isaaclab_ws_home/basic-locomotion-dls-isaaclab/deploy/dls2_ws/install/dls2_interfaces/include/dls2_interfaces/dls2_interfaces/msg/detail/imu__type_support.c
[17.575s] -- Installing: /home/iit.local/gturrisi/isaaclab_ws_home/basic-locomotion-dls-isaaclab/deploy/dls2_ws/install/dls2_interfaces/include/dls2_interfaces/dls2_interfaces/msg/detail/imu__rosidl_typesupport_introspection_c.h
[17.576s] -- Installing: /home/iit.local/gturrisi/isaaclab_ws_home/basic-locomotion-dls-isaaclab/deploy/dls2_ws/install/dls2_interfaces/include/dls2_interfaces/dls2_interfaces/msg/detail/desired_torques__type_support.c
[17.576s] -- Installing: /home/iit.local/gturrisi/isaaclab_ws_home/basic-locomotion-dls-isaaclab/deploy/dls2_ws/install/dls2_interfaces/include/dls2_interfaces/dls2_interfaces/msg/detail/screw__type_support.c
[17.577s] -- Installing: /home/iit.local/gturrisi/isaaclab_ws_home/basic-locomotion-dls-isaaclab/deploy/dls2_ws/install/dls2_interfaces/include/dls2_interfaces/dls2_interfaces/msg/detail/base_state__type_support.c
[17.577s] -- Installing: /home/iit.local/gturrisi/isaaclab_ws_home/basic-locomotion-dls-isaaclab/deploy/dls2_ws/install/dls2_interfaces/include/dls2_interfaces/dls2_interfaces/msg/detail/base_state__rosidl_typesupport_introspection_c.h
[17.577s] -- Installing: /home/iit.local/gturrisi/isaaclab_ws_home/basic-locomotion-dls-isaaclab/deploy/dls2_ws/install/dls2_interfaces/include/dls2_interfaces/dls2_interfaces/msg/detail/pose__rosidl_typesupport_introspection_c.h
[17.578s] -- Installing: /home/iit.local/gturrisi/isaaclab_ws_home/basic-locomotion-dls-isaaclab/deploy/dls2_ws/install/dls2_interfaces/include/dls2_interfaces/dls2_interfaces/msg/detail/desired_torques__rosidl_typesupport_introspection_c.h
[17.578s] -- Installing: /home/iit.local/gturrisi/isaaclab_ws_home/basic-locomotion-dls-isaaclab/deploy/dls2_ws/install/dls2_interfaces/include/dls2_interfaces/dls2_interfaces/msg/detail/blind_state__rosidl_typesupport_introspection_c.h
[17.578s] -- Installing: /home/iit.local/gturrisi/isaaclab_ws_home/basic-locomotion-dls-isaaclab/deploy/dls2_ws/install/dls2_interfaces/include/dls2_interfaces/dls2_interfaces/msg/detail/pose__type_support.c
[17.579s] -- Installing: /home/iit.local/gturrisi/isaaclab_ws_home/basic-locomotion-dls-isaaclab/deploy/dls2_ws/install/dls2_interfaces/include/dls2_interfaces/dls2_interfaces/msg/detail/blind_state__type_support.c
[17.579s] -- Installing: /home/iit.local/gturrisi/isaaclab_ws_home/basic-locomotion-dls-isaaclab/deploy/dls2_ws/install/dls2_interfaces/include/dls2_interfaces/dls2_interfaces/msg/rosidl_typesupport_introspection_c__visibility_control.h
[17.579s] -- Installing: /home/iit.local/gturrisi/isaaclab_ws_home/basic-locomotion-dls-isaaclab/deploy/dls2_ws/install/dls2_interfaces/lib/libdls2_interfaces__rosidl_typesupport_introspection_c.so
[17.579s] -- Set non-toolchain portion of runtime path of "/home/iit.local/gturrisi/isaaclab_ws_home/basic-locomotion-dls-isaaclab/deploy/dls2_ws/install/dls2_interfaces/lib/libdls2_interfaces__rosidl_typesupport_introspection_c.so" to ""
[17.579s] -- Installing: /home/iit.local/gturrisi/isaaclab_ws_home/basic-locomotion-dls-isaaclab/deploy/dls2_ws/install/dls2_interfaces/lib/libdls2_interfaces__rosidl_typesupport_c.so
[17.580s] -- Set non-toolchain portion of runtime path of "/home/iit.local/gturrisi/isaaclab_ws_home/basic-locomotion-dls-isaaclab/deploy/dls2_ws/install/dls2_interfaces/lib/libdls2_interfaces__rosidl_typesupport_c.so" to ""
[17.580s] -- Up-to-date: /home/iit.local/gturrisi/isaaclab_ws_home/basic-locomotion-dls-isaaclab/deploy/dls2_ws/install/dls2_interfaces/include/dls2_interfaces/dls2_interfaces
[17.580s] -- Up-to-date: /home/iit.local/gturrisi/isaaclab_ws_home/basic-locomotion-dls-isaaclab/deploy/dls2_ws/install/dls2_interfaces/include/dls2_interfaces/dls2_interfaces/msg
[17.580s] -- Installing: /home/iit.local/gturrisi/isaaclab_ws_home/basic-locomotion-dls-isaaclab/deploy/dls2_ws/install/dls2_interfaces/include/dls2_interfaces/dls2_interfaces/msg/blind_state.hpp
[17.581s] -- Installing: /home/iit.local/gturrisi/isaaclab_ws_home/basic-locomotion-dls-isaaclab/deploy/dls2_ws/install/dls2_interfaces/include/dls2_interfaces/dls2_interfaces/msg/desired_torques.hpp
[17.581s] -- Up-to-date: /home/iit.local/gturrisi/isaaclab_ws_home/basic-locomotion-dls-isaaclab/deploy/dls2_ws/install/dls2_interfaces/include/dls2_interfaces/dls2_interfaces/msg/detail
[17.582s] -- Installing: /home/iit.local/gturrisi/isaaclab_ws_home/basic-locomotion-dls-isaaclab/deploy/dls2_ws/install/dls2_interfaces/include/dls2_interfaces/dls2_interfaces/msg/detail/blind_state__builder.hpp
[17.582s] -- Installing: /home/iit.local/gturrisi/isaaclab_ws_home/basic-locomotion-dls-isaaclab/deploy/dls2_ws/install/dls2_interfaces/include/dls2_interfaces/dls2_interfaces/msg/detail/base_state__struct.hpp
[17.582s] -- Installing: /home/iit.local/gturrisi/isaaclab_ws_home/basic-locomotion-dls-isaaclab/deploy/dls2_ws/install/dls2_interfaces/include/dls2_interfaces/dls2_interfaces/msg/detail/screw__traits.hpp
[17.582s] -- Installing: /home/iit.local/gturrisi/isaaclab_ws_home/basic-locomotion-dls-isaaclab/deploy/dls2_ws/install/dls2_interfaces/include/dls2_interfaces/dls2_interfaces/msg/detail/imu__struct.hpp
[17.582s] -- Installing: /home/iit.local/gturrisi/isaaclab_ws_home/basic-locomotion-dls-isaaclab/deploy/dls2_ws/install/dls2_interfaces/include/dls2_interfaces/dls2_interfaces/msg/detail/pose__builder.hpp
[17.582s] -- Installing: /home/iit.local/gturrisi/isaaclab_ws_home/basic-locomotion-dls-isaaclab/deploy/dls2_ws/install/dls2_interfaces/include/dls2_interfaces/dls2_interfaces/msg/detail/screw__builder.hpp
[17.582s] -- Installing: /home/iit.local/gturrisi/isaaclab_ws_home/basic-locomotion-dls-isaaclab/deploy/dls2_ws/install/dls2_interfaces/include/dls2_interfaces/dls2_interfaces/msg/detail/trajectory_generator__traits.hpp
[17.582s] -- Installing: /home/iit.local/gturrisi/isaaclab_ws_home/basic-locomotion-dls-isaaclab/deploy/dls2_ws/install/dls2_interfaces/include/dls2_interfaces/dls2_interfaces/msg/detail/blind_state__traits.hpp
[17.582s] -- Installing: /home/iit.local/gturrisi/isaaclab_ws_home/basic-locomotion-dls-isaaclab/deploy/dls2_ws/install/dls2_interfaces/include/dls2_interfaces/dls2_interfaces/msg/detail/desired_torques__builder.hpp
[17.583s] -- Installing: /home/iit.local/gturrisi/isaaclab_ws_home/basic-locomotion-dls-isaaclab/deploy/dls2_ws/install/dls2_interfaces/include/dls2_interfaces/dls2_interfaces/msg/detail/screw__struct.hpp
[17.583s] -- Installing: /home/iit.local/gturrisi/isaaclab_ws_home/basic-locomotion-dls-isaaclab/deploy/dls2_ws/install/dls2_interfaces/include/dls2_interfaces/dls2_interfaces/msg/detail/desired_torques__struct.hpp
[17.583s] -- Installing: /home/iit.local/gturrisi/isaaclab_ws_home/basic-locomotion-dls-isaaclab/deploy/dls2_ws/install/dls2_interfaces/include/dls2_interfaces/dls2_interfaces/msg/detail/base_state__builder.hpp
[17.583s] -- Installing: /home/iit.local/gturrisi/isaaclab_ws_home/basic-locomotion-dls-isaaclab/deploy/dls2_ws/install/dls2_interfaces/include/dls2_interfaces/dls2_interfaces/msg/detail/imu__builder.hpp
[17.583s] -- Installing: /home/iit.local/gturrisi/isaaclab_ws_home/basic-locomotion-dls-isaaclab/deploy/dls2_ws/install/dls2_interfaces/include/dls2_interfaces/dls2_interfaces/msg/detail/pose__struct.hpp
[17.583s] -- Installing: /home/iit.local/gturrisi/isaaclab_ws_home/basic-locomotion-dls-isaaclab/deploy/dls2_ws/install/dls2_interfaces/include/dls2_interfaces/dls2_interfaces/msg/detail/pose__type_support.hpp
[17.584s] -- Installing: /home/iit.local/gturrisi/isaaclab_ws_home/basic-locomotion-dls-isaaclab/deploy/dls2_ws/install/dls2_interfaces/include/dls2_interfaces/dls2_interfaces/msg/detail/screw__type_support.hpp
[17.584s] -- Installing: /home/iit.local/gturrisi/isaaclab_ws_home/basic-locomotion-dls-isaaclab/deploy/dls2_ws/install/dls2_interfaces/include/dls2_interfaces/dls2_interfaces/msg/detail/base_state__type_support.hpp
[17.584s] -- Installing: /home/iit.local/gturrisi/isaaclab_ws_home/basic-locomotion-dls-isaaclab/deploy/dls2_ws/install/dls2_interfaces/include/dls2_interfaces/dls2_interfaces/msg/detail/trajectory_generator__struct.hpp
[17.584s] -- Installing: /home/iit.local/gturrisi/isaaclab_ws_home/basic-locomotion-dls-isaaclab/deploy/dls2_ws/install/dls2_interfaces/include/dls2_interfaces/dls2_interfaces/msg/detail/base_state__traits.hpp
[17.584s] -- Installing: /home/iit.local/gturrisi/isaaclab_ws_home/basic-locomotion-dls-isaaclab/deploy/dls2_ws/install/dls2_interfaces/include/dls2_interfaces/dls2_interfaces/msg/detail/blind_state__struct.hpp
[17.584s] -- Installing: /home/iit.local/gturrisi/isaaclab_ws_home/basic-locomotion-dls-isaaclab/deploy/dls2_ws/install/dls2_interfaces/include/dls2_interfaces/dls2_interfaces/msg/detail/trajectory_generator__builder.hpp
[17.584s] -- Installing: /home/iit.local/gturrisi/isaaclab_ws_home/basic-locomotion-dls-isaaclab/deploy/dls2_ws/install/dls2_interfaces/include/dls2_interfaces/dls2_interfaces/msg/detail/desired_torques__type_support.hpp
[17.584s] -- Installing: /home/iit.local/gturrisi/isaaclab_ws_home/basic-locomotion-dls-isaaclab/deploy/dls2_ws/install/dls2_interfaces/include/dls2_interfaces/dls2_interfaces/msg/detail/pose__traits.hpp
[17.585s] -- Installing: /home/iit.local/gturrisi/isaaclab_ws_home/basic-locomotion-dls-isaaclab/deploy/dls2_ws/install/dls2_interfaces/include/dls2_interfaces/dls2_interfaces/msg/detail/blind_state__type_support.hpp
[17.585s] -- Installing: /home/iit.local/gturrisi/isaaclab_ws_home/basic-locomotion-dls-isaaclab/deploy/dls2_ws/install/dls2_interfaces/include/dls2_interfaces/dls2_interfaces/msg/detail/desired_torques__traits.hpp
[17.585s] -- Installing: /home/iit.local/gturrisi/isaaclab_ws_home/basic-locomotion-dls-isaaclab/deploy/dls2_ws/install/dls2_interfaces/include/dls2_interfaces/dls2_interfaces/msg/detail/imu__type_support.hpp
[17.585s] -- Installing: /home/iit.local/gturrisi/isaaclab_ws_home/basic-locomotion-dls-isaaclab/deploy/dls2_ws/install/dls2_interfaces/include/dls2_interfaces/dls2_interfaces/msg/detail/imu__traits.hpp
[17.586s] -- Installing: /home/iit.local/gturrisi/isaaclab_ws_home/basic-locomotion-dls-isaaclab/deploy/dls2_ws/install/dls2_interfaces/include/dls2_interfaces/dls2_interfaces/msg/detail/trajectory_generator__type_support.hpp
[17.586s] -- Installing: /home/iit.local/gturrisi/isaaclab_ws_home/basic-locomotion-dls-isaaclab/deploy/dls2_ws/install/dls2_interfaces/include/dls2_interfaces/dls2_interfaces/msg/imu.hpp
[17.586s] -- Installing: /home/iit.local/gturrisi/isaaclab_ws_home/basic-locomotion-dls-isaaclab/deploy/dls2_ws/install/dls2_interfaces/include/dls2_interfaces/dls2_interfaces/msg/base_state.hpp
[17.587s] -- Installing: /home/iit.local/gturrisi/isaaclab_ws_home/basic-locomotion-dls-isaaclab/deploy/dls2_ws/install/dls2_interfaces/include/dls2_interfaces/dls2_interfaces/msg/pose.hpp
[17.588s] -- Installing: /home/iit.local/gturrisi/isaaclab_ws_home/basic-locomotion-dls-isaaclab/deploy/dls2_ws/install/dls2_interfaces/include/dls2_interfaces/dls2_interfaces/msg/trajectory_generator.hpp
[17.588s] -- Installing: /home/iit.local/gturrisi/isaaclab_ws_home/basic-locomotion-dls-isaaclab/deploy/dls2_ws/install/dls2_interfaces/include/dls2_interfaces/dls2_interfaces/msg/screw.hpp
[17.589s] -- Installing: /home/iit.local/gturrisi/isaaclab_ws_home/basic-locomotion-dls-isaaclab/deploy/dls2_ws/install/dls2_interfaces/include/dls2_interfaces/dls2_interfaces/msg/rosidl_generator_cpp__visibility_control.hpp
[17.589s] -- Up-to-date: /home/iit.local/gturrisi/isaaclab_ws_home/basic-locomotion-dls-isaaclab/deploy/dls2_ws/install/dls2_interfaces/include/dls2_interfaces/dls2_interfaces
[17.589s] -- Up-to-date: /home/iit.local/gturrisi/isaaclab_ws_home/basic-locomotion-dls-isaaclab/deploy/dls2_ws/install/dls2_interfaces/include/dls2_interfaces/dls2_interfaces/msg
[17.589s] -- Installing: /home/iit.local/gturrisi/isaaclab_ws_home/basic-locomotion-dls-isaaclab/deploy/dls2_ws/install/dls2_interfaces/include/dls2_interfaces/dls2_interfaces/msg/rosidl_typesupport_fastrtps_cpp__visibility_control.h
[17.589s] -- Up-to-date: /home/iit.local/gturrisi/isaaclab_ws_home/basic-locomotion-dls-isaaclab/deploy/dls2_ws/install/dls2_interfaces/include/dls2_interfaces/dls2_interfaces/msg/detail
[17.590s] -- Installing: /home/iit.local/gturrisi/isaaclab_ws_home/basic-locomotion-dls-isaaclab/deploy/dls2_ws/install/dls2_interfaces/include/dls2_interfaces/dls2_interfaces/msg/detail/trajectory_generator__rosidl_typesupport_fastrtps_cpp.hpp
[17.590s] -- Installing: /home/iit.local/gturrisi/isaaclab_ws_home/basic-locomotion-dls-isaaclab/deploy/dls2_ws/install/dls2_interfaces/include/dls2_interfaces/dls2_interfaces/msg/detail/screw__rosidl_typesupport_fastrtps_cpp.hpp
[17.590s] -- Installing: /home/iit.local/gturrisi/isaaclab_ws_home/basic-locomotion-dls-isaaclab/deploy/dls2_ws/install/dls2_interfaces/include/dls2_interfaces/dls2_interfaces/msg/detail/desired_torques__rosidl_typesupport_fastrtps_cpp.hpp
[17.590s] -- Installing: /home/iit.local/gturrisi/isaaclab_ws_home/basic-locomotion-dls-isaaclab/deploy/dls2_ws/install/dls2_interfaces/include/dls2_interfaces/dls2_interfaces/msg/detail/pose__rosidl_typesupport_fastrtps_cpp.hpp
[17.591s] -- Installing: /home/iit.local/gturrisi/isaaclab_ws_home/basic-locomotion-dls-isaaclab/deploy/dls2_ws/install/dls2_interfaces/include/dls2_interfaces/dls2_interfaces/msg/detail/imu__rosidl_typesupport_fastrtps_cpp.hpp
[17.591s] -- Installing: /home/iit.local/gturrisi/isaaclab_ws_home/basic-locomotion-dls-isaaclab/deploy/dls2_ws/install/dls2_interfaces/include/dls2_interfaces/dls2_interfaces/msg/detail/blind_state__rosidl_typesupport_fastrtps_cpp.hpp
[17.591s] -- Installing: /home/iit.local/gturrisi/isaaclab_ws_home/basic-locomotion-dls-isaaclab/deploy/dls2_ws/install/dls2_interfaces/include/dls2_interfaces/dls2_interfaces/msg/detail/dds_fastrtps
[17.591s] -- Installing: /home/iit.local/gturrisi/isaaclab_ws_home/basic-locomotion-dls-isaaclab/deploy/dls2_ws/install/dls2_interfaces/include/dls2_interfaces/dls2_interfaces/msg/detail/base_state__rosidl_typesupport_fastrtps_cpp.hpp
[17.591s] -- Installing: /home/iit.local/gturrisi/isaaclab_ws_home/basic-locomotion-dls-isaaclab/deploy/dls2_ws/install/dls2_interfaces/lib/libdls2_interfaces__rosidl_typesupport_fastrtps_cpp.so
[17.591s] -- Up-to-date: /home/iit.local/gturrisi/isaaclab_ws_home/basic-locomotion-dls-isaaclab/deploy/dls2_ws/install/dls2_interfaces/include/dls2_interfaces/dls2_interfaces
[17.591s] -- Up-to-date: /home/iit.local/gturrisi/isaaclab_ws_home/basic-locomotion-dls-isaaclab/deploy/dls2_ws/install/dls2_interfaces/include/dls2_interfaces/dls2_interfaces/msg
[17.592s] -- Up-to-date: /home/iit.local/gturrisi/isaaclab_ws_home/basic-locomotion-dls-isaaclab/deploy/dls2_ws/install/dls2_interfaces/include/dls2_interfaces/dls2_interfaces/msg/detail
[17.592s] -- Installing: /home/iit.local/gturrisi/isaaclab_ws_home/basic-locomotion-dls-isaaclab/deploy/dls2_ws/install/dls2_interfaces/include/dls2_interfaces/dls2_interfaces/msg/detail/pose__rosidl_typesupport_introspection_cpp.hpp
[17.592s] -- Installing: /home/iit.local/gturrisi/isaaclab_ws_home/basic-locomotion-dls-isaaclab/deploy/dls2_ws/install/dls2_interfaces/include/dls2_interfaces/dls2_interfaces/msg/detail/imu__type_support.cpp
[17.592s] -- Installing: /home/iit.local/gturrisi/isaaclab_ws_home/basic-locomotion-dls-isaaclab/deploy/dls2_ws/install/dls2_interfaces/include/dls2_interfaces/dls2_interfaces/msg/detail/base_state__rosidl_typesupport_introspection_cpp.hpp
[17.592s] -- Installing: /home/iit.local/gturrisi/isaaclab_ws_home/basic-locomotion-dls-isaaclab/deploy/dls2_ws/install/dls2_interfaces/include/dls2_interfaces/dls2_interfaces/msg/detail/imu__rosidl_typesupport_introspection_cpp.hpp
[17.592s] -- Installing: /home/iit.local/gturrisi/isaaclab_ws_home/basic-locomotion-dls-isaaclab/deploy/dls2_ws/install/dls2_interfaces/include/dls2_interfaces/dls2_interfaces/msg/detail/base_state__type_support.cpp
[17.592s] -- Installing: /home/iit.local/gturrisi/isaaclab_ws_home/basic-locomotion-dls-isaaclab/deploy/dls2_ws/install/dls2_interfaces/include/dls2_interfaces/dls2_interfaces/msg/detail/trajectory_generator__type_support.cpp
[17.592s] -- Installing: /home/iit.local/gturrisi/isaaclab_ws_home/basic-locomotion-dls-isaaclab/deploy/dls2_ws/install/dls2_interfaces/include/dls2_interfaces/dls2_interfaces/msg/detail/trajectory_generator__rosidl_typesupport_introspection_cpp.hpp
[17.593s] -- Installing: /home/iit.local/gturrisi/isaaclab_ws_home/basic-locomotion-dls-isaaclab/deploy/dls2_ws/install/dls2_interfaces/include/dls2_interfaces/dls2_interfaces/msg/detail/pose__type_support.cpp
[17.593s] -- Installing: /home/iit.local/gturrisi/isaaclab_ws_home/basic-locomotion-dls-isaaclab/deploy/dls2_ws/install/dls2_interfaces/include/dls2_interfaces/dls2_interfaces/msg/detail/desired_torques__rosidl_typesupport_introspection_cpp.hpp
[17.593s] -- Installing: /home/iit.local/gturrisi/isaaclab_ws_home/basic-locomotion-dls-isaaclab/deploy/dls2_ws/install/dls2_interfaces/include/dls2_interfaces/dls2_interfaces/msg/detail/blind_state__rosidl_typesupport_introspection_cpp.hpp
[17.593s] -- Installing: /home/iit.local/gturrisi/isaaclab_ws_home/basic-locomotion-dls-isaaclab/deploy/dls2_ws/install/dls2_interfaces/include/dls2_interfaces/dls2_interfaces/msg/detail/blind_state__type_support.cpp
[17.593s] -- Installing: /home/iit.local/gturrisi/isaaclab_ws_home/basic-locomotion-dls-isaaclab/deploy/dls2_ws/install/dls2_interfaces/include/dls2_interfaces/dls2_interfaces/msg/detail/screw__rosidl_typesupport_introspection_cpp.hpp
[17.593s] -- Installing: /home/iit.local/gturrisi/isaaclab_ws_home/basic-locomotion-dls-isaaclab/deploy/dls2_ws/install/dls2_interfaces/include/dls2_interfaces/dls2_interfaces/msg/detail/screw__type_support.cpp
[17.593s] -- Installing: /home/iit.local/gturrisi/isaaclab_ws_home/basic-locomotion-dls-isaaclab/deploy/dls2_ws/install/dls2_interfaces/include/dls2_interfaces/dls2_interfaces/msg/detail/desired_torques__type_support.cpp
[17.593s] -- Installing: /home/iit.local/gturrisi/isaaclab_ws_home/basic-locomotion-dls-isaaclab/deploy/dls2_ws/install/dls2_interfaces/lib/libdls2_interfaces__rosidl_typesupport_introspection_cpp.so
[17.594s] -- Installing: /home/iit.local/gturrisi/isaaclab_ws_home/basic-locomotion-dls-isaaclab/deploy/dls2_ws/install/dls2_interfaces/lib/libdls2_interfaces__rosidl_typesupport_cpp.so
[17.595s] -- Installing: /home/iit.local/gturrisi/isaaclab_ws_home/basic-locomotion-dls-isaaclab/deploy/dls2_ws/install/dls2_interfaces/share/dls2_interfaces/environment/pythonpath.sh
[17.596s] -- Installing: /home/iit.local/gturrisi/isaaclab_ws_home/basic-locomotion-dls-isaaclab/deploy/dls2_ws/install/dls2_interfaces/share/dls2_interfaces/environment/pythonpath.dsv
[17.596s] -- Installing: /home/iit.local/gturrisi/isaaclab_ws_home/basic-locomotion-dls-isaaclab/deploy/dls2_ws/install/dls2_interfaces/lib/python3.11/site-packages/dls2_interfaces-0.0.0-py3.11.egg-info
[17.596s] -- Installing: /home/iit.local/gturrisi/isaaclab_ws_home/basic-locomotion-dls-isaaclab/deploy/dls2_ws/install/dls2_interfaces/lib/python3.11/site-packages/dls2_interfaces-0.0.0-py3.11.egg-info/SOURCES.txt
[17.596s] -- Installing: /home/iit.local/gturrisi/isaaclab_ws_home/basic-locomotion-dls-isaaclab/deploy/dls2_ws/install/dls2_interfaces/lib/python3.11/site-packages/dls2_interfaces-0.0.0-py3.11.egg-info/top_level.txt
[17.597s] -- Installing: /home/iit.local/gturrisi/isaaclab_ws_home/basic-locomotion-dls-isaaclab/deploy/dls2_ws/install/dls2_interfaces/lib/python3.11/site-packages/dls2_interfaces-0.0.0-py3.11.egg-info/dependency_links.txt
[17.597s] -- Installing: /home/iit.local/gturrisi/isaaclab_ws_home/basic-locomotion-dls-isaaclab/deploy/dls2_ws/install/dls2_interfaces/lib/python3.11/site-packages/dls2_interfaces-0.0.0-py3.11.egg-info/PKG-INFO
[17.597s] -- Installing: /home/iit.local/gturrisi/isaaclab_ws_home/basic-locomotion-dls-isaaclab/deploy/dls2_ws/install/dls2_interfaces/lib/python3.11/site-packages/dls2_interfaces
[17.597s] -- Installing: /home/iit.local/gturrisi/isaaclab_ws_home/basic-locomotion-dls-isaaclab/deploy/dls2_ws/install/dls2_interfaces/lib/python3.11/site-packages/dls2_interfaces/libdls2_interfaces__rosidl_generator_py.so
[17.598s] -- Installing: /home/iit.local/gturrisi/isaaclab_ws_home/basic-locomotion-dls-isaaclab/deploy/dls2_ws/install/dls2_interfaces/lib/python3.11/site-packages/dls2_interfaces/dls2_interfaces_s__rosidl_typesupport_fastrtps_c.cpython-311-x86_64-linux-gnu.so
[17.598s] -- Installing: /home/iit.local/gturrisi/isaaclab_ws_home/basic-locomotion-dls-isaaclab/deploy/dls2_ws/install/dls2_interfaces/lib/python3.11/site-packages/dls2_interfaces/_dls2_interfaces_s.ep.rosidl_typesupport_introspection_c.c
[17.598s] -- Installing: /home/iit.local/gturrisi/isaaclab_ws_home/basic-locomotion-dls-isaaclab/deploy/dls2_ws/install/dls2_interfaces/lib/python3.11/site-packages/dls2_interfaces/dls2_interfaces_s__rosidl_typesupport_c.cpython-311-x86_64-linux-gnu.so
[17.598s] -- Installing: /home/iit.local/gturrisi/isaaclab_ws_home/basic-locomotion-dls-isaaclab/deploy/dls2_ws/install/dls2_interfaces/lib/python3.11/site-packages/dls2_interfaces/_dls2_interfaces_s.ep.rosidl_typesupport_fastrtps_c.c
[17.598s] -- Installing: /home/iit.local/gturrisi/isaaclab_ws_home/basic-locomotion-dls-isaaclab/deploy/dls2_ws/install/dls2_interfaces/lib/python3.11/site-packages/dls2_interfaces/msg
[17.599s] -- Installing: /home/iit.local/gturrisi/isaaclab_ws_home/basic-locomotion-dls-isaaclab/deploy/dls2_ws/install/dls2_interfaces/lib/python3.11/site-packages/dls2_interfaces/msg/_desired_torques.py
[17.599s] -- Installing: /home/iit.local/gturrisi/isaaclab_ws_home/basic-locomotion-dls-isaaclab/deploy/dls2_ws/install/dls2_interfaces/lib/python3.11/site-packages/dls2_interfaces/msg/_screw_s.c
[17.599s] -- Installing: /home/iit.local/gturrisi/isaaclab_ws_home/basic-locomotion-dls-isaaclab/deploy/dls2_ws/install/dls2_interfaces/lib/python3.11/site-packages/dls2_interfaces/msg/_blind_state_s.c
[17.599s] -- Installing: /home/iit.local/gturrisi/isaaclab_ws_home/basic-locomotion-dls-isaaclab/deploy/dls2_ws/install/dls2_interfaces/lib/python3.11/site-packages/dls2_interfaces/msg/_pose.py
[17.599s] -- Installing: /home/iit.local/gturrisi/isaaclab_ws_home/basic-locomotion-dls-isaaclab/deploy/dls2_ws/install/dls2_interfaces/lib/python3.11/site-packages/dls2_interfaces/msg/_base_state.py
[17.600s] -- Installing: /home/iit.local/gturrisi/isaaclab_ws_home/basic-locomotion-dls-isaaclab/deploy/dls2_ws/install/dls2_interfaces/lib/python3.11/site-packages/dls2_interfaces/msg/_screw.py
[17.600s] -- Installing: /home/iit.local/gturrisi/isaaclab_ws_home/basic-locomotion-dls-isaaclab/deploy/dls2_ws/install/dls2_interfaces/lib/python3.11/site-packages/dls2_interfaces/msg/_blind_state.py
[17.600s] -- Installing: /home/iit.local/gturrisi/isaaclab_ws_home/basic-locomotion-dls-isaaclab/deploy/dls2_ws/install/dls2_interfaces/lib/python3.11/site-packages/dls2_interfaces/msg/_imu_s.c
[17.601s] -- Installing: /home/iit.local/gturrisi/isaaclab_ws_home/basic-locomotion-dls-isaaclab/deploy/dls2_ws/install/dls2_interfaces/lib/python3.11/site-packages/dls2_interfaces/msg/_base_state_s.c
[17.601s] -- Installing: /home/iit.local/gturrisi/isaaclab_ws_home/basic-locomotion-dls-isaaclab/deploy/dls2_ws/install/dls2_interfaces/lib/python3.11/site-packages/dls2_interfaces/msg/_trajectory_generator.py
[17.601s] -- Installing: /home/iit.local/gturrisi/isaaclab_ws_home/basic-locomotion-dls-isaaclab/deploy/dls2_ws/install/dls2_interfaces/lib/python3.11/site-packages/dls2_interfaces/msg/__init__.py
[17.601s] -- Installing: /home/iit.local/gturrisi/isaaclab_ws_home/basic-locomotion-dls-isaaclab/deploy/dls2_ws/install/dls2_interfaces/lib/python3.11/site-packages/dls2_interfaces/msg/_imu.py
[17.602s] -- Installing: /home/iit.local/gturrisi/isaaclab_ws_home/basic-locomotion-dls-isaaclab/deploy/dls2_ws/install/dls2_interfaces/lib/python3.11/site-packages/dls2_interfaces/msg/_trajectory_generator_s.c
[17.602s] -- Installing: /home/iit.local/gturrisi/isaaclab_ws_home/basic-locomotion-dls-isaaclab/deploy/dls2_ws/install/dls2_interfaces/lib/python3.11/site-packages/dls2_interfaces/msg/_pose_s.c
[17.602s] -- Installing: /home/iit.local/gturrisi/isaaclab_ws_home/basic-locomotion-dls-isaaclab/deploy/dls2_ws/install/dls2_interfaces/lib/python3.11/site-packages/dls2_interfaces/msg/_desired_torques_s.c
[17.603s] -- Installing: /home/iit.local/gturrisi/isaaclab_ws_home/basic-locomotion-dls-isaaclab/deploy/dls2_ws/install/dls2_interfaces/lib/python3.11/site-packages/dls2_interfaces/__init__.py
[17.603s] -- Installing: /home/iit.local/gturrisi/isaaclab_ws_home/basic-locomotion-dls-isaaclab/deploy/dls2_ws/install/dls2_interfaces/lib/python3.11/site-packages/dls2_interfaces/_dls2_interfaces_s.ep.rosidl_typesupport_c.c
[17.603s] -- Installing: /home/iit.local/gturrisi/isaaclab_ws_home/basic-locomotion-dls-isaaclab/deploy/dls2_ws/install/dls2_interfaces/lib/python3.11/site-packages/dls2_interfaces/dls2_interfaces_s__rosidl_typesupport_introspection_c.cpython-311-x86_64-linux-gnu.so
[17.674s] Listing 'lib/python3.11/site-packages/dls2_interfaces'...
[17.675s] Can't list 'lib/python3.11/site-packages/dls2_interfaces'
[17.684s] -- Installing: /home/iit.local/gturrisi/isaaclab_ws_home/basic-locomotion-dls-isaaclab/deploy/dls2_ws/install/dls2_interfaces/lib/python3.11/site-packages/dls2_interfaces/dls2_interfaces_s__rosidl_typesupport_fastrtps_c.cpython-311-x86_64-linux-gnu.so
[17.685s] -- Set non-toolchain portion of runtime path of "/home/iit.local/gturrisi/isaaclab_ws_home/basic-locomotion-dls-isaaclab/deploy/dls2_ws/install/dls2_interfaces/lib/python3.11/site-packages/dls2_interfaces/dls2_interfaces_s__rosidl_typesupport_fastrtps_c.cpython-311-x86_64-linux-gnu.so" to ""
[17.685s] -- Installing: /home/iit.local/gturrisi/isaaclab_ws_home/basic-locomotion-dls-isaaclab/deploy/dls2_ws/install/dls2_interfaces/lib/python3.11/site-packages/dls2_interfaces/dls2_interfaces_s__rosidl_typesupport_introspection_c.cpython-311-x86_64-linux-gnu.so
[17.686s] -- Set non-toolchain portion of runtime path of "/home/iit.local/gturrisi/isaaclab_ws_home/basic-locomotion-dls-isaaclab/deploy/dls2_ws/install/dls2_interfaces/lib/python3.11/site-packages/dls2_interfaces/dls2_interfaces_s__rosidl_typesupport_introspection_c.cpython-311-x86_64-linux-gnu.so" to ""
[17.686s] -- Installing: /home/iit.local/gturrisi/isaaclab_ws_home/basic-locomotion-dls-isaaclab/deploy/dls2_ws/install/dls2_interfaces/lib/python3.11/site-packages/dls2_interfaces/dls2_interfaces_s__rosidl_typesupport_c.cpython-311-x86_64-linux-gnu.so
[17.686s] -- Set non-toolchain portion of runtime path of "/home/iit.local/gturrisi/isaaclab_ws_home/basic-locomotion-dls-isaaclab/deploy/dls2_ws/install/dls2_interfaces/lib/python3.11/site-packages/dls2_interfaces/dls2_interfaces_s__rosidl_typesupport_c.cpython-311-x86_64-linux-gnu.so" to ""
[17.687s] -- Installing: /home/iit.local/gturrisi/isaaclab_ws_home/basic-locomotion-dls-isaaclab/deploy/dls2_ws/install/dls2_interfaces/lib/libdls2_interfaces__rosidl_generator_py.so
[17.687s] -- Set non-toolchain portion of runtime path of "/home/iit.local/gturrisi/isaaclab_ws_home/basic-locomotion-dls-isaaclab/deploy/dls2_ws/install/dls2_interfaces/lib/libdls2_interfaces__rosidl_generator_py.so" to ""
[17.687s] -- Installing: /home/iit.local/gturrisi/isaaclab_ws_home/basic-locomotion-dls-isaaclab/deploy/dls2_ws/install/dls2_interfaces/share/dls2_interfaces/msg/Pose.idl
[17.688s] -- Installing: /home/iit.local/gturrisi/isaaclab_ws_home/basic-locomotion-dls-isaaclab/deploy/dls2_ws/install/dls2_interfaces/share/dls2_interfaces/msg/Screw.idl
[17.688s] -- Installing: /home/iit.local/gturrisi/isaaclab_ws_home/basic-locomotion-dls-isaaclab/deploy/dls2_ws/install/dls2_interfaces/share/dls2_interfaces/msg/BlindState.idl
[17.688s] -- Installing: /home/iit.local/gturrisi/isaaclab_ws_home/basic-locomotion-dls-isaaclab/deploy/dls2_ws/install/dls2_interfaces/share/dls2_interfaces/msg/BaseState.idl
[17.689s] -- Installing: /home/iit.local/gturrisi/isaaclab_ws_home/basic-locomotion-dls-isaaclab/deploy/dls2_ws/install/dls2_interfaces/share/dls2_interfaces/msg/Imu.idl
[17.689s] -- Installing: /home/iit.local/gturrisi/isaaclab_ws_home/basic-locomotion-dls-isaaclab/deploy/dls2_ws/install/dls2_interfaces/share/dls2_interfaces/msg/TrajectoryGenerator.idl
[17.689s] -- Installing: /home/iit.local/gturrisi/isaaclab_ws_home/basic-locomotion-dls-isaaclab/deploy/dls2_ws/install/dls2_interfaces/share/dls2_interfaces/msg/DesiredTorques.idl
[17.689s] -- Installing: /home/iit.local/gturrisi/isaaclab_ws_home/basic-locomotion-dls-isaaclab/deploy/dls2_ws/install/dls2_interfaces/share/ament_index/resource_index/package_run_dependencies/dls2_interfaces
[17.690s] -- Installing: /home/iit.local/gturrisi/isaaclab_ws_home/basic-locomotion-dls-isaaclab/deploy/dls2_ws/install/dls2_interfaces/share/ament_index/resource_index/parent_prefix_path/dls2_interfaces
[17.690s] -- Installing: /home/iit.local/gturrisi/isaaclab_ws_home/basic-locomotion-dls-isaaclab/deploy/dls2_ws/install/dls2_interfaces/share/dls2_interfaces/environment/ament_prefix_path.sh
[17.690s] -- Installing: /home/iit.local/gturrisi/isaaclab_ws_home/basic-locomotion-dls-isaaclab/deploy/dls2_ws/install/dls2_interfaces/share/dls2_interfaces/environment/ament_prefix_path.dsv
[17.690s] -- Installing: /home/iit.local/gturrisi/isaaclab_ws_home/basic-locomotion-dls-isaaclab/deploy/dls2_ws/install/dls2_interfaces/share/dls2_interfaces/environment/path.sh
[17.691s] -- Installing: /home/iit.local/gturrisi/isaaclab_ws_home/basic-locomotion-dls-isaaclab/deploy/dls2_ws/install/dls2_interfaces/share/dls2_interfaces/environment/path.dsv
[17.691s] -- Installing: /home/iit.local/gturrisi/isaaclab_ws_home/basic-locomotion-dls-isaaclab/deploy/dls2_ws/install/dls2_interfaces/share/dls2_interfaces/local_setup.bash
[17.691s] -- Installing: /home/iit.local/gturrisi/isaaclab_ws_home/basic-locomotion-dls-isaaclab/deploy/dls2_ws/install/dls2_interfaces/share/dls2_interfaces/local_setup.sh
[17.691s] -- Installing: /home/iit.local/gturrisi/isaaclab_ws_home/basic-locomotion-dls-isaaclab/deploy/dls2_ws/install/dls2_interfaces/share/dls2_interfaces/local_setup.zsh
[17.691s] -- Installing: /home/iit.local/gturrisi/isaaclab_ws_home/basic-locomotion-dls-isaaclab/deploy/dls2_ws/install/dls2_interfaces/share/dls2_interfaces/local_setup.dsv
[17.691s] -- Installing: /home/iit.local/gturrisi/isaaclab_ws_home/basic-locomotion-dls-isaaclab/deploy/dls2_ws/install/dls2_interfaces/share/dls2_interfaces/package.dsv
[17.692s] -- Installing: /home/iit.local/gturrisi/isaaclab_ws_home/basic-locomotion-dls-isaaclab/deploy/dls2_ws/install/dls2_interfaces/share/ament_index/resource_index/packages/dls2_interfaces
[17.692s] -- Installing: /home/iit.local/gturrisi/isaaclab_ws_home/basic-locomotion-dls-isaaclab/deploy/dls2_ws/install/dls2_interfaces/share/dls2_interfaces/cmake/export_dls2_interfaces__rosidl_generator_cExport.cmake
[17.692s] -- Installing: /home/iit.local/gturrisi/isaaclab_ws_home/basic-locomotion-dls-isaaclab/deploy/dls2_ws/install/dls2_interfaces/share/dls2_interfaces/cmake/export_dls2_interfaces__rosidl_generator_cExport-noconfig.cmake
[17.693s] -- Installing: /home/iit.local/gturrisi/isaaclab_ws_home/basic-locomotion-dls-isaaclab/deploy/dls2_ws/install/dls2_interfaces/share/dls2_interfaces/cmake/export_dls2_interfaces__rosidl_typesupport_fastrtps_cExport.cmake
[17.693s] -- Installing: /home/iit.local/gturrisi/isaaclab_ws_home/basic-locomotion-dls-isaaclab/deploy/dls2_ws/install/dls2_interfaces/share/dls2_interfaces/cmake/export_dls2_interfaces__rosidl_typesupport_fastrtps_cExport-noconfig.cmake
[17.693s] -- Installing: /home/iit.local/gturrisi/isaaclab_ws_home/basic-locomotion-dls-isaaclab/deploy/dls2_ws/install/dls2_interfaces/share/dls2_interfaces/cmake/dls2_interfaces__rosidl_typesupport_introspection_cExport.cmake
[17.693s] -- Installing: /home/iit.local/gturrisi/isaaclab_ws_home/basic-locomotion-dls-isaaclab/deploy/dls2_ws/install/dls2_interfaces/share/dls2_interfaces/cmake/dls2_interfaces__rosidl_typesupport_introspection_cExport-noconfig.cmake
[17.694s] -- Installing: /home/iit.local/gturrisi/isaaclab_ws_home/basic-locomotion-dls-isaaclab/deploy/dls2_ws/install/dls2_interfaces/share/dls2_interfaces/cmake/dls2_interfaces__rosidl_typesupport_cExport.cmake
[17.694s] -- Installing: /home/iit.local/gturrisi/isaaclab_ws_home/basic-locomotion-dls-isaaclab/deploy/dls2_ws/install/dls2_interfaces/share/dls2_interfaces/cmake/dls2_interfaces__rosidl_typesupport_cExport-noconfig.cmake
[17.694s] -- Installing: /home/iit.local/gturrisi/isaaclab_ws_home/basic-locomotion-dls-isaaclab/deploy/dls2_ws/install/dls2_interfaces/share/dls2_interfaces/cmake/export_dls2_interfaces__rosidl_generator_cppExport.cmake
[17.694s] -- Installing: /home/iit.local/gturrisi/isaaclab_ws_home/basic-locomotion-dls-isaaclab/deploy/dls2_ws/install/dls2_interfaces/share/dls2_interfaces/cmake/export_dls2_interfaces__rosidl_typesupport_fastrtps_cppExport.cmake
[17.694s] -- Installing: /home/iit.local/gturrisi/isaaclab_ws_home/basic-locomotion-dls-isaaclab/deploy/dls2_ws/install/dls2_interfaces/share/dls2_interfaces/cmake/export_dls2_interfaces__rosidl_typesupport_fastrtps_cppExport-noconfig.cmake
[17.694s] -- Installing: /home/iit.local/gturrisi/isaaclab_ws_home/basic-locomotion-dls-isaaclab/deploy/dls2_ws/install/dls2_interfaces/share/dls2_interfaces/cmake/dls2_interfaces__rosidl_typesupport_introspection_cppExport.cmake
[17.694s] -- Installing: /home/iit.local/gturrisi/isaaclab_ws_home/basic-locomotion-dls-isaaclab/deploy/dls2_ws/install/dls2_interfaces/share/dls2_interfaces/cmake/dls2_interfaces__rosidl_typesupport_introspection_cppExport-noconfig.cmake
[17.695s] -- Installing: /home/iit.local/gturrisi/isaaclab_ws_home/basic-locomotion-dls-isaaclab/deploy/dls2_ws/install/dls2_interfaces/share/dls2_interfaces/cmake/dls2_interfaces__rosidl_typesupport_cppExport.cmake
[17.695s] -- Installing: /home/iit.local/gturrisi/isaaclab_ws_home/basic-locomotion-dls-isaaclab/deploy/dls2_ws/install/dls2_interfaces/share/dls2_interfaces/cmake/dls2_interfaces__rosidl_typesupport_cppExport-noconfig.cmake
[17.695s] -- Installing: /home/iit.local/gturrisi/isaaclab_ws_home/basic-locomotion-dls-isaaclab/deploy/dls2_ws/install/dls2_interfaces/share/dls2_interfaces/cmake/export_dls2_interfaces__rosidl_generator_pyExport.cmake
[17.696s] -- Installing: /home/iit.local/gturrisi/isaaclab_ws_home/basic-locomotion-dls-isaaclab/deploy/dls2_ws/install/dls2_interfaces/share/dls2_interfaces/cmake/export_dls2_interfaces__rosidl_generator_pyExport-noconfig.cmake
[17.696s] -- Installing: /home/iit.local/gturrisi/isaaclab_ws_home/basic-locomotion-dls-isaaclab/deploy/dls2_ws/install/dls2_interfaces/share/dls2_interfaces/cmake/rosidl_cmake-extras.cmake
[17.696s] -- Installing: /home/iit.local/gturrisi/isaaclab_ws_home/basic-locomotion-dls-isaaclab/deploy/dls2_ws/install/dls2_interfaces/share/dls2_interfaces/cmake/ament_cmake_export_include_directories-extras.cmake
[17.697s] -- Installing: /home/iit.local/gturrisi/isaaclab_ws_home/basic-locomotion-dls-isaaclab/deploy/dls2_ws/install/dls2_interfaces/share/dls2_interfaces/cmake/ament_cmake_export_libraries-extras.cmake
[17.697s] -- Installing: /home/iit.local/gturrisi/isaaclab_ws_home/basic-locomotion-dls-isaaclab/deploy/dls2_ws/install/dls2_interfaces/share/dls2_interfaces/cmake/ament_cmake_export_targets-extras.cmake
[17.698s] -- Installing: /home/iit.local/gturrisi/isaaclab_ws_home/basic-locomotion-dls-isaaclab/deploy/dls2_ws/install/dls2_interfaces/share/dls2_interfaces/cmake/rosidl_cmake_export_typesupport_targets-extras.cmake
[17.698s] -- Installing: /home/iit.local/gturrisi/isaaclab_ws_home/basic-locomotion-dls-isaaclab/deploy/dls2_ws/install/dls2_interfaces/share/dls2_interfaces/cmake/ament_cmake_export_dependencies-extras.cmake
[17.699s] -- Installing: /home/iit.local/gturrisi/isaaclab_ws_home/basic-locomotion-dls-isaaclab/deploy/dls2_ws/install/dls2_interfaces/share/dls2_interfaces/cmake/rosidl_cmake_export_typesupport_libraries-extras.cmake
[17.699s] -- Installing: /home/iit.local/gturrisi/isaaclab_ws_home/basic-locomotion-dls-isaaclab/deploy/dls2_ws/install/dls2_interfaces/share/dls2_interfaces/cmake/dls2_interfacesConfig.cmake
[17.699s] -- Installing: /home/iit.local/gturrisi/isaaclab_ws_home/basic-locomotion-dls-isaaclab/deploy/dls2_ws/install/dls2_interfaces/share/dls2_interfaces/cmake/dls2_interfacesConfig-version.cmake
[17.699s] -- Installing: /home/iit.local/gturrisi/isaaclab_ws_home/basic-locomotion-dls-isaaclab/deploy/dls2_ws/install/dls2_interfaces/share/dls2_interfaces/package.xml
[17.703s] Invoked command in '/home/iit.local/gturrisi/isaaclab_ws_home/basic-locomotion-dls-isaaclab/deploy/dls2_ws/build/dls2_interfaces' returned '0': CONDA_PROMPT_MODIFIER=(basic_locomotion_dls_isaaclab_ros2_env) /home/iit.local/gturrisi/miniforge3/envs/basic_locomotion_dls_isaaclab_ros2_env/bin/cmake --install /home/iit.local/gturrisi/isaaclab_ws_home/basic-locomotion-dls-isaaclab/deploy/dls2_ws/build/dls2_interfaces
