[0.010s] Invoking command in '/home/iit.local/gturrisi/isaaclab_ws_home/basic-locomotion-dls-isaaclab/deploy/dls2_ws/build/dls2_interfaces': CONDA_PROMPT_MODIFIER=(basic_locomotion_dls_isaaclab_ros2_env) /home/iit.local/gturrisi/miniforge3/envs/basic_locomotion_dls_isaaclab_ros2_env/bin/cmake --build /home/iit.local/gturrisi/isaaclab_ws_home/basic-locomotion-dls-isaaclab/deploy/dls2_ws/build/dls2_interfaces -- -j20 -l20
[0.029s] [0mCMake Deprecation Warning at CMakeLists.txt:2 (cmake_minimum_required):
[0.029s]   Compatibility with CMake < 3.10 will be removed from a future version of
[0.029s]   CMake.
[0.029s] 
[0.029s]   Update the VERSION argument <min> value.  Or, use the <min>...<max> syntax
[0.029s]   to tell CMake that the project requires at least <min> but has been updated
[0.030s]   to work with policies introduced by <max> or earlier.
[0.030s] 
[0.030s] [0m
[0.037s] -- Found ament_cmake: 1.3.12 (/home/iit.local/gturrisi/miniforge3/envs/basic_locomotion_dls_isaaclab_ros2_env/share/ament_cmake/cmake)
[0.172s] -- Found rosidl_default_generators: 1.2.0 (/home/iit.local/gturrisi/miniforge3/envs/basic_locomotion_dls_isaaclab_ros2_env/share/rosidl_default_generators/cmake)
[0.174s] -- Using all available rosidl_typesupport_c: rosidl_typesupport_fastrtps_c;rosidl_typesupport_introspection_c
[0.177s] -- Found rosidl_adapter: 3.1.6 (/home/iit.local/gturrisi/miniforge3/envs/basic_locomotion_dls_isaaclab_ros2_env/share/rosidl_adapter/cmake)
[0.205s] -- Using all available rosidl_typesupport_cpp: rosidl_typesupport_fastrtps_cpp;rosidl_typesupport_introspection_cpp
[0.504s] -- Found ament_cmake_ros: 0.10.0 (/home/iit.local/gturrisi/miniforge3/envs/basic_locomotion_dls_isaaclab_ros2_env/share/ament_cmake_ros/cmake)
[0.757s] -- Using all available rosidl_typesupport_c: rosidl_typesupport_fastrtps_c;rosidl_typesupport_introspection_c
[1.081s] -- Using all available rosidl_typesupport_cpp: rosidl_typesupport_fastrtps_cpp;rosidl_typesupport_introspection_cpp
[1.083s] -- Found python_cmake_module: 0.10.0 (/home/iit.local/gturrisi/miniforge3/envs/basic_locomotion_dls_isaaclab_ros2_env/share/python_cmake_module/cmake)
[1.084s] [33mCMake Warning (dev) at /home/iit.local/gturrisi/miniforge3/envs/basic_locomotion_dls_isaaclab_ros2_env/share/python_cmake_module/cmake/Modules/FindPythonExtra.cmake:52 (find_package):
[1.084s]   Policy CMP0148 is not set: The FindPythonInterp and FindPythonLibs modules
[1.084s]   are removed.  Run "cmake --help-policy CMP0148" for policy details.  Use
[1.084s]   the cmake_policy command to set the policy and suppress this warning.
[1.084s] 
[1.084s] Call Stack (most recent call first):
[1.084s]   /home/iit.local/gturrisi/miniforge3/envs/basic_locomotion_dls_isaaclab_ros2_env/share/rosidl_generator_py/cmake/rosidl_generator_py_generate_interfaces.cmake:33 (find_package)
[1.084s]   /home/iit.local/gturrisi/miniforge3/envs/basic_locomotion_dls_isaaclab_ros2_env/share/ament_cmake_core/cmake/core/ament_execute_extensions.cmake:48 (include)
[1.084s]   /home/iit.local/gturrisi/miniforge3/envs/basic_locomotion_dls_isaaclab_ros2_env/share/rosidl_cmake/cmake/rosidl_generate_interfaces.cmake:286 (ament_execute_extensions)
[1.084s]   CMakeLists.txt:13 (rosidl_generate_interfaces)
[1.084s] This warning is for project developers.  Use -Wno-dev to suppress it.
[1.084s] [0m
[1.095s] [33mCMake Warning (dev) at /home/iit.local/gturrisi/miniforge3/envs/basic_locomotion_dls_isaaclab_ros2_env/share/python_cmake_module/cmake/Modules/FindPythonExtra.cmake:140 (find_package):
[1.095s]   Policy CMP0148 is not set: The FindPythonInterp and FindPythonLibs modules
[1.095s]   are removed.  Run "cmake --help-policy CMP0148" for policy details.  Use
[1.095s]   the cmake_policy command to set the policy and suppress this warning.
[1.095s] 
[1.095s] Call Stack (most recent call first):
[1.095s]   /home/iit.local/gturrisi/miniforge3/envs/basic_locomotion_dls_isaaclab_ros2_env/share/rosidl_generator_py/cmake/rosidl_generator_py_generate_interfaces.cmake:33 (find_package)
[1.095s]   /home/iit.local/gturrisi/miniforge3/envs/basic_locomotion_dls_isaaclab_ros2_env/share/ament_cmake_core/cmake/core/ament_execute_extensions.cmake:48 (include)
[1.095s]   /home/iit.local/gturrisi/miniforge3/envs/basic_locomotion_dls_isaaclab_ros2_env/share/rosidl_cmake/cmake/rosidl_generate_interfaces.cmake:286 (ament_execute_extensions)
[1.095s]   CMakeLists.txt:13 (rosidl_generate_interfaces)
[1.095s] This warning is for project developers.  Use -Wno-dev to suppress it.
[1.095s] [0m
[1.096s] -- Using PYTHON_EXECUTABLE: /home/iit.local/gturrisi/miniforge3/envs/basic_locomotion_dls_isaaclab_ros2_env/bin/python3
[1.096s] -- Using PYTHON_INCLUDE_DIRS: /home/iit.local/gturrisi/miniforge3/envs/basic_locomotion_dls_isaaclab_ros2_env/include/python3.11
[1.096s] -- Using PYTHON_LIBRARIES: /home/iit.local/gturrisi/miniforge3/envs/basic_locomotion_dls_isaaclab_ros2_env/lib/libpython3.11.so
[1.437s] -- Found ament_lint_auto: 0.12.12 (/home/iit.local/gturrisi/miniforge3/envs/basic_locomotion_dls_isaaclab_ros2_env/share/ament_lint_auto/cmake)
[1.449s] -- Added test 'lint_cmake' to check CMake code style
[1.449s] -- Added test 'xmllint' to check XML markup files
[1.450s] -- Configuring done (1.4s)
[1.484s] -- Generating done (0.0s)
[1.490s] -- Build files have been written to: /home/iit.local/gturrisi/isaaclab_ws_home/basic-locomotion-dls-isaaclab/deploy/dls2_ws/build/dls2_interfaces
[1.507s] [  1%] [1m[34mGenerating C code for ROS interfaces[0m
[1.513s] [  2%] [1m[34mGenerating C++ code for ROS interfaces[0m
[1.521s] [  2%] Built target ament_cmake_python_copy_dls2_interfaces
[1.646s] running egg_info
[1.654s] writing dls2_interfaces.egg-info/PKG-INFO
[1.655s] writing dependency_links to dls2_interfaces.egg-info/dependency_links.txt
[1.655s] writing top-level names to dls2_interfaces.egg-info/top_level.txt
[1.679s] reading manifest file 'dls2_interfaces.egg-info/SOURCES.txt'
[1.680s] writing manifest file 'dls2_interfaces.egg-info/SOURCES.txt'
[1.699s] [  2%] Built target ament_cmake_python_build_dls2_interfaces_egg
[1.834s] [  4%] [32mBuilding C object CMakeFiles/dls2_interfaces__rosidl_generator_c.dir/rosidl_generator_c/dls2_interfaces/msg/detail/pose__functions.c.o[0m
[1.834s] [  7%] [32mBuilding C object CMakeFiles/dls2_interfaces__rosidl_generator_c.dir/rosidl_generator_c/dls2_interfaces/msg/detail/imu__functions.c.o[0m
[1.834s] [  7%] [32mBuilding C object CMakeFiles/dls2_interfaces__rosidl_generator_c.dir/rosidl_generator_c/dls2_interfaces/msg/detail/blind_state__functions.c.o[0m
[1.834s] [  8%] [32mBuilding C object CMakeFiles/dls2_interfaces__rosidl_generator_c.dir/rosidl_generator_c/dls2_interfaces/msg/detail/trajectory_generator__functions.c.o[0m
[1.834s] [  8%] Built target dls2_interfaces__cpp
[1.834s] [  9%] [32mBuilding C object CMakeFiles/dls2_interfaces__rosidl_generator_c.dir/rosidl_generator_c/dls2_interfaces/msg/detail/base_state__functions.c.o[0m
[1.835s] [ 11%] [32mBuilding C object CMakeFiles/dls2_interfaces__rosidl_generator_c.dir/rosidl_generator_c/dls2_interfaces/msg/detail/screw__functions.c.o[0m
[1.840s] [ 12%] [1m[34mGenerating C++ type support for eProsima Fast-RTPS[0m
[1.841s] [ 14%] [1m[34mGenerating C++ introspection for ROS interfaces[0m
[1.842s] [ 15%] [1m[34mGenerating C++ type support dispatch for ROS interfaces[0m
[1.962s] [ 16%] [1m[32mLinking C shared library libdls2_interfaces__rosidl_generator_c.so[0m
[2.000s] [ 16%] Built target dls2_interfaces__rosidl_generator_c
[2.007s] [ 18%] [1m[34mGenerating C type support dispatch for ROS interfaces[0m
[2.008s] [ 21%] [1m[34mGenerating C type support for eProsima Fast-RTPS[0m
[2.008s] [ 21%] [1m[34mGenerating C introspection for ROS interfaces[0m
[2.102s] [ 22%] [32mBuilding CXX object CMakeFiles/dls2_interfaces__rosidl_typesupport_cpp.dir/rosidl_typesupport_cpp/dls2_interfaces/msg/blind_state__type_support.cpp.o[0m
[2.102s] [ 23%] [32mBuilding CXX object CMakeFiles/dls2_interfaces__rosidl_typesupport_cpp.dir/rosidl_typesupport_cpp/dls2_interfaces/msg/base_state__type_support.cpp.o[0m
[2.103s] [ 25%] [32mBuilding CXX object CMakeFiles/dls2_interfaces__rosidl_typesupport_cpp.dir/rosidl_typesupport_cpp/dls2_interfaces/msg/screw__type_support.cpp.o[0m
[2.103s] [ 26%] [32mBuilding CXX object CMakeFiles/dls2_interfaces__rosidl_typesupport_cpp.dir/rosidl_typesupport_cpp/dls2_interfaces/msg/trajectory_generator__type_support.cpp.o[0m
[2.104s] [ 28%] [32mBuilding CXX object CMakeFiles/dls2_interfaces__rosidl_typesupport_cpp.dir/rosidl_typesupport_cpp/dls2_interfaces/msg/imu__type_support.cpp.o[0m
[2.104s] [ 29%] [32mBuilding CXX object CMakeFiles/dls2_interfaces__rosidl_typesupport_cpp.dir/rosidl_typesupport_cpp/dls2_interfaces/msg/pose__type_support.cpp.o[0m
[2.119s] [ 32%] [32mBuilding CXX object CMakeFiles/dls2_interfaces__rosidl_typesupport_introspection_cpp.dir/rosidl_typesupport_introspection_cpp/dls2_interfaces/msg/detail/blind_state__type_support.cpp.o[0m
[2.119s] [ 33%] [32mBuilding CXX object CMakeFiles/dls2_interfaces__rosidl_typesupport_introspection_cpp.dir/rosidl_typesupport_introspection_cpp/dls2_interfaces/msg/detail/imu__type_support.cpp.o[0m
[2.119s] [ 33%] [32mBuilding CXX object CMakeFiles/dls2_interfaces__rosidl_typesupport_introspection_cpp.dir/rosidl_typesupport_introspection_cpp/dls2_interfaces/msg/detail/base_state__type_support.cpp.o[0m
[2.119s] [ 35%] [32mBuilding CXX object CMakeFiles/dls2_interfaces__rosidl_typesupport_introspection_cpp.dir/rosidl_typesupport_introspection_cpp/dls2_interfaces/msg/detail/pose__type_support.cpp.o[0m
[2.119s] [ 36%] [32mBuilding CXX object CMakeFiles/dls2_interfaces__rosidl_typesupport_introspection_cpp.dir/rosidl_typesupport_introspection_cpp/dls2_interfaces/msg/detail/screw__type_support.cpp.o[0m
[2.127s] [ 38%] [32mBuilding CXX object CMakeFiles/dls2_interfaces__rosidl_typesupport_introspection_cpp.dir/rosidl_typesupport_introspection_cpp/dls2_interfaces/msg/detail/trajectory_generator__type_support.cpp.o[0m
[2.152s] [ 40%] [32mBuilding CXX object CMakeFiles/dls2_interfaces__rosidl_typesupport_fastrtps_cpp.dir/rosidl_typesupport_fastrtps_cpp/dls2_interfaces/msg/detail/dds_fastrtps/blind_state__type_support.cpp.o[0m
[2.152s] [ 42%] [32mBuilding CXX object CMakeFiles/dls2_interfaces__rosidl_typesupport_fastrtps_cpp.dir/rosidl_typesupport_fastrtps_cpp/dls2_interfaces/msg/detail/dds_fastrtps/pose__type_support.cpp.o[0m
[2.152s] [ 42%] [32mBuilding CXX object CMakeFiles/dls2_interfaces__rosidl_typesupport_fastrtps_cpp.dir/rosidl_typesupport_fastrtps_cpp/dls2_interfaces/msg/detail/dds_fastrtps/base_state__type_support.cpp.o[0m
[2.153s] [ 43%] [32mBuilding CXX object CMakeFiles/dls2_interfaces__rosidl_typesupport_fastrtps_cpp.dir/rosidl_typesupport_fastrtps_cpp/dls2_interfaces/msg/detail/dds_fastrtps/screw__type_support.cpp.o[0m
[2.153s] [ 45%] [32mBuilding CXX object CMakeFiles/dls2_interfaces__rosidl_typesupport_fastrtps_cpp.dir/rosidl_typesupport_fastrtps_cpp/dls2_interfaces/msg/detail/dds_fastrtps/imu__type_support.cpp.o[0m
[2.449s] [ 46%] [32mBuilding CXX object CMakeFiles/dls2_interfaces__rosidl_typesupport_c.dir/rosidl_typesupport_c/dls2_interfaces/msg/base_state__type_support.cpp.o[0m
[2.476s] [ 47%] [32mBuilding CXX object CMakeFiles/dls2_interfaces__rosidl_typesupport_fastrtps_cpp.dir/rosidl_typesupport_fastrtps_cpp/dls2_interfaces/msg/detail/dds_fastrtps/trajectory_generator__type_support.cpp.o[0m
[2.483s] [ 49%] [32mBuilding CXX object CMakeFiles/dls2_interfaces__rosidl_typesupport_c.dir/rosidl_typesupport_c/dls2_interfaces/msg/blind_state__type_support.cpp.o[0m
[2.483s] [ 50%] [32mBuilding CXX object CMakeFiles/dls2_interfaces__rosidl_typesupport_c.dir/rosidl_typesupport_c/dls2_interfaces/msg/imu__type_support.cpp.o[0m
[2.509s] [ 52%] [32mBuilding CXX object CMakeFiles/dls2_interfaces__rosidl_typesupport_c.dir/rosidl_typesupport_c/dls2_interfaces/msg/pose__type_support.cpp.o[0m
[2.533s] [ 54%] [32mBuilding CXX object CMakeFiles/dls2_interfaces__rosidl_typesupport_fastrtps_c.dir/rosidl_typesupport_fastrtps_c/dls2_interfaces/msg/detail/base_state__type_support_c.cpp.o[0m
[2.533s] [ 54%] [32mBuilding CXX object CMakeFiles/dls2_interfaces__rosidl_typesupport_c.dir/rosidl_typesupport_c/dls2_interfaces/msg/screw__type_support.cpp.o[0m
[2.539s] [ 56%] [32mBuilding CXX object CMakeFiles/dls2_interfaces__rosidl_typesupport_fastrtps_c.dir/rosidl_typesupport_fastrtps_c/dls2_interfaces/msg/detail/blind_state__type_support_c.cpp.o[0m
[2.561s] [ 57%] [32mBuilding CXX object CMakeFiles/dls2_interfaces__rosidl_typesupport_c.dir/rosidl_typesupport_c/dls2_interfaces/msg/trajectory_generator__type_support.cpp.o[0m
[2.572s] [ 59%] [32mBuilding CXX object CMakeFiles/dls2_interfaces__rosidl_typesupport_fastrtps_c.dir/rosidl_typesupport_fastrtps_c/dls2_interfaces/msg/detail/imu__type_support_c.cpp.o[0m
[2.597s] [ 60%] [32mBuilding C object CMakeFiles/dls2_interfaces__rosidl_typesupport_introspection_c.dir/rosidl_typesupport_introspection_c/dls2_interfaces/msg/detail/base_state__type_support.c.o[0m
[2.600s] [ 61%] [32mBuilding CXX object CMakeFiles/dls2_interfaces__rosidl_typesupport_fastrtps_c.dir/rosidl_typesupport_fastrtps_c/dls2_interfaces/msg/detail/screw__type_support_c.cpp.o[0m
[2.600s] [ 64%] [1m[32mLinking CXX shared library libdls2_interfaces__rosidl_typesupport_c.so[0m
[2.600s] [ 64%] [32mBuilding CXX object CMakeFiles/dls2_interfaces__rosidl_typesupport_fastrtps_c.dir/rosidl_typesupport_fastrtps_c/dls2_interfaces/msg/detail/pose__type_support_c.cpp.o[0m
[2.629s] [ 66%] [32mBuilding CXX object CMakeFiles/dls2_interfaces__rosidl_typesupport_fastrtps_c.dir/rosidl_typesupport_fastrtps_c/dls2_interfaces/msg/detail/trajectory_generator__type_support_c.cpp.o[0m
[2.647s] [ 67%] [32mBuilding C object CMakeFiles/dls2_interfaces__rosidl_typesupport_introspection_c.dir/rosidl_typesupport_introspection_c/dls2_interfaces/msg/detail/blind_state__type_support.c.o[0m
[2.675s] [ 67%] Built target dls2_interfaces__rosidl_typesupport_c
[2.684s] [ 69%] [32mBuilding C object CMakeFiles/dls2_interfaces__rosidl_typesupport_introspection_c.dir/rosidl_typesupport_introspection_c/dls2_interfaces/msg/detail/imu__type_support.c.o[0m
[2.697s] [ 70%] [1m[32mLinking CXX shared library libdls2_interfaces__rosidl_typesupport_cpp.so[0m
[2.706s] [ 71%] [32mBuilding C object CMakeFiles/dls2_interfaces__rosidl_typesupport_introspection_c.dir/rosidl_typesupport_introspection_c/dls2_interfaces/msg/detail/pose__type_support.c.o[0m
[2.718s] [ 73%] [32mBuilding C object CMakeFiles/dls2_interfaces__rosidl_typesupport_introspection_c.dir/rosidl_typesupport_introspection_c/dls2_interfaces/msg/detail/screw__type_support.c.o[0m
[2.732s] [ 74%] [32mBuilding C object CMakeFiles/dls2_interfaces__rosidl_typesupport_introspection_c.dir/rosidl_typesupport_introspection_c/dls2_interfaces/msg/detail/trajectory_generator__type_support.c.o[0m
[2.774s] [ 74%] Built target dls2_interfaces__rosidl_typesupport_cpp
[2.919s] [ 76%] [1m[32mLinking C shared library libdls2_interfaces__rosidl_typesupport_introspection_c.so[0m
[2.946s] [ 76%] Built target dls2_interfaces__rosidl_typesupport_introspection_c
[3.038s] [ 77%] [1m[32mLinking CXX shared library libdls2_interfaces__rosidl_typesupport_fastrtps_cpp.so[0m
[3.094s] [ 78%] [1m[32mLinking CXX shared library libdls2_interfaces__rosidl_typesupport_introspection_cpp.so[0m
[3.127s] [ 80%] [1m[32mLinking CXX shared library libdls2_interfaces__rosidl_typesupport_fastrtps_c.so[0m
[3.130s] [ 80%] Built target dls2_interfaces__rosidl_typesupport_fastrtps_cpp
[3.172s] [ 80%] Built target dls2_interfaces__rosidl_typesupport_introspection_cpp
[3.201s] [ 80%] Built target dls2_interfaces__rosidl_typesupport_fastrtps_c
[3.215s] [ 80%] Built target dls2_interfaces
[3.229s] [ 81%] [1m[34mGenerating Python code for ROS interfaces[0m
[3.739s] [ 81%] Built target dls2_interfaces__py
[3.764s] [ 83%] [32mBuilding C object CMakeFiles/dls2_interfaces__rosidl_generator_py.dir/rosidl_generator_py/dls2_interfaces/msg/_base_state_s.c.o[0m
[3.765s] [ 84%] [32mBuilding C object CMakeFiles/dls2_interfaces__rosidl_generator_py.dir/rosidl_generator_py/dls2_interfaces/msg/_pose_s.c.o[0m
[3.765s] [ 85%] [32mBuilding C object CMakeFiles/dls2_interfaces__rosidl_generator_py.dir/rosidl_generator_py/dls2_interfaces/msg/_screw_s.c.o[0m
[3.765s] [ 87%] [32mBuilding C object CMakeFiles/dls2_interfaces__rosidl_generator_py.dir/rosidl_generator_py/dls2_interfaces/msg/_blind_state_s.c.o[0m
[3.766s] [ 88%] [32mBuilding C object CMakeFiles/dls2_interfaces__rosidl_generator_py.dir/rosidl_generator_py/dls2_interfaces/msg/_imu_s.c.o[0m
[3.766s] [ 90%] [32mBuilding C object CMakeFiles/dls2_interfaces__rosidl_generator_py.dir/rosidl_generator_py/dls2_interfaces/msg/_trajectory_generator_s.c.o[0m
[4.119s] [ 91%] [1m[32mLinking C shared library rosidl_generator_py/dls2_interfaces/libdls2_interfaces__rosidl_generator_py.so[0m
[4.158s] [ 91%] Built target dls2_interfaces__rosidl_generator_py
[4.178s] [ 92%] [32mBuilding C object CMakeFiles/dls2_interfaces__rosidl_typesupport_introspection_c__pyext.dir/rosidl_generator_py/dls2_interfaces/_dls2_interfaces_s.ep.rosidl_typesupport_introspection_c.c.o[0m
[4.179s] [ 94%] [32mBuilding C object CMakeFiles/dls2_interfaces__rosidl_typesupport_c__pyext.dir/rosidl_generator_py/dls2_interfaces/_dls2_interfaces_s.ep.rosidl_typesupport_c.c.o[0m
[4.180s] [ 95%] [32mBuilding C object CMakeFiles/dls2_interfaces__rosidl_typesupport_fastrtps_c__pyext.dir/rosidl_generator_py/dls2_interfaces/_dls2_interfaces_s.ep.rosidl_typesupport_fastrtps_c.c.o[0m
[4.296s] [ 97%] [1m[32mLinking C shared library rosidl_generator_py/dls2_interfaces/dls2_interfaces_s__rosidl_typesupport_c.cpython-311-x86_64-linux-gnu.so[0m
[4.299s] [ 98%] [1m[32mLinking C shared library rosidl_generator_py/dls2_interfaces/dls2_interfaces_s__rosidl_typesupport_fastrtps_c.cpython-311-x86_64-linux-gnu.so[0m
[4.302s] [100%] [1m[32mLinking C shared library rosidl_generator_py/dls2_interfaces/dls2_interfaces_s__rosidl_typesupport_introspection_c.cpython-311-x86_64-linux-gnu.so[0m
[4.322s] [100%] Built target dls2_interfaces__rosidl_typesupport_c__pyext
[4.324s] [100%] Built target dls2_interfaces__rosidl_typesupport_fastrtps_c__pyext
[4.326s] [100%] Built target dls2_interfaces__rosidl_typesupport_introspection_c__pyext
[4.334s] Invoked command in '/home/iit.local/gturrisi/isaaclab_ws_home/basic-locomotion-dls-isaaclab/deploy/dls2_ws/build/dls2_interfaces' returned '0': CONDA_PROMPT_MODIFIER=(basic_locomotion_dls_isaaclab_ros2_env) /home/iit.local/gturrisi/miniforge3/envs/basic_locomotion_dls_isaaclab_ros2_env/bin/cmake --build /home/iit.local/gturrisi/isaaclab_ws_home/basic-locomotion-dls-isaaclab/deploy/dls2_ws/build/dls2_interfaces -- -j20 -l20
[4.340s] Invoking command in '/home/iit.local/gturrisi/isaaclab_ws_home/basic-locomotion-dls-isaaclab/deploy/dls2_ws/build/dls2_interfaces': CONDA_PROMPT_MODIFIER=(basic_locomotion_dls_isaaclab_ros2_env) /home/iit.local/gturrisi/miniforge3/envs/basic_locomotion_dls_isaaclab_ros2_env/bin/cmake --install /home/iit.local/gturrisi/isaaclab_ws_home/basic-locomotion-dls-isaaclab/deploy/dls2_ws/build/dls2_interfaces
[4.345s] -- Install configuration: ""
[4.345s] -- Up-to-date: /home/iit.local/gturrisi/isaaclab_ws_home/basic-locomotion-dls-isaaclab/deploy/dls2_ws/install/dls2_interfaces/share/ament_index/resource_index/rosidl_interfaces/dls2_interfaces
[4.345s] -- Up-to-date: /home/iit.local/gturrisi/isaaclab_ws_home/basic-locomotion-dls-isaaclab/deploy/dls2_ws/install/dls2_interfaces/include/dls2_interfaces/dls2_interfaces
[4.345s] -- Up-to-date: /home/iit.local/gturrisi/isaaclab_ws_home/basic-locomotion-dls-isaaclab/deploy/dls2_ws/install/dls2_interfaces/include/dls2_interfaces/dls2_interfaces/msg
[4.345s] -- Installing: /home/iit.local/gturrisi/isaaclab_ws_home/basic-locomotion-dls-isaaclab/deploy/dls2_ws/install/dls2_interfaces/include/dls2_interfaces/dls2_interfaces/msg/trajectory_generator.h
[4.345s] -- Up-to-date: /home/iit.local/gturrisi/isaaclab_ws_home/basic-locomotion-dls-isaaclab/deploy/dls2_ws/install/dls2_interfaces/include/dls2_interfaces/dls2_interfaces/msg/rosidl_generator_c__visibility_control.h
[4.345s] -- Installing: /home/iit.local/gturrisi/isaaclab_ws_home/basic-locomotion-dls-isaaclab/deploy/dls2_ws/install/dls2_interfaces/include/dls2_interfaces/dls2_interfaces/msg/blind_state.h
[4.345s] -- Installing: /home/iit.local/gturrisi/isaaclab_ws_home/basic-locomotion-dls-isaaclab/deploy/dls2_ws/install/dls2_interfaces/include/dls2_interfaces/dls2_interfaces/msg/screw.h
[4.345s] -- Installing: /home/iit.local/gturrisi/isaaclab_ws_home/basic-locomotion-dls-isaaclab/deploy/dls2_ws/install/dls2_interfaces/include/dls2_interfaces/dls2_interfaces/msg/base_state.h
[4.345s] -- Up-to-date: /home/iit.local/gturrisi/isaaclab_ws_home/basic-locomotion-dls-isaaclab/deploy/dls2_ws/install/dls2_interfaces/include/dls2_interfaces/dls2_interfaces/msg/detail
[4.346s] -- Installing: /home/iit.local/gturrisi/isaaclab_ws_home/basic-locomotion-dls-isaaclab/deploy/dls2_ws/install/dls2_interfaces/include/dls2_interfaces/dls2_interfaces/msg/detail/blind_state__functions.c
[4.346s] -- Installing: /home/iit.local/gturrisi/isaaclab_ws_home/basic-locomotion-dls-isaaclab/deploy/dls2_ws/install/dls2_interfaces/include/dls2_interfaces/dls2_interfaces/msg/detail/blind_state__type_support.h
[4.346s] -- Installing: /home/iit.local/gturrisi/isaaclab_ws_home/basic-locomotion-dls-isaaclab/deploy/dls2_ws/install/dls2_interfaces/include/dls2_interfaces/dls2_interfaces/msg/detail/base_state__functions.c
[4.346s] -- Installing: /home/iit.local/gturrisi/isaaclab_ws_home/basic-locomotion-dls-isaaclab/deploy/dls2_ws/install/dls2_interfaces/include/dls2_interfaces/dls2_interfaces/msg/detail/trajectory_generator__type_support.h
[4.346s] -- Installing: /home/iit.local/gturrisi/isaaclab_ws_home/basic-locomotion-dls-isaaclab/deploy/dls2_ws/install/dls2_interfaces/include/dls2_interfaces/dls2_interfaces/msg/detail/pose__struct.h
[4.346s] -- Installing: /home/iit.local/gturrisi/isaaclab_ws_home/basic-locomotion-dls-isaaclab/deploy/dls2_ws/install/dls2_interfaces/include/dls2_interfaces/dls2_interfaces/msg/detail/blind_state__struct.h
[4.346s] -- Installing: /home/iit.local/gturrisi/isaaclab_ws_home/basic-locomotion-dls-isaaclab/deploy/dls2_ws/install/dls2_interfaces/include/dls2_interfaces/dls2_interfaces/msg/detail/imu__type_support.h
[4.346s] -- Installing: /home/iit.local/gturrisi/isaaclab_ws_home/basic-locomotion-dls-isaaclab/deploy/dls2_ws/install/dls2_interfaces/include/dls2_interfaces/dls2_interfaces/msg/detail/imu__functions.c
[4.346s] -- Installing: /home/iit.local/gturrisi/isaaclab_ws_home/basic-locomotion-dls-isaaclab/deploy/dls2_ws/install/dls2_interfaces/include/dls2_interfaces/dls2_interfaces/msg/detail/pose__type_support.h
[4.346s] -- Installing: /home/iit.local/gturrisi/isaaclab_ws_home/basic-locomotion-dls-isaaclab/deploy/dls2_ws/install/dls2_interfaces/include/dls2_interfaces/dls2_interfaces/msg/detail/base_state__struct.h
[4.346s] -- Installing: /home/iit.local/gturrisi/isaaclab_ws_home/basic-locomotion-dls-isaaclab/deploy/dls2_ws/install/dls2_interfaces/include/dls2_interfaces/dls2_interfaces/msg/detail/screw__struct.h
[4.346s] -- Installing: /home/iit.local/gturrisi/isaaclab_ws_home/basic-locomotion-dls-isaaclab/deploy/dls2_ws/install/dls2_interfaces/include/dls2_interfaces/dls2_interfaces/msg/detail/trajectory_generator__functions.h
[4.346s] -- Installing: /home/iit.local/gturrisi/isaaclab_ws_home/basic-locomotion-dls-isaaclab/deploy/dls2_ws/install/dls2_interfaces/include/dls2_interfaces/dls2_interfaces/msg/detail/pose__functions.h
[4.346s] -- Installing: /home/iit.local/gturrisi/isaaclab_ws_home/basic-locomotion-dls-isaaclab/deploy/dls2_ws/install/dls2_interfaces/include/dls2_interfaces/dls2_interfaces/msg/detail/trajectory_generator__struct.h
[4.347s] -- Installing: /home/iit.local/gturrisi/isaaclab_ws_home/basic-locomotion-dls-isaaclab/deploy/dls2_ws/install/dls2_interfaces/include/dls2_interfaces/dls2_interfaces/msg/detail/blind_state__functions.h
[4.347s] -- Installing: /home/iit.local/gturrisi/isaaclab_ws_home/basic-locomotion-dls-isaaclab/deploy/dls2_ws/install/dls2_interfaces/include/dls2_interfaces/dls2_interfaces/msg/detail/imu__struct.h
[4.347s] -- Installing: /home/iit.local/gturrisi/isaaclab_ws_home/basic-locomotion-dls-isaaclab/deploy/dls2_ws/install/dls2_interfaces/include/dls2_interfaces/dls2_interfaces/msg/detail/pose__functions.c
[4.347s] -- Installing: /home/iit.local/gturrisi/isaaclab_ws_home/basic-locomotion-dls-isaaclab/deploy/dls2_ws/install/dls2_interfaces/include/dls2_interfaces/dls2_interfaces/msg/detail/imu__functions.h
[4.347s] -- Installing: /home/iit.local/gturrisi/isaaclab_ws_home/basic-locomotion-dls-isaaclab/deploy/dls2_ws/install/dls2_interfaces/include/dls2_interfaces/dls2_interfaces/msg/detail/screw__functions.c
[4.347s] -- Installing: /home/iit.local/gturrisi/isaaclab_ws_home/basic-locomotion-dls-isaaclab/deploy/dls2_ws/install/dls2_interfaces/include/dls2_interfaces/dls2_interfaces/msg/detail/base_state__functions.h
[4.347s] -- Installing: /home/iit.local/gturrisi/isaaclab_ws_home/basic-locomotion-dls-isaaclab/deploy/dls2_ws/install/dls2_interfaces/include/dls2_interfaces/dls2_interfaces/msg/detail/screw__type_support.h
[4.347s] -- Installing: /home/iit.local/gturrisi/isaaclab_ws_home/basic-locomotion-dls-isaaclab/deploy/dls2_ws/install/dls2_interfaces/include/dls2_interfaces/dls2_interfaces/msg/detail/screw__functions.h
[4.347s] -- Installing: /home/iit.local/gturrisi/isaaclab_ws_home/basic-locomotion-dls-isaaclab/deploy/dls2_ws/install/dls2_interfaces/include/dls2_interfaces/dls2_interfaces/msg/detail/base_state__type_support.h
[4.347s] -- Installing: /home/iit.local/gturrisi/isaaclab_ws_home/basic-locomotion-dls-isaaclab/deploy/dls2_ws/install/dls2_interfaces/include/dls2_interfaces/dls2_interfaces/msg/detail/trajectory_generator__functions.c
[4.347s] -- Installing: /home/iit.local/gturrisi/isaaclab_ws_home/basic-locomotion-dls-isaaclab/deploy/dls2_ws/install/dls2_interfaces/include/dls2_interfaces/dls2_interfaces/msg/imu.h
[4.347s] -- Installing: /home/iit.local/gturrisi/isaaclab_ws_home/basic-locomotion-dls-isaaclab/deploy/dls2_ws/install/dls2_interfaces/include/dls2_interfaces/dls2_interfaces/msg/pose.h
[4.347s] -- Installing: /home/iit.local/gturrisi/isaaclab_ws_home/basic-locomotion-dls-isaaclab/deploy/dls2_ws/install/dls2_interfaces/lib/libdls2_interfaces__rosidl_generator_c.so
[4.347s] -- Up-to-date: /home/iit.local/gturrisi/isaaclab_ws_home/basic-locomotion-dls-isaaclab/deploy/dls2_ws/install/dls2_interfaces/include/dls2_interfaces/dls2_interfaces
[4.348s] -- Up-to-date: /home/iit.local/gturrisi/isaaclab_ws_home/basic-locomotion-dls-isaaclab/deploy/dls2_ws/install/dls2_interfaces/include/dls2_interfaces/dls2_interfaces/msg
[4.348s] -- Up-to-date: /home/iit.local/gturrisi/isaaclab_ws_home/basic-locomotion-dls-isaaclab/deploy/dls2_ws/install/dls2_interfaces/include/dls2_interfaces/dls2_interfaces/msg/rosidl_typesupport_fastrtps_c__visibility_control.h
[4.348s] -- Up-to-date: /home/iit.local/gturrisi/isaaclab_ws_home/basic-locomotion-dls-isaaclab/deploy/dls2_ws/install/dls2_interfaces/include/dls2_interfaces/dls2_interfaces/msg/detail
[4.348s] -- Installing: /home/iit.local/gturrisi/isaaclab_ws_home/basic-locomotion-dls-isaaclab/deploy/dls2_ws/install/dls2_interfaces/include/dls2_interfaces/dls2_interfaces/msg/detail/trajectory_generator__rosidl_typesupport_fastrtps_c.h
[4.348s] -- Installing: /home/iit.local/gturrisi/isaaclab_ws_home/basic-locomotion-dls-isaaclab/deploy/dls2_ws/install/dls2_interfaces/include/dls2_interfaces/dls2_interfaces/msg/detail/screw__rosidl_typesupport_fastrtps_c.h
[4.348s] -- Installing: /home/iit.local/gturrisi/isaaclab_ws_home/basic-locomotion-dls-isaaclab/deploy/dls2_ws/install/dls2_interfaces/include/dls2_interfaces/dls2_interfaces/msg/detail/pose__rosidl_typesupport_fastrtps_c.h
[4.348s] -- Installing: /home/iit.local/gturrisi/isaaclab_ws_home/basic-locomotion-dls-isaaclab/deploy/dls2_ws/install/dls2_interfaces/include/dls2_interfaces/dls2_interfaces/msg/detail/blind_state__rosidl_typesupport_fastrtps_c.h
[4.348s] -- Installing: /home/iit.local/gturrisi/isaaclab_ws_home/basic-locomotion-dls-isaaclab/deploy/dls2_ws/install/dls2_interfaces/include/dls2_interfaces/dls2_interfaces/msg/detail/imu__rosidl_typesupport_fastrtps_c.h
[4.348s] -- Installing: /home/iit.local/gturrisi/isaaclab_ws_home/basic-locomotion-dls-isaaclab/deploy/dls2_ws/install/dls2_interfaces/include/dls2_interfaces/dls2_interfaces/msg/detail/base_state__rosidl_typesupport_fastrtps_c.h
[4.348s] -- Installing: /home/iit.local/gturrisi/isaaclab_ws_home/basic-locomotion-dls-isaaclab/deploy/dls2_ws/install/dls2_interfaces/lib/libdls2_interfaces__rosidl_typesupport_fastrtps_c.so
[4.348s] -- Set non-toolchain portion of runtime path of "/home/iit.local/gturrisi/isaaclab_ws_home/basic-locomotion-dls-isaaclab/deploy/dls2_ws/install/dls2_interfaces/lib/libdls2_interfaces__rosidl_typesupport_fastrtps_c.so" to ""
[4.348s] -- Up-to-date: /home/iit.local/gturrisi/isaaclab_ws_home/basic-locomotion-dls-isaaclab/deploy/dls2_ws/install/dls2_interfaces/include/dls2_interfaces/dls2_interfaces
[4.348s] -- Up-to-date: /home/iit.local/gturrisi/isaaclab_ws_home/basic-locomotion-dls-isaaclab/deploy/dls2_ws/install/dls2_interfaces/include/dls2_interfaces/dls2_interfaces/msg
[4.348s] -- Up-to-date: /home/iit.local/gturrisi/isaaclab_ws_home/basic-locomotion-dls-isaaclab/deploy/dls2_ws/install/dls2_interfaces/include/dls2_interfaces/dls2_interfaces/msg/detail
[4.349s] -- Installing: /home/iit.local/gturrisi/isaaclab_ws_home/basic-locomotion-dls-isaaclab/deploy/dls2_ws/install/dls2_interfaces/include/dls2_interfaces/dls2_interfaces/msg/detail/screw__rosidl_typesupport_introspection_c.h
[4.349s] -- Installing: /home/iit.local/gturrisi/isaaclab_ws_home/basic-locomotion-dls-isaaclab/deploy/dls2_ws/install/dls2_interfaces/include/dls2_interfaces/dls2_interfaces/msg/detail/trajectory_generator__rosidl_typesupport_introspection_c.h
[4.349s] -- Installing: /home/iit.local/gturrisi/isaaclab_ws_home/basic-locomotion-dls-isaaclab/deploy/dls2_ws/install/dls2_interfaces/include/dls2_interfaces/dls2_interfaces/msg/detail/trajectory_generator__type_support.c
[4.349s] -- Installing: /home/iit.local/gturrisi/isaaclab_ws_home/basic-locomotion-dls-isaaclab/deploy/dls2_ws/install/dls2_interfaces/include/dls2_interfaces/dls2_interfaces/msg/detail/imu__type_support.c
[4.349s] -- Installing: /home/iit.local/gturrisi/isaaclab_ws_home/basic-locomotion-dls-isaaclab/deploy/dls2_ws/install/dls2_interfaces/include/dls2_interfaces/dls2_interfaces/msg/detail/imu__rosidl_typesupport_introspection_c.h
[4.349s] -- Installing: /home/iit.local/gturrisi/isaaclab_ws_home/basic-locomotion-dls-isaaclab/deploy/dls2_ws/install/dls2_interfaces/include/dls2_interfaces/dls2_interfaces/msg/detail/screw__type_support.c
[4.349s] -- Installing: /home/iit.local/gturrisi/isaaclab_ws_home/basic-locomotion-dls-isaaclab/deploy/dls2_ws/install/dls2_interfaces/include/dls2_interfaces/dls2_interfaces/msg/detail/base_state__type_support.c
[4.349s] -- Installing: /home/iit.local/gturrisi/isaaclab_ws_home/basic-locomotion-dls-isaaclab/deploy/dls2_ws/install/dls2_interfaces/include/dls2_interfaces/dls2_interfaces/msg/detail/base_state__rosidl_typesupport_introspection_c.h
[4.349s] -- Installing: /home/iit.local/gturrisi/isaaclab_ws_home/basic-locomotion-dls-isaaclab/deploy/dls2_ws/install/dls2_interfaces/include/dls2_interfaces/dls2_interfaces/msg/detail/pose__rosidl_typesupport_introspection_c.h
[4.349s] -- Installing: /home/iit.local/gturrisi/isaaclab_ws_home/basic-locomotion-dls-isaaclab/deploy/dls2_ws/install/dls2_interfaces/include/dls2_interfaces/dls2_interfaces/msg/detail/blind_state__rosidl_typesupport_introspection_c.h
[4.349s] -- Installing: /home/iit.local/gturrisi/isaaclab_ws_home/basic-locomotion-dls-isaaclab/deploy/dls2_ws/install/dls2_interfaces/include/dls2_interfaces/dls2_interfaces/msg/detail/pose__type_support.c
[4.349s] -- Installing: /home/iit.local/gturrisi/isaaclab_ws_home/basic-locomotion-dls-isaaclab/deploy/dls2_ws/install/dls2_interfaces/include/dls2_interfaces/dls2_interfaces/msg/detail/blind_state__type_support.c
[4.349s] -- Up-to-date: /home/iit.local/gturrisi/isaaclab_ws_home/basic-locomotion-dls-isaaclab/deploy/dls2_ws/install/dls2_interfaces/include/dls2_interfaces/dls2_interfaces/msg/rosidl_typesupport_introspection_c__visibility_control.h
[4.349s] -- Installing: /home/iit.local/gturrisi/isaaclab_ws_home/basic-locomotion-dls-isaaclab/deploy/dls2_ws/install/dls2_interfaces/lib/libdls2_interfaces__rosidl_typesupport_introspection_c.so
[4.350s] -- Set non-toolchain portion of runtime path of "/home/iit.local/gturrisi/isaaclab_ws_home/basic-locomotion-dls-isaaclab/deploy/dls2_ws/install/dls2_interfaces/lib/libdls2_interfaces__rosidl_typesupport_introspection_c.so" to ""
[4.350s] -- Installing: /home/iit.local/gturrisi/isaaclab_ws_home/basic-locomotion-dls-isaaclab/deploy/dls2_ws/install/dls2_interfaces/lib/libdls2_interfaces__rosidl_typesupport_c.so
[4.350s] -- Set non-toolchain portion of runtime path of "/home/iit.local/gturrisi/isaaclab_ws_home/basic-locomotion-dls-isaaclab/deploy/dls2_ws/install/dls2_interfaces/lib/libdls2_interfaces__rosidl_typesupport_c.so" to ""
[4.350s] -- Up-to-date: /home/iit.local/gturrisi/isaaclab_ws_home/basic-locomotion-dls-isaaclab/deploy/dls2_ws/install/dls2_interfaces/include/dls2_interfaces/dls2_interfaces
[4.350s] -- Up-to-date: /home/iit.local/gturrisi/isaaclab_ws_home/basic-locomotion-dls-isaaclab/deploy/dls2_ws/install/dls2_interfaces/include/dls2_interfaces/dls2_interfaces/msg
[4.350s] -- Installing: /home/iit.local/gturrisi/isaaclab_ws_home/basic-locomotion-dls-isaaclab/deploy/dls2_ws/install/dls2_interfaces/include/dls2_interfaces/dls2_interfaces/msg/blind_state.hpp
[4.350s] -- Up-to-date: /home/iit.local/gturrisi/isaaclab_ws_home/basic-locomotion-dls-isaaclab/deploy/dls2_ws/install/dls2_interfaces/include/dls2_interfaces/dls2_interfaces/msg/detail
[4.350s] -- Installing: /home/iit.local/gturrisi/isaaclab_ws_home/basic-locomotion-dls-isaaclab/deploy/dls2_ws/install/dls2_interfaces/include/dls2_interfaces/dls2_interfaces/msg/detail/blind_state__builder.hpp
[4.350s] -- Installing: /home/iit.local/gturrisi/isaaclab_ws_home/basic-locomotion-dls-isaaclab/deploy/dls2_ws/install/dls2_interfaces/include/dls2_interfaces/dls2_interfaces/msg/detail/base_state__struct.hpp
[4.350s] -- Installing: /home/iit.local/gturrisi/isaaclab_ws_home/basic-locomotion-dls-isaaclab/deploy/dls2_ws/install/dls2_interfaces/include/dls2_interfaces/dls2_interfaces/msg/detail/screw__traits.hpp
[4.350s] -- Installing: /home/iit.local/gturrisi/isaaclab_ws_home/basic-locomotion-dls-isaaclab/deploy/dls2_ws/install/dls2_interfaces/include/dls2_interfaces/dls2_interfaces/msg/detail/imu__struct.hpp
[4.350s] -- Installing: /home/iit.local/gturrisi/isaaclab_ws_home/basic-locomotion-dls-isaaclab/deploy/dls2_ws/install/dls2_interfaces/include/dls2_interfaces/dls2_interfaces/msg/detail/pose__builder.hpp
[4.350s] -- Installing: /home/iit.local/gturrisi/isaaclab_ws_home/basic-locomotion-dls-isaaclab/deploy/dls2_ws/install/dls2_interfaces/include/dls2_interfaces/dls2_interfaces/msg/detail/screw__builder.hpp
[4.350s] -- Installing: /home/iit.local/gturrisi/isaaclab_ws_home/basic-locomotion-dls-isaaclab/deploy/dls2_ws/install/dls2_interfaces/include/dls2_interfaces/dls2_interfaces/msg/detail/trajectory_generator__traits.hpp
[4.351s] -- Installing: /home/iit.local/gturrisi/isaaclab_ws_home/basic-locomotion-dls-isaaclab/deploy/dls2_ws/install/dls2_interfaces/include/dls2_interfaces/dls2_interfaces/msg/detail/blind_state__traits.hpp
[4.351s] -- Installing: /home/iit.local/gturrisi/isaaclab_ws_home/basic-locomotion-dls-isaaclab/deploy/dls2_ws/install/dls2_interfaces/include/dls2_interfaces/dls2_interfaces/msg/detail/screw__struct.hpp
[4.351s] -- Installing: /home/iit.local/gturrisi/isaaclab_ws_home/basic-locomotion-dls-isaaclab/deploy/dls2_ws/install/dls2_interfaces/include/dls2_interfaces/dls2_interfaces/msg/detail/base_state__builder.hpp
[4.351s] -- Installing: /home/iit.local/gturrisi/isaaclab_ws_home/basic-locomotion-dls-isaaclab/deploy/dls2_ws/install/dls2_interfaces/include/dls2_interfaces/dls2_interfaces/msg/detail/imu__builder.hpp
[4.351s] -- Installing: /home/iit.local/gturrisi/isaaclab_ws_home/basic-locomotion-dls-isaaclab/deploy/dls2_ws/install/dls2_interfaces/include/dls2_interfaces/dls2_interfaces/msg/detail/pose__struct.hpp
[4.351s] -- Installing: /home/iit.local/gturrisi/isaaclab_ws_home/basic-locomotion-dls-isaaclab/deploy/dls2_ws/install/dls2_interfaces/include/dls2_interfaces/dls2_interfaces/msg/detail/pose__type_support.hpp
[4.351s] -- Installing: /home/iit.local/gturrisi/isaaclab_ws_home/basic-locomotion-dls-isaaclab/deploy/dls2_ws/install/dls2_interfaces/include/dls2_interfaces/dls2_interfaces/msg/detail/screw__type_support.hpp
[4.351s] -- Installing: /home/iit.local/gturrisi/isaaclab_ws_home/basic-locomotion-dls-isaaclab/deploy/dls2_ws/install/dls2_interfaces/include/dls2_interfaces/dls2_interfaces/msg/detail/base_state__type_support.hpp
[4.351s] -- Installing: /home/iit.local/gturrisi/isaaclab_ws_home/basic-locomotion-dls-isaaclab/deploy/dls2_ws/install/dls2_interfaces/include/dls2_interfaces/dls2_interfaces/msg/detail/trajectory_generator__struct.hpp
[4.351s] -- Installing: /home/iit.local/gturrisi/isaaclab_ws_home/basic-locomotion-dls-isaaclab/deploy/dls2_ws/install/dls2_interfaces/include/dls2_interfaces/dls2_interfaces/msg/detail/base_state__traits.hpp
[4.351s] -- Installing: /home/iit.local/gturrisi/isaaclab_ws_home/basic-locomotion-dls-isaaclab/deploy/dls2_ws/install/dls2_interfaces/include/dls2_interfaces/dls2_interfaces/msg/detail/blind_state__struct.hpp
[4.351s] -- Installing: /home/iit.local/gturrisi/isaaclab_ws_home/basic-locomotion-dls-isaaclab/deploy/dls2_ws/install/dls2_interfaces/include/dls2_interfaces/dls2_interfaces/msg/detail/trajectory_generator__builder.hpp
[4.351s] -- Installing: /home/iit.local/gturrisi/isaaclab_ws_home/basic-locomotion-dls-isaaclab/deploy/dls2_ws/install/dls2_interfaces/include/dls2_interfaces/dls2_interfaces/msg/detail/pose__traits.hpp
[4.351s] -- Installing: /home/iit.local/gturrisi/isaaclab_ws_home/basic-locomotion-dls-isaaclab/deploy/dls2_ws/install/dls2_interfaces/include/dls2_interfaces/dls2_interfaces/msg/detail/blind_state__type_support.hpp
[4.351s] -- Installing: /home/iit.local/gturrisi/isaaclab_ws_home/basic-locomotion-dls-isaaclab/deploy/dls2_ws/install/dls2_interfaces/include/dls2_interfaces/dls2_interfaces/msg/detail/imu__type_support.hpp
[4.351s] -- Installing: /home/iit.local/gturrisi/isaaclab_ws_home/basic-locomotion-dls-isaaclab/deploy/dls2_ws/install/dls2_interfaces/include/dls2_interfaces/dls2_interfaces/msg/detail/imu__traits.hpp
[4.352s] -- Installing: /home/iit.local/gturrisi/isaaclab_ws_home/basic-locomotion-dls-isaaclab/deploy/dls2_ws/install/dls2_interfaces/include/dls2_interfaces/dls2_interfaces/msg/detail/trajectory_generator__type_support.hpp
[4.352s] -- Installing: /home/iit.local/gturrisi/isaaclab_ws_home/basic-locomotion-dls-isaaclab/deploy/dls2_ws/install/dls2_interfaces/include/dls2_interfaces/dls2_interfaces/msg/imu.hpp
[4.352s] -- Installing: /home/iit.local/gturrisi/isaaclab_ws_home/basic-locomotion-dls-isaaclab/deploy/dls2_ws/install/dls2_interfaces/include/dls2_interfaces/dls2_interfaces/msg/base_state.hpp
[4.352s] -- Installing: /home/iit.local/gturrisi/isaaclab_ws_home/basic-locomotion-dls-isaaclab/deploy/dls2_ws/install/dls2_interfaces/include/dls2_interfaces/dls2_interfaces/msg/pose.hpp
[4.352s] -- Installing: /home/iit.local/gturrisi/isaaclab_ws_home/basic-locomotion-dls-isaaclab/deploy/dls2_ws/install/dls2_interfaces/include/dls2_interfaces/dls2_interfaces/msg/trajectory_generator.hpp
[4.352s] -- Installing: /home/iit.local/gturrisi/isaaclab_ws_home/basic-locomotion-dls-isaaclab/deploy/dls2_ws/install/dls2_interfaces/include/dls2_interfaces/dls2_interfaces/msg/screw.hpp
[4.352s] -- Up-to-date: /home/iit.local/gturrisi/isaaclab_ws_home/basic-locomotion-dls-isaaclab/deploy/dls2_ws/install/dls2_interfaces/include/dls2_interfaces/dls2_interfaces/msg/rosidl_generator_cpp__visibility_control.hpp
[4.352s] -- Up-to-date: /home/iit.local/gturrisi/isaaclab_ws_home/basic-locomotion-dls-isaaclab/deploy/dls2_ws/install/dls2_interfaces/include/dls2_interfaces/dls2_interfaces
[4.352s] -- Up-to-date: /home/iit.local/gturrisi/isaaclab_ws_home/basic-locomotion-dls-isaaclab/deploy/dls2_ws/install/dls2_interfaces/include/dls2_interfaces/dls2_interfaces/msg
[4.352s] -- Up-to-date: /home/iit.local/gturrisi/isaaclab_ws_home/basic-locomotion-dls-isaaclab/deploy/dls2_ws/install/dls2_interfaces/include/dls2_interfaces/dls2_interfaces/msg/rosidl_typesupport_fastrtps_cpp__visibility_control.h
[4.352s] -- Up-to-date: /home/iit.local/gturrisi/isaaclab_ws_home/basic-locomotion-dls-isaaclab/deploy/dls2_ws/install/dls2_interfaces/include/dls2_interfaces/dls2_interfaces/msg/detail
[4.352s] -- Installing: /home/iit.local/gturrisi/isaaclab_ws_home/basic-locomotion-dls-isaaclab/deploy/dls2_ws/install/dls2_interfaces/include/dls2_interfaces/dls2_interfaces/msg/detail/trajectory_generator__rosidl_typesupport_fastrtps_cpp.hpp
[4.352s] -- Installing: /home/iit.local/gturrisi/isaaclab_ws_home/basic-locomotion-dls-isaaclab/deploy/dls2_ws/install/dls2_interfaces/include/dls2_interfaces/dls2_interfaces/msg/detail/screw__rosidl_typesupport_fastrtps_cpp.hpp
[4.352s] -- Installing: /home/iit.local/gturrisi/isaaclab_ws_home/basic-locomotion-dls-isaaclab/deploy/dls2_ws/install/dls2_interfaces/include/dls2_interfaces/dls2_interfaces/msg/detail/pose__rosidl_typesupport_fastrtps_cpp.hpp
[4.352s] -- Installing: /home/iit.local/gturrisi/isaaclab_ws_home/basic-locomotion-dls-isaaclab/deploy/dls2_ws/install/dls2_interfaces/include/dls2_interfaces/dls2_interfaces/msg/detail/imu__rosidl_typesupport_fastrtps_cpp.hpp
[4.352s] -- Installing: /home/iit.local/gturrisi/isaaclab_ws_home/basic-locomotion-dls-isaaclab/deploy/dls2_ws/install/dls2_interfaces/include/dls2_interfaces/dls2_interfaces/msg/detail/blind_state__rosidl_typesupport_fastrtps_cpp.hpp
[4.352s] -- Up-to-date: /home/iit.local/gturrisi/isaaclab_ws_home/basic-locomotion-dls-isaaclab/deploy/dls2_ws/install/dls2_interfaces/include/dls2_interfaces/dls2_interfaces/msg/detail/dds_fastrtps
[4.352s] -- Installing: /home/iit.local/gturrisi/isaaclab_ws_home/basic-locomotion-dls-isaaclab/deploy/dls2_ws/install/dls2_interfaces/include/dls2_interfaces/dls2_interfaces/msg/detail/base_state__rosidl_typesupport_fastrtps_cpp.hpp
[4.352s] -- Installing: /home/iit.local/gturrisi/isaaclab_ws_home/basic-locomotion-dls-isaaclab/deploy/dls2_ws/install/dls2_interfaces/lib/libdls2_interfaces__rosidl_typesupport_fastrtps_cpp.so
[4.352s] -- Up-to-date: /home/iit.local/gturrisi/isaaclab_ws_home/basic-locomotion-dls-isaaclab/deploy/dls2_ws/install/dls2_interfaces/include/dls2_interfaces/dls2_interfaces
[4.352s] -- Up-to-date: /home/iit.local/gturrisi/isaaclab_ws_home/basic-locomotion-dls-isaaclab/deploy/dls2_ws/install/dls2_interfaces/include/dls2_interfaces/dls2_interfaces/msg
[4.352s] -- Up-to-date: /home/iit.local/gturrisi/isaaclab_ws_home/basic-locomotion-dls-isaaclab/deploy/dls2_ws/install/dls2_interfaces/include/dls2_interfaces/dls2_interfaces/msg/detail
[4.352s] -- Installing: /home/iit.local/gturrisi/isaaclab_ws_home/basic-locomotion-dls-isaaclab/deploy/dls2_ws/install/dls2_interfaces/include/dls2_interfaces/dls2_interfaces/msg/detail/pose__rosidl_typesupport_introspection_cpp.hpp
[4.352s] -- Installing: /home/iit.local/gturrisi/isaaclab_ws_home/basic-locomotion-dls-isaaclab/deploy/dls2_ws/install/dls2_interfaces/include/dls2_interfaces/dls2_interfaces/msg/detail/imu__type_support.cpp
[4.352s] -- Installing: /home/iit.local/gturrisi/isaaclab_ws_home/basic-locomotion-dls-isaaclab/deploy/dls2_ws/install/dls2_interfaces/include/dls2_interfaces/dls2_interfaces/msg/detail/base_state__rosidl_typesupport_introspection_cpp.hpp
[4.352s] -- Installing: /home/iit.local/gturrisi/isaaclab_ws_home/basic-locomotion-dls-isaaclab/deploy/dls2_ws/install/dls2_interfaces/include/dls2_interfaces/dls2_interfaces/msg/detail/imu__rosidl_typesupport_introspection_cpp.hpp
[4.352s] -- Installing: /home/iit.local/gturrisi/isaaclab_ws_home/basic-locomotion-dls-isaaclab/deploy/dls2_ws/install/dls2_interfaces/include/dls2_interfaces/dls2_interfaces/msg/detail/base_state__type_support.cpp
[4.352s] -- Installing: /home/iit.local/gturrisi/isaaclab_ws_home/basic-locomotion-dls-isaaclab/deploy/dls2_ws/install/dls2_interfaces/include/dls2_interfaces/dls2_interfaces/msg/detail/trajectory_generator__type_support.cpp
[4.353s] -- Installing: /home/iit.local/gturrisi/isaaclab_ws_home/basic-locomotion-dls-isaaclab/deploy/dls2_ws/install/dls2_interfaces/include/dls2_interfaces/dls2_interfaces/msg/detail/trajectory_generator__rosidl_typesupport_introspection_cpp.hpp
[4.353s] -- Installing: /home/iit.local/gturrisi/isaaclab_ws_home/basic-locomotion-dls-isaaclab/deploy/dls2_ws/install/dls2_interfaces/include/dls2_interfaces/dls2_interfaces/msg/detail/pose__type_support.cpp
[4.353s] -- Installing: /home/iit.local/gturrisi/isaaclab_ws_home/basic-locomotion-dls-isaaclab/deploy/dls2_ws/install/dls2_interfaces/include/dls2_interfaces/dls2_interfaces/msg/detail/blind_state__rosidl_typesupport_introspection_cpp.hpp
[4.353s] -- Installing: /home/iit.local/gturrisi/isaaclab_ws_home/basic-locomotion-dls-isaaclab/deploy/dls2_ws/install/dls2_interfaces/include/dls2_interfaces/dls2_interfaces/msg/detail/blind_state__type_support.cpp
[4.353s] -- Installing: /home/iit.local/gturrisi/isaaclab_ws_home/basic-locomotion-dls-isaaclab/deploy/dls2_ws/install/dls2_interfaces/include/dls2_interfaces/dls2_interfaces/msg/detail/screw__rosidl_typesupport_introspection_cpp.hpp
[4.353s] -- Installing: /home/iit.local/gturrisi/isaaclab_ws_home/basic-locomotion-dls-isaaclab/deploy/dls2_ws/install/dls2_interfaces/include/dls2_interfaces/dls2_interfaces/msg/detail/screw__type_support.cpp
[4.353s] -- Installing: /home/iit.local/gturrisi/isaaclab_ws_home/basic-locomotion-dls-isaaclab/deploy/dls2_ws/install/dls2_interfaces/lib/libdls2_interfaces__rosidl_typesupport_introspection_cpp.so
[4.354s] -- Installing: /home/iit.local/gturrisi/isaaclab_ws_home/basic-locomotion-dls-isaaclab/deploy/dls2_ws/install/dls2_interfaces/lib/libdls2_interfaces__rosidl_typesupport_cpp.so
[4.354s] -- Up-to-date: /home/iit.local/gturrisi/isaaclab_ws_home/basic-locomotion-dls-isaaclab/deploy/dls2_ws/install/dls2_interfaces/share/dls2_interfaces/environment/pythonpath.sh
[4.354s] -- Installing: /home/iit.local/gturrisi/isaaclab_ws_home/basic-locomotion-dls-isaaclab/deploy/dls2_ws/install/dls2_interfaces/share/dls2_interfaces/environment/pythonpath.dsv
[4.354s] -- Up-to-date: /home/iit.local/gturrisi/isaaclab_ws_home/basic-locomotion-dls-isaaclab/deploy/dls2_ws/install/dls2_interfaces/lib/python3.11/site-packages/dls2_interfaces-0.0.0-py3.11.egg-info
[4.354s] -- Installing: /home/iit.local/gturrisi/isaaclab_ws_home/basic-locomotion-dls-isaaclab/deploy/dls2_ws/install/dls2_interfaces/lib/python3.11/site-packages/dls2_interfaces-0.0.0-py3.11.egg-info/SOURCES.txt
[4.354s] -- Installing: /home/iit.local/gturrisi/isaaclab_ws_home/basic-locomotion-dls-isaaclab/deploy/dls2_ws/install/dls2_interfaces/lib/python3.11/site-packages/dls2_interfaces-0.0.0-py3.11.egg-info/top_level.txt
[4.354s] -- Installing: /home/iit.local/gturrisi/isaaclab_ws_home/basic-locomotion-dls-isaaclab/deploy/dls2_ws/install/dls2_interfaces/lib/python3.11/site-packages/dls2_interfaces-0.0.0-py3.11.egg-info/dependency_links.txt
[4.354s] -- Installing: /home/iit.local/gturrisi/isaaclab_ws_home/basic-locomotion-dls-isaaclab/deploy/dls2_ws/install/dls2_interfaces/lib/python3.11/site-packages/dls2_interfaces-0.0.0-py3.11.egg-info/PKG-INFO
[4.354s] -- Up-to-date: /home/iit.local/gturrisi/isaaclab_ws_home/basic-locomotion-dls-isaaclab/deploy/dls2_ws/install/dls2_interfaces/lib/python3.11/site-packages/dls2_interfaces
[4.354s] -- Installing: /home/iit.local/gturrisi/isaaclab_ws_home/basic-locomotion-dls-isaaclab/deploy/dls2_ws/install/dls2_interfaces/lib/python3.11/site-packages/dls2_interfaces/libdls2_interfaces__rosidl_generator_py.so
[4.354s] -- Installing: /home/iit.local/gturrisi/isaaclab_ws_home/basic-locomotion-dls-isaaclab/deploy/dls2_ws/install/dls2_interfaces/lib/python3.11/site-packages/dls2_interfaces/dls2_interfaces_s__rosidl_typesupport_fastrtps_c.cpython-311-x86_64-linux-gnu.so
[4.354s] -- Installing: /home/iit.local/gturrisi/isaaclab_ws_home/basic-locomotion-dls-isaaclab/deploy/dls2_ws/install/dls2_interfaces/lib/python3.11/site-packages/dls2_interfaces/_dls2_interfaces_s.ep.rosidl_typesupport_introspection_c.c
[4.354s] -- Installing: /home/iit.local/gturrisi/isaaclab_ws_home/basic-locomotion-dls-isaaclab/deploy/dls2_ws/install/dls2_interfaces/lib/python3.11/site-packages/dls2_interfaces/dls2_interfaces_s__rosidl_typesupport_c.cpython-311-x86_64-linux-gnu.so
[4.354s] -- Installing: /home/iit.local/gturrisi/isaaclab_ws_home/basic-locomotion-dls-isaaclab/deploy/dls2_ws/install/dls2_interfaces/lib/python3.11/site-packages/dls2_interfaces/_dls2_interfaces_s.ep.rosidl_typesupport_fastrtps_c.c
[4.355s] -- Up-to-date: /home/iit.local/gturrisi/isaaclab_ws_home/basic-locomotion-dls-isaaclab/deploy/dls2_ws/install/dls2_interfaces/lib/python3.11/site-packages/dls2_interfaces/msg
[4.355s] -- Installing: /home/iit.local/gturrisi/isaaclab_ws_home/basic-locomotion-dls-isaaclab/deploy/dls2_ws/install/dls2_interfaces/lib/python3.11/site-packages/dls2_interfaces/msg/_screw_s.c
[4.355s] -- Installing: /home/iit.local/gturrisi/isaaclab_ws_home/basic-locomotion-dls-isaaclab/deploy/dls2_ws/install/dls2_interfaces/lib/python3.11/site-packages/dls2_interfaces/msg/_blind_state_s.c
[4.355s] -- Installing: /home/iit.local/gturrisi/isaaclab_ws_home/basic-locomotion-dls-isaaclab/deploy/dls2_ws/install/dls2_interfaces/lib/python3.11/site-packages/dls2_interfaces/msg/_pose.py
[4.355s] -- Installing: /home/iit.local/gturrisi/isaaclab_ws_home/basic-locomotion-dls-isaaclab/deploy/dls2_ws/install/dls2_interfaces/lib/python3.11/site-packages/dls2_interfaces/msg/_base_state.py
[4.355s] -- Installing: /home/iit.local/gturrisi/isaaclab_ws_home/basic-locomotion-dls-isaaclab/deploy/dls2_ws/install/dls2_interfaces/lib/python3.11/site-packages/dls2_interfaces/msg/_screw.py
[4.355s] -- Installing: /home/iit.local/gturrisi/isaaclab_ws_home/basic-locomotion-dls-isaaclab/deploy/dls2_ws/install/dls2_interfaces/lib/python3.11/site-packages/dls2_interfaces/msg/_blind_state.py
[4.355s] -- Installing: /home/iit.local/gturrisi/isaaclab_ws_home/basic-locomotion-dls-isaaclab/deploy/dls2_ws/install/dls2_interfaces/lib/python3.11/site-packages/dls2_interfaces/msg/_imu_s.c
[4.355s] -- Installing: /home/iit.local/gturrisi/isaaclab_ws_home/basic-locomotion-dls-isaaclab/deploy/dls2_ws/install/dls2_interfaces/lib/python3.11/site-packages/dls2_interfaces/msg/_base_state_s.c
[4.355s] -- Installing: /home/iit.local/gturrisi/isaaclab_ws_home/basic-locomotion-dls-isaaclab/deploy/dls2_ws/install/dls2_interfaces/lib/python3.11/site-packages/dls2_interfaces/msg/_trajectory_generator.py
[4.355s] -- Installing: /home/iit.local/gturrisi/isaaclab_ws_home/basic-locomotion-dls-isaaclab/deploy/dls2_ws/install/dls2_interfaces/lib/python3.11/site-packages/dls2_interfaces/msg/__init__.py
[4.355s] -- Installing: /home/iit.local/gturrisi/isaaclab_ws_home/basic-locomotion-dls-isaaclab/deploy/dls2_ws/install/dls2_interfaces/lib/python3.11/site-packages/dls2_interfaces/msg/_imu.py
[4.356s] -- Installing: /home/iit.local/gturrisi/isaaclab_ws_home/basic-locomotion-dls-isaaclab/deploy/dls2_ws/install/dls2_interfaces/lib/python3.11/site-packages/dls2_interfaces/msg/_trajectory_generator_s.c
[4.356s] -- Installing: /home/iit.local/gturrisi/isaaclab_ws_home/basic-locomotion-dls-isaaclab/deploy/dls2_ws/install/dls2_interfaces/lib/python3.11/site-packages/dls2_interfaces/msg/_pose_s.c
[4.356s] -- Installing: /home/iit.local/gturrisi/isaaclab_ws_home/basic-locomotion-dls-isaaclab/deploy/dls2_ws/install/dls2_interfaces/lib/python3.11/site-packages/dls2_interfaces/__init__.py
[4.356s] -- Installing: /home/iit.local/gturrisi/isaaclab_ws_home/basic-locomotion-dls-isaaclab/deploy/dls2_ws/install/dls2_interfaces/lib/python3.11/site-packages/dls2_interfaces/_dls2_interfaces_s.ep.rosidl_typesupport_c.c
[4.356s] -- Installing: /home/iit.local/gturrisi/isaaclab_ws_home/basic-locomotion-dls-isaaclab/deploy/dls2_ws/install/dls2_interfaces/lib/python3.11/site-packages/dls2_interfaces/dls2_interfaces_s__rosidl_typesupport_introspection_c.cpython-311-x86_64-linux-gnu.so
[4.380s] Listing 'lib/python3.11/site-packages/dls2_interfaces'...
[4.380s] Can't list 'lib/python3.11/site-packages/dls2_interfaces'
[4.384s] -- Installing: /home/iit.local/gturrisi/isaaclab_ws_home/basic-locomotion-dls-isaaclab/deploy/dls2_ws/install/dls2_interfaces/lib/python3.11/site-packages/dls2_interfaces/dls2_interfaces_s__rosidl_typesupport_fastrtps_c.cpython-311-x86_64-linux-gnu.so
[4.384s] -- Set non-toolchain portion of runtime path of "/home/iit.local/gturrisi/isaaclab_ws_home/basic-locomotion-dls-isaaclab/deploy/dls2_ws/install/dls2_interfaces/lib/python3.11/site-packages/dls2_interfaces/dls2_interfaces_s__rosidl_typesupport_fastrtps_c.cpython-311-x86_64-linux-gnu.so" to ""
[4.384s] -- Installing: /home/iit.local/gturrisi/isaaclab_ws_home/basic-locomotion-dls-isaaclab/deploy/dls2_ws/install/dls2_interfaces/lib/python3.11/site-packages/dls2_interfaces/dls2_interfaces_s__rosidl_typesupport_introspection_c.cpython-311-x86_64-linux-gnu.so
[4.384s] -- Set non-toolchain portion of runtime path of "/home/iit.local/gturrisi/isaaclab_ws_home/basic-locomotion-dls-isaaclab/deploy/dls2_ws/install/dls2_interfaces/lib/python3.11/site-packages/dls2_interfaces/dls2_interfaces_s__rosidl_typesupport_introspection_c.cpython-311-x86_64-linux-gnu.so" to ""
[4.384s] -- Installing: /home/iit.local/gturrisi/isaaclab_ws_home/basic-locomotion-dls-isaaclab/deploy/dls2_ws/install/dls2_interfaces/lib/python3.11/site-packages/dls2_interfaces/dls2_interfaces_s__rosidl_typesupport_c.cpython-311-x86_64-linux-gnu.so
[4.384s] -- Set non-toolchain portion of runtime path of "/home/iit.local/gturrisi/isaaclab_ws_home/basic-locomotion-dls-isaaclab/deploy/dls2_ws/install/dls2_interfaces/lib/python3.11/site-packages/dls2_interfaces/dls2_interfaces_s__rosidl_typesupport_c.cpython-311-x86_64-linux-gnu.so" to ""
[4.385s] -- Installing: /home/iit.local/gturrisi/isaaclab_ws_home/basic-locomotion-dls-isaaclab/deploy/dls2_ws/install/dls2_interfaces/lib/libdls2_interfaces__rosidl_generator_py.so
[4.385s] -- Set non-toolchain portion of runtime path of "/home/iit.local/gturrisi/isaaclab_ws_home/basic-locomotion-dls-isaaclab/deploy/dls2_ws/install/dls2_interfaces/lib/libdls2_interfaces__rosidl_generator_py.so" to ""
[4.385s] -- Up-to-date: /home/iit.local/gturrisi/isaaclab_ws_home/basic-locomotion-dls-isaaclab/deploy/dls2_ws/install/dls2_interfaces/share/dls2_interfaces/msg/Pose.idl
[4.385s] -- Up-to-date: /home/iit.local/gturrisi/isaaclab_ws_home/basic-locomotion-dls-isaaclab/deploy/dls2_ws/install/dls2_interfaces/share/dls2_interfaces/msg/Screw.idl
[4.385s] -- Installing: /home/iit.local/gturrisi/isaaclab_ws_home/basic-locomotion-dls-isaaclab/deploy/dls2_ws/install/dls2_interfaces/share/dls2_interfaces/msg/BlindState.idl
[4.385s] -- Up-to-date: /home/iit.local/gturrisi/isaaclab_ws_home/basic-locomotion-dls-isaaclab/deploy/dls2_ws/install/dls2_interfaces/share/dls2_interfaces/msg/BaseState.idl
[4.385s] -- Up-to-date: /home/iit.local/gturrisi/isaaclab_ws_home/basic-locomotion-dls-isaaclab/deploy/dls2_ws/install/dls2_interfaces/share/dls2_interfaces/msg/Imu.idl
[4.385s] -- Up-to-date: /home/iit.local/gturrisi/isaaclab_ws_home/basic-locomotion-dls-isaaclab/deploy/dls2_ws/install/dls2_interfaces/share/dls2_interfaces/msg/TrajectoryGenerator.idl
[4.385s] -- Up-to-date: /home/iit.local/gturrisi/isaaclab_ws_home/basic-locomotion-dls-isaaclab/deploy/dls2_ws/install/dls2_interfaces/share/dls2_interfaces/msg/Pose.msg
[4.385s] -- Up-to-date: /home/iit.local/gturrisi/isaaclab_ws_home/basic-locomotion-dls-isaaclab/deploy/dls2_ws/install/dls2_interfaces/share/dls2_interfaces/msg/Screw.msg
[4.385s] -- Installing: /home/iit.local/gturrisi/isaaclab_ws_home/basic-locomotion-dls-isaaclab/deploy/dls2_ws/install/dls2_interfaces/share/dls2_interfaces/msg/BlindState.msg
[4.385s] -- Up-to-date: /home/iit.local/gturrisi/isaaclab_ws_home/basic-locomotion-dls-isaaclab/deploy/dls2_ws/install/dls2_interfaces/share/dls2_interfaces/msg/BaseState.msg
[4.385s] -- Up-to-date: /home/iit.local/gturrisi/isaaclab_ws_home/basic-locomotion-dls-isaaclab/deploy/dls2_ws/install/dls2_interfaces/share/dls2_interfaces/msg/Imu.msg
[4.385s] -- Up-to-date: /home/iit.local/gturrisi/isaaclab_ws_home/basic-locomotion-dls-isaaclab/deploy/dls2_ws/install/dls2_interfaces/share/dls2_interfaces/msg/TrajectoryGenerator.msg
[4.385s] -- Up-to-date: /home/iit.local/gturrisi/isaaclab_ws_home/basic-locomotion-dls-isaaclab/deploy/dls2_ws/install/dls2_interfaces/share/ament_index/resource_index/package_run_dependencies/dls2_interfaces
[4.385s] -- Up-to-date: /home/iit.local/gturrisi/isaaclab_ws_home/basic-locomotion-dls-isaaclab/deploy/dls2_ws/install/dls2_interfaces/share/ament_index/resource_index/parent_prefix_path/dls2_interfaces
[4.385s] -- Up-to-date: /home/iit.local/gturrisi/isaaclab_ws_home/basic-locomotion-dls-isaaclab/deploy/dls2_ws/install/dls2_interfaces/share/dls2_interfaces/environment/ament_prefix_path.sh
[4.385s] -- Installing: /home/iit.local/gturrisi/isaaclab_ws_home/basic-locomotion-dls-isaaclab/deploy/dls2_ws/install/dls2_interfaces/share/dls2_interfaces/environment/ament_prefix_path.dsv
[4.386s] -- Up-to-date: /home/iit.local/gturrisi/isaaclab_ws_home/basic-locomotion-dls-isaaclab/deploy/dls2_ws/install/dls2_interfaces/share/dls2_interfaces/environment/path.sh
[4.386s] -- Installing: /home/iit.local/gturrisi/isaaclab_ws_home/basic-locomotion-dls-isaaclab/deploy/dls2_ws/install/dls2_interfaces/share/dls2_interfaces/environment/path.dsv
[4.386s] -- Up-to-date: /home/iit.local/gturrisi/isaaclab_ws_home/basic-locomotion-dls-isaaclab/deploy/dls2_ws/install/dls2_interfaces/share/dls2_interfaces/local_setup.bash
[4.386s] -- Up-to-date: /home/iit.local/gturrisi/isaaclab_ws_home/basic-locomotion-dls-isaaclab/deploy/dls2_ws/install/dls2_interfaces/share/dls2_interfaces/local_setup.sh
[4.386s] -- Up-to-date: /home/iit.local/gturrisi/isaaclab_ws_home/basic-locomotion-dls-isaaclab/deploy/dls2_ws/install/dls2_interfaces/share/dls2_interfaces/local_setup.zsh
[4.386s] -- Installing: /home/iit.local/gturrisi/isaaclab_ws_home/basic-locomotion-dls-isaaclab/deploy/dls2_ws/install/dls2_interfaces/share/dls2_interfaces/local_setup.dsv
[4.386s] -- Installing: /home/iit.local/gturrisi/isaaclab_ws_home/basic-locomotion-dls-isaaclab/deploy/dls2_ws/install/dls2_interfaces/share/dls2_interfaces/package.dsv
[4.386s] -- Up-to-date: /home/iit.local/gturrisi/isaaclab_ws_home/basic-locomotion-dls-isaaclab/deploy/dls2_ws/install/dls2_interfaces/share/ament_index/resource_index/packages/dls2_interfaces
[4.386s] -- Up-to-date: /home/iit.local/gturrisi/isaaclab_ws_home/basic-locomotion-dls-isaaclab/deploy/dls2_ws/install/dls2_interfaces/share/dls2_interfaces/cmake/export_dls2_interfaces__rosidl_generator_cExport.cmake
[4.386s] -- Up-to-date: /home/iit.local/gturrisi/isaaclab_ws_home/basic-locomotion-dls-isaaclab/deploy/dls2_ws/install/dls2_interfaces/share/dls2_interfaces/cmake/export_dls2_interfaces__rosidl_generator_cExport-noconfig.cmake
[4.386s] -- Up-to-date: /home/iit.local/gturrisi/isaaclab_ws_home/basic-locomotion-dls-isaaclab/deploy/dls2_ws/install/dls2_interfaces/share/dls2_interfaces/cmake/export_dls2_interfaces__rosidl_typesupport_fastrtps_cExport.cmake
[4.386s] -- Up-to-date: /home/iit.local/gturrisi/isaaclab_ws_home/basic-locomotion-dls-isaaclab/deploy/dls2_ws/install/dls2_interfaces/share/dls2_interfaces/cmake/export_dls2_interfaces__rosidl_typesupport_fastrtps_cExport-noconfig.cmake
[4.386s] -- Up-to-date: /home/iit.local/gturrisi/isaaclab_ws_home/basic-locomotion-dls-isaaclab/deploy/dls2_ws/install/dls2_interfaces/share/dls2_interfaces/cmake/dls2_interfaces__rosidl_typesupport_introspection_cExport.cmake
[4.386s] -- Up-to-date: /home/iit.local/gturrisi/isaaclab_ws_home/basic-locomotion-dls-isaaclab/deploy/dls2_ws/install/dls2_interfaces/share/dls2_interfaces/cmake/dls2_interfaces__rosidl_typesupport_introspection_cExport-noconfig.cmake
[4.386s] -- Up-to-date: /home/iit.local/gturrisi/isaaclab_ws_home/basic-locomotion-dls-isaaclab/deploy/dls2_ws/install/dls2_interfaces/share/dls2_interfaces/cmake/dls2_interfaces__rosidl_typesupport_cExport.cmake
[4.386s] -- Up-to-date: /home/iit.local/gturrisi/isaaclab_ws_home/basic-locomotion-dls-isaaclab/deploy/dls2_ws/install/dls2_interfaces/share/dls2_interfaces/cmake/dls2_interfaces__rosidl_typesupport_cExport-noconfig.cmake
[4.386s] -- Up-to-date: /home/iit.local/gturrisi/isaaclab_ws_home/basic-locomotion-dls-isaaclab/deploy/dls2_ws/install/dls2_interfaces/share/dls2_interfaces/cmake/export_dls2_interfaces__rosidl_generator_cppExport.cmake
[4.386s] -- Up-to-date: /home/iit.local/gturrisi/isaaclab_ws_home/basic-locomotion-dls-isaaclab/deploy/dls2_ws/install/dls2_interfaces/share/dls2_interfaces/cmake/export_dls2_interfaces__rosidl_typesupport_fastrtps_cppExport.cmake
[4.386s] -- Up-to-date: /home/iit.local/gturrisi/isaaclab_ws_home/basic-locomotion-dls-isaaclab/deploy/dls2_ws/install/dls2_interfaces/share/dls2_interfaces/cmake/export_dls2_interfaces__rosidl_typesupport_fastrtps_cppExport-noconfig.cmake
[4.386s] -- Up-to-date: /home/iit.local/gturrisi/isaaclab_ws_home/basic-locomotion-dls-isaaclab/deploy/dls2_ws/install/dls2_interfaces/share/dls2_interfaces/cmake/dls2_interfaces__rosidl_typesupport_introspection_cppExport.cmake
[4.386s] -- Up-to-date: /home/iit.local/gturrisi/isaaclab_ws_home/basic-locomotion-dls-isaaclab/deploy/dls2_ws/install/dls2_interfaces/share/dls2_interfaces/cmake/dls2_interfaces__rosidl_typesupport_introspection_cppExport-noconfig.cmake
[4.386s] -- Up-to-date: /home/iit.local/gturrisi/isaaclab_ws_home/basic-locomotion-dls-isaaclab/deploy/dls2_ws/install/dls2_interfaces/share/dls2_interfaces/cmake/dls2_interfaces__rosidl_typesupport_cppExport.cmake
[4.386s] -- Up-to-date: /home/iit.local/gturrisi/isaaclab_ws_home/basic-locomotion-dls-isaaclab/deploy/dls2_ws/install/dls2_interfaces/share/dls2_interfaces/cmake/dls2_interfaces__rosidl_typesupport_cppExport-noconfig.cmake
[4.386s] -- Up-to-date: /home/iit.local/gturrisi/isaaclab_ws_home/basic-locomotion-dls-isaaclab/deploy/dls2_ws/install/dls2_interfaces/share/dls2_interfaces/cmake/export_dls2_interfaces__rosidl_generator_pyExport.cmake
[4.387s] -- Up-to-date: /home/iit.local/gturrisi/isaaclab_ws_home/basic-locomotion-dls-isaaclab/deploy/dls2_ws/install/dls2_interfaces/share/dls2_interfaces/cmake/export_dls2_interfaces__rosidl_generator_pyExport-noconfig.cmake
[4.387s] -- Up-to-date: /home/iit.local/gturrisi/isaaclab_ws_home/basic-locomotion-dls-isaaclab/deploy/dls2_ws/install/dls2_interfaces/share/dls2_interfaces/cmake/rosidl_cmake-extras.cmake
[4.387s] -- Up-to-date: /home/iit.local/gturrisi/isaaclab_ws_home/basic-locomotion-dls-isaaclab/deploy/dls2_ws/install/dls2_interfaces/share/dls2_interfaces/cmake/ament_cmake_export_include_directories-extras.cmake
[4.387s] -- Up-to-date: /home/iit.local/gturrisi/isaaclab_ws_home/basic-locomotion-dls-isaaclab/deploy/dls2_ws/install/dls2_interfaces/share/dls2_interfaces/cmake/ament_cmake_export_libraries-extras.cmake
[4.387s] -- Up-to-date: /home/iit.local/gturrisi/isaaclab_ws_home/basic-locomotion-dls-isaaclab/deploy/dls2_ws/install/dls2_interfaces/share/dls2_interfaces/cmake/ament_cmake_export_targets-extras.cmake
[4.387s] -- Up-to-date: /home/iit.local/gturrisi/isaaclab_ws_home/basic-locomotion-dls-isaaclab/deploy/dls2_ws/install/dls2_interfaces/share/dls2_interfaces/cmake/rosidl_cmake_export_typesupport_targets-extras.cmake
[4.387s] -- Up-to-date: /home/iit.local/gturrisi/isaaclab_ws_home/basic-locomotion-dls-isaaclab/deploy/dls2_ws/install/dls2_interfaces/share/dls2_interfaces/cmake/ament_cmake_export_dependencies-extras.cmake
[4.387s] -- Up-to-date: /home/iit.local/gturrisi/isaaclab_ws_home/basic-locomotion-dls-isaaclab/deploy/dls2_ws/install/dls2_interfaces/share/dls2_interfaces/cmake/rosidl_cmake_export_typesupport_libraries-extras.cmake
[4.387s] -- Up-to-date: /home/iit.local/gturrisi/isaaclab_ws_home/basic-locomotion-dls-isaaclab/deploy/dls2_ws/install/dls2_interfaces/share/dls2_interfaces/cmake/dls2_interfacesConfig.cmake
[4.387s] -- Up-to-date: /home/iit.local/gturrisi/isaaclab_ws_home/basic-locomotion-dls-isaaclab/deploy/dls2_ws/install/dls2_interfaces/share/dls2_interfaces/cmake/dls2_interfacesConfig-version.cmake
[4.387s] -- Up-to-date: /home/iit.local/gturrisi/isaaclab_ws_home/basic-locomotion-dls-isaaclab/deploy/dls2_ws/install/dls2_interfaces/share/dls2_interfaces/package.xml
[4.388s] Invoked command in '/home/iit.local/gturrisi/isaaclab_ws_home/basic-locomotion-dls-isaaclab/deploy/dls2_ws/build/dls2_interfaces' returned '0': CONDA_PROMPT_MODIFIER=(basic_locomotion_dls_isaaclab_ros2_env) /home/iit.local/gturrisi/miniforge3/envs/basic_locomotion_dls_isaaclab_ros2_env/bin/cmake --install /home/iit.local/gturrisi/isaaclab_ws_home/basic-locomotion-dls-isaaclab/deploy/dls2_ws/build/dls2_interfaces
