[0.010s] Invoking command in '/home/iit.local/gturrisi/isaaclab_ws_home/basic-locomotion-dls-isaaclab/deploy/dls2_ws/build/dls2_interfaces': CONDA_PROMPT_MODIFIER=(basic_locomotion_dls_isaaclab_ros2_env) /home/iit.local/gturrisi/miniforge3/envs/basic_locomotion_dls_isaaclab_ros2_env/bin/cmake /home/iit.local/gturrisi/isaaclab_ws_home/basic-locomotion-dls-isaaclab/deploy/dls2_ws/src/dls2_interfaces -DCMAKE_INSTALL_PREFIX=/home/iit.local/gturrisi/isaaclab_ws_home/basic-locomotion-dls-isaaclab/deploy/dls2_ws/install/dls2_interfaces
[0.035s] [0mCMake Deprecation Warning at CMakeLists.txt:2 (cmake_minimum_required):
[0.035s]   Compatibility with CMake < 3.10 will be removed from a future version of
[0.035s]   CMake.
[0.036s] 
[0.036s]   Update the VERSION argument <min> value.  Or, use the <min>...<max> syntax
[0.036s]   to tell CMake that the project requires at least <min> but has been updated
[0.036s]   to work with policies introduced by <max> or earlier.
[0.036s] 
[0.036s] [0m
[0.190s] -- The C compiler identification is GNU 14.3.0
[0.387s] -- The CXX compiler identification is GNU 14.3.0
[0.403s] -- Detecting C compiler ABI info
[0.513s] -- Detecting C compiler ABI info - done
[0.537s] -- Check for working C compiler: /home/iit.local/gturrisi/miniforge3/envs/basic_locomotion_dls_isaaclab_ros2_env/bin/x86_64-conda-linux-gnu-cc - skipped
[0.537s] -- Detecting C compile features
[0.538s] -- Detecting C compile features - done
[0.551s] -- Detecting CXX compiler ABI info
[0.664s] -- Detecting CXX compiler ABI info - done
[0.691s] -- Check for working CXX compiler: /home/iit.local/gturrisi/miniforge3/envs/basic_locomotion_dls_isaaclab_ros2_env/bin/x86_64-conda-linux-gnu-c++ - skipped
[0.692s] -- Detecting CXX compile features
[0.693s] -- Detecting CXX compile features - done
[0.712s] -- Found ament_cmake: 1.3.12 (/home/iit.local/gturrisi/miniforge3/envs/basic_locomotion_dls_isaaclab_ros2_env/share/ament_cmake/cmake)
[0.832s] -- Found Python3: /home/iit.local/gturrisi/miniforge3/envs/basic_locomotion_dls_isaaclab_ros2_env/bin/python3 (found version "3.11.13") found components: Interpreter
[0.942s] -- Found rosidl_default_generators: 1.2.0 (/home/iit.local/gturrisi/miniforge3/envs/basic_locomotion_dls_isaaclab_ros2_env/share/rosidl_default_generators/cmake)
[0.948s] -- Using all available rosidl_typesupport_c: rosidl_typesupport_fastrtps_c;rosidl_typesupport_introspection_c
[0.960s] -- Found rosidl_adapter: 3.1.6 (/home/iit.local/gturrisi/miniforge3/envs/basic_locomotion_dls_isaaclab_ros2_env/share/rosidl_adapter/cmake)
[1.012s] -- Using all available rosidl_typesupport_cpp: rosidl_typesupport_fastrtps_cpp;rosidl_typesupport_introspection_cpp
[1.414s] -- Found ament_cmake_ros: 0.10.0 (/home/iit.local/gturrisi/miniforge3/envs/basic_locomotion_dls_isaaclab_ros2_env/share/ament_cmake_ros/cmake)
[1.781s] -- Using all available rosidl_typesupport_c: rosidl_typesupport_fastrtps_c;rosidl_typesupport_introspection_c
[2.239s] -- Using all available rosidl_typesupport_cpp: rosidl_typesupport_fastrtps_cpp;rosidl_typesupport_introspection_cpp
[2.244s] -- Found python_cmake_module: 0.10.0 (/home/iit.local/gturrisi/miniforge3/envs/basic_locomotion_dls_isaaclab_ros2_env/share/python_cmake_module/cmake)
[2.245s] [33mCMake Warning (dev) at /home/iit.local/gturrisi/miniforge3/envs/basic_locomotion_dls_isaaclab_ros2_env/share/python_cmake_module/cmake/Modules/FindPythonExtra.cmake:52 (find_package):
[2.245s]   Policy CMP0148 is not set: The FindPythonInterp and FindPythonLibs modules
[2.245s]   are removed.  Run "cmake --help-policy CMP0148" for policy details.  Use
[2.245s]   the cmake_policy command to set the policy and suppress this warning.
[2.245s] 
[2.245s] Call Stack (most recent call first):
[2.245s]   /home/iit.local/gturrisi/miniforge3/envs/basic_locomotion_dls_isaaclab_ros2_env/share/rosidl_generator_py/cmake/rosidl_generator_py_generate_interfaces.cmake:33 (find_package)
[2.245s]   /home/iit.local/gturrisi/miniforge3/envs/basic_locomotion_dls_isaaclab_ros2_env/share/ament_cmake_core/cmake/core/ament_execute_extensions.cmake:48 (include)
[2.245s]   /home/iit.local/gturrisi/miniforge3/envs/basic_locomotion_dls_isaaclab_ros2_env/share/rosidl_cmake/cmake/rosidl_generate_interfaces.cmake:286 (ament_execute_extensions)
[2.245s]   CMakeLists.txt:13 (rosidl_generate_interfaces)
[2.245s] This warning is for project developers.  Use -Wno-dev to suppress it.
[2.245s] [0m
[2.264s] -- Found PythonInterp: /home/iit.local/gturrisi/miniforge3/envs/basic_locomotion_dls_isaaclab_ros2_env/bin/python3 (found suitable version "3.11.13", minimum required is "3.6")
[2.264s] [33mCMake Warning (dev) at /home/iit.local/gturrisi/miniforge3/envs/basic_locomotion_dls_isaaclab_ros2_env/share/python_cmake_module/cmake/Modules/FindPythonExtra.cmake:140 (find_package):
[2.264s]   Policy CMP0148 is not set: The FindPythonInterp and FindPythonLibs modules
[2.265s]   are removed.  Run "cmake --help-policy CMP0148" for policy details.  Use
[2.265s]   the cmake_policy command to set the policy and suppress this warning.
[2.265s] 
[2.265s] Call Stack (most recent call first):
[2.265s]   /home/iit.local/gturrisi/miniforge3/envs/basic_locomotion_dls_isaaclab_ros2_env/share/rosidl_generator_py/cmake/rosidl_generator_py_generate_interfaces.cmake:33 (find_package)
[2.265s]   /home/iit.local/gturrisi/miniforge3/envs/basic_locomotion_dls_isaaclab_ros2_env/share/ament_cmake_core/cmake/core/ament_execute_extensions.cmake:48 (include)
[2.265s]   /home/iit.local/gturrisi/miniforge3/envs/basic_locomotion_dls_isaaclab_ros2_env/share/rosidl_cmake/cmake/rosidl_generate_interfaces.cmake:286 (ament_execute_extensions)
[2.265s]   CMakeLists.txt:13 (rosidl_generate_interfaces)
[2.265s] This warning is for project developers.  Use -Wno-dev to suppress it.
[2.265s] [0m
[2.271s] -- Found PythonLibs: /home/iit.local/gturrisi/miniforge3/envs/basic_locomotion_dls_isaaclab_ros2_env/lib/libpython3.11.so (found suitable version "3.11.13", minimum required is "3.5")
[2.271s] -- Using PYTHON_EXECUTABLE: /home/iit.local/gturrisi/miniforge3/envs/basic_locomotion_dls_isaaclab_ros2_env/bin/python3
[2.271s] -- Using PYTHON_INCLUDE_DIRS: /home/iit.local/gturrisi/miniforge3/envs/basic_locomotion_dls_isaaclab_ros2_env/include/python3.11
[2.271s] -- Using PYTHON_LIBRARIES: /home/iit.local/gturrisi/miniforge3/envs/basic_locomotion_dls_isaaclab_ros2_env/lib/libpython3.11.so
[2.288s] -- Found PythonExtra: .so
[3.508s] -- Found Python: /home/iit.local/gturrisi/miniforge3/envs/basic_locomotion_dls_isaaclab_ros2_env/bin/python3.11 (found version "3.11.13") found components: Interpreter Development NumPy Development.Module Development.Embed
[3.534s] -- Found ament_lint_auto: 0.12.12 (/home/iit.local/gturrisi/miniforge3/envs/basic_locomotion_dls_isaaclab_ros2_env/share/ament_lint_auto/cmake)
[3.563s] -- Added test 'lint_cmake' to check CMake code style
[3.564s] -- Added test 'xmllint' to check XML markup files
[3.566s] -- Configuring done (3.5s)
[3.598s] -- Generating done (0.0s)
[3.604s] -- Build files have been written to: /home/iit.local/gturrisi/isaaclab_ws_home/basic-locomotion-dls-isaaclab/deploy/dls2_ws/build/dls2_interfaces
[3.609s] Invoked command in '/home/iit.local/gturrisi/isaaclab_ws_home/basic-locomotion-dls-isaaclab/deploy/dls2_ws/build/dls2_interfaces' returned '0': CONDA_PROMPT_MODIFIER=(basic_locomotion_dls_isaaclab_ros2_env) /home/iit.local/gturrisi/miniforge3/envs/basic_locomotion_dls_isaaclab_ros2_env/bin/cmake /home/iit.local/gturrisi/isaaclab_ws_home/basic-locomotion-dls-isaaclab/deploy/dls2_ws/src/dls2_interfaces -DCMAKE_INSTALL_PREFIX=/home/iit.local/gturrisi/isaaclab_ws_home/basic-locomotion-dls-isaaclab/deploy/dls2_ws/install/dls2_interfaces
[3.610s] Invoking command in '/home/iit.local/gturrisi/isaaclab_ws_home/basic-locomotion-dls-isaaclab/deploy/dls2_ws/build/dls2_interfaces': CONDA_PROMPT_MODIFIER=(basic_locomotion_dls_isaaclab_ros2_env) /home/iit.local/gturrisi/miniforge3/envs/basic_locomotion_dls_isaaclab_ros2_env/bin/cmake --build /home/iit.local/gturrisi/isaaclab_ws_home/basic-locomotion-dls-isaaclab/deploy/dls2_ws/build/dls2_interfaces -- -j20 -l20
[3.645s] [  1%] [1m[34mGenerating C code for ROS interfaces[0m
[3.654s] [  2%] [1m[34mGenerating C++ code for ROS interfaces[0m
[3.661s] [  2%] Built target ament_cmake_python_copy_dls2_interfaces
[3.785s] running egg_info
[3.792s] creating dls2_interfaces.egg-info
[3.792s] writing dls2_interfaces.egg-info/PKG-INFO
[3.793s] writing dependency_links to dls2_interfaces.egg-info/dependency_links.txt
[3.793s] writing top-level names to dls2_interfaces.egg-info/top_level.txt
[3.793s] writing manifest file 'dls2_interfaces.egg-info/SOURCES.txt'
[3.814s] reading manifest file 'dls2_interfaces.egg-info/SOURCES.txt'
[3.814s] writing manifest file 'dls2_interfaces.egg-info/SOURCES.txt'
[3.835s] [  2%] Built target ament_cmake_python_build_dls2_interfaces_egg
[3.967s] [  2%] Built target dls2_interfaces__cpp
[3.969s] [  4%] [32mBuilding C object CMakeFiles/dls2_interfaces__rosidl_generator_c.dir/rosidl_generator_c/dls2_interfaces/msg/detail/base_state__functions.c.o[0m
[3.970s] [  5%] [32mBuilding C object CMakeFiles/dls2_interfaces__rosidl_generator_c.dir/rosidl_generator_c/dls2_interfaces/msg/detail/trajectory_generator__functions.c.o[0m
[3.970s] [  7%] [32mBuilding C object CMakeFiles/dls2_interfaces__rosidl_generator_c.dir/rosidl_generator_c/dls2_interfaces/msg/detail/pose__functions.c.o[0m
[3.970s] [  8%] [32mBuilding C object CMakeFiles/dls2_interfaces__rosidl_generator_c.dir/rosidl_generator_c/dls2_interfaces/msg/detail/screw__functions.c.o[0m
[3.971s] [ 11%] [32mBuilding C object CMakeFiles/dls2_interfaces__rosidl_generator_c.dir/rosidl_generator_c/dls2_interfaces/msg/detail/imu__functions.c.o[0m
[3.971s] [ 11%] [32mBuilding C object CMakeFiles/dls2_interfaces__rosidl_generator_c.dir/rosidl_generator_c/dls2_interfaces/msg/detail/blind_state__functions.c.o[0m
[3.972s] [ 12%] [1m[34mGenerating C++ type support dispatch for ROS interfaces[0m
[3.972s] [ 14%] [1m[34mGenerating C++ type support for eProsima Fast-RTPS[0m
[3.972s] [ 15%] [1m[34mGenerating C++ introspection for ROS interfaces[0m
[4.100s] [ 16%] [1m[32mLinking C shared library libdls2_interfaces__rosidl_generator_c.so[0m
[4.136s] [ 16%] Built target dls2_interfaces__rosidl_generator_c
[4.144s] [ 21%] [1m[34mGenerating C type support dispatch for ROS interfaces[0m
[4.145s] [ 21%] [1m[34mGenerating C introspection for ROS interfaces[0m
[4.145s] [ 21%] [1m[34mGenerating C type support for eProsima Fast-RTPS[0m
[4.210s] [ 22%] [32mBuilding CXX object CMakeFiles/dls2_interfaces__rosidl_typesupport_cpp.dir/rosidl_typesupport_cpp/dls2_interfaces/msg/trajectory_generator__type_support.cpp.o[0m
[4.211s] [ 23%] [32mBuilding CXX object CMakeFiles/dls2_interfaces__rosidl_typesupport_cpp.dir/rosidl_typesupport_cpp/dls2_interfaces/msg/pose__type_support.cpp.o[0m
[4.211s] [ 25%] [32mBuilding CXX object CMakeFiles/dls2_interfaces__rosidl_typesupport_cpp.dir/rosidl_typesupport_cpp/dls2_interfaces/msg/screw__type_support.cpp.o[0m
[4.211s] [ 26%] [32mBuilding CXX object CMakeFiles/dls2_interfaces__rosidl_typesupport_cpp.dir/rosidl_typesupport_cpp/dls2_interfaces/msg/blind_state__type_support.cpp.o[0m
[4.211s] [ 28%] [32mBuilding CXX object CMakeFiles/dls2_interfaces__rosidl_typesupport_cpp.dir/rosidl_typesupport_cpp/dls2_interfaces/msg/base_state__type_support.cpp.o[0m
[4.211s] [ 29%] [32mBuilding CXX object CMakeFiles/dls2_interfaces__rosidl_typesupport_cpp.dir/rosidl_typesupport_cpp/dls2_interfaces/msg/imu__type_support.cpp.o[0m
[4.246s] [ 33%] [32mBuilding CXX object CMakeFiles/dls2_interfaces__rosidl_typesupport_introspection_cpp.dir/rosidl_typesupport_introspection_cpp/dls2_interfaces/msg/detail/screw__type_support.cpp.o[0m
[4.246s] [ 33%] [32mBuilding CXX object CMakeFiles/dls2_interfaces__rosidl_typesupport_introspection_cpp.dir/rosidl_typesupport_introspection_cpp/dls2_interfaces/msg/detail/blind_state__type_support.cpp.o[0m
[4.246s] [ 33%] [32mBuilding CXX object CMakeFiles/dls2_interfaces__rosidl_typesupport_introspection_cpp.dir/rosidl_typesupport_introspection_cpp/dls2_interfaces/msg/detail/pose__type_support.cpp.o[0m
[4.246s] [ 35%] [32mBuilding CXX object CMakeFiles/dls2_interfaces__rosidl_typesupport_introspection_cpp.dir/rosidl_typesupport_introspection_cpp/dls2_interfaces/msg/detail/imu__type_support.cpp.o[0m
[4.246s] [ 36%] [32mBuilding CXX object CMakeFiles/dls2_interfaces__rosidl_typesupport_introspection_cpp.dir/rosidl_typesupport_introspection_cpp/dls2_interfaces/msg/detail/base_state__type_support.cpp.o[0m
[4.247s] [ 38%] [32mBuilding CXX object CMakeFiles/dls2_interfaces__rosidl_typesupport_introspection_cpp.dir/rosidl_typesupport_introspection_cpp/dls2_interfaces/msg/detail/trajectory_generator__type_support.cpp.o[0m
[4.275s] [ 42%] [32mBuilding CXX object CMakeFiles/dls2_interfaces__rosidl_typesupport_fastrtps_cpp.dir/rosidl_typesupport_fastrtps_cpp/dls2_interfaces/msg/detail/dds_fastrtps/screw__type_support.cpp.o[0m
[4.275s] [ 42%] [32mBuilding CXX object CMakeFiles/dls2_interfaces__rosidl_typesupport_fastrtps_cpp.dir/rosidl_typesupport_fastrtps_cpp/dls2_interfaces/msg/detail/dds_fastrtps/pose__type_support.cpp.o[0m
[4.275s] [ 42%] [32mBuilding CXX object CMakeFiles/dls2_interfaces__rosidl_typesupport_fastrtps_cpp.dir/rosidl_typesupport_fastrtps_cpp/dls2_interfaces/msg/detail/dds_fastrtps/base_state__type_support.cpp.o[0m
[4.275s] [ 43%] [32mBuilding CXX object CMakeFiles/dls2_interfaces__rosidl_typesupport_fastrtps_cpp.dir/rosidl_typesupport_fastrtps_cpp/dls2_interfaces/msg/detail/dds_fastrtps/blind_state__type_support.cpp.o[0m
[4.276s] [ 45%] [32mBuilding CXX object CMakeFiles/dls2_interfaces__rosidl_typesupport_fastrtps_cpp.dir/rosidl_typesupport_fastrtps_cpp/dls2_interfaces/msg/detail/dds_fastrtps/imu__type_support.cpp.o[0m
[4.512s] [ 46%] [32mBuilding CXX object CMakeFiles/dls2_interfaces__rosidl_typesupport_c.dir/rosidl_typesupport_c/dls2_interfaces/msg/pose__type_support.cpp.o[0m
[4.530s] [ 47%] [32mBuilding CXX object CMakeFiles/dls2_interfaces__rosidl_typesupport_fastrtps_cpp.dir/rosidl_typesupport_fastrtps_cpp/dls2_interfaces/msg/detail/dds_fastrtps/trajectory_generator__type_support.cpp.o[0m
[4.547s] [ 49%] [32mBuilding CXX object CMakeFiles/dls2_interfaces__rosidl_typesupport_c.dir/rosidl_typesupport_c/dls2_interfaces/msg/screw__type_support.cpp.o[0m
[4.548s] [ 52%] [32mBuilding CXX object CMakeFiles/dls2_interfaces__rosidl_typesupport_c.dir/rosidl_typesupport_c/dls2_interfaces/msg/blind_state__type_support.cpp.o[0m
[4.548s] [ 52%] [32mBuilding CXX object CMakeFiles/dls2_interfaces__rosidl_typesupport_fastrtps_c.dir/rosidl_typesupport_fastrtps_c/dls2_interfaces/msg/detail/screw__type_support_c.cpp.o[0m
[4.548s] [ 53%] [32mBuilding CXX object CMakeFiles/dls2_interfaces__rosidl_typesupport_fastrtps_c.dir/rosidl_typesupport_fastrtps_c/dls2_interfaces/msg/detail/pose__type_support_c.cpp.o[0m
[4.556s] [ 54%] [32mBuilding CXX object CMakeFiles/dls2_interfaces__rosidl_typesupport_c.dir/rosidl_typesupport_c/dls2_interfaces/msg/base_state__type_support.cpp.o[0m
[4.583s] [ 57%] [32mBuilding CXX object CMakeFiles/dls2_interfaces__rosidl_typesupport_fastrtps_c.dir/rosidl_typesupport_fastrtps_c/dls2_interfaces/msg/detail/blind_state__type_support_c.cpp.o[0m
[4.583s] [ 57%] [32mBuilding CXX object CMakeFiles/dls2_interfaces__rosidl_typesupport_c.dir/rosidl_typesupport_c/dls2_interfaces/msg/imu__type_support.cpp.o[0m
[4.594s] [ 59%] [32mBuilding CXX object CMakeFiles/dls2_interfaces__rosidl_typesupport_fastrtps_c.dir/rosidl_typesupport_fastrtps_c/dls2_interfaces/msg/detail/base_state__type_support_c.cpp.o[0m
[4.596s] [ 60%] [32mBuilding CXX object CMakeFiles/dls2_interfaces__rosidl_typesupport_c.dir/rosidl_typesupport_c/dls2_interfaces/msg/trajectory_generator__type_support.cpp.o[0m
[4.617s] [ 61%] [32mBuilding CXX object CMakeFiles/dls2_interfaces__rosidl_typesupport_fastrtps_c.dir/rosidl_typesupport_fastrtps_c/dls2_interfaces/msg/detail/imu__type_support_c.cpp.o[0m
[4.634s] [ 63%] [1m[32mLinking CXX shared library libdls2_interfaces__rosidl_typesupport_c.so[0m
[4.638s] [ 64%] [32mBuilding CXX object CMakeFiles/dls2_interfaces__rosidl_typesupport_fastrtps_c.dir/rosidl_typesupport_fastrtps_c/dls2_interfaces/msg/detail/trajectory_generator__type_support_c.cpp.o[0m
[4.647s] [ 66%] [32mBuilding C object CMakeFiles/dls2_interfaces__rosidl_typesupport_introspection_c.dir/rosidl_typesupport_introspection_c/dls2_interfaces/msg/detail/pose__type_support.c.o[0m
[4.680s] [ 67%] [1m[32mLinking CXX shared library libdls2_interfaces__rosidl_typesupport_cpp.so[0m
[4.685s] [ 67%] Built target dls2_interfaces__rosidl_typesupport_c
[4.692s] [ 69%] [32mBuilding C object CMakeFiles/dls2_interfaces__rosidl_typesupport_introspection_c.dir/rosidl_typesupport_introspection_c/dls2_interfaces/msg/detail/screw__type_support.c.o[0m
[4.707s] [ 70%] [32mBuilding C object CMakeFiles/dls2_interfaces__rosidl_typesupport_introspection_c.dir/rosidl_typesupport_introspection_c/dls2_interfaces/msg/detail/blind_state__type_support.c.o[0m
[4.735s] [ 70%] Built target dls2_interfaces__rosidl_typesupport_cpp
[4.742s] [ 71%] [32mBuilding C object CMakeFiles/dls2_interfaces__rosidl_typesupport_introspection_c.dir/rosidl_typesupport_introspection_c/dls2_interfaces/msg/detail/base_state__type_support.c.o[0m
[4.746s] [ 73%] [32mBuilding C object CMakeFiles/dls2_interfaces__rosidl_typesupport_introspection_c.dir/rosidl_typesupport_introspection_c/dls2_interfaces/msg/detail/imu__type_support.c.o[0m
[4.748s] [ 74%] [32mBuilding C object CMakeFiles/dls2_interfaces__rosidl_typesupport_introspection_c.dir/rosidl_typesupport_introspection_c/dls2_interfaces/msg/detail/trajectory_generator__type_support.c.o[0m
[4.899s] [ 76%] [1m[32mLinking C shared library libdls2_interfaces__rosidl_typesupport_introspection_c.so[0m
[4.931s] [ 76%] Built target dls2_interfaces__rosidl_typesupport_introspection_c
[4.989s] [ 77%] [1m[32mLinking CXX shared library libdls2_interfaces__rosidl_typesupport_introspection_cpp.so[0m
[5.065s] [ 77%] Built target dls2_interfaces__rosidl_typesupport_introspection_cpp
[5.170s] [ 78%] [1m[32mLinking CXX shared library libdls2_interfaces__rosidl_typesupport_fastrtps_c.so[0m
[5.183s] [ 80%] [1m[32mLinking CXX shared library libdls2_interfaces__rosidl_typesupport_fastrtps_cpp.so[0m
[5.241s] [ 80%] Built target dls2_interfaces__rosidl_typesupport_fastrtps_c
[5.256s] [ 80%] Built target dls2_interfaces__rosidl_typesupport_fastrtps_cpp
[5.271s] [ 80%] Built target dls2_interfaces
[5.291s] [ 81%] [1m[34mGenerating Python code for ROS interfaces[0m
[5.794s] [ 81%] Built target dls2_interfaces__py
[5.808s] [ 83%] [32mBuilding C object CMakeFiles/dls2_interfaces__rosidl_generator_py.dir/rosidl_generator_py/dls2_interfaces/msg/_blind_state_s.c.o[0m
[5.809s] [ 84%] [32mBuilding C object CMakeFiles/dls2_interfaces__rosidl_generator_py.dir/rosidl_generator_py/dls2_interfaces/msg/_trajectory_generator_s.c.o[0m
[5.809s] [ 85%] [32mBuilding C object CMakeFiles/dls2_interfaces__rosidl_generator_py.dir/rosidl_generator_py/dls2_interfaces/msg/_pose_s.c.o[0m
[5.810s] [ 87%] [32mBuilding C object CMakeFiles/dls2_interfaces__rosidl_generator_py.dir/rosidl_generator_py/dls2_interfaces/msg/_screw_s.c.o[0m
[5.810s] [ 88%] [32mBuilding C object CMakeFiles/dls2_interfaces__rosidl_generator_py.dir/rosidl_generator_py/dls2_interfaces/msg/_imu_s.c.o[0m
[5.811s] [ 90%] [32mBuilding C object CMakeFiles/dls2_interfaces__rosidl_generator_py.dir/rosidl_generator_py/dls2_interfaces/msg/_base_state_s.c.o[0m
[6.157s] [ 91%] [1m[32mLinking C shared library rosidl_generator_py/dls2_interfaces/libdls2_interfaces__rosidl_generator_py.so[0m
[6.214s] [ 91%] Built target dls2_interfaces__rosidl_generator_py
[6.240s] [ 94%] [32mBuilding C object CMakeFiles/dls2_interfaces__rosidl_typesupport_c__pyext.dir/rosidl_generator_py/dls2_interfaces/_dls2_interfaces_s.ep.rosidl_typesupport_c.c.o[0m
[6.240s] [ 94%] [32mBuilding C object CMakeFiles/dls2_interfaces__rosidl_typesupport_introspection_c__pyext.dir/rosidl_generator_py/dls2_interfaces/_dls2_interfaces_s.ep.rosidl_typesupport_introspection_c.c.o[0m
[6.241s] [ 95%] [32mBuilding C object CMakeFiles/dls2_interfaces__rosidl_typesupport_fastrtps_c__pyext.dir/rosidl_generator_py/dls2_interfaces/_dls2_interfaces_s.ep.rosidl_typesupport_fastrtps_c.c.o[0m
[6.365s] [ 97%] [1m[32mLinking C shared library rosidl_generator_py/dls2_interfaces/dls2_interfaces_s__rosidl_typesupport_c.cpython-311-x86_64-linux-gnu.so[0m
[6.366s] [ 98%] [1m[32mLinking C shared library rosidl_generator_py/dls2_interfaces/dls2_interfaces_s__rosidl_typesupport_introspection_c.cpython-311-x86_64-linux-gnu.so[0m
[6.366s] [100%] [1m[32mLinking C shared library rosidl_generator_py/dls2_interfaces/dls2_interfaces_s__rosidl_typesupport_fastrtps_c.cpython-311-x86_64-linux-gnu.so[0m
[6.394s] [100%] Built target dls2_interfaces__rosidl_typesupport_c__pyext
[6.394s] [100%] Built target dls2_interfaces__rosidl_typesupport_introspection_c__pyext
[6.396s] [100%] Built target dls2_interfaces__rosidl_typesupport_fastrtps_c__pyext
[6.405s] Invoked command in '/home/iit.local/gturrisi/isaaclab_ws_home/basic-locomotion-dls-isaaclab/deploy/dls2_ws/build/dls2_interfaces' returned '0': CONDA_PROMPT_MODIFIER=(basic_locomotion_dls_isaaclab_ros2_env) /home/iit.local/gturrisi/miniforge3/envs/basic_locomotion_dls_isaaclab_ros2_env/bin/cmake --build /home/iit.local/gturrisi/isaaclab_ws_home/basic-locomotion-dls-isaaclab/deploy/dls2_ws/build/dls2_interfaces -- -j20 -l20
[6.412s] Invoking command in '/home/iit.local/gturrisi/isaaclab_ws_home/basic-locomotion-dls-isaaclab/deploy/dls2_ws/build/dls2_interfaces': CONDA_PROMPT_MODIFIER=(basic_locomotion_dls_isaaclab_ros2_env) /home/iit.local/gturrisi/miniforge3/envs/basic_locomotion_dls_isaaclab_ros2_env/bin/cmake --install /home/iit.local/gturrisi/isaaclab_ws_home/basic-locomotion-dls-isaaclab/deploy/dls2_ws/build/dls2_interfaces
[6.421s] -- Install configuration: ""
[6.421s] -- Installing: /home/iit.local/gturrisi/isaaclab_ws_home/basic-locomotion-dls-isaaclab/deploy/dls2_ws/install/dls2_interfaces/share/ament_index/resource_index/rosidl_interfaces/dls2_interfaces
[6.422s] -- Installing: /home/iit.local/gturrisi/isaaclab_ws_home/basic-locomotion-dls-isaaclab/deploy/dls2_ws/install/dls2_interfaces/include/dls2_interfaces/dls2_interfaces
[6.422s] -- Installing: /home/iit.local/gturrisi/isaaclab_ws_home/basic-locomotion-dls-isaaclab/deploy/dls2_ws/install/dls2_interfaces/include/dls2_interfaces/dls2_interfaces/msg
[6.422s] -- Installing: /home/iit.local/gturrisi/isaaclab_ws_home/basic-locomotion-dls-isaaclab/deploy/dls2_ws/install/dls2_interfaces/include/dls2_interfaces/dls2_interfaces/msg/trajectory_generator.h
[6.422s] -- Installing: /home/iit.local/gturrisi/isaaclab_ws_home/basic-locomotion-dls-isaaclab/deploy/dls2_ws/install/dls2_interfaces/include/dls2_interfaces/dls2_interfaces/msg/rosidl_generator_c__visibility_control.h
[6.422s] -- Installing: /home/iit.local/gturrisi/isaaclab_ws_home/basic-locomotion-dls-isaaclab/deploy/dls2_ws/install/dls2_interfaces/include/dls2_interfaces/dls2_interfaces/msg/blind_state.h
[6.422s] -- Installing: /home/iit.local/gturrisi/isaaclab_ws_home/basic-locomotion-dls-isaaclab/deploy/dls2_ws/install/dls2_interfaces/include/dls2_interfaces/dls2_interfaces/msg/screw.h
[6.422s] -- Installing: /home/iit.local/gturrisi/isaaclab_ws_home/basic-locomotion-dls-isaaclab/deploy/dls2_ws/install/dls2_interfaces/include/dls2_interfaces/dls2_interfaces/msg/base_state.h
[6.422s] -- Installing: /home/iit.local/gturrisi/isaaclab_ws_home/basic-locomotion-dls-isaaclab/deploy/dls2_ws/install/dls2_interfaces/include/dls2_interfaces/dls2_interfaces/msg/detail
[6.422s] -- Installing: /home/iit.local/gturrisi/isaaclab_ws_home/basic-locomotion-dls-isaaclab/deploy/dls2_ws/install/dls2_interfaces/include/dls2_interfaces/dls2_interfaces/msg/detail/blind_state__functions.c
[6.422s] -- Installing: /home/iit.local/gturrisi/isaaclab_ws_home/basic-locomotion-dls-isaaclab/deploy/dls2_ws/install/dls2_interfaces/include/dls2_interfaces/dls2_interfaces/msg/detail/blind_state__type_support.h
[6.422s] -- Installing: /home/iit.local/gturrisi/isaaclab_ws_home/basic-locomotion-dls-isaaclab/deploy/dls2_ws/install/dls2_interfaces/include/dls2_interfaces/dls2_interfaces/msg/detail/base_state__functions.c
[6.422s] -- Installing: /home/iit.local/gturrisi/isaaclab_ws_home/basic-locomotion-dls-isaaclab/deploy/dls2_ws/install/dls2_interfaces/include/dls2_interfaces/dls2_interfaces/msg/detail/trajectory_generator__type_support.h
[6.422s] -- Installing: /home/iit.local/gturrisi/isaaclab_ws_home/basic-locomotion-dls-isaaclab/deploy/dls2_ws/install/dls2_interfaces/include/dls2_interfaces/dls2_interfaces/msg/detail/pose__struct.h
[6.422s] -- Installing: /home/iit.local/gturrisi/isaaclab_ws_home/basic-locomotion-dls-isaaclab/deploy/dls2_ws/install/dls2_interfaces/include/dls2_interfaces/dls2_interfaces/msg/detail/blind_state__struct.h
[6.422s] -- Installing: /home/iit.local/gturrisi/isaaclab_ws_home/basic-locomotion-dls-isaaclab/deploy/dls2_ws/install/dls2_interfaces/include/dls2_interfaces/dls2_interfaces/msg/detail/imu__type_support.h
[6.422s] -- Installing: /home/iit.local/gturrisi/isaaclab_ws_home/basic-locomotion-dls-isaaclab/deploy/dls2_ws/install/dls2_interfaces/include/dls2_interfaces/dls2_interfaces/msg/detail/imu__functions.c
[6.422s] -- Installing: /home/iit.local/gturrisi/isaaclab_ws_home/basic-locomotion-dls-isaaclab/deploy/dls2_ws/install/dls2_interfaces/include/dls2_interfaces/dls2_interfaces/msg/detail/pose__type_support.h
[6.423s] -- Installing: /home/iit.local/gturrisi/isaaclab_ws_home/basic-locomotion-dls-isaaclab/deploy/dls2_ws/install/dls2_interfaces/include/dls2_interfaces/dls2_interfaces/msg/detail/base_state__struct.h
[6.423s] -- Installing: /home/iit.local/gturrisi/isaaclab_ws_home/basic-locomotion-dls-isaaclab/deploy/dls2_ws/install/dls2_interfaces/include/dls2_interfaces/dls2_interfaces/msg/detail/screw__struct.h
[6.423s] -- Installing: /home/iit.local/gturrisi/isaaclab_ws_home/basic-locomotion-dls-isaaclab/deploy/dls2_ws/install/dls2_interfaces/include/dls2_interfaces/dls2_interfaces/msg/detail/trajectory_generator__functions.h
[6.423s] -- Installing: /home/iit.local/gturrisi/isaaclab_ws_home/basic-locomotion-dls-isaaclab/deploy/dls2_ws/install/dls2_interfaces/include/dls2_interfaces/dls2_interfaces/msg/detail/pose__functions.h
[6.423s] -- Installing: /home/iit.local/gturrisi/isaaclab_ws_home/basic-locomotion-dls-isaaclab/deploy/dls2_ws/install/dls2_interfaces/include/dls2_interfaces/dls2_interfaces/msg/detail/trajectory_generator__struct.h
[6.423s] -- Installing: /home/iit.local/gturrisi/isaaclab_ws_home/basic-locomotion-dls-isaaclab/deploy/dls2_ws/install/dls2_interfaces/include/dls2_interfaces/dls2_interfaces/msg/detail/blind_state__functions.h
[6.423s] -- Installing: /home/iit.local/gturrisi/isaaclab_ws_home/basic-locomotion-dls-isaaclab/deploy/dls2_ws/install/dls2_interfaces/include/dls2_interfaces/dls2_interfaces/msg/detail/imu__struct.h
[6.423s] -- Installing: /home/iit.local/gturrisi/isaaclab_ws_home/basic-locomotion-dls-isaaclab/deploy/dls2_ws/install/dls2_interfaces/include/dls2_interfaces/dls2_interfaces/msg/detail/pose__functions.c
[6.423s] -- Installing: /home/iit.local/gturrisi/isaaclab_ws_home/basic-locomotion-dls-isaaclab/deploy/dls2_ws/install/dls2_interfaces/include/dls2_interfaces/dls2_interfaces/msg/detail/imu__functions.h
[6.423s] -- Installing: /home/iit.local/gturrisi/isaaclab_ws_home/basic-locomotion-dls-isaaclab/deploy/dls2_ws/install/dls2_interfaces/include/dls2_interfaces/dls2_interfaces/msg/detail/screw__functions.c
[6.423s] -- Installing: /home/iit.local/gturrisi/isaaclab_ws_home/basic-locomotion-dls-isaaclab/deploy/dls2_ws/install/dls2_interfaces/include/dls2_interfaces/dls2_interfaces/msg/detail/base_state__functions.h
[6.423s] -- Installing: /home/iit.local/gturrisi/isaaclab_ws_home/basic-locomotion-dls-isaaclab/deploy/dls2_ws/install/dls2_interfaces/include/dls2_interfaces/dls2_interfaces/msg/detail/screw__type_support.h
[6.423s] -- Installing: /home/iit.local/gturrisi/isaaclab_ws_home/basic-locomotion-dls-isaaclab/deploy/dls2_ws/install/dls2_interfaces/include/dls2_interfaces/dls2_interfaces/msg/detail/screw__functions.h
[6.423s] -- Installing: /home/iit.local/gturrisi/isaaclab_ws_home/basic-locomotion-dls-isaaclab/deploy/dls2_ws/install/dls2_interfaces/include/dls2_interfaces/dls2_interfaces/msg/detail/base_state__type_support.h
[6.423s] -- Installing: /home/iit.local/gturrisi/isaaclab_ws_home/basic-locomotion-dls-isaaclab/deploy/dls2_ws/install/dls2_interfaces/include/dls2_interfaces/dls2_interfaces/msg/detail/trajectory_generator__functions.c
[6.423s] -- Installing: /home/iit.local/gturrisi/isaaclab_ws_home/basic-locomotion-dls-isaaclab/deploy/dls2_ws/install/dls2_interfaces/include/dls2_interfaces/dls2_interfaces/msg/imu.h
[6.423s] -- Installing: /home/iit.local/gturrisi/isaaclab_ws_home/basic-locomotion-dls-isaaclab/deploy/dls2_ws/install/dls2_interfaces/include/dls2_interfaces/dls2_interfaces/msg/pose.h
[6.424s] -- Installing: /home/iit.local/gturrisi/isaaclab_ws_home/basic-locomotion-dls-isaaclab/deploy/dls2_ws/install/dls2_interfaces/lib/libdls2_interfaces__rosidl_generator_c.so
[6.424s] -- Up-to-date: /home/iit.local/gturrisi/isaaclab_ws_home/basic-locomotion-dls-isaaclab/deploy/dls2_ws/install/dls2_interfaces/include/dls2_interfaces/dls2_interfaces
[6.424s] -- Up-to-date: /home/iit.local/gturrisi/isaaclab_ws_home/basic-locomotion-dls-isaaclab/deploy/dls2_ws/install/dls2_interfaces/include/dls2_interfaces/dls2_interfaces/msg
[6.424s] -- Installing: /home/iit.local/gturrisi/isaaclab_ws_home/basic-locomotion-dls-isaaclab/deploy/dls2_ws/install/dls2_interfaces/include/dls2_interfaces/dls2_interfaces/msg/rosidl_typesupport_fastrtps_c__visibility_control.h
[6.424s] -- Up-to-date: /home/iit.local/gturrisi/isaaclab_ws_home/basic-locomotion-dls-isaaclab/deploy/dls2_ws/install/dls2_interfaces/include/dls2_interfaces/dls2_interfaces/msg/detail
[6.424s] -- Installing: /home/iit.local/gturrisi/isaaclab_ws_home/basic-locomotion-dls-isaaclab/deploy/dls2_ws/install/dls2_interfaces/include/dls2_interfaces/dls2_interfaces/msg/detail/trajectory_generator__rosidl_typesupport_fastrtps_c.h
[6.424s] -- Installing: /home/iit.local/gturrisi/isaaclab_ws_home/basic-locomotion-dls-isaaclab/deploy/dls2_ws/install/dls2_interfaces/include/dls2_interfaces/dls2_interfaces/msg/detail/screw__rosidl_typesupport_fastrtps_c.h
[6.424s] -- Installing: /home/iit.local/gturrisi/isaaclab_ws_home/basic-locomotion-dls-isaaclab/deploy/dls2_ws/install/dls2_interfaces/include/dls2_interfaces/dls2_interfaces/msg/detail/pose__rosidl_typesupport_fastrtps_c.h
[6.424s] -- Installing: /home/iit.local/gturrisi/isaaclab_ws_home/basic-locomotion-dls-isaaclab/deploy/dls2_ws/install/dls2_interfaces/include/dls2_interfaces/dls2_interfaces/msg/detail/blind_state__rosidl_typesupport_fastrtps_c.h
[6.424s] -- Installing: /home/iit.local/gturrisi/isaaclab_ws_home/basic-locomotion-dls-isaaclab/deploy/dls2_ws/install/dls2_interfaces/include/dls2_interfaces/dls2_interfaces/msg/detail/imu__rosidl_typesupport_fastrtps_c.h
[6.425s] -- Installing: /home/iit.local/gturrisi/isaaclab_ws_home/basic-locomotion-dls-isaaclab/deploy/dls2_ws/install/dls2_interfaces/include/dls2_interfaces/dls2_interfaces/msg/detail/base_state__rosidl_typesupport_fastrtps_c.h
[6.425s] -- Installing: /home/iit.local/gturrisi/isaaclab_ws_home/basic-locomotion-dls-isaaclab/deploy/dls2_ws/install/dls2_interfaces/lib/libdls2_interfaces__rosidl_typesupport_fastrtps_c.so
[6.425s] -- Set non-toolchain portion of runtime path of "/home/iit.local/gturrisi/isaaclab_ws_home/basic-locomotion-dls-isaaclab/deploy/dls2_ws/install/dls2_interfaces/lib/libdls2_interfaces__rosidl_typesupport_fastrtps_c.so" to ""
[6.425s] -- Up-to-date: /home/iit.local/gturrisi/isaaclab_ws_home/basic-locomotion-dls-isaaclab/deploy/dls2_ws/install/dls2_interfaces/include/dls2_interfaces/dls2_interfaces
[6.425s] -- Up-to-date: /home/iit.local/gturrisi/isaaclab_ws_home/basic-locomotion-dls-isaaclab/deploy/dls2_ws/install/dls2_interfaces/include/dls2_interfaces/dls2_interfaces/msg
[6.425s] -- Up-to-date: /home/iit.local/gturrisi/isaaclab_ws_home/basic-locomotion-dls-isaaclab/deploy/dls2_ws/install/dls2_interfaces/include/dls2_interfaces/dls2_interfaces/msg/detail
[6.425s] -- Installing: /home/iit.local/gturrisi/isaaclab_ws_home/basic-locomotion-dls-isaaclab/deploy/dls2_ws/install/dls2_interfaces/include/dls2_interfaces/dls2_interfaces/msg/detail/screw__rosidl_typesupport_introspection_c.h
[6.425s] -- Installing: /home/iit.local/gturrisi/isaaclab_ws_home/basic-locomotion-dls-isaaclab/deploy/dls2_ws/install/dls2_interfaces/include/dls2_interfaces/dls2_interfaces/msg/detail/trajectory_generator__rosidl_typesupport_introspection_c.h
[6.425s] -- Installing: /home/iit.local/gturrisi/isaaclab_ws_home/basic-locomotion-dls-isaaclab/deploy/dls2_ws/install/dls2_interfaces/include/dls2_interfaces/dls2_interfaces/msg/detail/trajectory_generator__type_support.c
[6.425s] -- Installing: /home/iit.local/gturrisi/isaaclab_ws_home/basic-locomotion-dls-isaaclab/deploy/dls2_ws/install/dls2_interfaces/include/dls2_interfaces/dls2_interfaces/msg/detail/imu__type_support.c
[6.426s] -- Installing: /home/iit.local/gturrisi/isaaclab_ws_home/basic-locomotion-dls-isaaclab/deploy/dls2_ws/install/dls2_interfaces/include/dls2_interfaces/dls2_interfaces/msg/detail/imu__rosidl_typesupport_introspection_c.h
[6.426s] -- Installing: /home/iit.local/gturrisi/isaaclab_ws_home/basic-locomotion-dls-isaaclab/deploy/dls2_ws/install/dls2_interfaces/include/dls2_interfaces/dls2_interfaces/msg/detail/screw__type_support.c
[6.426s] -- Installing: /home/iit.local/gturrisi/isaaclab_ws_home/basic-locomotion-dls-isaaclab/deploy/dls2_ws/install/dls2_interfaces/include/dls2_interfaces/dls2_interfaces/msg/detail/base_state__type_support.c
[6.426s] -- Installing: /home/iit.local/gturrisi/isaaclab_ws_home/basic-locomotion-dls-isaaclab/deploy/dls2_ws/install/dls2_interfaces/include/dls2_interfaces/dls2_interfaces/msg/detail/base_state__rosidl_typesupport_introspection_c.h
[6.426s] -- Installing: /home/iit.local/gturrisi/isaaclab_ws_home/basic-locomotion-dls-isaaclab/deploy/dls2_ws/install/dls2_interfaces/include/dls2_interfaces/dls2_interfaces/msg/detail/pose__rosidl_typesupport_introspection_c.h
[6.426s] -- Installing: /home/iit.local/gturrisi/isaaclab_ws_home/basic-locomotion-dls-isaaclab/deploy/dls2_ws/install/dls2_interfaces/include/dls2_interfaces/dls2_interfaces/msg/detail/blind_state__rosidl_typesupport_introspection_c.h
[6.426s] -- Installing: /home/iit.local/gturrisi/isaaclab_ws_home/basic-locomotion-dls-isaaclab/deploy/dls2_ws/install/dls2_interfaces/include/dls2_interfaces/dls2_interfaces/msg/detail/pose__type_support.c
[6.426s] -- Installing: /home/iit.local/gturrisi/isaaclab_ws_home/basic-locomotion-dls-isaaclab/deploy/dls2_ws/install/dls2_interfaces/include/dls2_interfaces/dls2_interfaces/msg/detail/blind_state__type_support.c
[6.426s] -- Installing: /home/iit.local/gturrisi/isaaclab_ws_home/basic-locomotion-dls-isaaclab/deploy/dls2_ws/install/dls2_interfaces/include/dls2_interfaces/dls2_interfaces/msg/rosidl_typesupport_introspection_c__visibility_control.h
[6.426s] -- Installing: /home/iit.local/gturrisi/isaaclab_ws_home/basic-locomotion-dls-isaaclab/deploy/dls2_ws/install/dls2_interfaces/lib/libdls2_interfaces__rosidl_typesupport_introspection_c.so
[6.427s] -- Set non-toolchain portion of runtime path of "/home/iit.local/gturrisi/isaaclab_ws_home/basic-locomotion-dls-isaaclab/deploy/dls2_ws/install/dls2_interfaces/lib/libdls2_interfaces__rosidl_typesupport_introspection_c.so" to ""
[6.427s] -- Installing: /home/iit.local/gturrisi/isaaclab_ws_home/basic-locomotion-dls-isaaclab/deploy/dls2_ws/install/dls2_interfaces/lib/libdls2_interfaces__rosidl_typesupport_c.so
[6.427s] -- Set non-toolchain portion of runtime path of "/home/iit.local/gturrisi/isaaclab_ws_home/basic-locomotion-dls-isaaclab/deploy/dls2_ws/install/dls2_interfaces/lib/libdls2_interfaces__rosidl_typesupport_c.so" to ""
[6.427s] -- Up-to-date: /home/iit.local/gturrisi/isaaclab_ws_home/basic-locomotion-dls-isaaclab/deploy/dls2_ws/install/dls2_interfaces/include/dls2_interfaces/dls2_interfaces
[6.427s] -- Up-to-date: /home/iit.local/gturrisi/isaaclab_ws_home/basic-locomotion-dls-isaaclab/deploy/dls2_ws/install/dls2_interfaces/include/dls2_interfaces/dls2_interfaces/msg
[6.427s] -- Installing: /home/iit.local/gturrisi/isaaclab_ws_home/basic-locomotion-dls-isaaclab/deploy/dls2_ws/install/dls2_interfaces/include/dls2_interfaces/dls2_interfaces/msg/blind_state.hpp
[6.427s] -- Up-to-date: /home/iit.local/gturrisi/isaaclab_ws_home/basic-locomotion-dls-isaaclab/deploy/dls2_ws/install/dls2_interfaces/include/dls2_interfaces/dls2_interfaces/msg/detail
[6.427s] -- Installing: /home/iit.local/gturrisi/isaaclab_ws_home/basic-locomotion-dls-isaaclab/deploy/dls2_ws/install/dls2_interfaces/include/dls2_interfaces/dls2_interfaces/msg/detail/blind_state__builder.hpp
[6.427s] -- Installing: /home/iit.local/gturrisi/isaaclab_ws_home/basic-locomotion-dls-isaaclab/deploy/dls2_ws/install/dls2_interfaces/include/dls2_interfaces/dls2_interfaces/msg/detail/base_state__struct.hpp
[6.427s] -- Installing: /home/iit.local/gturrisi/isaaclab_ws_home/basic-locomotion-dls-isaaclab/deploy/dls2_ws/install/dls2_interfaces/include/dls2_interfaces/dls2_interfaces/msg/detail/screw__traits.hpp
[6.427s] -- Installing: /home/iit.local/gturrisi/isaaclab_ws_home/basic-locomotion-dls-isaaclab/deploy/dls2_ws/install/dls2_interfaces/include/dls2_interfaces/dls2_interfaces/msg/detail/imu__struct.hpp
[6.427s] -- Installing: /home/iit.local/gturrisi/isaaclab_ws_home/basic-locomotion-dls-isaaclab/deploy/dls2_ws/install/dls2_interfaces/include/dls2_interfaces/dls2_interfaces/msg/detail/pose__builder.hpp
[6.428s] -- Installing: /home/iit.local/gturrisi/isaaclab_ws_home/basic-locomotion-dls-isaaclab/deploy/dls2_ws/install/dls2_interfaces/include/dls2_interfaces/dls2_interfaces/msg/detail/screw__builder.hpp
[6.428s] -- Installing: /home/iit.local/gturrisi/isaaclab_ws_home/basic-locomotion-dls-isaaclab/deploy/dls2_ws/install/dls2_interfaces/include/dls2_interfaces/dls2_interfaces/msg/detail/trajectory_generator__traits.hpp
[6.428s] -- Installing: /home/iit.local/gturrisi/isaaclab_ws_home/basic-locomotion-dls-isaaclab/deploy/dls2_ws/install/dls2_interfaces/include/dls2_interfaces/dls2_interfaces/msg/detail/blind_state__traits.hpp
[6.428s] -- Installing: /home/iit.local/gturrisi/isaaclab_ws_home/basic-locomotion-dls-isaaclab/deploy/dls2_ws/install/dls2_interfaces/include/dls2_interfaces/dls2_interfaces/msg/detail/screw__struct.hpp
[6.428s] -- Installing: /home/iit.local/gturrisi/isaaclab_ws_home/basic-locomotion-dls-isaaclab/deploy/dls2_ws/install/dls2_interfaces/include/dls2_interfaces/dls2_interfaces/msg/detail/base_state__builder.hpp
[6.428s] -- Installing: /home/iit.local/gturrisi/isaaclab_ws_home/basic-locomotion-dls-isaaclab/deploy/dls2_ws/install/dls2_interfaces/include/dls2_interfaces/dls2_interfaces/msg/detail/imu__builder.hpp
[6.428s] -- Installing: /home/iit.local/gturrisi/isaaclab_ws_home/basic-locomotion-dls-isaaclab/deploy/dls2_ws/install/dls2_interfaces/include/dls2_interfaces/dls2_interfaces/msg/detail/pose__struct.hpp
[6.428s] -- Installing: /home/iit.local/gturrisi/isaaclab_ws_home/basic-locomotion-dls-isaaclab/deploy/dls2_ws/install/dls2_interfaces/include/dls2_interfaces/dls2_interfaces/msg/detail/pose__type_support.hpp
[6.428s] -- Installing: /home/iit.local/gturrisi/isaaclab_ws_home/basic-locomotion-dls-isaaclab/deploy/dls2_ws/install/dls2_interfaces/include/dls2_interfaces/dls2_interfaces/msg/detail/screw__type_support.hpp
[6.428s] -- Installing: /home/iit.local/gturrisi/isaaclab_ws_home/basic-locomotion-dls-isaaclab/deploy/dls2_ws/install/dls2_interfaces/include/dls2_interfaces/dls2_interfaces/msg/detail/base_state__type_support.hpp
[6.428s] -- Installing: /home/iit.local/gturrisi/isaaclab_ws_home/basic-locomotion-dls-isaaclab/deploy/dls2_ws/install/dls2_interfaces/include/dls2_interfaces/dls2_interfaces/msg/detail/trajectory_generator__struct.hpp
[6.428s] -- Installing: /home/iit.local/gturrisi/isaaclab_ws_home/basic-locomotion-dls-isaaclab/deploy/dls2_ws/install/dls2_interfaces/include/dls2_interfaces/dls2_interfaces/msg/detail/base_state__traits.hpp
[6.428s] -- Installing: /home/iit.local/gturrisi/isaaclab_ws_home/basic-locomotion-dls-isaaclab/deploy/dls2_ws/install/dls2_interfaces/include/dls2_interfaces/dls2_interfaces/msg/detail/blind_state__struct.hpp
[6.428s] -- Installing: /home/iit.local/gturrisi/isaaclab_ws_home/basic-locomotion-dls-isaaclab/deploy/dls2_ws/install/dls2_interfaces/include/dls2_interfaces/dls2_interfaces/msg/detail/trajectory_generator__builder.hpp
[6.428s] -- Installing: /home/iit.local/gturrisi/isaaclab_ws_home/basic-locomotion-dls-isaaclab/deploy/dls2_ws/install/dls2_interfaces/include/dls2_interfaces/dls2_interfaces/msg/detail/pose__traits.hpp
[6.429s] -- Installing: /home/iit.local/gturrisi/isaaclab_ws_home/basic-locomotion-dls-isaaclab/deploy/dls2_ws/install/dls2_interfaces/include/dls2_interfaces/dls2_interfaces/msg/detail/blind_state__type_support.hpp
[6.429s] -- Installing: /home/iit.local/gturrisi/isaaclab_ws_home/basic-locomotion-dls-isaaclab/deploy/dls2_ws/install/dls2_interfaces/include/dls2_interfaces/dls2_interfaces/msg/detail/imu__type_support.hpp
[6.429s] -- Installing: /home/iit.local/gturrisi/isaaclab_ws_home/basic-locomotion-dls-isaaclab/deploy/dls2_ws/install/dls2_interfaces/include/dls2_interfaces/dls2_interfaces/msg/detail/imu__traits.hpp
[6.429s] -- Installing: /home/iit.local/gturrisi/isaaclab_ws_home/basic-locomotion-dls-isaaclab/deploy/dls2_ws/install/dls2_interfaces/include/dls2_interfaces/dls2_interfaces/msg/detail/trajectory_generator__type_support.hpp
[6.429s] -- Installing: /home/iit.local/gturrisi/isaaclab_ws_home/basic-locomotion-dls-isaaclab/deploy/dls2_ws/install/dls2_interfaces/include/dls2_interfaces/dls2_interfaces/msg/imu.hpp
[6.429s] -- Installing: /home/iit.local/gturrisi/isaaclab_ws_home/basic-locomotion-dls-isaaclab/deploy/dls2_ws/install/dls2_interfaces/include/dls2_interfaces/dls2_interfaces/msg/base_state.hpp
[6.429s] -- Installing: /home/iit.local/gturrisi/isaaclab_ws_home/basic-locomotion-dls-isaaclab/deploy/dls2_ws/install/dls2_interfaces/include/dls2_interfaces/dls2_interfaces/msg/pose.hpp
[6.429s] -- Installing: /home/iit.local/gturrisi/isaaclab_ws_home/basic-locomotion-dls-isaaclab/deploy/dls2_ws/install/dls2_interfaces/include/dls2_interfaces/dls2_interfaces/msg/trajectory_generator.hpp
[6.429s] -- Installing: /home/iit.local/gturrisi/isaaclab_ws_home/basic-locomotion-dls-isaaclab/deploy/dls2_ws/install/dls2_interfaces/include/dls2_interfaces/dls2_interfaces/msg/screw.hpp
[6.429s] -- Installing: /home/iit.local/gturrisi/isaaclab_ws_home/basic-locomotion-dls-isaaclab/deploy/dls2_ws/install/dls2_interfaces/include/dls2_interfaces/dls2_interfaces/msg/rosidl_generator_cpp__visibility_control.hpp
[6.429s] -- Up-to-date: /home/iit.local/gturrisi/isaaclab_ws_home/basic-locomotion-dls-isaaclab/deploy/dls2_ws/install/dls2_interfaces/include/dls2_interfaces/dls2_interfaces
[6.429s] -- Up-to-date: /home/iit.local/gturrisi/isaaclab_ws_home/basic-locomotion-dls-isaaclab/deploy/dls2_ws/install/dls2_interfaces/include/dls2_interfaces/dls2_interfaces/msg
[6.429s] -- Installing: /home/iit.local/gturrisi/isaaclab_ws_home/basic-locomotion-dls-isaaclab/deploy/dls2_ws/install/dls2_interfaces/include/dls2_interfaces/dls2_interfaces/msg/rosidl_typesupport_fastrtps_cpp__visibility_control.h
[6.429s] -- Up-to-date: /home/iit.local/gturrisi/isaaclab_ws_home/basic-locomotion-dls-isaaclab/deploy/dls2_ws/install/dls2_interfaces/include/dls2_interfaces/dls2_interfaces/msg/detail
[6.429s] -- Installing: /home/iit.local/gturrisi/isaaclab_ws_home/basic-locomotion-dls-isaaclab/deploy/dls2_ws/install/dls2_interfaces/include/dls2_interfaces/dls2_interfaces/msg/detail/trajectory_generator__rosidl_typesupport_fastrtps_cpp.hpp
[6.429s] -- Installing: /home/iit.local/gturrisi/isaaclab_ws_home/basic-locomotion-dls-isaaclab/deploy/dls2_ws/install/dls2_interfaces/include/dls2_interfaces/dls2_interfaces/msg/detail/screw__rosidl_typesupport_fastrtps_cpp.hpp
[6.429s] -- Installing: /home/iit.local/gturrisi/isaaclab_ws_home/basic-locomotion-dls-isaaclab/deploy/dls2_ws/install/dls2_interfaces/include/dls2_interfaces/dls2_interfaces/msg/detail/pose__rosidl_typesupport_fastrtps_cpp.hpp
[6.429s] -- Installing: /home/iit.local/gturrisi/isaaclab_ws_home/basic-locomotion-dls-isaaclab/deploy/dls2_ws/install/dls2_interfaces/include/dls2_interfaces/dls2_interfaces/msg/detail/imu__rosidl_typesupport_fastrtps_cpp.hpp
[6.429s] -- Installing: /home/iit.local/gturrisi/isaaclab_ws_home/basic-locomotion-dls-isaaclab/deploy/dls2_ws/install/dls2_interfaces/include/dls2_interfaces/dls2_interfaces/msg/detail/blind_state__rosidl_typesupport_fastrtps_cpp.hpp
[6.429s] -- Installing: /home/iit.local/gturrisi/isaaclab_ws_home/basic-locomotion-dls-isaaclab/deploy/dls2_ws/install/dls2_interfaces/include/dls2_interfaces/dls2_interfaces/msg/detail/dds_fastrtps
[6.429s] -- Installing: /home/iit.local/gturrisi/isaaclab_ws_home/basic-locomotion-dls-isaaclab/deploy/dls2_ws/install/dls2_interfaces/include/dls2_interfaces/dls2_interfaces/msg/detail/base_state__rosidl_typesupport_fastrtps_cpp.hpp
[6.429s] -- Installing: /home/iit.local/gturrisi/isaaclab_ws_home/basic-locomotion-dls-isaaclab/deploy/dls2_ws/install/dls2_interfaces/lib/libdls2_interfaces__rosidl_typesupport_fastrtps_cpp.so
[6.430s] -- Up-to-date: /home/iit.local/gturrisi/isaaclab_ws_home/basic-locomotion-dls-isaaclab/deploy/dls2_ws/install/dls2_interfaces/include/dls2_interfaces/dls2_interfaces
[6.430s] -- Up-to-date: /home/iit.local/gturrisi/isaaclab_ws_home/basic-locomotion-dls-isaaclab/deploy/dls2_ws/install/dls2_interfaces/include/dls2_interfaces/dls2_interfaces/msg
[6.430s] -- Up-to-date: /home/iit.local/gturrisi/isaaclab_ws_home/basic-locomotion-dls-isaaclab/deploy/dls2_ws/install/dls2_interfaces/include/dls2_interfaces/dls2_interfaces/msg/detail
[6.430s] -- Installing: /home/iit.local/gturrisi/isaaclab_ws_home/basic-locomotion-dls-isaaclab/deploy/dls2_ws/install/dls2_interfaces/include/dls2_interfaces/dls2_interfaces/msg/detail/pose__rosidl_typesupport_introspection_cpp.hpp
[6.430s] -- Installing: /home/iit.local/gturrisi/isaaclab_ws_home/basic-locomotion-dls-isaaclab/deploy/dls2_ws/install/dls2_interfaces/include/dls2_interfaces/dls2_interfaces/msg/detail/imu__type_support.cpp
[6.430s] -- Installing: /home/iit.local/gturrisi/isaaclab_ws_home/basic-locomotion-dls-isaaclab/deploy/dls2_ws/install/dls2_interfaces/include/dls2_interfaces/dls2_interfaces/msg/detail/base_state__rosidl_typesupport_introspection_cpp.hpp
[6.430s] -- Installing: /home/iit.local/gturrisi/isaaclab_ws_home/basic-locomotion-dls-isaaclab/deploy/dls2_ws/install/dls2_interfaces/include/dls2_interfaces/dls2_interfaces/msg/detail/imu__rosidl_typesupport_introspection_cpp.hpp
[6.430s] -- Installing: /home/iit.local/gturrisi/isaaclab_ws_home/basic-locomotion-dls-isaaclab/deploy/dls2_ws/install/dls2_interfaces/include/dls2_interfaces/dls2_interfaces/msg/detail/base_state__type_support.cpp
[6.430s] -- Installing: /home/iit.local/gturrisi/isaaclab_ws_home/basic-locomotion-dls-isaaclab/deploy/dls2_ws/install/dls2_interfaces/include/dls2_interfaces/dls2_interfaces/msg/detail/trajectory_generator__type_support.cpp
[6.430s] -- Installing: /home/iit.local/gturrisi/isaaclab_ws_home/basic-locomotion-dls-isaaclab/deploy/dls2_ws/install/dls2_interfaces/include/dls2_interfaces/dls2_interfaces/msg/detail/trajectory_generator__rosidl_typesupport_introspection_cpp.hpp
[6.430s] -- Installing: /home/iit.local/gturrisi/isaaclab_ws_home/basic-locomotion-dls-isaaclab/deploy/dls2_ws/install/dls2_interfaces/include/dls2_interfaces/dls2_interfaces/msg/detail/pose__type_support.cpp
[6.430s] -- Installing: /home/iit.local/gturrisi/isaaclab_ws_home/basic-locomotion-dls-isaaclab/deploy/dls2_ws/install/dls2_interfaces/include/dls2_interfaces/dls2_interfaces/msg/detail/blind_state__rosidl_typesupport_introspection_cpp.hpp
[6.430s] -- Installing: /home/iit.local/gturrisi/isaaclab_ws_home/basic-locomotion-dls-isaaclab/deploy/dls2_ws/install/dls2_interfaces/include/dls2_interfaces/dls2_interfaces/msg/detail/blind_state__type_support.cpp
[6.430s] -- Installing: /home/iit.local/gturrisi/isaaclab_ws_home/basic-locomotion-dls-isaaclab/deploy/dls2_ws/install/dls2_interfaces/include/dls2_interfaces/dls2_interfaces/msg/detail/screw__rosidl_typesupport_introspection_cpp.hpp
[6.430s] -- Installing: /home/iit.local/gturrisi/isaaclab_ws_home/basic-locomotion-dls-isaaclab/deploy/dls2_ws/install/dls2_interfaces/include/dls2_interfaces/dls2_interfaces/msg/detail/screw__type_support.cpp
[6.431s] -- Installing: /home/iit.local/gturrisi/isaaclab_ws_home/basic-locomotion-dls-isaaclab/deploy/dls2_ws/install/dls2_interfaces/lib/libdls2_interfaces__rosidl_typesupport_introspection_cpp.so
[6.431s] -- Installing: /home/iit.local/gturrisi/isaaclab_ws_home/basic-locomotion-dls-isaaclab/deploy/dls2_ws/install/dls2_interfaces/lib/libdls2_interfaces__rosidl_typesupport_cpp.so
[6.431s] -- Installing: /home/iit.local/gturrisi/isaaclab_ws_home/basic-locomotion-dls-isaaclab/deploy/dls2_ws/install/dls2_interfaces/share/dls2_interfaces/environment/pythonpath.sh
[6.431s] -- Installing: /home/iit.local/gturrisi/isaaclab_ws_home/basic-locomotion-dls-isaaclab/deploy/dls2_ws/install/dls2_interfaces/share/dls2_interfaces/environment/pythonpath.dsv
[6.431s] -- Installing: /home/iit.local/gturrisi/isaaclab_ws_home/basic-locomotion-dls-isaaclab/deploy/dls2_ws/install/dls2_interfaces/lib/python3.11/site-packages/dls2_interfaces-0.0.0-py3.11.egg-info
[6.431s] -- Installing: /home/iit.local/gturrisi/isaaclab_ws_home/basic-locomotion-dls-isaaclab/deploy/dls2_ws/install/dls2_interfaces/lib/python3.11/site-packages/dls2_interfaces-0.0.0-py3.11.egg-info/SOURCES.txt
[6.431s] -- Installing: /home/iit.local/gturrisi/isaaclab_ws_home/basic-locomotion-dls-isaaclab/deploy/dls2_ws/install/dls2_interfaces/lib/python3.11/site-packages/dls2_interfaces-0.0.0-py3.11.egg-info/top_level.txt
[6.431s] -- Installing: /home/iit.local/gturrisi/isaaclab_ws_home/basic-locomotion-dls-isaaclab/deploy/dls2_ws/install/dls2_interfaces/lib/python3.11/site-packages/dls2_interfaces-0.0.0-py3.11.egg-info/dependency_links.txt
[6.431s] -- Installing: /home/iit.local/gturrisi/isaaclab_ws_home/basic-locomotion-dls-isaaclab/deploy/dls2_ws/install/dls2_interfaces/lib/python3.11/site-packages/dls2_interfaces-0.0.0-py3.11.egg-info/PKG-INFO
[6.431s] -- Installing: /home/iit.local/gturrisi/isaaclab_ws_home/basic-locomotion-dls-isaaclab/deploy/dls2_ws/install/dls2_interfaces/lib/python3.11/site-packages/dls2_interfaces
[6.431s] -- Installing: /home/iit.local/gturrisi/isaaclab_ws_home/basic-locomotion-dls-isaaclab/deploy/dls2_ws/install/dls2_interfaces/lib/python3.11/site-packages/dls2_interfaces/libdls2_interfaces__rosidl_generator_py.so
[6.432s] -- Installing: /home/iit.local/gturrisi/isaaclab_ws_home/basic-locomotion-dls-isaaclab/deploy/dls2_ws/install/dls2_interfaces/lib/python3.11/site-packages/dls2_interfaces/dls2_interfaces_s__rosidl_typesupport_fastrtps_c.cpython-311-x86_64-linux-gnu.so
[6.432s] -- Installing: /home/iit.local/gturrisi/isaaclab_ws_home/basic-locomotion-dls-isaaclab/deploy/dls2_ws/install/dls2_interfaces/lib/python3.11/site-packages/dls2_interfaces/_dls2_interfaces_s.ep.rosidl_typesupport_introspection_c.c
[6.432s] -- Installing: /home/iit.local/gturrisi/isaaclab_ws_home/basic-locomotion-dls-isaaclab/deploy/dls2_ws/install/dls2_interfaces/lib/python3.11/site-packages/dls2_interfaces/dls2_interfaces_s__rosidl_typesupport_c.cpython-311-x86_64-linux-gnu.so
[6.432s] -- Installing: /home/iit.local/gturrisi/isaaclab_ws_home/basic-locomotion-dls-isaaclab/deploy/dls2_ws/install/dls2_interfaces/lib/python3.11/site-packages/dls2_interfaces/_dls2_interfaces_s.ep.rosidl_typesupport_fastrtps_c.c
[6.432s] -- Installing: /home/iit.local/gturrisi/isaaclab_ws_home/basic-locomotion-dls-isaaclab/deploy/dls2_ws/install/dls2_interfaces/lib/python3.11/site-packages/dls2_interfaces/msg
[6.432s] -- Installing: /home/iit.local/gturrisi/isaaclab_ws_home/basic-locomotion-dls-isaaclab/deploy/dls2_ws/install/dls2_interfaces/lib/python3.11/site-packages/dls2_interfaces/msg/_screw_s.c
[6.432s] -- Installing: /home/iit.local/gturrisi/isaaclab_ws_home/basic-locomotion-dls-isaaclab/deploy/dls2_ws/install/dls2_interfaces/lib/python3.11/site-packages/dls2_interfaces/msg/_blind_state_s.c
[6.432s] -- Installing: /home/iit.local/gturrisi/isaaclab_ws_home/basic-locomotion-dls-isaaclab/deploy/dls2_ws/install/dls2_interfaces/lib/python3.11/site-packages/dls2_interfaces/msg/_pose.py
[6.432s] -- Installing: /home/iit.local/gturrisi/isaaclab_ws_home/basic-locomotion-dls-isaaclab/deploy/dls2_ws/install/dls2_interfaces/lib/python3.11/site-packages/dls2_interfaces/msg/_base_state.py
[6.432s] -- Installing: /home/iit.local/gturrisi/isaaclab_ws_home/basic-locomotion-dls-isaaclab/deploy/dls2_ws/install/dls2_interfaces/lib/python3.11/site-packages/dls2_interfaces/msg/_screw.py
[6.433s] -- Installing: /home/iit.local/gturrisi/isaaclab_ws_home/basic-locomotion-dls-isaaclab/deploy/dls2_ws/install/dls2_interfaces/lib/python3.11/site-packages/dls2_interfaces/msg/_blind_state.py
[6.433s] -- Installing: /home/iit.local/gturrisi/isaaclab_ws_home/basic-locomotion-dls-isaaclab/deploy/dls2_ws/install/dls2_interfaces/lib/python3.11/site-packages/dls2_interfaces/msg/_imu_s.c
[6.433s] -- Installing: /home/iit.local/gturrisi/isaaclab_ws_home/basic-locomotion-dls-isaaclab/deploy/dls2_ws/install/dls2_interfaces/lib/python3.11/site-packages/dls2_interfaces/msg/_base_state_s.c
[6.433s] -- Installing: /home/iit.local/gturrisi/isaaclab_ws_home/basic-locomotion-dls-isaaclab/deploy/dls2_ws/install/dls2_interfaces/lib/python3.11/site-packages/dls2_interfaces/msg/_trajectory_generator.py
[6.433s] -- Installing: /home/iit.local/gturrisi/isaaclab_ws_home/basic-locomotion-dls-isaaclab/deploy/dls2_ws/install/dls2_interfaces/lib/python3.11/site-packages/dls2_interfaces/msg/__init__.py
[6.433s] -- Installing: /home/iit.local/gturrisi/isaaclab_ws_home/basic-locomotion-dls-isaaclab/deploy/dls2_ws/install/dls2_interfaces/lib/python3.11/site-packages/dls2_interfaces/msg/_imu.py
[6.433s] -- Installing: /home/iit.local/gturrisi/isaaclab_ws_home/basic-locomotion-dls-isaaclab/deploy/dls2_ws/install/dls2_interfaces/lib/python3.11/site-packages/dls2_interfaces/msg/_trajectory_generator_s.c
[6.433s] -- Installing: /home/iit.local/gturrisi/isaaclab_ws_home/basic-locomotion-dls-isaaclab/deploy/dls2_ws/install/dls2_interfaces/lib/python3.11/site-packages/dls2_interfaces/msg/_pose_s.c
[6.433s] -- Installing: /home/iit.local/gturrisi/isaaclab_ws_home/basic-locomotion-dls-isaaclab/deploy/dls2_ws/install/dls2_interfaces/lib/python3.11/site-packages/dls2_interfaces/__init__.py
[6.433s] -- Installing: /home/iit.local/gturrisi/isaaclab_ws_home/basic-locomotion-dls-isaaclab/deploy/dls2_ws/install/dls2_interfaces/lib/python3.11/site-packages/dls2_interfaces/_dls2_interfaces_s.ep.rosidl_typesupport_c.c
[6.433s] -- Installing: /home/iit.local/gturrisi/isaaclab_ws_home/basic-locomotion-dls-isaaclab/deploy/dls2_ws/install/dls2_interfaces/lib/python3.11/site-packages/dls2_interfaces/dls2_interfaces_s__rosidl_typesupport_introspection_c.cpython-311-x86_64-linux-gnu.so
[6.457s] Listing 'lib/python3.11/site-packages/dls2_interfaces'...
[6.457s] Can't list 'lib/python3.11/site-packages/dls2_interfaces'
[6.461s] -- Installing: /home/iit.local/gturrisi/isaaclab_ws_home/basic-locomotion-dls-isaaclab/deploy/dls2_ws/install/dls2_interfaces/lib/python3.11/site-packages/dls2_interfaces/dls2_interfaces_s__rosidl_typesupport_fastrtps_c.cpython-311-x86_64-linux-gnu.so
[6.461s] -- Set non-toolchain portion of runtime path of "/home/iit.local/gturrisi/isaaclab_ws_home/basic-locomotion-dls-isaaclab/deploy/dls2_ws/install/dls2_interfaces/lib/python3.11/site-packages/dls2_interfaces/dls2_interfaces_s__rosidl_typesupport_fastrtps_c.cpython-311-x86_64-linux-gnu.so" to ""
[6.461s] -- Installing: /home/iit.local/gturrisi/isaaclab_ws_home/basic-locomotion-dls-isaaclab/deploy/dls2_ws/install/dls2_interfaces/lib/python3.11/site-packages/dls2_interfaces/dls2_interfaces_s__rosidl_typesupport_introspection_c.cpython-311-x86_64-linux-gnu.so
[6.461s] -- Set non-toolchain portion of runtime path of "/home/iit.local/gturrisi/isaaclab_ws_home/basic-locomotion-dls-isaaclab/deploy/dls2_ws/install/dls2_interfaces/lib/python3.11/site-packages/dls2_interfaces/dls2_interfaces_s__rosidl_typesupport_introspection_c.cpython-311-x86_64-linux-gnu.so" to ""
[6.461s] -- Installing: /home/iit.local/gturrisi/isaaclab_ws_home/basic-locomotion-dls-isaaclab/deploy/dls2_ws/install/dls2_interfaces/lib/python3.11/site-packages/dls2_interfaces/dls2_interfaces_s__rosidl_typesupport_c.cpython-311-x86_64-linux-gnu.so
[6.461s] -- Set non-toolchain portion of runtime path of "/home/iit.local/gturrisi/isaaclab_ws_home/basic-locomotion-dls-isaaclab/deploy/dls2_ws/install/dls2_interfaces/lib/python3.11/site-packages/dls2_interfaces/dls2_interfaces_s__rosidl_typesupport_c.cpython-311-x86_64-linux-gnu.so" to ""
[6.461s] -- Installing: /home/iit.local/gturrisi/isaaclab_ws_home/basic-locomotion-dls-isaaclab/deploy/dls2_ws/install/dls2_interfaces/lib/libdls2_interfaces__rosidl_generator_py.so
[6.461s] -- Set non-toolchain portion of runtime path of "/home/iit.local/gturrisi/isaaclab_ws_home/basic-locomotion-dls-isaaclab/deploy/dls2_ws/install/dls2_interfaces/lib/libdls2_interfaces__rosidl_generator_py.so" to ""
[6.461s] -- Installing: /home/iit.local/gturrisi/isaaclab_ws_home/basic-locomotion-dls-isaaclab/deploy/dls2_ws/install/dls2_interfaces/share/dls2_interfaces/msg/Pose.idl
[6.462s] -- Installing: /home/iit.local/gturrisi/isaaclab_ws_home/basic-locomotion-dls-isaaclab/deploy/dls2_ws/install/dls2_interfaces/share/dls2_interfaces/msg/Screw.idl
[6.462s] -- Installing: /home/iit.local/gturrisi/isaaclab_ws_home/basic-locomotion-dls-isaaclab/deploy/dls2_ws/install/dls2_interfaces/share/dls2_interfaces/msg/BlindState.idl
[6.462s] -- Installing: /home/iit.local/gturrisi/isaaclab_ws_home/basic-locomotion-dls-isaaclab/deploy/dls2_ws/install/dls2_interfaces/share/dls2_interfaces/msg/BaseState.idl
[6.462s] -- Installing: /home/iit.local/gturrisi/isaaclab_ws_home/basic-locomotion-dls-isaaclab/deploy/dls2_ws/install/dls2_interfaces/share/dls2_interfaces/msg/Imu.idl
[6.462s] -- Installing: /home/iit.local/gturrisi/isaaclab_ws_home/basic-locomotion-dls-isaaclab/deploy/dls2_ws/install/dls2_interfaces/share/dls2_interfaces/msg/TrajectoryGenerator.idl
[6.462s] -- Installing: /home/iit.local/gturrisi/isaaclab_ws_home/basic-locomotion-dls-isaaclab/deploy/dls2_ws/install/dls2_interfaces/share/dls2_interfaces/msg/Pose.msg
[6.462s] -- Installing: /home/iit.local/gturrisi/isaaclab_ws_home/basic-locomotion-dls-isaaclab/deploy/dls2_ws/install/dls2_interfaces/share/dls2_interfaces/msg/Screw.msg
[6.462s] -- Installing: /home/iit.local/gturrisi/isaaclab_ws_home/basic-locomotion-dls-isaaclab/deploy/dls2_ws/install/dls2_interfaces/share/dls2_interfaces/msg/BlindState.msg
[6.462s] -- Installing: /home/iit.local/gturrisi/isaaclab_ws_home/basic-locomotion-dls-isaaclab/deploy/dls2_ws/install/dls2_interfaces/share/dls2_interfaces/msg/BaseState.msg
[6.462s] -- Installing: /home/iit.local/gturrisi/isaaclab_ws_home/basic-locomotion-dls-isaaclab/deploy/dls2_ws/install/dls2_interfaces/share/dls2_interfaces/msg/Imu.msg
[6.462s] -- Installing: /home/iit.local/gturrisi/isaaclab_ws_home/basic-locomotion-dls-isaaclab/deploy/dls2_ws/install/dls2_interfaces/share/dls2_interfaces/msg/TrajectoryGenerator.msg
[6.462s] -- Installing: /home/iit.local/gturrisi/isaaclab_ws_home/basic-locomotion-dls-isaaclab/deploy/dls2_ws/install/dls2_interfaces/share/ament_index/resource_index/package_run_dependencies/dls2_interfaces
[6.462s] -- Installing: /home/iit.local/gturrisi/isaaclab_ws_home/basic-locomotion-dls-isaaclab/deploy/dls2_ws/install/dls2_interfaces/share/ament_index/resource_index/parent_prefix_path/dls2_interfaces
[6.462s] -- Installing: /home/iit.local/gturrisi/isaaclab_ws_home/basic-locomotion-dls-isaaclab/deploy/dls2_ws/install/dls2_interfaces/share/dls2_interfaces/environment/ament_prefix_path.sh
[6.462s] -- Installing: /home/iit.local/gturrisi/isaaclab_ws_home/basic-locomotion-dls-isaaclab/deploy/dls2_ws/install/dls2_interfaces/share/dls2_interfaces/environment/ament_prefix_path.dsv
[6.463s] -- Installing: /home/iit.local/gturrisi/isaaclab_ws_home/basic-locomotion-dls-isaaclab/deploy/dls2_ws/install/dls2_interfaces/share/dls2_interfaces/environment/path.sh
[6.463s] -- Installing: /home/iit.local/gturrisi/isaaclab_ws_home/basic-locomotion-dls-isaaclab/deploy/dls2_ws/install/dls2_interfaces/share/dls2_interfaces/environment/path.dsv
[6.463s] -- Installing: /home/iit.local/gturrisi/isaaclab_ws_home/basic-locomotion-dls-isaaclab/deploy/dls2_ws/install/dls2_interfaces/share/dls2_interfaces/local_setup.bash
[6.463s] -- Installing: /home/iit.local/gturrisi/isaaclab_ws_home/basic-locomotion-dls-isaaclab/deploy/dls2_ws/install/dls2_interfaces/share/dls2_interfaces/local_setup.sh
[6.463s] -- Installing: /home/iit.local/gturrisi/isaaclab_ws_home/basic-locomotion-dls-isaaclab/deploy/dls2_ws/install/dls2_interfaces/share/dls2_interfaces/local_setup.zsh
[6.463s] -- Installing: /home/iit.local/gturrisi/isaaclab_ws_home/basic-locomotion-dls-isaaclab/deploy/dls2_ws/install/dls2_interfaces/share/dls2_interfaces/local_setup.dsv
[6.463s] -- Installing: /home/iit.local/gturrisi/isaaclab_ws_home/basic-locomotion-dls-isaaclab/deploy/dls2_ws/install/dls2_interfaces/share/dls2_interfaces/package.dsv
[6.463s] -- Installing: /home/iit.local/gturrisi/isaaclab_ws_home/basic-locomotion-dls-isaaclab/deploy/dls2_ws/install/dls2_interfaces/share/ament_index/resource_index/packages/dls2_interfaces
[6.463s] -- Installing: /home/iit.local/gturrisi/isaaclab_ws_home/basic-locomotion-dls-isaaclab/deploy/dls2_ws/install/dls2_interfaces/share/dls2_interfaces/cmake/export_dls2_interfaces__rosidl_generator_cExport.cmake
[6.463s] -- Installing: /home/iit.local/gturrisi/isaaclab_ws_home/basic-locomotion-dls-isaaclab/deploy/dls2_ws/install/dls2_interfaces/share/dls2_interfaces/cmake/export_dls2_interfaces__rosidl_generator_cExport-noconfig.cmake
[6.463s] -- Installing: /home/iit.local/gturrisi/isaaclab_ws_home/basic-locomotion-dls-isaaclab/deploy/dls2_ws/install/dls2_interfaces/share/dls2_interfaces/cmake/export_dls2_interfaces__rosidl_typesupport_fastrtps_cExport.cmake
[6.463s] -- Installing: /home/iit.local/gturrisi/isaaclab_ws_home/basic-locomotion-dls-isaaclab/deploy/dls2_ws/install/dls2_interfaces/share/dls2_interfaces/cmake/export_dls2_interfaces__rosidl_typesupport_fastrtps_cExport-noconfig.cmake
[6.463s] -- Installing: /home/iit.local/gturrisi/isaaclab_ws_home/basic-locomotion-dls-isaaclab/deploy/dls2_ws/install/dls2_interfaces/share/dls2_interfaces/cmake/dls2_interfaces__rosidl_typesupport_introspection_cExport.cmake
[6.463s] -- Installing: /home/iit.local/gturrisi/isaaclab_ws_home/basic-locomotion-dls-isaaclab/deploy/dls2_ws/install/dls2_interfaces/share/dls2_interfaces/cmake/dls2_interfaces__rosidl_typesupport_introspection_cExport-noconfig.cmake
[6.463s] -- Installing: /home/iit.local/gturrisi/isaaclab_ws_home/basic-locomotion-dls-isaaclab/deploy/dls2_ws/install/dls2_interfaces/share/dls2_interfaces/cmake/dls2_interfaces__rosidl_typesupport_cExport.cmake
[6.463s] -- Installing: /home/iit.local/gturrisi/isaaclab_ws_home/basic-locomotion-dls-isaaclab/deploy/dls2_ws/install/dls2_interfaces/share/dls2_interfaces/cmake/dls2_interfaces__rosidl_typesupport_cExport-noconfig.cmake
[6.463s] -- Installing: /home/iit.local/gturrisi/isaaclab_ws_home/basic-locomotion-dls-isaaclab/deploy/dls2_ws/install/dls2_interfaces/share/dls2_interfaces/cmake/export_dls2_interfaces__rosidl_generator_cppExport.cmake
[6.463s] -- Installing: /home/iit.local/gturrisi/isaaclab_ws_home/basic-locomotion-dls-isaaclab/deploy/dls2_ws/install/dls2_interfaces/share/dls2_interfaces/cmake/export_dls2_interfaces__rosidl_typesupport_fastrtps_cppExport.cmake
[6.464s] -- Installing: /home/iit.local/gturrisi/isaaclab_ws_home/basic-locomotion-dls-isaaclab/deploy/dls2_ws/install/dls2_interfaces/share/dls2_interfaces/cmake/export_dls2_interfaces__rosidl_typesupport_fastrtps_cppExport-noconfig.cmake
[6.464s] -- Installing: /home/iit.local/gturrisi/isaaclab_ws_home/basic-locomotion-dls-isaaclab/deploy/dls2_ws/install/dls2_interfaces/share/dls2_interfaces/cmake/dls2_interfaces__rosidl_typesupport_introspection_cppExport.cmake
[6.464s] -- Installing: /home/iit.local/gturrisi/isaaclab_ws_home/basic-locomotion-dls-isaaclab/deploy/dls2_ws/install/dls2_interfaces/share/dls2_interfaces/cmake/dls2_interfaces__rosidl_typesupport_introspection_cppExport-noconfig.cmake
[6.464s] -- Installing: /home/iit.local/gturrisi/isaaclab_ws_home/basic-locomotion-dls-isaaclab/deploy/dls2_ws/install/dls2_interfaces/share/dls2_interfaces/cmake/dls2_interfaces__rosidl_typesupport_cppExport.cmake
[6.464s] -- Installing: /home/iit.local/gturrisi/isaaclab_ws_home/basic-locomotion-dls-isaaclab/deploy/dls2_ws/install/dls2_interfaces/share/dls2_interfaces/cmake/dls2_interfaces__rosidl_typesupport_cppExport-noconfig.cmake
[6.464s] -- Installing: /home/iit.local/gturrisi/isaaclab_ws_home/basic-locomotion-dls-isaaclab/deploy/dls2_ws/install/dls2_interfaces/share/dls2_interfaces/cmake/export_dls2_interfaces__rosidl_generator_pyExport.cmake
[6.464s] -- Installing: /home/iit.local/gturrisi/isaaclab_ws_home/basic-locomotion-dls-isaaclab/deploy/dls2_ws/install/dls2_interfaces/share/dls2_interfaces/cmake/export_dls2_interfaces__rosidl_generator_pyExport-noconfig.cmake
[6.464s] -- Installing: /home/iit.local/gturrisi/isaaclab_ws_home/basic-locomotion-dls-isaaclab/deploy/dls2_ws/install/dls2_interfaces/share/dls2_interfaces/cmake/rosidl_cmake-extras.cmake
[6.464s] -- Installing: /home/iit.local/gturrisi/isaaclab_ws_home/basic-locomotion-dls-isaaclab/deploy/dls2_ws/install/dls2_interfaces/share/dls2_interfaces/cmake/ament_cmake_export_include_directories-extras.cmake
[6.464s] -- Installing: /home/iit.local/gturrisi/isaaclab_ws_home/basic-locomotion-dls-isaaclab/deploy/dls2_ws/install/dls2_interfaces/share/dls2_interfaces/cmake/ament_cmake_export_libraries-extras.cmake
[6.464s] -- Installing: /home/iit.local/gturrisi/isaaclab_ws_home/basic-locomotion-dls-isaaclab/deploy/dls2_ws/install/dls2_interfaces/share/dls2_interfaces/cmake/ament_cmake_export_targets-extras.cmake
[6.464s] -- Installing: /home/iit.local/gturrisi/isaaclab_ws_home/basic-locomotion-dls-isaaclab/deploy/dls2_ws/install/dls2_interfaces/share/dls2_interfaces/cmake/rosidl_cmake_export_typesupport_targets-extras.cmake
[6.464s] -- Installing: /home/iit.local/gturrisi/isaaclab_ws_home/basic-locomotion-dls-isaaclab/deploy/dls2_ws/install/dls2_interfaces/share/dls2_interfaces/cmake/ament_cmake_export_dependencies-extras.cmake
[6.464s] -- Installing: /home/iit.local/gturrisi/isaaclab_ws_home/basic-locomotion-dls-isaaclab/deploy/dls2_ws/install/dls2_interfaces/share/dls2_interfaces/cmake/rosidl_cmake_export_typesupport_libraries-extras.cmake
[6.464s] -- Installing: /home/iit.local/gturrisi/isaaclab_ws_home/basic-locomotion-dls-isaaclab/deploy/dls2_ws/install/dls2_interfaces/share/dls2_interfaces/cmake/dls2_interfacesConfig.cmake
[6.464s] -- Installing: /home/iit.local/gturrisi/isaaclab_ws_home/basic-locomotion-dls-isaaclab/deploy/dls2_ws/install/dls2_interfaces/share/dls2_interfaces/cmake/dls2_interfacesConfig-version.cmake
[6.464s] -- Installing: /home/iit.local/gturrisi/isaaclab_ws_home/basic-locomotion-dls-isaaclab/deploy/dls2_ws/install/dls2_interfaces/share/dls2_interfaces/package.xml
[6.466s] Invoked command in '/home/iit.local/gturrisi/isaaclab_ws_home/basic-locomotion-dls-isaaclab/deploy/dls2_ws/build/dls2_interfaces' returned '0': CONDA_PROMPT_MODIFIER=(basic_locomotion_dls_isaaclab_ros2_env) /home/iit.local/gturrisi/miniforge3/envs/basic_locomotion_dls_isaaclab_ros2_env/bin/cmake --install /home/iit.local/gturrisi/isaaclab_ws_home/basic-locomotion-dls-isaaclab/deploy/dls2_ws/build/dls2_interfaces
