[0mCMake Deprecation Warning at CMakeLists.txt:2 (cmake_minimum_required):
  Compatibility with CMake < 3.10 will be removed from a future version of
  CMake.

  Update the VERSION argument <min> value.  Or, use the <min>...<max> syntax
  to tell CMake that the project requires at least <min> but has been updated
  to work with policies introduced by <max> or earlier.

[0m
-- Found ament_cmake: 1.3.12 (/home/iit.local/gturrisi/miniforge3/envs/basic_locomotion_dls_isaaclab_ros2_env/share/ament_cmake/cmake)
-- Found rosidl_default_generators: 1.2.0 (/home/iit.local/gturrisi/miniforge3/envs/basic_locomotion_dls_isaaclab_ros2_env/share/rosidl_default_generators/cmake)
-- Using all available rosidl_typesupport_c: rosidl_typesupport_fastrtps_c;rosidl_typesupport_introspection_c
-- Found rosidl_adapter: 3.1.6 (/home/iit.local/gturrisi/miniforge3/envs/basic_locomotion_dls_isaaclab_ros2_env/share/rosidl_adapter/cmake)
-- Using all available rosidl_typesupport_cpp: rosidl_typesupport_fastrtps_cpp;rosidl_typesupport_introspection_cpp
-- Found ament_cmake_ros: 0.10.0 (/home/iit.local/gturrisi/miniforge3/envs/basic_locomotion_dls_isaaclab_ros2_env/share/ament_cmake_ros/cmake)
-- Using all available rosidl_typesupport_c: rosidl_typesupport_fastrtps_c;rosidl_typesupport_introspection_c
-- Using all available rosidl_typesupport_cpp: rosidl_typesupport_fastrtps_cpp;rosidl_typesupport_introspection_cpp
-- Found python_cmake_module: 0.10.0 (/home/iit.local/gturrisi/miniforge3/envs/basic_locomotion_dls_isaaclab_ros2_env/share/python_cmake_module/cmake)
[33mCMake Warning (dev) at /home/iit.local/gturrisi/miniforge3/envs/basic_locomotion_dls_isaaclab_ros2_env/share/python_cmake_module/cmake/Modules/FindPythonExtra.cmake:52 (find_package):
  Policy CMP0148 is not set: The FindPythonInterp and FindPythonLibs modules
  are removed.  Run "cmake --help-policy CMP0148" for policy details.  Use
  the cmake_policy command to set the policy and suppress this warning.

Call Stack (most recent call first):
  /home/iit.local/gturrisi/miniforge3/envs/basic_locomotion_dls_isaaclab_ros2_env/share/rosidl_generator_py/cmake/rosidl_generator_py_generate_interfaces.cmake:33 (find_package)
  /home/iit.local/gturrisi/miniforge3/envs/basic_locomotion_dls_isaaclab_ros2_env/share/ament_cmake_core/cmake/core/ament_execute_extensions.cmake:48 (include)
  /home/iit.local/gturrisi/miniforge3/envs/basic_locomotion_dls_isaaclab_ros2_env/share/rosidl_cmake/cmake/rosidl_generate_interfaces.cmake:286 (ament_execute_extensions)
  CMakeLists.txt:13 (rosidl_generate_interfaces)
This warning is for project developers.  Use -Wno-dev to suppress it.
[0m
[33mCMake Warning (dev) at /home/iit.local/gturrisi/miniforge3/envs/basic_locomotion_dls_isaaclab_ros2_env/share/python_cmake_module/cmake/Modules/FindPythonExtra.cmake:140 (find_package):
  Policy CMP0148 is not set: The FindPythonInterp and FindPythonLibs modules
  are removed.  Run "cmake --help-policy CMP0148" for policy details.  Use
  the cmake_policy command to set the policy and suppress this warning.

Call Stack (most recent call first):
  /home/iit.local/gturrisi/miniforge3/envs/basic_locomotion_dls_isaaclab_ros2_env/share/rosidl_generator_py/cmake/rosidl_generator_py_generate_interfaces.cmake:33 (find_package)
  /home/iit.local/gturrisi/miniforge3/envs/basic_locomotion_dls_isaaclab_ros2_env/share/ament_cmake_core/cmake/core/ament_execute_extensions.cmake:48 (include)
  /home/iit.local/gturrisi/miniforge3/envs/basic_locomotion_dls_isaaclab_ros2_env/share/rosidl_cmake/cmake/rosidl_generate_interfaces.cmake:286 (ament_execute_extensions)
  CMakeLists.txt:13 (rosidl_generate_interfaces)
This warning is for project developers.  Use -Wno-dev to suppress it.
[0m
-- Using PYTHON_EXECUTABLE: /home/iit.local/gturrisi/miniforge3/envs/basic_locomotion_dls_isaaclab_ros2_env/bin/python3
-- Using PYTHON_INCLUDE_DIRS: /home/iit.local/gturrisi/miniforge3/envs/basic_locomotion_dls_isaaclab_ros2_env/include/python3.11
-- Using PYTHON_LIBRARIES: /home/iit.local/gturrisi/miniforge3/envs/basic_locomotion_dls_isaaclab_ros2_env/lib/libpython3.11.so
-- Found ament_lint_auto: 0.12.12 (/home/iit.local/gturrisi/miniforge3/envs/basic_locomotion_dls_isaaclab_ros2_env/share/ament_lint_auto/cmake)
-- Added test 'lint_cmake' to check CMake code style
-- Added test 'xmllint' to check XML markup files
-- Configuring done (1.4s)
-- Generating done (0.0s)
-- Build files have been written to: /home/iit.local/gturrisi/isaaclab_ws_home/basic-locomotion-dls-isaaclab/deploy/dls2_ws/build/dls2_interfaces
[  1%] [1m[34mGenerating C code for ROS interfaces[0m
[  2%] [1m[34mGenerating C++ code for ROS interfaces[0m
[  2%] Built target ament_cmake_python_copy_dls2_interfaces
running egg_info
writing dls2_interfaces.egg-info/PKG-INFO
writing dependency_links to dls2_interfaces.egg-info/dependency_links.txt
writing top-level names to dls2_interfaces.egg-info/top_level.txt
reading manifest file 'dls2_interfaces.egg-info/SOURCES.txt'
writing manifest file 'dls2_interfaces.egg-info/SOURCES.txt'
[  2%] Built target ament_cmake_python_build_dls2_interfaces_egg
[  4%] [32mBuilding C object CMakeFiles/dls2_interfaces__rosidl_generator_c.dir/rosidl_generator_c/dls2_interfaces/msg/detail/base_state__functions.c.o[0m
[  5%] [32mBuilding C object CMakeFiles/dls2_interfaces__rosidl_generator_c.dir/rosidl_generator_c/dls2_interfaces/msg/detail/screw__functions.c.o[0m
[  7%] [32mBuilding C object CMakeFiles/dls2_interfaces__rosidl_generator_c.dir/rosidl_generator_c/dls2_interfaces/msg/detail/trajectory_generator__functions.c.o[0m
[  8%] [32mBuilding C object CMakeFiles/dls2_interfaces__rosidl_generator_c.dir/rosidl_generator_c/dls2_interfaces/msg/detail/blind_state__functions.c.o[0m
[  8%] Built target dls2_interfaces__cpp
[  9%] [32mBuilding C object CMakeFiles/dls2_interfaces__rosidl_generator_c.dir/rosidl_generator_c/dls2_interfaces/msg/detail/imu__functions.c.o[0m
[ 11%] [32mBuilding C object CMakeFiles/dls2_interfaces__rosidl_generator_c.dir/rosidl_generator_c/dls2_interfaces/msg/detail/pose__functions.c.o[0m
[ 12%] [1m[34mGenerating C++ type support dispatch for ROS interfaces[0m
[ 14%] [1m[34mGenerating C++ introspection for ROS interfaces[0m
[ 15%] [1m[34mGenerating C++ type support for eProsima Fast-RTPS[0m
[ 16%] [1m[32mLinking C shared library libdls2_interfaces__rosidl_generator_c.so[0m
[ 16%] Built target dls2_interfaces__rosidl_generator_c
[ 19%] [1m[34mGenerating C type support dispatch for ROS interfaces[0m
[ 19%] [1m[34mGenerating C type support for eProsima Fast-RTPS[0m
[ 21%] [1m[34mGenerating C introspection for ROS interfaces[0m
[ 22%] [32mBuilding CXX object CMakeFiles/dls2_interfaces__rosidl_typesupport_cpp.dir/rosidl_typesupport_cpp/dls2_interfaces/msg/blind_state__type_support.cpp.o[0m
[ 23%] [32mBuilding CXX object CMakeFiles/dls2_interfaces__rosidl_typesupport_cpp.dir/rosidl_typesupport_cpp/dls2_interfaces/msg/base_state__type_support.cpp.o[0m
[ 25%] [32mBuilding CXX object CMakeFiles/dls2_interfaces__rosidl_typesupport_cpp.dir/rosidl_typesupport_cpp/dls2_interfaces/msg/pose__type_support.cpp.o[0m
[ 26%] [32mBuilding CXX object CMakeFiles/dls2_interfaces__rosidl_typesupport_cpp.dir/rosidl_typesupport_cpp/dls2_interfaces/msg/imu__type_support.cpp.o[0m
[ 28%] [32mBuilding CXX object CMakeFiles/dls2_interfaces__rosidl_typesupport_cpp.dir/rosidl_typesupport_cpp/dls2_interfaces/msg/trajectory_generator__type_support.cpp.o[0m
[ 29%] [32mBuilding CXX object CMakeFiles/dls2_interfaces__rosidl_typesupport_cpp.dir/rosidl_typesupport_cpp/dls2_interfaces/msg/screw__type_support.cpp.o[0m
[ 30%] [32mBuilding CXX object CMakeFiles/dls2_interfaces__rosidl_typesupport_fastrtps_cpp.dir/rosidl_typesupport_fastrtps_cpp/dls2_interfaces/msg/detail/dds_fastrtps/base_state__type_support.cpp.o[0m
[ 32%] [32mBuilding CXX object CMakeFiles/dls2_interfaces__rosidl_typesupport_fastrtps_cpp.dir/rosidl_typesupport_fastrtps_cpp/dls2_interfaces/msg/detail/dds_fastrtps/pose__type_support.cpp.o[0m
[ 33%] [32mBuilding CXX object CMakeFiles/dls2_interfaces__rosidl_typesupport_fastrtps_cpp.dir/rosidl_typesupport_fastrtps_cpp/dls2_interfaces/msg/detail/dds_fastrtps/blind_state__type_support.cpp.o[0m
[ 35%] [32mBuilding CXX object CMakeFiles/dls2_interfaces__rosidl_typesupport_fastrtps_cpp.dir/rosidl_typesupport_fastrtps_cpp/dls2_interfaces/msg/detail/dds_fastrtps/screw__type_support.cpp.o[0m
[ 36%] [32mBuilding CXX object CMakeFiles/dls2_interfaces__rosidl_typesupport_fastrtps_cpp.dir/rosidl_typesupport_fastrtps_cpp/dls2_interfaces/msg/detail/dds_fastrtps/imu__type_support.cpp.o[0m
[ 38%] [32mBuilding CXX object CMakeFiles/dls2_interfaces__rosidl_typesupport_fastrtps_cpp.dir/rosidl_typesupport_fastrtps_cpp/dls2_interfaces/msg/detail/dds_fastrtps/trajectory_generator__type_support.cpp.o[0m
[ 40%] [32mBuilding CXX object CMakeFiles/dls2_interfaces__rosidl_typesupport_introspection_cpp.dir/rosidl_typesupport_introspection_cpp/dls2_interfaces/msg/detail/blind_state__type_support.cpp.o[0m
[ 40%] [32mBuilding CXX object CMakeFiles/dls2_interfaces__rosidl_typesupport_introspection_cpp.dir/rosidl_typesupport_introspection_cpp/dls2_interfaces/msg/detail/base_state__type_support.cpp.o[0m
[ 42%] [32mBuilding CXX object CMakeFiles/dls2_interfaces__rosidl_typesupport_introspection_cpp.dir/rosidl_typesupport_introspection_cpp/dls2_interfaces/msg/detail/imu__type_support.cpp.o[0m
[ 43%] [32mBuilding CXX object CMakeFiles/dls2_interfaces__rosidl_typesupport_introspection_cpp.dir/rosidl_typesupport_introspection_cpp/dls2_interfaces/msg/detail/pose__type_support.cpp.o[0m
[ 45%] [32mBuilding CXX object CMakeFiles/dls2_interfaces__rosidl_typesupport_introspection_cpp.dir/rosidl_typesupport_introspection_cpp/dls2_interfaces/msg/detail/screw__type_support.cpp.o[0m
[ 46%] [32mBuilding CXX object CMakeFiles/dls2_interfaces__rosidl_typesupport_c.dir/rosidl_typesupport_c/dls2_interfaces/msg/base_state__type_support.cpp.o[0m
[ 47%] [32mBuilding CXX object CMakeFiles/dls2_interfaces__rosidl_typesupport_introspection_cpp.dir/rosidl_typesupport_introspection_cpp/dls2_interfaces/msg/detail/trajectory_generator__type_support.cpp.o[0m
[ 49%] [32mBuilding CXX object CMakeFiles/dls2_interfaces__rosidl_typesupport_c.dir/rosidl_typesupport_c/dls2_interfaces/msg/blind_state__type_support.cpp.o[0m
[ 50%] [32mBuilding CXX object CMakeFiles/dls2_interfaces__rosidl_typesupport_c.dir/rosidl_typesupport_c/dls2_interfaces/msg/imu__type_support.cpp.o[0m
[ 52%] [32mBuilding C object CMakeFiles/dls2_interfaces__rosidl_typesupport_introspection_c.dir/rosidl_typesupport_introspection_c/dls2_interfaces/msg/detail/base_state__type_support.c.o[0m
[ 53%] [32mBuilding C object CMakeFiles/dls2_interfaces__rosidl_typesupport_introspection_c.dir/rosidl_typesupport_introspection_c/dls2_interfaces/msg/detail/blind_state__type_support.c.o[0m
[ 54%] [32mBuilding CXX object CMakeFiles/dls2_interfaces__rosidl_typesupport_c.dir/rosidl_typesupport_c/dls2_interfaces/msg/pose__type_support.cpp.o[0m
[ 56%] [32mBuilding C object CMakeFiles/dls2_interfaces__rosidl_typesupport_introspection_c.dir/rosidl_typesupport_introspection_c/dls2_interfaces/msg/detail/imu__type_support.c.o[0m
[ 57%] [32mBuilding CXX object CMakeFiles/dls2_interfaces__rosidl_typesupport_fastrtps_c.dir/rosidl_typesupport_fastrtps_c/dls2_interfaces/msg/detail/base_state__type_support_c.cpp.o[0m
[ 59%] [32mBuilding C object CMakeFiles/dls2_interfaces__rosidl_typesupport_introspection_c.dir/rosidl_typesupport_introspection_c/dls2_interfaces/msg/detail/pose__type_support.c.o[0m
[ 60%] [32mBuilding CXX object CMakeFiles/dls2_interfaces__rosidl_typesupport_c.dir/rosidl_typesupport_c/dls2_interfaces/msg/screw__type_support.cpp.o[0m
[ 61%] [32mBuilding CXX object CMakeFiles/dls2_interfaces__rosidl_typesupport_c.dir/rosidl_typesupport_c/dls2_interfaces/msg/trajectory_generator__type_support.cpp.o[0m
[ 63%] [32mBuilding C object CMakeFiles/dls2_interfaces__rosidl_typesupport_introspection_c.dir/rosidl_typesupport_introspection_c/dls2_interfaces/msg/detail/screw__type_support.c.o[0m
[ 64%] [1m[32mLinking CXX shared library libdls2_interfaces__rosidl_typesupport_cpp.so[0m
[ 66%] [32mBuilding C object CMakeFiles/dls2_interfaces__rosidl_typesupport_introspection_c.dir/rosidl_typesupport_introspection_c/dls2_interfaces/msg/detail/trajectory_generator__type_support.c.o[0m
[ 67%] [1m[32mLinking CXX shared library libdls2_interfaces__rosidl_typesupport_c.so[0m
[ 69%] [32mBuilding CXX object CMakeFiles/dls2_interfaces__rosidl_typesupport_fastrtps_c.dir/rosidl_typesupport_fastrtps_c/dls2_interfaces/msg/detail/blind_state__type_support_c.cpp.o[0m
[ 70%] [32mBuilding CXX object CMakeFiles/dls2_interfaces__rosidl_typesupport_fastrtps_c.dir/rosidl_typesupport_fastrtps_c/dls2_interfaces/msg/detail/imu__type_support_c.cpp.o[0m
[ 71%] [32mBuilding CXX object CMakeFiles/dls2_interfaces__rosidl_typesupport_fastrtps_c.dir/rosidl_typesupport_fastrtps_c/dls2_interfaces/msg/detail/pose__type_support_c.cpp.o[0m
[ 73%] [32mBuilding CXX object CMakeFiles/dls2_interfaces__rosidl_typesupport_fastrtps_c.dir/rosidl_typesupport_fastrtps_c/dls2_interfaces/msg/detail/screw__type_support_c.cpp.o[0m
[ 73%] Built target dls2_interfaces__rosidl_typesupport_cpp
[ 74%] [32mBuilding CXX object CMakeFiles/dls2_interfaces__rosidl_typesupport_fastrtps_c.dir/rosidl_typesupport_fastrtps_c/dls2_interfaces/msg/detail/trajectory_generator__type_support_c.cpp.o[0m
[ 74%] Built target dls2_interfaces__rosidl_typesupport_c
[ 76%] [1m[32mLinking C shared library libdls2_interfaces__rosidl_typesupport_introspection_c.so[0m
[ 76%] Built target dls2_interfaces__rosidl_typesupport_introspection_c
[ 77%] [1m[32mLinking CXX shared library libdls2_interfaces__rosidl_typesupport_fastrtps_cpp.so[0m
[ 77%] Built target dls2_interfaces__rosidl_typesupport_fastrtps_cpp
[ 78%] [1m[32mLinking CXX shared library libdls2_interfaces__rosidl_typesupport_introspection_cpp.so[0m
[ 80%] [1m[32mLinking CXX shared library libdls2_interfaces__rosidl_typesupport_fastrtps_c.so[0m
[ 80%] Built target dls2_interfaces__rosidl_typesupport_introspection_cpp
[ 80%] Built target dls2_interfaces__rosidl_typesupport_fastrtps_c
[ 80%] Built target dls2_interfaces
[ 81%] [1m[34mGenerating Python code for ROS interfaces[0m
[ 81%] Built target dls2_interfaces__py
[ 83%] [32mBuilding C object CMakeFiles/dls2_interfaces__rosidl_generator_py.dir/rosidl_generator_py/dls2_interfaces/msg/_screw_s.c.o[0m
[ 84%] [32mBuilding C object CMakeFiles/dls2_interfaces__rosidl_generator_py.dir/rosidl_generator_py/dls2_interfaces/msg/_trajectory_generator_s.c.o[0m
[ 85%] [32mBuilding C object CMakeFiles/dls2_interfaces__rosidl_generator_py.dir/rosidl_generator_py/dls2_interfaces/msg/_base_state_s.c.o[0m
[ 88%] [32mBuilding C object CMakeFiles/dls2_interfaces__rosidl_generator_py.dir/rosidl_generator_py/dls2_interfaces/msg/_blind_state_s.c.o[0m
[ 88%] [32mBuilding C object CMakeFiles/dls2_interfaces__rosidl_generator_py.dir/rosidl_generator_py/dls2_interfaces/msg/_imu_s.c.o[0m
[ 90%] [32mBuilding C object CMakeFiles/dls2_interfaces__rosidl_generator_py.dir/rosidl_generator_py/dls2_interfaces/msg/_pose_s.c.o[0m
[ 91%] [1m[32mLinking C shared library rosidl_generator_py/dls2_interfaces/libdls2_interfaces__rosidl_generator_py.so[0m
[ 91%] Built target dls2_interfaces__rosidl_generator_py
[ 92%] [32mBuilding C object CMakeFiles/dls2_interfaces__rosidl_typesupport_c__pyext.dir/rosidl_generator_py/dls2_interfaces/_dls2_interfaces_s.ep.rosidl_typesupport_c.c.o[0m
[ 94%] [32mBuilding C object CMakeFiles/dls2_interfaces__rosidl_typesupport_introspection_c__pyext.dir/rosidl_generator_py/dls2_interfaces/_dls2_interfaces_s.ep.rosidl_typesupport_introspection_c.c.o[0m
[ 95%] [32mBuilding C object CMakeFiles/dls2_interfaces__rosidl_typesupport_fastrtps_c__pyext.dir/rosidl_generator_py/dls2_interfaces/_dls2_interfaces_s.ep.rosidl_typesupport_fastrtps_c.c.o[0m
[ 97%] [1m[32mLinking C shared library rosidl_generator_py/dls2_interfaces/dls2_interfaces_s__rosidl_typesupport_fastrtps_c.cpython-311-x86_64-linux-gnu.so[0m
[ 98%] [1m[32mLinking C shared library rosidl_generator_py/dls2_interfaces/dls2_interfaces_s__rosidl_typesupport_introspection_c.cpython-311-x86_64-linux-gnu.so[0m
[100%] [1m[32mLinking C shared library rosidl_generator_py/dls2_interfaces/dls2_interfaces_s__rosidl_typesupport_c.cpython-311-x86_64-linux-gnu.so[0m
[100%] Built target dls2_interfaces__rosidl_typesupport_fastrtps_c__pyext
[100%] Built target dls2_interfaces__rosidl_typesupport_introspection_c__pyext
[100%] Built target dls2_interfaces__rosidl_typesupport_c__pyext
-- Install configuration: ""
-- Up-to-date: /home/iit.local/gturrisi/isaaclab_ws_home/basic-locomotion-dls-isaaclab/deploy/dls2_ws/install/dls2_interfaces/share/ament_index/resource_index/rosidl_interfaces/dls2_interfaces
-- Up-to-date: /home/iit.local/gturrisi/isaaclab_ws_home/basic-locomotion-dls-isaaclab/deploy/dls2_ws/install/dls2_interfaces/include/dls2_interfaces/dls2_interfaces
-- Up-to-date: /home/iit.local/gturrisi/isaaclab_ws_home/basic-locomotion-dls-isaaclab/deploy/dls2_ws/install/dls2_interfaces/include/dls2_interfaces/dls2_interfaces/msg
-- Installing: /home/iit.local/gturrisi/isaaclab_ws_home/basic-locomotion-dls-isaaclab/deploy/dls2_ws/install/dls2_interfaces/include/dls2_interfaces/dls2_interfaces/msg/trajectory_generator.h
-- Up-to-date: /home/iit.local/gturrisi/isaaclab_ws_home/basic-locomotion-dls-isaaclab/deploy/dls2_ws/install/dls2_interfaces/include/dls2_interfaces/dls2_interfaces/msg/rosidl_generator_c__visibility_control.h
-- Installing: /home/iit.local/gturrisi/isaaclab_ws_home/basic-locomotion-dls-isaaclab/deploy/dls2_ws/install/dls2_interfaces/include/dls2_interfaces/dls2_interfaces/msg/blind_state.h
-- Installing: /home/iit.local/gturrisi/isaaclab_ws_home/basic-locomotion-dls-isaaclab/deploy/dls2_ws/install/dls2_interfaces/include/dls2_interfaces/dls2_interfaces/msg/screw.h
-- Installing: /home/iit.local/gturrisi/isaaclab_ws_home/basic-locomotion-dls-isaaclab/deploy/dls2_ws/install/dls2_interfaces/include/dls2_interfaces/dls2_interfaces/msg/base_state.h
-- Up-to-date: /home/iit.local/gturrisi/isaaclab_ws_home/basic-locomotion-dls-isaaclab/deploy/dls2_ws/install/dls2_interfaces/include/dls2_interfaces/dls2_interfaces/msg/detail
-- Installing: /home/iit.local/gturrisi/isaaclab_ws_home/basic-locomotion-dls-isaaclab/deploy/dls2_ws/install/dls2_interfaces/include/dls2_interfaces/dls2_interfaces/msg/detail/blind_state__functions.c
-- Installing: /home/iit.local/gturrisi/isaaclab_ws_home/basic-locomotion-dls-isaaclab/deploy/dls2_ws/install/dls2_interfaces/include/dls2_interfaces/dls2_interfaces/msg/detail/blind_state__type_support.h
-- Installing: /home/iit.local/gturrisi/isaaclab_ws_home/basic-locomotion-dls-isaaclab/deploy/dls2_ws/install/dls2_interfaces/include/dls2_interfaces/dls2_interfaces/msg/detail/base_state__functions.c
-- Installing: /home/iit.local/gturrisi/isaaclab_ws_home/basic-locomotion-dls-isaaclab/deploy/dls2_ws/install/dls2_interfaces/include/dls2_interfaces/dls2_interfaces/msg/detail/trajectory_generator__type_support.h
-- Installing: /home/iit.local/gturrisi/isaaclab_ws_home/basic-locomotion-dls-isaaclab/deploy/dls2_ws/install/dls2_interfaces/include/dls2_interfaces/dls2_interfaces/msg/detail/pose__struct.h
-- Installing: /home/iit.local/gturrisi/isaaclab_ws_home/basic-locomotion-dls-isaaclab/deploy/dls2_ws/install/dls2_interfaces/include/dls2_interfaces/dls2_interfaces/msg/detail/blind_state__struct.h
-- Installing: /home/iit.local/gturrisi/isaaclab_ws_home/basic-locomotion-dls-isaaclab/deploy/dls2_ws/install/dls2_interfaces/include/dls2_interfaces/dls2_interfaces/msg/detail/imu__type_support.h
-- Installing: /home/iit.local/gturrisi/isaaclab_ws_home/basic-locomotion-dls-isaaclab/deploy/dls2_ws/install/dls2_interfaces/include/dls2_interfaces/dls2_interfaces/msg/detail/imu__functions.c
-- Installing: /home/iit.local/gturrisi/isaaclab_ws_home/basic-locomotion-dls-isaaclab/deploy/dls2_ws/install/dls2_interfaces/include/dls2_interfaces/dls2_interfaces/msg/detail/pose__type_support.h
-- Installing: /home/iit.local/gturrisi/isaaclab_ws_home/basic-locomotion-dls-isaaclab/deploy/dls2_ws/install/dls2_interfaces/include/dls2_interfaces/dls2_interfaces/msg/detail/base_state__struct.h
-- Installing: /home/iit.local/gturrisi/isaaclab_ws_home/basic-locomotion-dls-isaaclab/deploy/dls2_ws/install/dls2_interfaces/include/dls2_interfaces/dls2_interfaces/msg/detail/screw__struct.h
-- Installing: /home/iit.local/gturrisi/isaaclab_ws_home/basic-locomotion-dls-isaaclab/deploy/dls2_ws/install/dls2_interfaces/include/dls2_interfaces/dls2_interfaces/msg/detail/trajectory_generator__functions.h
-- Installing: /home/iit.local/gturrisi/isaaclab_ws_home/basic-locomotion-dls-isaaclab/deploy/dls2_ws/install/dls2_interfaces/include/dls2_interfaces/dls2_interfaces/msg/detail/pose__functions.h
-- Installing: /home/iit.local/gturrisi/isaaclab_ws_home/basic-locomotion-dls-isaaclab/deploy/dls2_ws/install/dls2_interfaces/include/dls2_interfaces/dls2_interfaces/msg/detail/trajectory_generator__struct.h
-- Installing: /home/iit.local/gturrisi/isaaclab_ws_home/basic-locomotion-dls-isaaclab/deploy/dls2_ws/install/dls2_interfaces/include/dls2_interfaces/dls2_interfaces/msg/detail/blind_state__functions.h
-- Installing: /home/iit.local/gturrisi/isaaclab_ws_home/basic-locomotion-dls-isaaclab/deploy/dls2_ws/install/dls2_interfaces/include/dls2_interfaces/dls2_interfaces/msg/detail/imu__struct.h
-- Installing: /home/iit.local/gturrisi/isaaclab_ws_home/basic-locomotion-dls-isaaclab/deploy/dls2_ws/install/dls2_interfaces/include/dls2_interfaces/dls2_interfaces/msg/detail/pose__functions.c
-- Installing: /home/iit.local/gturrisi/isaaclab_ws_home/basic-locomotion-dls-isaaclab/deploy/dls2_ws/install/dls2_interfaces/include/dls2_interfaces/dls2_interfaces/msg/detail/imu__functions.h
-- Installing: /home/iit.local/gturrisi/isaaclab_ws_home/basic-locomotion-dls-isaaclab/deploy/dls2_ws/install/dls2_interfaces/include/dls2_interfaces/dls2_interfaces/msg/detail/screw__functions.c
-- Installing: /home/iit.local/gturrisi/isaaclab_ws_home/basic-locomotion-dls-isaaclab/deploy/dls2_ws/install/dls2_interfaces/include/dls2_interfaces/dls2_interfaces/msg/detail/base_state__functions.h
-- Installing: /home/iit.local/gturrisi/isaaclab_ws_home/basic-locomotion-dls-isaaclab/deploy/dls2_ws/install/dls2_interfaces/include/dls2_interfaces/dls2_interfaces/msg/detail/screw__type_support.h
-- Installing: /home/iit.local/gturrisi/isaaclab_ws_home/basic-locomotion-dls-isaaclab/deploy/dls2_ws/install/dls2_interfaces/include/dls2_interfaces/dls2_interfaces/msg/detail/screw__functions.h
-- Installing: /home/iit.local/gturrisi/isaaclab_ws_home/basic-locomotion-dls-isaaclab/deploy/dls2_ws/install/dls2_interfaces/include/dls2_interfaces/dls2_interfaces/msg/detail/base_state__type_support.h
-- Installing: /home/iit.local/gturrisi/isaaclab_ws_home/basic-locomotion-dls-isaaclab/deploy/dls2_ws/install/dls2_interfaces/include/dls2_interfaces/dls2_interfaces/msg/detail/trajectory_generator__functions.c
-- Installing: /home/iit.local/gturrisi/isaaclab_ws_home/basic-locomotion-dls-isaaclab/deploy/dls2_ws/install/dls2_interfaces/include/dls2_interfaces/dls2_interfaces/msg/imu.h
-- Installing: /home/iit.local/gturrisi/isaaclab_ws_home/basic-locomotion-dls-isaaclab/deploy/dls2_ws/install/dls2_interfaces/include/dls2_interfaces/dls2_interfaces/msg/pose.h
-- Installing: /home/iit.local/gturrisi/isaaclab_ws_home/basic-locomotion-dls-isaaclab/deploy/dls2_ws/install/dls2_interfaces/lib/libdls2_interfaces__rosidl_generator_c.so
-- Up-to-date: /home/iit.local/gturrisi/isaaclab_ws_home/basic-locomotion-dls-isaaclab/deploy/dls2_ws/install/dls2_interfaces/include/dls2_interfaces/dls2_interfaces
-- Up-to-date: /home/iit.local/gturrisi/isaaclab_ws_home/basic-locomotion-dls-isaaclab/deploy/dls2_ws/install/dls2_interfaces/include/dls2_interfaces/dls2_interfaces/msg
-- Up-to-date: /home/iit.local/gturrisi/isaaclab_ws_home/basic-locomotion-dls-isaaclab/deploy/dls2_ws/install/dls2_interfaces/include/dls2_interfaces/dls2_interfaces/msg/rosidl_typesupport_fastrtps_c__visibility_control.h
-- Up-to-date: /home/iit.local/gturrisi/isaaclab_ws_home/basic-locomotion-dls-isaaclab/deploy/dls2_ws/install/dls2_interfaces/include/dls2_interfaces/dls2_interfaces/msg/detail
-- Installing: /home/iit.local/gturrisi/isaaclab_ws_home/basic-locomotion-dls-isaaclab/deploy/dls2_ws/install/dls2_interfaces/include/dls2_interfaces/dls2_interfaces/msg/detail/trajectory_generator__rosidl_typesupport_fastrtps_c.h
-- Installing: /home/iit.local/gturrisi/isaaclab_ws_home/basic-locomotion-dls-isaaclab/deploy/dls2_ws/install/dls2_interfaces/include/dls2_interfaces/dls2_interfaces/msg/detail/screw__rosidl_typesupport_fastrtps_c.h
-- Installing: /home/iit.local/gturrisi/isaaclab_ws_home/basic-locomotion-dls-isaaclab/deploy/dls2_ws/install/dls2_interfaces/include/dls2_interfaces/dls2_interfaces/msg/detail/pose__rosidl_typesupport_fastrtps_c.h
-- Installing: /home/iit.local/gturrisi/isaaclab_ws_home/basic-locomotion-dls-isaaclab/deploy/dls2_ws/install/dls2_interfaces/include/dls2_interfaces/dls2_interfaces/msg/detail/blind_state__rosidl_typesupport_fastrtps_c.h
-- Installing: /home/iit.local/gturrisi/isaaclab_ws_home/basic-locomotion-dls-isaaclab/deploy/dls2_ws/install/dls2_interfaces/include/dls2_interfaces/dls2_interfaces/msg/detail/imu__rosidl_typesupport_fastrtps_c.h
-- Installing: /home/iit.local/gturrisi/isaaclab_ws_home/basic-locomotion-dls-isaaclab/deploy/dls2_ws/install/dls2_interfaces/include/dls2_interfaces/dls2_interfaces/msg/detail/base_state__rosidl_typesupport_fastrtps_c.h
-- Installing: /home/iit.local/gturrisi/isaaclab_ws_home/basic-locomotion-dls-isaaclab/deploy/dls2_ws/install/dls2_interfaces/lib/libdls2_interfaces__rosidl_typesupport_fastrtps_c.so
-- Set non-toolchain portion of runtime path of "/home/iit.local/gturrisi/isaaclab_ws_home/basic-locomotion-dls-isaaclab/deploy/dls2_ws/install/dls2_interfaces/lib/libdls2_interfaces__rosidl_typesupport_fastrtps_c.so" to ""
-- Up-to-date: /home/iit.local/gturrisi/isaaclab_ws_home/basic-locomotion-dls-isaaclab/deploy/dls2_ws/install/dls2_interfaces/include/dls2_interfaces/dls2_interfaces
-- Up-to-date: /home/iit.local/gturrisi/isaaclab_ws_home/basic-locomotion-dls-isaaclab/deploy/dls2_ws/install/dls2_interfaces/include/dls2_interfaces/dls2_interfaces/msg
-- Up-to-date: /home/iit.local/gturrisi/isaaclab_ws_home/basic-locomotion-dls-isaaclab/deploy/dls2_ws/install/dls2_interfaces/include/dls2_interfaces/dls2_interfaces/msg/detail
-- Installing: /home/iit.local/gturrisi/isaaclab_ws_home/basic-locomotion-dls-isaaclab/deploy/dls2_ws/install/dls2_interfaces/include/dls2_interfaces/dls2_interfaces/msg/detail/screw__rosidl_typesupport_introspection_c.h
-- Installing: /home/iit.local/gturrisi/isaaclab_ws_home/basic-locomotion-dls-isaaclab/deploy/dls2_ws/install/dls2_interfaces/include/dls2_interfaces/dls2_interfaces/msg/detail/trajectory_generator__rosidl_typesupport_introspection_c.h
-- Installing: /home/iit.local/gturrisi/isaaclab_ws_home/basic-locomotion-dls-isaaclab/deploy/dls2_ws/install/dls2_interfaces/include/dls2_interfaces/dls2_interfaces/msg/detail/trajectory_generator__type_support.c
-- Installing: /home/iit.local/gturrisi/isaaclab_ws_home/basic-locomotion-dls-isaaclab/deploy/dls2_ws/install/dls2_interfaces/include/dls2_interfaces/dls2_interfaces/msg/detail/imu__type_support.c
-- Installing: /home/iit.local/gturrisi/isaaclab_ws_home/basic-locomotion-dls-isaaclab/deploy/dls2_ws/install/dls2_interfaces/include/dls2_interfaces/dls2_interfaces/msg/detail/imu__rosidl_typesupport_introspection_c.h
-- Installing: /home/iit.local/gturrisi/isaaclab_ws_home/basic-locomotion-dls-isaaclab/deploy/dls2_ws/install/dls2_interfaces/include/dls2_interfaces/dls2_interfaces/msg/detail/screw__type_support.c
-- Installing: /home/iit.local/gturrisi/isaaclab_ws_home/basic-locomotion-dls-isaaclab/deploy/dls2_ws/install/dls2_interfaces/include/dls2_interfaces/dls2_interfaces/msg/detail/base_state__type_support.c
-- Installing: /home/iit.local/gturrisi/isaaclab_ws_home/basic-locomotion-dls-isaaclab/deploy/dls2_ws/install/dls2_interfaces/include/dls2_interfaces/dls2_interfaces/msg/detail/base_state__rosidl_typesupport_introspection_c.h
-- Installing: /home/iit.local/gturrisi/isaaclab_ws_home/basic-locomotion-dls-isaaclab/deploy/dls2_ws/install/dls2_interfaces/include/dls2_interfaces/dls2_interfaces/msg/detail/pose__rosidl_typesupport_introspection_c.h
-- Installing: /home/iit.local/gturrisi/isaaclab_ws_home/basic-locomotion-dls-isaaclab/deploy/dls2_ws/install/dls2_interfaces/include/dls2_interfaces/dls2_interfaces/msg/detail/blind_state__rosidl_typesupport_introspection_c.h
-- Installing: /home/iit.local/gturrisi/isaaclab_ws_home/basic-locomotion-dls-isaaclab/deploy/dls2_ws/install/dls2_interfaces/include/dls2_interfaces/dls2_interfaces/msg/detail/pose__type_support.c
-- Installing: /home/iit.local/gturrisi/isaaclab_ws_home/basic-locomotion-dls-isaaclab/deploy/dls2_ws/install/dls2_interfaces/include/dls2_interfaces/dls2_interfaces/msg/detail/blind_state__type_support.c
-- Up-to-date: /home/iit.local/gturrisi/isaaclab_ws_home/basic-locomotion-dls-isaaclab/deploy/dls2_ws/install/dls2_interfaces/include/dls2_interfaces/dls2_interfaces/msg/rosidl_typesupport_introspection_c__visibility_control.h
-- Installing: /home/iit.local/gturrisi/isaaclab_ws_home/basic-locomotion-dls-isaaclab/deploy/dls2_ws/install/dls2_interfaces/lib/libdls2_interfaces__rosidl_typesupport_introspection_c.so
-- Set non-toolchain portion of runtime path of "/home/iit.local/gturrisi/isaaclab_ws_home/basic-locomotion-dls-isaaclab/deploy/dls2_ws/install/dls2_interfaces/lib/libdls2_interfaces__rosidl_typesupport_introspection_c.so" to ""
-- Installing: /home/iit.local/gturrisi/isaaclab_ws_home/basic-locomotion-dls-isaaclab/deploy/dls2_ws/install/dls2_interfaces/lib/libdls2_interfaces__rosidl_typesupport_c.so
-- Set non-toolchain portion of runtime path of "/home/iit.local/gturrisi/isaaclab_ws_home/basic-locomotion-dls-isaaclab/deploy/dls2_ws/install/dls2_interfaces/lib/libdls2_interfaces__rosidl_typesupport_c.so" to ""
-- Up-to-date: /home/iit.local/gturrisi/isaaclab_ws_home/basic-locomotion-dls-isaaclab/deploy/dls2_ws/install/dls2_interfaces/include/dls2_interfaces/dls2_interfaces
-- Up-to-date: /home/iit.local/gturrisi/isaaclab_ws_home/basic-locomotion-dls-isaaclab/deploy/dls2_ws/install/dls2_interfaces/include/dls2_interfaces/dls2_interfaces/msg
-- Installing: /home/iit.local/gturrisi/isaaclab_ws_home/basic-locomotion-dls-isaaclab/deploy/dls2_ws/install/dls2_interfaces/include/dls2_interfaces/dls2_interfaces/msg/blind_state.hpp
-- Up-to-date: /home/iit.local/gturrisi/isaaclab_ws_home/basic-locomotion-dls-isaaclab/deploy/dls2_ws/install/dls2_interfaces/include/dls2_interfaces/dls2_interfaces/msg/detail
-- Installing: /home/iit.local/gturrisi/isaaclab_ws_home/basic-locomotion-dls-isaaclab/deploy/dls2_ws/install/dls2_interfaces/include/dls2_interfaces/dls2_interfaces/msg/detail/blind_state__builder.hpp
-- Installing: /home/iit.local/gturrisi/isaaclab_ws_home/basic-locomotion-dls-isaaclab/deploy/dls2_ws/install/dls2_interfaces/include/dls2_interfaces/dls2_interfaces/msg/detail/base_state__struct.hpp
-- Installing: /home/iit.local/gturrisi/isaaclab_ws_home/basic-locomotion-dls-isaaclab/deploy/dls2_ws/install/dls2_interfaces/include/dls2_interfaces/dls2_interfaces/msg/detail/screw__traits.hpp
-- Installing: /home/iit.local/gturrisi/isaaclab_ws_home/basic-locomotion-dls-isaaclab/deploy/dls2_ws/install/dls2_interfaces/include/dls2_interfaces/dls2_interfaces/msg/detail/imu__struct.hpp
-- Installing: /home/iit.local/gturrisi/isaaclab_ws_home/basic-locomotion-dls-isaaclab/deploy/dls2_ws/install/dls2_interfaces/include/dls2_interfaces/dls2_interfaces/msg/detail/pose__builder.hpp
-- Installing: /home/iit.local/gturrisi/isaaclab_ws_home/basic-locomotion-dls-isaaclab/deploy/dls2_ws/install/dls2_interfaces/include/dls2_interfaces/dls2_interfaces/msg/detail/screw__builder.hpp
-- Installing: /home/iit.local/gturrisi/isaaclab_ws_home/basic-locomotion-dls-isaaclab/deploy/dls2_ws/install/dls2_interfaces/include/dls2_interfaces/dls2_interfaces/msg/detail/trajectory_generator__traits.hpp
-- Installing: /home/iit.local/gturrisi/isaaclab_ws_home/basic-locomotion-dls-isaaclab/deploy/dls2_ws/install/dls2_interfaces/include/dls2_interfaces/dls2_interfaces/msg/detail/blind_state__traits.hpp
-- Installing: /home/iit.local/gturrisi/isaaclab_ws_home/basic-locomotion-dls-isaaclab/deploy/dls2_ws/install/dls2_interfaces/include/dls2_interfaces/dls2_interfaces/msg/detail/screw__struct.hpp
-- Installing: /home/iit.local/gturrisi/isaaclab_ws_home/basic-locomotion-dls-isaaclab/deploy/dls2_ws/install/dls2_interfaces/include/dls2_interfaces/dls2_interfaces/msg/detail/base_state__builder.hpp
-- Installing: /home/iit.local/gturrisi/isaaclab_ws_home/basic-locomotion-dls-isaaclab/deploy/dls2_ws/install/dls2_interfaces/include/dls2_interfaces/dls2_interfaces/msg/detail/imu__builder.hpp
-- Installing: /home/iit.local/gturrisi/isaaclab_ws_home/basic-locomotion-dls-isaaclab/deploy/dls2_ws/install/dls2_interfaces/include/dls2_interfaces/dls2_interfaces/msg/detail/pose__struct.hpp
-- Installing: /home/iit.local/gturrisi/isaaclab_ws_home/basic-locomotion-dls-isaaclab/deploy/dls2_ws/install/dls2_interfaces/include/dls2_interfaces/dls2_interfaces/msg/detail/pose__type_support.hpp
-- Installing: /home/iit.local/gturrisi/isaaclab_ws_home/basic-locomotion-dls-isaaclab/deploy/dls2_ws/install/dls2_interfaces/include/dls2_interfaces/dls2_interfaces/msg/detail/screw__type_support.hpp
-- Installing: /home/iit.local/gturrisi/isaaclab_ws_home/basic-locomotion-dls-isaaclab/deploy/dls2_ws/install/dls2_interfaces/include/dls2_interfaces/dls2_interfaces/msg/detail/base_state__type_support.hpp
-- Installing: /home/iit.local/gturrisi/isaaclab_ws_home/basic-locomotion-dls-isaaclab/deploy/dls2_ws/install/dls2_interfaces/include/dls2_interfaces/dls2_interfaces/msg/detail/trajectory_generator__struct.hpp
-- Installing: /home/iit.local/gturrisi/isaaclab_ws_home/basic-locomotion-dls-isaaclab/deploy/dls2_ws/install/dls2_interfaces/include/dls2_interfaces/dls2_interfaces/msg/detail/base_state__traits.hpp
-- Installing: /home/iit.local/gturrisi/isaaclab_ws_home/basic-locomotion-dls-isaaclab/deploy/dls2_ws/install/dls2_interfaces/include/dls2_interfaces/dls2_interfaces/msg/detail/blind_state__struct.hpp
-- Installing: /home/iit.local/gturrisi/isaaclab_ws_home/basic-locomotion-dls-isaaclab/deploy/dls2_ws/install/dls2_interfaces/include/dls2_interfaces/dls2_interfaces/msg/detail/trajectory_generator__builder.hpp
-- Installing: /home/iit.local/gturrisi/isaaclab_ws_home/basic-locomotion-dls-isaaclab/deploy/dls2_ws/install/dls2_interfaces/include/dls2_interfaces/dls2_interfaces/msg/detail/pose__traits.hpp
-- Installing: /home/iit.local/gturrisi/isaaclab_ws_home/basic-locomotion-dls-isaaclab/deploy/dls2_ws/install/dls2_interfaces/include/dls2_interfaces/dls2_interfaces/msg/detail/blind_state__type_support.hpp
-- Installing: /home/iit.local/gturrisi/isaaclab_ws_home/basic-locomotion-dls-isaaclab/deploy/dls2_ws/install/dls2_interfaces/include/dls2_interfaces/dls2_interfaces/msg/detail/imu__type_support.hpp
-- Installing: /home/iit.local/gturrisi/isaaclab_ws_home/basic-locomotion-dls-isaaclab/deploy/dls2_ws/install/dls2_interfaces/include/dls2_interfaces/dls2_interfaces/msg/detail/imu__traits.hpp
-- Installing: /home/iit.local/gturrisi/isaaclab_ws_home/basic-locomotion-dls-isaaclab/deploy/dls2_ws/install/dls2_interfaces/include/dls2_interfaces/dls2_interfaces/msg/detail/trajectory_generator__type_support.hpp
-- Installing: /home/iit.local/gturrisi/isaaclab_ws_home/basic-locomotion-dls-isaaclab/deploy/dls2_ws/install/dls2_interfaces/include/dls2_interfaces/dls2_interfaces/msg/imu.hpp
-- Installing: /home/iit.local/gturrisi/isaaclab_ws_home/basic-locomotion-dls-isaaclab/deploy/dls2_ws/install/dls2_interfaces/include/dls2_interfaces/dls2_interfaces/msg/base_state.hpp
-- Installing: /home/iit.local/gturrisi/isaaclab_ws_home/basic-locomotion-dls-isaaclab/deploy/dls2_ws/install/dls2_interfaces/include/dls2_interfaces/dls2_interfaces/msg/pose.hpp
-- Installing: /home/iit.local/gturrisi/isaaclab_ws_home/basic-locomotion-dls-isaaclab/deploy/dls2_ws/install/dls2_interfaces/include/dls2_interfaces/dls2_interfaces/msg/trajectory_generator.hpp
-- Installing: /home/iit.local/gturrisi/isaaclab_ws_home/basic-locomotion-dls-isaaclab/deploy/dls2_ws/install/dls2_interfaces/include/dls2_interfaces/dls2_interfaces/msg/screw.hpp
-- Up-to-date: /home/iit.local/gturrisi/isaaclab_ws_home/basic-locomotion-dls-isaaclab/deploy/dls2_ws/install/dls2_interfaces/include/dls2_interfaces/dls2_interfaces/msg/rosidl_generator_cpp__visibility_control.hpp
-- Up-to-date: /home/iit.local/gturrisi/isaaclab_ws_home/basic-locomotion-dls-isaaclab/deploy/dls2_ws/install/dls2_interfaces/include/dls2_interfaces/dls2_interfaces
-- Up-to-date: /home/iit.local/gturrisi/isaaclab_ws_home/basic-locomotion-dls-isaaclab/deploy/dls2_ws/install/dls2_interfaces/include/dls2_interfaces/dls2_interfaces/msg
-- Up-to-date: /home/iit.local/gturrisi/isaaclab_ws_home/basic-locomotion-dls-isaaclab/deploy/dls2_ws/install/dls2_interfaces/include/dls2_interfaces/dls2_interfaces/msg/rosidl_typesupport_fastrtps_cpp__visibility_control.h
-- Up-to-date: /home/iit.local/gturrisi/isaaclab_ws_home/basic-locomotion-dls-isaaclab/deploy/dls2_ws/install/dls2_interfaces/include/dls2_interfaces/dls2_interfaces/msg/detail
-- Installing: /home/iit.local/gturrisi/isaaclab_ws_home/basic-locomotion-dls-isaaclab/deploy/dls2_ws/install/dls2_interfaces/include/dls2_interfaces/dls2_interfaces/msg/detail/trajectory_generator__rosidl_typesupport_fastrtps_cpp.hpp
-- Installing: /home/iit.local/gturrisi/isaaclab_ws_home/basic-locomotion-dls-isaaclab/deploy/dls2_ws/install/dls2_interfaces/include/dls2_interfaces/dls2_interfaces/msg/detail/screw__rosidl_typesupport_fastrtps_cpp.hpp
-- Installing: /home/iit.local/gturrisi/isaaclab_ws_home/basic-locomotion-dls-isaaclab/deploy/dls2_ws/install/dls2_interfaces/include/dls2_interfaces/dls2_interfaces/msg/detail/pose__rosidl_typesupport_fastrtps_cpp.hpp
-- Installing: /home/iit.local/gturrisi/isaaclab_ws_home/basic-locomotion-dls-isaaclab/deploy/dls2_ws/install/dls2_interfaces/include/dls2_interfaces/dls2_interfaces/msg/detail/imu__rosidl_typesupport_fastrtps_cpp.hpp
-- Installing: /home/iit.local/gturrisi/isaaclab_ws_home/basic-locomotion-dls-isaaclab/deploy/dls2_ws/install/dls2_interfaces/include/dls2_interfaces/dls2_interfaces/msg/detail/blind_state__rosidl_typesupport_fastrtps_cpp.hpp
-- Up-to-date: /home/iit.local/gturrisi/isaaclab_ws_home/basic-locomotion-dls-isaaclab/deploy/dls2_ws/install/dls2_interfaces/include/dls2_interfaces/dls2_interfaces/msg/detail/dds_fastrtps
-- Installing: /home/iit.local/gturrisi/isaaclab_ws_home/basic-locomotion-dls-isaaclab/deploy/dls2_ws/install/dls2_interfaces/include/dls2_interfaces/dls2_interfaces/msg/detail/base_state__rosidl_typesupport_fastrtps_cpp.hpp
-- Installing: /home/iit.local/gturrisi/isaaclab_ws_home/basic-locomotion-dls-isaaclab/deploy/dls2_ws/install/dls2_interfaces/lib/libdls2_interfaces__rosidl_typesupport_fastrtps_cpp.so
-- Up-to-date: /home/iit.local/gturrisi/isaaclab_ws_home/basic-locomotion-dls-isaaclab/deploy/dls2_ws/install/dls2_interfaces/include/dls2_interfaces/dls2_interfaces
-- Up-to-date: /home/iit.local/gturrisi/isaaclab_ws_home/basic-locomotion-dls-isaaclab/deploy/dls2_ws/install/dls2_interfaces/include/dls2_interfaces/dls2_interfaces/msg
-- Up-to-date: /home/iit.local/gturrisi/isaaclab_ws_home/basic-locomotion-dls-isaaclab/deploy/dls2_ws/install/dls2_interfaces/include/dls2_interfaces/dls2_interfaces/msg/detail
-- Installing: /home/iit.local/gturrisi/isaaclab_ws_home/basic-locomotion-dls-isaaclab/deploy/dls2_ws/install/dls2_interfaces/include/dls2_interfaces/dls2_interfaces/msg/detail/pose__rosidl_typesupport_introspection_cpp.hpp
-- Installing: /home/iit.local/gturrisi/isaaclab_ws_home/basic-locomotion-dls-isaaclab/deploy/dls2_ws/install/dls2_interfaces/include/dls2_interfaces/dls2_interfaces/msg/detail/imu__type_support.cpp
-- Installing: /home/iit.local/gturrisi/isaaclab_ws_home/basic-locomotion-dls-isaaclab/deploy/dls2_ws/install/dls2_interfaces/include/dls2_interfaces/dls2_interfaces/msg/detail/base_state__rosidl_typesupport_introspection_cpp.hpp
-- Installing: /home/iit.local/gturrisi/isaaclab_ws_home/basic-locomotion-dls-isaaclab/deploy/dls2_ws/install/dls2_interfaces/include/dls2_interfaces/dls2_interfaces/msg/detail/imu__rosidl_typesupport_introspection_cpp.hpp
-- Installing: /home/iit.local/gturrisi/isaaclab_ws_home/basic-locomotion-dls-isaaclab/deploy/dls2_ws/install/dls2_interfaces/include/dls2_interfaces/dls2_interfaces/msg/detail/base_state__type_support.cpp
-- Installing: /home/iit.local/gturrisi/isaaclab_ws_home/basic-locomotion-dls-isaaclab/deploy/dls2_ws/install/dls2_interfaces/include/dls2_interfaces/dls2_interfaces/msg/detail/trajectory_generator__type_support.cpp
-- Installing: /home/iit.local/gturrisi/isaaclab_ws_home/basic-locomotion-dls-isaaclab/deploy/dls2_ws/install/dls2_interfaces/include/dls2_interfaces/dls2_interfaces/msg/detail/trajectory_generator__rosidl_typesupport_introspection_cpp.hpp
-- Installing: /home/iit.local/gturrisi/isaaclab_ws_home/basic-locomotion-dls-isaaclab/deploy/dls2_ws/install/dls2_interfaces/include/dls2_interfaces/dls2_interfaces/msg/detail/pose__type_support.cpp
-- Installing: /home/iit.local/gturrisi/isaaclab_ws_home/basic-locomotion-dls-isaaclab/deploy/dls2_ws/install/dls2_interfaces/include/dls2_interfaces/dls2_interfaces/msg/detail/blind_state__rosidl_typesupport_introspection_cpp.hpp
-- Installing: /home/iit.local/gturrisi/isaaclab_ws_home/basic-locomotion-dls-isaaclab/deploy/dls2_ws/install/dls2_interfaces/include/dls2_interfaces/dls2_interfaces/msg/detail/blind_state__type_support.cpp
-- Installing: /home/iit.local/gturrisi/isaaclab_ws_home/basic-locomotion-dls-isaaclab/deploy/dls2_ws/install/dls2_interfaces/include/dls2_interfaces/dls2_interfaces/msg/detail/screw__rosidl_typesupport_introspection_cpp.hpp
-- Installing: /home/iit.local/gturrisi/isaaclab_ws_home/basic-locomotion-dls-isaaclab/deploy/dls2_ws/install/dls2_interfaces/include/dls2_interfaces/dls2_interfaces/msg/detail/screw__type_support.cpp
-- Installing: /home/iit.local/gturrisi/isaaclab_ws_home/basic-locomotion-dls-isaaclab/deploy/dls2_ws/install/dls2_interfaces/lib/libdls2_interfaces__rosidl_typesupport_introspection_cpp.so
-- Installing: /home/iit.local/gturrisi/isaaclab_ws_home/basic-locomotion-dls-isaaclab/deploy/dls2_ws/install/dls2_interfaces/lib/libdls2_interfaces__rosidl_typesupport_cpp.so
-- Up-to-date: /home/iit.local/gturrisi/isaaclab_ws_home/basic-locomotion-dls-isaaclab/deploy/dls2_ws/install/dls2_interfaces/share/dls2_interfaces/environment/pythonpath.sh
-- Installing: /home/iit.local/gturrisi/isaaclab_ws_home/basic-locomotion-dls-isaaclab/deploy/dls2_ws/install/dls2_interfaces/share/dls2_interfaces/environment/pythonpath.dsv
-- Up-to-date: /home/iit.local/gturrisi/isaaclab_ws_home/basic-locomotion-dls-isaaclab/deploy/dls2_ws/install/dls2_interfaces/lib/python3.11/site-packages/dls2_interfaces-0.0.0-py3.11.egg-info
-- Installing: /home/iit.local/gturrisi/isaaclab_ws_home/basic-locomotion-dls-isaaclab/deploy/dls2_ws/install/dls2_interfaces/lib/python3.11/site-packages/dls2_interfaces-0.0.0-py3.11.egg-info/SOURCES.txt
-- Installing: /home/iit.local/gturrisi/isaaclab_ws_home/basic-locomotion-dls-isaaclab/deploy/dls2_ws/install/dls2_interfaces/lib/python3.11/site-packages/dls2_interfaces-0.0.0-py3.11.egg-info/top_level.txt
-- Installing: /home/iit.local/gturrisi/isaaclab_ws_home/basic-locomotion-dls-isaaclab/deploy/dls2_ws/install/dls2_interfaces/lib/python3.11/site-packages/dls2_interfaces-0.0.0-py3.11.egg-info/dependency_links.txt
-- Installing: /home/iit.local/gturrisi/isaaclab_ws_home/basic-locomotion-dls-isaaclab/deploy/dls2_ws/install/dls2_interfaces/lib/python3.11/site-packages/dls2_interfaces-0.0.0-py3.11.egg-info/PKG-INFO
-- Up-to-date: /home/iit.local/gturrisi/isaaclab_ws_home/basic-locomotion-dls-isaaclab/deploy/dls2_ws/install/dls2_interfaces/lib/python3.11/site-packages/dls2_interfaces
-- Installing: /home/iit.local/gturrisi/isaaclab_ws_home/basic-locomotion-dls-isaaclab/deploy/dls2_ws/install/dls2_interfaces/lib/python3.11/site-packages/dls2_interfaces/libdls2_interfaces__rosidl_generator_py.so
-- Installing: /home/iit.local/gturrisi/isaaclab_ws_home/basic-locomotion-dls-isaaclab/deploy/dls2_ws/install/dls2_interfaces/lib/python3.11/site-packages/dls2_interfaces/dls2_interfaces_s__rosidl_typesupport_fastrtps_c.cpython-311-x86_64-linux-gnu.so
-- Installing: /home/iit.local/gturrisi/isaaclab_ws_home/basic-locomotion-dls-isaaclab/deploy/dls2_ws/install/dls2_interfaces/lib/python3.11/site-packages/dls2_interfaces/_dls2_interfaces_s.ep.rosidl_typesupport_introspection_c.c
-- Installing: /home/iit.local/gturrisi/isaaclab_ws_home/basic-locomotion-dls-isaaclab/deploy/dls2_ws/install/dls2_interfaces/lib/python3.11/site-packages/dls2_interfaces/dls2_interfaces_s__rosidl_typesupport_c.cpython-311-x86_64-linux-gnu.so
-- Installing: /home/iit.local/gturrisi/isaaclab_ws_home/basic-locomotion-dls-isaaclab/deploy/dls2_ws/install/dls2_interfaces/lib/python3.11/site-packages/dls2_interfaces/_dls2_interfaces_s.ep.rosidl_typesupport_fastrtps_c.c
-- Up-to-date: /home/iit.local/gturrisi/isaaclab_ws_home/basic-locomotion-dls-isaaclab/deploy/dls2_ws/install/dls2_interfaces/lib/python3.11/site-packages/dls2_interfaces/msg
-- Installing: /home/iit.local/gturrisi/isaaclab_ws_home/basic-locomotion-dls-isaaclab/deploy/dls2_ws/install/dls2_interfaces/lib/python3.11/site-packages/dls2_interfaces/msg/_screw_s.c
-- Installing: /home/iit.local/gturrisi/isaaclab_ws_home/basic-locomotion-dls-isaaclab/deploy/dls2_ws/install/dls2_interfaces/lib/python3.11/site-packages/dls2_interfaces/msg/_blind_state_s.c
-- Installing: /home/iit.local/gturrisi/isaaclab_ws_home/basic-locomotion-dls-isaaclab/deploy/dls2_ws/install/dls2_interfaces/lib/python3.11/site-packages/dls2_interfaces/msg/_pose.py
-- Installing: /home/iit.local/gturrisi/isaaclab_ws_home/basic-locomotion-dls-isaaclab/deploy/dls2_ws/install/dls2_interfaces/lib/python3.11/site-packages/dls2_interfaces/msg/_base_state.py
-- Installing: /home/iit.local/gturrisi/isaaclab_ws_home/basic-locomotion-dls-isaaclab/deploy/dls2_ws/install/dls2_interfaces/lib/python3.11/site-packages/dls2_interfaces/msg/_screw.py
-- Installing: /home/iit.local/gturrisi/isaaclab_ws_home/basic-locomotion-dls-isaaclab/deploy/dls2_ws/install/dls2_interfaces/lib/python3.11/site-packages/dls2_interfaces/msg/_blind_state.py
-- Installing: /home/iit.local/gturrisi/isaaclab_ws_home/basic-locomotion-dls-isaaclab/deploy/dls2_ws/install/dls2_interfaces/lib/python3.11/site-packages/dls2_interfaces/msg/_imu_s.c
-- Installing: /home/iit.local/gturrisi/isaaclab_ws_home/basic-locomotion-dls-isaaclab/deploy/dls2_ws/install/dls2_interfaces/lib/python3.11/site-packages/dls2_interfaces/msg/_base_state_s.c
-- Installing: /home/iit.local/gturrisi/isaaclab_ws_home/basic-locomotion-dls-isaaclab/deploy/dls2_ws/install/dls2_interfaces/lib/python3.11/site-packages/dls2_interfaces/msg/_trajectory_generator.py
-- Installing: /home/iit.local/gturrisi/isaaclab_ws_home/basic-locomotion-dls-isaaclab/deploy/dls2_ws/install/dls2_interfaces/lib/python3.11/site-packages/dls2_interfaces/msg/__init__.py
-- Installing: /home/iit.local/gturrisi/isaaclab_ws_home/basic-locomotion-dls-isaaclab/deploy/dls2_ws/install/dls2_interfaces/lib/python3.11/site-packages/dls2_interfaces/msg/_imu.py
-- Installing: /home/iit.local/gturrisi/isaaclab_ws_home/basic-locomotion-dls-isaaclab/deploy/dls2_ws/install/dls2_interfaces/lib/python3.11/site-packages/dls2_interfaces/msg/_trajectory_generator_s.c
-- Installing: /home/iit.local/gturrisi/isaaclab_ws_home/basic-locomotion-dls-isaaclab/deploy/dls2_ws/install/dls2_interfaces/lib/python3.11/site-packages/dls2_interfaces/msg/_pose_s.c
-- Installing: /home/iit.local/gturrisi/isaaclab_ws_home/basic-locomotion-dls-isaaclab/deploy/dls2_ws/install/dls2_interfaces/lib/python3.11/site-packages/dls2_interfaces/__init__.py
-- Installing: /home/iit.local/gturrisi/isaaclab_ws_home/basic-locomotion-dls-isaaclab/deploy/dls2_ws/install/dls2_interfaces/lib/python3.11/site-packages/dls2_interfaces/_dls2_interfaces_s.ep.rosidl_typesupport_c.c
-- Installing: /home/iit.local/gturrisi/isaaclab_ws_home/basic-locomotion-dls-isaaclab/deploy/dls2_ws/install/dls2_interfaces/lib/python3.11/site-packages/dls2_interfaces/dls2_interfaces_s__rosidl_typesupport_introspection_c.cpython-311-x86_64-linux-gnu.so
Listing 'lib/python3.11/site-packages/dls2_interfaces'...
Can't list 'lib/python3.11/site-packages/dls2_interfaces'
-- Installing: /home/iit.local/gturrisi/isaaclab_ws_home/basic-locomotion-dls-isaaclab/deploy/dls2_ws/install/dls2_interfaces/lib/python3.11/site-packages/dls2_interfaces/dls2_interfaces_s__rosidl_typesupport_fastrtps_c.cpython-311-x86_64-linux-gnu.so
-- Set non-toolchain portion of runtime path of "/home/iit.local/gturrisi/isaaclab_ws_home/basic-locomotion-dls-isaaclab/deploy/dls2_ws/install/dls2_interfaces/lib/python3.11/site-packages/dls2_interfaces/dls2_interfaces_s__rosidl_typesupport_fastrtps_c.cpython-311-x86_64-linux-gnu.so" to ""
-- Installing: /home/iit.local/gturrisi/isaaclab_ws_home/basic-locomotion-dls-isaaclab/deploy/dls2_ws/install/dls2_interfaces/lib/python3.11/site-packages/dls2_interfaces/dls2_interfaces_s__rosidl_typesupport_introspection_c.cpython-311-x86_64-linux-gnu.so
-- Set non-toolchain portion of runtime path of "/home/iit.local/gturrisi/isaaclab_ws_home/basic-locomotion-dls-isaaclab/deploy/dls2_ws/install/dls2_interfaces/lib/python3.11/site-packages/dls2_interfaces/dls2_interfaces_s__rosidl_typesupport_introspection_c.cpython-311-x86_64-linux-gnu.so" to ""
-- Installing: /home/iit.local/gturrisi/isaaclab_ws_home/basic-locomotion-dls-isaaclab/deploy/dls2_ws/install/dls2_interfaces/lib/python3.11/site-packages/dls2_interfaces/dls2_interfaces_s__rosidl_typesupport_c.cpython-311-x86_64-linux-gnu.so
-- Set non-toolchain portion of runtime path of "/home/iit.local/gturrisi/isaaclab_ws_home/basic-locomotion-dls-isaaclab/deploy/dls2_ws/install/dls2_interfaces/lib/python3.11/site-packages/dls2_interfaces/dls2_interfaces_s__rosidl_typesupport_c.cpython-311-x86_64-linux-gnu.so" to ""
-- Installing: /home/iit.local/gturrisi/isaaclab_ws_home/basic-locomotion-dls-isaaclab/deploy/dls2_ws/install/dls2_interfaces/lib/libdls2_interfaces__rosidl_generator_py.so
-- Set non-toolchain portion of runtime path of "/home/iit.local/gturrisi/isaaclab_ws_home/basic-locomotion-dls-isaaclab/deploy/dls2_ws/install/dls2_interfaces/lib/libdls2_interfaces__rosidl_generator_py.so" to ""
-- Up-to-date: /home/iit.local/gturrisi/isaaclab_ws_home/basic-locomotion-dls-isaaclab/deploy/dls2_ws/install/dls2_interfaces/share/dls2_interfaces/msg/Pose.idl
-- Up-to-date: /home/iit.local/gturrisi/isaaclab_ws_home/basic-locomotion-dls-isaaclab/deploy/dls2_ws/install/dls2_interfaces/share/dls2_interfaces/msg/Screw.idl
-- Up-to-date: /home/iit.local/gturrisi/isaaclab_ws_home/basic-locomotion-dls-isaaclab/deploy/dls2_ws/install/dls2_interfaces/share/dls2_interfaces/msg/BlindState.idl
-- Installing: /home/iit.local/gturrisi/isaaclab_ws_home/basic-locomotion-dls-isaaclab/deploy/dls2_ws/install/dls2_interfaces/share/dls2_interfaces/msg/BaseState.idl
-- Up-to-date: /home/iit.local/gturrisi/isaaclab_ws_home/basic-locomotion-dls-isaaclab/deploy/dls2_ws/install/dls2_interfaces/share/dls2_interfaces/msg/Imu.idl
-- Up-to-date: /home/iit.local/gturrisi/isaaclab_ws_home/basic-locomotion-dls-isaaclab/deploy/dls2_ws/install/dls2_interfaces/share/dls2_interfaces/msg/TrajectoryGenerator.idl
-- Up-to-date: /home/iit.local/gturrisi/isaaclab_ws_home/basic-locomotion-dls-isaaclab/deploy/dls2_ws/install/dls2_interfaces/share/dls2_interfaces/msg/Pose.msg
-- Up-to-date: /home/iit.local/gturrisi/isaaclab_ws_home/basic-locomotion-dls-isaaclab/deploy/dls2_ws/install/dls2_interfaces/share/dls2_interfaces/msg/Screw.msg
-- Up-to-date: /home/iit.local/gturrisi/isaaclab_ws_home/basic-locomotion-dls-isaaclab/deploy/dls2_ws/install/dls2_interfaces/share/dls2_interfaces/msg/BlindState.msg
-- Installing: /home/iit.local/gturrisi/isaaclab_ws_home/basic-locomotion-dls-isaaclab/deploy/dls2_ws/install/dls2_interfaces/share/dls2_interfaces/msg/BaseState.msg
-- Up-to-date: /home/iit.local/gturrisi/isaaclab_ws_home/basic-locomotion-dls-isaaclab/deploy/dls2_ws/install/dls2_interfaces/share/dls2_interfaces/msg/Imu.msg
-- Up-to-date: /home/iit.local/gturrisi/isaaclab_ws_home/basic-locomotion-dls-isaaclab/deploy/dls2_ws/install/dls2_interfaces/share/dls2_interfaces/msg/TrajectoryGenerator.msg
-- Up-to-date: /home/iit.local/gturrisi/isaaclab_ws_home/basic-locomotion-dls-isaaclab/deploy/dls2_ws/install/dls2_interfaces/share/ament_index/resource_index/package_run_dependencies/dls2_interfaces
-- Up-to-date: /home/iit.local/gturrisi/isaaclab_ws_home/basic-locomotion-dls-isaaclab/deploy/dls2_ws/install/dls2_interfaces/share/ament_index/resource_index/parent_prefix_path/dls2_interfaces
-- Up-to-date: /home/iit.local/gturrisi/isaaclab_ws_home/basic-locomotion-dls-isaaclab/deploy/dls2_ws/install/dls2_interfaces/share/dls2_interfaces/environment/ament_prefix_path.sh
-- Installing: /home/iit.local/gturrisi/isaaclab_ws_home/basic-locomotion-dls-isaaclab/deploy/dls2_ws/install/dls2_interfaces/share/dls2_interfaces/environment/ament_prefix_path.dsv
-- Up-to-date: /home/iit.local/gturrisi/isaaclab_ws_home/basic-locomotion-dls-isaaclab/deploy/dls2_ws/install/dls2_interfaces/share/dls2_interfaces/environment/path.sh
-- Installing: /home/iit.local/gturrisi/isaaclab_ws_home/basic-locomotion-dls-isaaclab/deploy/dls2_ws/install/dls2_interfaces/share/dls2_interfaces/environment/path.dsv
-- Up-to-date: /home/iit.local/gturrisi/isaaclab_ws_home/basic-locomotion-dls-isaaclab/deploy/dls2_ws/install/dls2_interfaces/share/dls2_interfaces/local_setup.bash
-- Up-to-date: /home/iit.local/gturrisi/isaaclab_ws_home/basic-locomotion-dls-isaaclab/deploy/dls2_ws/install/dls2_interfaces/share/dls2_interfaces/local_setup.sh
-- Up-to-date: /home/iit.local/gturrisi/isaaclab_ws_home/basic-locomotion-dls-isaaclab/deploy/dls2_ws/install/dls2_interfaces/share/dls2_interfaces/local_setup.zsh
-- Installing: /home/iit.local/gturrisi/isaaclab_ws_home/basic-locomotion-dls-isaaclab/deploy/dls2_ws/install/dls2_interfaces/share/dls2_interfaces/local_setup.dsv
-- Installing: /home/iit.local/gturrisi/isaaclab_ws_home/basic-locomotion-dls-isaaclab/deploy/dls2_ws/install/dls2_interfaces/share/dls2_interfaces/package.dsv
-- Up-to-date: /home/iit.local/gturrisi/isaaclab_ws_home/basic-locomotion-dls-isaaclab/deploy/dls2_ws/install/dls2_interfaces/share/ament_index/resource_index/packages/dls2_interfaces
-- Up-to-date: /home/iit.local/gturrisi/isaaclab_ws_home/basic-locomotion-dls-isaaclab/deploy/dls2_ws/install/dls2_interfaces/share/dls2_interfaces/cmake/export_dls2_interfaces__rosidl_generator_cExport.cmake
-- Up-to-date: /home/iit.local/gturrisi/isaaclab_ws_home/basic-locomotion-dls-isaaclab/deploy/dls2_ws/install/dls2_interfaces/share/dls2_interfaces/cmake/export_dls2_interfaces__rosidl_generator_cExport-noconfig.cmake
-- Up-to-date: /home/iit.local/gturrisi/isaaclab_ws_home/basic-locomotion-dls-isaaclab/deploy/dls2_ws/install/dls2_interfaces/share/dls2_interfaces/cmake/export_dls2_interfaces__rosidl_typesupport_fastrtps_cExport.cmake
-- Up-to-date: /home/iit.local/gturrisi/isaaclab_ws_home/basic-locomotion-dls-isaaclab/deploy/dls2_ws/install/dls2_interfaces/share/dls2_interfaces/cmake/export_dls2_interfaces__rosidl_typesupport_fastrtps_cExport-noconfig.cmake
-- Up-to-date: /home/iit.local/gturrisi/isaaclab_ws_home/basic-locomotion-dls-isaaclab/deploy/dls2_ws/install/dls2_interfaces/share/dls2_interfaces/cmake/dls2_interfaces__rosidl_typesupport_introspection_cExport.cmake
-- Up-to-date: /home/iit.local/gturrisi/isaaclab_ws_home/basic-locomotion-dls-isaaclab/deploy/dls2_ws/install/dls2_interfaces/share/dls2_interfaces/cmake/dls2_interfaces__rosidl_typesupport_introspection_cExport-noconfig.cmake
-- Up-to-date: /home/iit.local/gturrisi/isaaclab_ws_home/basic-locomotion-dls-isaaclab/deploy/dls2_ws/install/dls2_interfaces/share/dls2_interfaces/cmake/dls2_interfaces__rosidl_typesupport_cExport.cmake
-- Up-to-date: /home/iit.local/gturrisi/isaaclab_ws_home/basic-locomotion-dls-isaaclab/deploy/dls2_ws/install/dls2_interfaces/share/dls2_interfaces/cmake/dls2_interfaces__rosidl_typesupport_cExport-noconfig.cmake
-- Up-to-date: /home/iit.local/gturrisi/isaaclab_ws_home/basic-locomotion-dls-isaaclab/deploy/dls2_ws/install/dls2_interfaces/share/dls2_interfaces/cmake/export_dls2_interfaces__rosidl_generator_cppExport.cmake
-- Up-to-date: /home/iit.local/gturrisi/isaaclab_ws_home/basic-locomotion-dls-isaaclab/deploy/dls2_ws/install/dls2_interfaces/share/dls2_interfaces/cmake/export_dls2_interfaces__rosidl_typesupport_fastrtps_cppExport.cmake
-- Up-to-date: /home/iit.local/gturrisi/isaaclab_ws_home/basic-locomotion-dls-isaaclab/deploy/dls2_ws/install/dls2_interfaces/share/dls2_interfaces/cmake/export_dls2_interfaces__rosidl_typesupport_fastrtps_cppExport-noconfig.cmake
-- Up-to-date: /home/iit.local/gturrisi/isaaclab_ws_home/basic-locomotion-dls-isaaclab/deploy/dls2_ws/install/dls2_interfaces/share/dls2_interfaces/cmake/dls2_interfaces__rosidl_typesupport_introspection_cppExport.cmake
-- Up-to-date: /home/iit.local/gturrisi/isaaclab_ws_home/basic-locomotion-dls-isaaclab/deploy/dls2_ws/install/dls2_interfaces/share/dls2_interfaces/cmake/dls2_interfaces__rosidl_typesupport_introspection_cppExport-noconfig.cmake
-- Up-to-date: /home/iit.local/gturrisi/isaaclab_ws_home/basic-locomotion-dls-isaaclab/deploy/dls2_ws/install/dls2_interfaces/share/dls2_interfaces/cmake/dls2_interfaces__rosidl_typesupport_cppExport.cmake
-- Up-to-date: /home/iit.local/gturrisi/isaaclab_ws_home/basic-locomotion-dls-isaaclab/deploy/dls2_ws/install/dls2_interfaces/share/dls2_interfaces/cmake/dls2_interfaces__rosidl_typesupport_cppExport-noconfig.cmake
-- Up-to-date: /home/iit.local/gturrisi/isaaclab_ws_home/basic-locomotion-dls-isaaclab/deploy/dls2_ws/install/dls2_interfaces/share/dls2_interfaces/cmake/export_dls2_interfaces__rosidl_generator_pyExport.cmake
-- Up-to-date: /home/iit.local/gturrisi/isaaclab_ws_home/basic-locomotion-dls-isaaclab/deploy/dls2_ws/install/dls2_interfaces/share/dls2_interfaces/cmake/export_dls2_interfaces__rosidl_generator_pyExport-noconfig.cmake
-- Up-to-date: /home/iit.local/gturrisi/isaaclab_ws_home/basic-locomotion-dls-isaaclab/deploy/dls2_ws/install/dls2_interfaces/share/dls2_interfaces/cmake/rosidl_cmake-extras.cmake
-- Up-to-date: /home/iit.local/gturrisi/isaaclab_ws_home/basic-locomotion-dls-isaaclab/deploy/dls2_ws/install/dls2_interfaces/share/dls2_interfaces/cmake/ament_cmake_export_include_directories-extras.cmake
-- Up-to-date: /home/iit.local/gturrisi/isaaclab_ws_home/basic-locomotion-dls-isaaclab/deploy/dls2_ws/install/dls2_interfaces/share/dls2_interfaces/cmake/ament_cmake_export_libraries-extras.cmake
-- Up-to-date: /home/iit.local/gturrisi/isaaclab_ws_home/basic-locomotion-dls-isaaclab/deploy/dls2_ws/install/dls2_interfaces/share/dls2_interfaces/cmake/ament_cmake_export_targets-extras.cmake
-- Up-to-date: /home/iit.local/gturrisi/isaaclab_ws_home/basic-locomotion-dls-isaaclab/deploy/dls2_ws/install/dls2_interfaces/share/dls2_interfaces/cmake/rosidl_cmake_export_typesupport_targets-extras.cmake
-- Up-to-date: /home/iit.local/gturrisi/isaaclab_ws_home/basic-locomotion-dls-isaaclab/deploy/dls2_ws/install/dls2_interfaces/share/dls2_interfaces/cmake/ament_cmake_export_dependencies-extras.cmake
-- Up-to-date: /home/iit.local/gturrisi/isaaclab_ws_home/basic-locomotion-dls-isaaclab/deploy/dls2_ws/install/dls2_interfaces/share/dls2_interfaces/cmake/rosidl_cmake_export_typesupport_libraries-extras.cmake
-- Up-to-date: /home/iit.local/gturrisi/isaaclab_ws_home/basic-locomotion-dls-isaaclab/deploy/dls2_ws/install/dls2_interfaces/share/dls2_interfaces/cmake/dls2_interfacesConfig.cmake
-- Up-to-date: /home/iit.local/gturrisi/isaaclab_ws_home/basic-locomotion-dls-isaaclab/deploy/dls2_ws/install/dls2_interfaces/share/dls2_interfaces/cmake/dls2_interfacesConfig-version.cmake
-- Up-to-date: /home/iit.local/gturrisi/isaaclab_ws_home/basic-locomotion-dls-isaaclab/deploy/dls2_ws/install/dls2_interfaces/share/dls2_interfaces/package.xml
