[0.007s] Invoking command in '/home/iit.local/gturrisi/isaaclab_ws_home/basic-locomotion-dls-isaaclab/deploy/dls2_ws/build/dls2_interfaces': CONDA_PROMPT_MODIFIER=(basic_locomotion_dls_isaaclab_ros2_env) /home/iit.local/gturrisi/miniforge3/envs/basic_locomotion_dls_isaaclab_ros2_env/bin/cmake --build /home/iit.local/gturrisi/isaaclab_ws_home/basic-locomotion-dls-isaaclab/deploy/dls2_ws/build/dls2_interfaces -- -j20 -l20
[0.026s] [0mCMake Deprecation Warning at CMakeLists.txt:2 (cmake_minimum_required):
[0.027s]   Compatibility with CMake < 3.10 will be removed from a future version of
[0.027s]   CMake.
[0.027s] 
[0.027s]   Update the VERSION argument <min> value.  Or, use the <min>...<max> syntax
[0.027s]   to tell CMake that the project requires at least <min> but has been updated
[0.027s]   to work with policies introduced by <max> or earlier.
[0.027s] 
[0.027s] [0m
[0.031s] -- Found ament_cmake: 1.3.12 (/home/iit.local/gturrisi/miniforge3/envs/basic_locomotion_dls_isaaclab_ros2_env/share/ament_cmake/cmake)
[0.157s] -- Found rosidl_default_generators: 1.2.0 (/home/iit.local/gturrisi/miniforge3/envs/basic_locomotion_dls_isaaclab_ros2_env/share/rosidl_default_generators/cmake)
[0.158s] -- Using all available rosidl_typesupport_c: rosidl_typesupport_fastrtps_c;rosidl_typesupport_introspection_c
[0.160s] -- Found rosidl_adapter: 3.1.6 (/home/iit.local/gturrisi/miniforge3/envs/basic_locomotion_dls_isaaclab_ros2_env/share/rosidl_adapter/cmake)
[0.184s] -- Using all available rosidl_typesupport_cpp: rosidl_typesupport_fastrtps_cpp;rosidl_typesupport_introspection_cpp
[0.479s] -- Found ament_cmake_ros: 0.10.0 (/home/iit.local/gturrisi/miniforge3/envs/basic_locomotion_dls_isaaclab_ros2_env/share/ament_cmake_ros/cmake)
[0.738s] -- Using all available rosidl_typesupport_c: rosidl_typesupport_fastrtps_c;rosidl_typesupport_introspection_c
[1.058s] -- Using all available rosidl_typesupport_cpp: rosidl_typesupport_fastrtps_cpp;rosidl_typesupport_introspection_cpp
[1.060s] -- Found python_cmake_module: 0.10.0 (/home/iit.local/gturrisi/miniforge3/envs/basic_locomotion_dls_isaaclab_ros2_env/share/python_cmake_module/cmake)
[1.060s] [33mCMake Warning (dev) at /home/iit.local/gturrisi/miniforge3/envs/basic_locomotion_dls_isaaclab_ros2_env/share/python_cmake_module/cmake/Modules/FindPythonExtra.cmake:52 (find_package):
[1.060s]   Policy CMP0148 is not set: The FindPythonInterp and FindPythonLibs modules
[1.060s]   are removed.  Run "cmake --help-policy CMP0148" for policy details.  Use
[1.060s]   the cmake_policy command to set the policy and suppress this warning.
[1.060s] 
[1.060s] Call Stack (most recent call first):
[1.060s]   /home/iit.local/gturrisi/miniforge3/envs/basic_locomotion_dls_isaaclab_ros2_env/share/rosidl_generator_py/cmake/rosidl_generator_py_generate_interfaces.cmake:33 (find_package)
[1.060s]   /home/iit.local/gturrisi/miniforge3/envs/basic_locomotion_dls_isaaclab_ros2_env/share/ament_cmake_core/cmake/core/ament_execute_extensions.cmake:48 (include)
[1.060s]   /home/iit.local/gturrisi/miniforge3/envs/basic_locomotion_dls_isaaclab_ros2_env/share/rosidl_cmake/cmake/rosidl_generate_interfaces.cmake:286 (ament_execute_extensions)
[1.060s]   CMakeLists.txt:13 (rosidl_generate_interfaces)
[1.060s] This warning is for project developers.  Use -Wno-dev to suppress it.
[1.061s] [0m
[1.071s] [33mCMake Warning (dev) at /home/iit.local/gturrisi/miniforge3/envs/basic_locomotion_dls_isaaclab_ros2_env/share/python_cmake_module/cmake/Modules/FindPythonExtra.cmake:140 (find_package):
[1.071s]   Policy CMP0148 is not set: The FindPythonInterp and FindPythonLibs modules
[1.071s]   are removed.  Run "cmake --help-policy CMP0148" for policy details.  Use
[1.071s]   the cmake_policy command to set the policy and suppress this warning.
[1.071s] 
[1.071s] Call Stack (most recent call first):
[1.071s]   /home/iit.local/gturrisi/miniforge3/envs/basic_locomotion_dls_isaaclab_ros2_env/share/rosidl_generator_py/cmake/rosidl_generator_py_generate_interfaces.cmake:33 (find_package)
[1.071s]   /home/iit.local/gturrisi/miniforge3/envs/basic_locomotion_dls_isaaclab_ros2_env/share/ament_cmake_core/cmake/core/ament_execute_extensions.cmake:48 (include)
[1.071s]   /home/iit.local/gturrisi/miniforge3/envs/basic_locomotion_dls_isaaclab_ros2_env/share/rosidl_cmake/cmake/rosidl_generate_interfaces.cmake:286 (ament_execute_extensions)
[1.071s]   CMakeLists.txt:13 (rosidl_generate_interfaces)
[1.071s] This warning is for project developers.  Use -Wno-dev to suppress it.
[1.071s] [0m
[1.072s] -- Using PYTHON_EXECUTABLE: /home/iit.local/gturrisi/miniforge3/envs/basic_locomotion_dls_isaaclab_ros2_env/bin/python3
[1.072s] -- Using PYTHON_INCLUDE_DIRS: /home/iit.local/gturrisi/miniforge3/envs/basic_locomotion_dls_isaaclab_ros2_env/include/python3.11
[1.072s] -- Using PYTHON_LIBRARIES: /home/iit.local/gturrisi/miniforge3/envs/basic_locomotion_dls_isaaclab_ros2_env/lib/libpython3.11.so
[1.395s] -- Found ament_lint_auto: 0.12.12 (/home/iit.local/gturrisi/miniforge3/envs/basic_locomotion_dls_isaaclab_ros2_env/share/ament_lint_auto/cmake)
[1.401s] -- Added test 'lint_cmake' to check CMake code style
[1.402s] -- Added test 'xmllint' to check XML markup files
[1.403s] -- Configuring done (1.4s)
[1.435s] -- Generating done (0.0s)
[1.441s] -- Build files have been written to: /home/iit.local/gturrisi/isaaclab_ws_home/basic-locomotion-dls-isaaclab/deploy/dls2_ws/build/dls2_interfaces
[1.459s] [  1%] [1m[34mGenerating C code for ROS interfaces[0m
[1.466s] [  2%] [1m[34mGenerating C++ code for ROS interfaces[0m
[1.472s] [  2%] Built target ament_cmake_python_copy_dls2_interfaces
[1.596s] running egg_info
[1.603s] writing dls2_interfaces.egg-info/PKG-INFO
[1.604s] writing dependency_links to dls2_interfaces.egg-info/dependency_links.txt
[1.604s] writing top-level names to dls2_interfaces.egg-info/top_level.txt
[1.625s] reading manifest file 'dls2_interfaces.egg-info/SOURCES.txt'
[1.625s] writing manifest file 'dls2_interfaces.egg-info/SOURCES.txt'
[1.645s] [  2%] Built target ament_cmake_python_build_dls2_interfaces_egg
[1.790s] [  4%] [32mBuilding C object CMakeFiles/dls2_interfaces__rosidl_generator_c.dir/rosidl_generator_c/dls2_interfaces/msg/detail/base_state__functions.c.o[0m
[1.791s] [  5%] [32mBuilding C object CMakeFiles/dls2_interfaces__rosidl_generator_c.dir/rosidl_generator_c/dls2_interfaces/msg/detail/screw__functions.c.o[0m
[1.792s] [  7%] [32mBuilding C object CMakeFiles/dls2_interfaces__rosidl_generator_c.dir/rosidl_generator_c/dls2_interfaces/msg/detail/trajectory_generator__functions.c.o[0m
[1.792s] [  8%] [32mBuilding C object CMakeFiles/dls2_interfaces__rosidl_generator_c.dir/rosidl_generator_c/dls2_interfaces/msg/detail/blind_state__functions.c.o[0m
[1.792s] [  8%] Built target dls2_interfaces__cpp
[1.792s] [  9%] [32mBuilding C object CMakeFiles/dls2_interfaces__rosidl_generator_c.dir/rosidl_generator_c/dls2_interfaces/msg/detail/imu__functions.c.o[0m
[1.793s] [ 11%] [32mBuilding C object CMakeFiles/dls2_interfaces__rosidl_generator_c.dir/rosidl_generator_c/dls2_interfaces/msg/detail/pose__functions.c.o[0m
[1.798s] [ 12%] [1m[34mGenerating C++ type support dispatch for ROS interfaces[0m
[1.799s] [ 14%] [1m[34mGenerating C++ introspection for ROS interfaces[0m
[1.799s] [ 15%] [1m[34mGenerating C++ type support for eProsima Fast-RTPS[0m
[1.922s] [ 16%] [1m[32mLinking C shared library libdls2_interfaces__rosidl_generator_c.so[0m
[1.954s] [ 16%] Built target dls2_interfaces__rosidl_generator_c
[1.961s] [ 19%] [1m[34mGenerating C type support dispatch for ROS interfaces[0m
[1.961s] [ 19%] [1m[34mGenerating C type support for eProsima Fast-RTPS[0m
[1.961s] [ 21%] [1m[34mGenerating C introspection for ROS interfaces[0m
[2.076s] [ 22%] [32mBuilding CXX object CMakeFiles/dls2_interfaces__rosidl_typesupport_cpp.dir/rosidl_typesupport_cpp/dls2_interfaces/msg/blind_state__type_support.cpp.o[0m
[2.076s] [ 23%] [32mBuilding CXX object CMakeFiles/dls2_interfaces__rosidl_typesupport_cpp.dir/rosidl_typesupport_cpp/dls2_interfaces/msg/base_state__type_support.cpp.o[0m
[2.076s] [ 25%] [32mBuilding CXX object CMakeFiles/dls2_interfaces__rosidl_typesupport_cpp.dir/rosidl_typesupport_cpp/dls2_interfaces/msg/pose__type_support.cpp.o[0m
[2.076s] [ 26%] [32mBuilding CXX object CMakeFiles/dls2_interfaces__rosidl_typesupport_cpp.dir/rosidl_typesupport_cpp/dls2_interfaces/msg/imu__type_support.cpp.o[0m
[2.078s] [ 28%] [32mBuilding CXX object CMakeFiles/dls2_interfaces__rosidl_typesupport_cpp.dir/rosidl_typesupport_cpp/dls2_interfaces/msg/trajectory_generator__type_support.cpp.o[0m
[2.078s] [ 29%] [32mBuilding CXX object CMakeFiles/dls2_interfaces__rosidl_typesupport_cpp.dir/rosidl_typesupport_cpp/dls2_interfaces/msg/screw__type_support.cpp.o[0m
[2.105s] [ 30%] [32mBuilding CXX object CMakeFiles/dls2_interfaces__rosidl_typesupport_fastrtps_cpp.dir/rosidl_typesupport_fastrtps_cpp/dls2_interfaces/msg/detail/dds_fastrtps/base_state__type_support.cpp.o[0m
[2.106s] [ 32%] [32mBuilding CXX object CMakeFiles/dls2_interfaces__rosidl_typesupport_fastrtps_cpp.dir/rosidl_typesupport_fastrtps_cpp/dls2_interfaces/msg/detail/dds_fastrtps/pose__type_support.cpp.o[0m
[2.106s] [ 33%] [32mBuilding CXX object CMakeFiles/dls2_interfaces__rosidl_typesupport_fastrtps_cpp.dir/rosidl_typesupport_fastrtps_cpp/dls2_interfaces/msg/detail/dds_fastrtps/blind_state__type_support.cpp.o[0m
[2.107s] [ 35%] [32mBuilding CXX object CMakeFiles/dls2_interfaces__rosidl_typesupport_fastrtps_cpp.dir/rosidl_typesupport_fastrtps_cpp/dls2_interfaces/msg/detail/dds_fastrtps/screw__type_support.cpp.o[0m
[2.107s] [ 36%] [32mBuilding CXX object CMakeFiles/dls2_interfaces__rosidl_typesupport_fastrtps_cpp.dir/rosidl_typesupport_fastrtps_cpp/dls2_interfaces/msg/detail/dds_fastrtps/imu__type_support.cpp.o[0m
[2.108s] [ 38%] [32mBuilding CXX object CMakeFiles/dls2_interfaces__rosidl_typesupport_fastrtps_cpp.dir/rosidl_typesupport_fastrtps_cpp/dls2_interfaces/msg/detail/dds_fastrtps/trajectory_generator__type_support.cpp.o[0m
[2.124s] [ 40%] [32mBuilding CXX object CMakeFiles/dls2_interfaces__rosidl_typesupport_introspection_cpp.dir/rosidl_typesupport_introspection_cpp/dls2_interfaces/msg/detail/blind_state__type_support.cpp.o[0m
[2.124s] [ 40%] [32mBuilding CXX object CMakeFiles/dls2_interfaces__rosidl_typesupport_introspection_cpp.dir/rosidl_typesupport_introspection_cpp/dls2_interfaces/msg/detail/base_state__type_support.cpp.o[0m
[2.124s] [ 42%] [32mBuilding CXX object CMakeFiles/dls2_interfaces__rosidl_typesupport_introspection_cpp.dir/rosidl_typesupport_introspection_cpp/dls2_interfaces/msg/detail/imu__type_support.cpp.o[0m
[2.125s] [ 43%] [32mBuilding CXX object CMakeFiles/dls2_interfaces__rosidl_typesupport_introspection_cpp.dir/rosidl_typesupport_introspection_cpp/dls2_interfaces/msg/detail/pose__type_support.cpp.o[0m
[2.130s] [ 45%] [32mBuilding CXX object CMakeFiles/dls2_interfaces__rosidl_typesupport_introspection_cpp.dir/rosidl_typesupport_introspection_cpp/dls2_interfaces/msg/detail/screw__type_support.cpp.o[0m
[2.413s] [ 46%] [32mBuilding CXX object CMakeFiles/dls2_interfaces__rosidl_typesupport_c.dir/rosidl_typesupport_c/dls2_interfaces/msg/base_state__type_support.cpp.o[0m
[2.420s] [ 47%] [32mBuilding CXX object CMakeFiles/dls2_interfaces__rosidl_typesupport_introspection_cpp.dir/rosidl_typesupport_introspection_cpp/dls2_interfaces/msg/detail/trajectory_generator__type_support.cpp.o[0m
[2.421s] [ 49%] [32mBuilding CXX object CMakeFiles/dls2_interfaces__rosidl_typesupport_c.dir/rosidl_typesupport_c/dls2_interfaces/msg/blind_state__type_support.cpp.o[0m
[2.462s] [ 50%] [32mBuilding CXX object CMakeFiles/dls2_interfaces__rosidl_typesupport_c.dir/rosidl_typesupport_c/dls2_interfaces/msg/imu__type_support.cpp.o[0m
[2.470s] [ 52%] [32mBuilding C object CMakeFiles/dls2_interfaces__rosidl_typesupport_introspection_c.dir/rosidl_typesupport_introspection_c/dls2_interfaces/msg/detail/base_state__type_support.c.o[0m
[2.473s] [ 53%] [32mBuilding C object CMakeFiles/dls2_interfaces__rosidl_typesupport_introspection_c.dir/rosidl_typesupport_introspection_c/dls2_interfaces/msg/detail/blind_state__type_support.c.o[0m
[2.490s] [ 54%] [32mBuilding CXX object CMakeFiles/dls2_interfaces__rosidl_typesupport_c.dir/rosidl_typesupport_c/dls2_interfaces/msg/pose__type_support.cpp.o[0m
[2.527s] [ 56%] [32mBuilding C object CMakeFiles/dls2_interfaces__rosidl_typesupport_introspection_c.dir/rosidl_typesupport_introspection_c/dls2_interfaces/msg/detail/imu__type_support.c.o[0m
[2.532s] [ 57%] [32mBuilding CXX object CMakeFiles/dls2_interfaces__rosidl_typesupport_fastrtps_c.dir/rosidl_typesupport_fastrtps_c/dls2_interfaces/msg/detail/base_state__type_support_c.cpp.o[0m
[2.535s] [ 59%] [32mBuilding C object CMakeFiles/dls2_interfaces__rosidl_typesupport_introspection_c.dir/rosidl_typesupport_introspection_c/dls2_interfaces/msg/detail/pose__type_support.c.o[0m
[2.535s] [ 60%] [32mBuilding CXX object CMakeFiles/dls2_interfaces__rosidl_typesupport_c.dir/rosidl_typesupport_c/dls2_interfaces/msg/screw__type_support.cpp.o[0m
[2.543s] [ 61%] [32mBuilding CXX object CMakeFiles/dls2_interfaces__rosidl_typesupport_c.dir/rosidl_typesupport_c/dls2_interfaces/msg/trajectory_generator__type_support.cpp.o[0m
[2.558s] [ 63%] [32mBuilding C object CMakeFiles/dls2_interfaces__rosidl_typesupport_introspection_c.dir/rosidl_typesupport_introspection_c/dls2_interfaces/msg/detail/screw__type_support.c.o[0m
[2.562s] [ 64%] [1m[32mLinking CXX shared library libdls2_interfaces__rosidl_typesupport_cpp.so[0m
[2.585s] [ 66%] [32mBuilding C object CMakeFiles/dls2_interfaces__rosidl_typesupport_introspection_c.dir/rosidl_typesupport_introspection_c/dls2_interfaces/msg/detail/trajectory_generator__type_support.c.o[0m
[2.585s] [ 67%] [1m[32mLinking CXX shared library libdls2_interfaces__rosidl_typesupport_c.so[0m
[2.604s] [ 69%] [32mBuilding CXX object CMakeFiles/dls2_interfaces__rosidl_typesupport_fastrtps_c.dir/rosidl_typesupport_fastrtps_c/dls2_interfaces/msg/detail/blind_state__type_support_c.cpp.o[0m
[2.617s] [ 70%] [32mBuilding CXX object CMakeFiles/dls2_interfaces__rosidl_typesupport_fastrtps_c.dir/rosidl_typesupport_fastrtps_c/dls2_interfaces/msg/detail/imu__type_support_c.cpp.o[0m
[2.624s] [ 71%] [32mBuilding CXX object CMakeFiles/dls2_interfaces__rosidl_typesupport_fastrtps_c.dir/rosidl_typesupport_fastrtps_c/dls2_interfaces/msg/detail/pose__type_support_c.cpp.o[0m
[2.627s] [ 73%] [32mBuilding CXX object CMakeFiles/dls2_interfaces__rosidl_typesupport_fastrtps_c.dir/rosidl_typesupport_fastrtps_c/dls2_interfaces/msg/detail/screw__type_support_c.cpp.o[0m
[2.642s] [ 73%] Built target dls2_interfaces__rosidl_typesupport_cpp
[2.644s] [ 74%] [32mBuilding CXX object CMakeFiles/dls2_interfaces__rosidl_typesupport_fastrtps_c.dir/rosidl_typesupport_fastrtps_c/dls2_interfaces/msg/detail/trajectory_generator__type_support_c.cpp.o[0m
[2.646s] [ 74%] Built target dls2_interfaces__rosidl_typesupport_c
[2.732s] [ 76%] [1m[32mLinking C shared library libdls2_interfaces__rosidl_typesupport_introspection_c.so[0m
[2.762s] [ 76%] Built target dls2_interfaces__rosidl_typesupport_introspection_c
[3.006s] [ 77%] [1m[32mLinking CXX shared library libdls2_interfaces__rosidl_typesupport_fastrtps_cpp.so[0m
[3.076s] [ 77%] Built target dls2_interfaces__rosidl_typesupport_fastrtps_cpp
[3.077s] [ 78%] [1m[32mLinking CXX shared library libdls2_interfaces__rosidl_typesupport_introspection_cpp.so[0m
[3.095s] [ 80%] [1m[32mLinking CXX shared library libdls2_interfaces__rosidl_typesupport_fastrtps_c.so[0m
[3.149s] [ 80%] Built target dls2_interfaces__rosidl_typesupport_introspection_cpp
[3.165s] [ 80%] Built target dls2_interfaces__rosidl_typesupport_fastrtps_c
[3.179s] [ 80%] Built target dls2_interfaces
[3.192s] [ 81%] [1m[34mGenerating Python code for ROS interfaces[0m
[3.702s] [ 81%] Built target dls2_interfaces__py
[3.725s] [ 83%] [32mBuilding C object CMakeFiles/dls2_interfaces__rosidl_generator_py.dir/rosidl_generator_py/dls2_interfaces/msg/_screw_s.c.o[0m
[3.725s] [ 84%] [32mBuilding C object CMakeFiles/dls2_interfaces__rosidl_generator_py.dir/rosidl_generator_py/dls2_interfaces/msg/_trajectory_generator_s.c.o[0m
[3.725s] [ 85%] [32mBuilding C object CMakeFiles/dls2_interfaces__rosidl_generator_py.dir/rosidl_generator_py/dls2_interfaces/msg/_base_state_s.c.o[0m
[3.726s] [ 88%] [32mBuilding C object CMakeFiles/dls2_interfaces__rosidl_generator_py.dir/rosidl_generator_py/dls2_interfaces/msg/_blind_state_s.c.o[0m
[3.726s] [ 88%] [32mBuilding C object CMakeFiles/dls2_interfaces__rosidl_generator_py.dir/rosidl_generator_py/dls2_interfaces/msg/_imu_s.c.o[0m
[3.727s] [ 90%] [32mBuilding C object CMakeFiles/dls2_interfaces__rosidl_generator_py.dir/rosidl_generator_py/dls2_interfaces/msg/_pose_s.c.o[0m
[4.076s] [ 91%] [1m[32mLinking C shared library rosidl_generator_py/dls2_interfaces/libdls2_interfaces__rosidl_generator_py.so[0m
[4.112s] [ 91%] Built target dls2_interfaces__rosidl_generator_py
[4.130s] [ 92%] [32mBuilding C object CMakeFiles/dls2_interfaces__rosidl_typesupport_c__pyext.dir/rosidl_generator_py/dls2_interfaces/_dls2_interfaces_s.ep.rosidl_typesupport_c.c.o[0m
[4.130s] [ 94%] [32mBuilding C object CMakeFiles/dls2_interfaces__rosidl_typesupport_introspection_c__pyext.dir/rosidl_generator_py/dls2_interfaces/_dls2_interfaces_s.ep.rosidl_typesupport_introspection_c.c.o[0m
[4.131s] [ 95%] [32mBuilding C object CMakeFiles/dls2_interfaces__rosidl_typesupport_fastrtps_c__pyext.dir/rosidl_generator_py/dls2_interfaces/_dls2_interfaces_s.ep.rosidl_typesupport_fastrtps_c.c.o[0m
[4.257s] [ 97%] [1m[32mLinking C shared library rosidl_generator_py/dls2_interfaces/dls2_interfaces_s__rosidl_typesupport_fastrtps_c.cpython-311-x86_64-linux-gnu.so[0m
[4.258s] [ 98%] [1m[32mLinking C shared library rosidl_generator_py/dls2_interfaces/dls2_interfaces_s__rosidl_typesupport_introspection_c.cpython-311-x86_64-linux-gnu.so[0m
[4.264s] [100%] [1m[32mLinking C shared library rosidl_generator_py/dls2_interfaces/dls2_interfaces_s__rosidl_typesupport_c.cpython-311-x86_64-linux-gnu.so[0m
[4.289s] [100%] Built target dls2_interfaces__rosidl_typesupport_fastrtps_c__pyext
[4.289s] [100%] Built target dls2_interfaces__rosidl_typesupport_introspection_c__pyext
[4.293s] [100%] Built target dls2_interfaces__rosidl_typesupport_c__pyext
[4.301s] Invoked command in '/home/iit.local/gturrisi/isaaclab_ws_home/basic-locomotion-dls-isaaclab/deploy/dls2_ws/build/dls2_interfaces' returned '0': CONDA_PROMPT_MODIFIER=(basic_locomotion_dls_isaaclab_ros2_env) /home/iit.local/gturrisi/miniforge3/envs/basic_locomotion_dls_isaaclab_ros2_env/bin/cmake --build /home/iit.local/gturrisi/isaaclab_ws_home/basic-locomotion-dls-isaaclab/deploy/dls2_ws/build/dls2_interfaces -- -j20 -l20
[4.307s] Invoking command in '/home/iit.local/gturrisi/isaaclab_ws_home/basic-locomotion-dls-isaaclab/deploy/dls2_ws/build/dls2_interfaces': CONDA_PROMPT_MODIFIER=(basic_locomotion_dls_isaaclab_ros2_env) /home/iit.local/gturrisi/miniforge3/envs/basic_locomotion_dls_isaaclab_ros2_env/bin/cmake --install /home/iit.local/gturrisi/isaaclab_ws_home/basic-locomotion-dls-isaaclab/deploy/dls2_ws/build/dls2_interfaces
[4.316s] -- Install configuration: ""
[4.316s] -- Up-to-date: /home/iit.local/gturrisi/isaaclab_ws_home/basic-locomotion-dls-isaaclab/deploy/dls2_ws/install/dls2_interfaces/share/ament_index/resource_index/rosidl_interfaces/dls2_interfaces
[4.316s] -- Up-to-date: /home/iit.local/gturrisi/isaaclab_ws_home/basic-locomotion-dls-isaaclab/deploy/dls2_ws/install/dls2_interfaces/include/dls2_interfaces/dls2_interfaces
[4.316s] -- Up-to-date: /home/iit.local/gturrisi/isaaclab_ws_home/basic-locomotion-dls-isaaclab/deploy/dls2_ws/install/dls2_interfaces/include/dls2_interfaces/dls2_interfaces/msg
[4.316s] -- Installing: /home/iit.local/gturrisi/isaaclab_ws_home/basic-locomotion-dls-isaaclab/deploy/dls2_ws/install/dls2_interfaces/include/dls2_interfaces/dls2_interfaces/msg/trajectory_generator.h
[4.316s] -- Up-to-date: /home/iit.local/gturrisi/isaaclab_ws_home/basic-locomotion-dls-isaaclab/deploy/dls2_ws/install/dls2_interfaces/include/dls2_interfaces/dls2_interfaces/msg/rosidl_generator_c__visibility_control.h
[4.316s] -- Installing: /home/iit.local/gturrisi/isaaclab_ws_home/basic-locomotion-dls-isaaclab/deploy/dls2_ws/install/dls2_interfaces/include/dls2_interfaces/dls2_interfaces/msg/blind_state.h
[4.316s] -- Installing: /home/iit.local/gturrisi/isaaclab_ws_home/basic-locomotion-dls-isaaclab/deploy/dls2_ws/install/dls2_interfaces/include/dls2_interfaces/dls2_interfaces/msg/screw.h
[4.317s] -- Installing: /home/iit.local/gturrisi/isaaclab_ws_home/basic-locomotion-dls-isaaclab/deploy/dls2_ws/install/dls2_interfaces/include/dls2_interfaces/dls2_interfaces/msg/base_state.h
[4.317s] -- Up-to-date: /home/iit.local/gturrisi/isaaclab_ws_home/basic-locomotion-dls-isaaclab/deploy/dls2_ws/install/dls2_interfaces/include/dls2_interfaces/dls2_interfaces/msg/detail
[4.317s] -- Installing: /home/iit.local/gturrisi/isaaclab_ws_home/basic-locomotion-dls-isaaclab/deploy/dls2_ws/install/dls2_interfaces/include/dls2_interfaces/dls2_interfaces/msg/detail/blind_state__functions.c
[4.317s] -- Installing: /home/iit.local/gturrisi/isaaclab_ws_home/basic-locomotion-dls-isaaclab/deploy/dls2_ws/install/dls2_interfaces/include/dls2_interfaces/dls2_interfaces/msg/detail/blind_state__type_support.h
[4.317s] -- Installing: /home/iit.local/gturrisi/isaaclab_ws_home/basic-locomotion-dls-isaaclab/deploy/dls2_ws/install/dls2_interfaces/include/dls2_interfaces/dls2_interfaces/msg/detail/base_state__functions.c
[4.317s] -- Installing: /home/iit.local/gturrisi/isaaclab_ws_home/basic-locomotion-dls-isaaclab/deploy/dls2_ws/install/dls2_interfaces/include/dls2_interfaces/dls2_interfaces/msg/detail/trajectory_generator__type_support.h
[4.317s] -- Installing: /home/iit.local/gturrisi/isaaclab_ws_home/basic-locomotion-dls-isaaclab/deploy/dls2_ws/install/dls2_interfaces/include/dls2_interfaces/dls2_interfaces/msg/detail/pose__struct.h
[4.318s] -- Installing: /home/iit.local/gturrisi/isaaclab_ws_home/basic-locomotion-dls-isaaclab/deploy/dls2_ws/install/dls2_interfaces/include/dls2_interfaces/dls2_interfaces/msg/detail/blind_state__struct.h
[4.318s] -- Installing: /home/iit.local/gturrisi/isaaclab_ws_home/basic-locomotion-dls-isaaclab/deploy/dls2_ws/install/dls2_interfaces/include/dls2_interfaces/dls2_interfaces/msg/detail/imu__type_support.h
[4.318s] -- Installing: /home/iit.local/gturrisi/isaaclab_ws_home/basic-locomotion-dls-isaaclab/deploy/dls2_ws/install/dls2_interfaces/include/dls2_interfaces/dls2_interfaces/msg/detail/imu__functions.c
[4.318s] -- Installing: /home/iit.local/gturrisi/isaaclab_ws_home/basic-locomotion-dls-isaaclab/deploy/dls2_ws/install/dls2_interfaces/include/dls2_interfaces/dls2_interfaces/msg/detail/pose__type_support.h
[4.318s] -- Installing: /home/iit.local/gturrisi/isaaclab_ws_home/basic-locomotion-dls-isaaclab/deploy/dls2_ws/install/dls2_interfaces/include/dls2_interfaces/dls2_interfaces/msg/detail/base_state__struct.h
[4.318s] -- Installing: /home/iit.local/gturrisi/isaaclab_ws_home/basic-locomotion-dls-isaaclab/deploy/dls2_ws/install/dls2_interfaces/include/dls2_interfaces/dls2_interfaces/msg/detail/screw__struct.h
[4.318s] -- Installing: /home/iit.local/gturrisi/isaaclab_ws_home/basic-locomotion-dls-isaaclab/deploy/dls2_ws/install/dls2_interfaces/include/dls2_interfaces/dls2_interfaces/msg/detail/trajectory_generator__functions.h
[4.319s] -- Installing: /home/iit.local/gturrisi/isaaclab_ws_home/basic-locomotion-dls-isaaclab/deploy/dls2_ws/install/dls2_interfaces/include/dls2_interfaces/dls2_interfaces/msg/detail/pose__functions.h
[4.319s] -- Installing: /home/iit.local/gturrisi/isaaclab_ws_home/basic-locomotion-dls-isaaclab/deploy/dls2_ws/install/dls2_interfaces/include/dls2_interfaces/dls2_interfaces/msg/detail/trajectory_generator__struct.h
[4.319s] -- Installing: /home/iit.local/gturrisi/isaaclab_ws_home/basic-locomotion-dls-isaaclab/deploy/dls2_ws/install/dls2_interfaces/include/dls2_interfaces/dls2_interfaces/msg/detail/blind_state__functions.h
[4.319s] -- Installing: /home/iit.local/gturrisi/isaaclab_ws_home/basic-locomotion-dls-isaaclab/deploy/dls2_ws/install/dls2_interfaces/include/dls2_interfaces/dls2_interfaces/msg/detail/imu__struct.h
[4.319s] -- Installing: /home/iit.local/gturrisi/isaaclab_ws_home/basic-locomotion-dls-isaaclab/deploy/dls2_ws/install/dls2_interfaces/include/dls2_interfaces/dls2_interfaces/msg/detail/pose__functions.c
[4.319s] -- Installing: /home/iit.local/gturrisi/isaaclab_ws_home/basic-locomotion-dls-isaaclab/deploy/dls2_ws/install/dls2_interfaces/include/dls2_interfaces/dls2_interfaces/msg/detail/imu__functions.h
[4.319s] -- Installing: /home/iit.local/gturrisi/isaaclab_ws_home/basic-locomotion-dls-isaaclab/deploy/dls2_ws/install/dls2_interfaces/include/dls2_interfaces/dls2_interfaces/msg/detail/screw__functions.c
[4.320s] -- Installing: /home/iit.local/gturrisi/isaaclab_ws_home/basic-locomotion-dls-isaaclab/deploy/dls2_ws/install/dls2_interfaces/include/dls2_interfaces/dls2_interfaces/msg/detail/base_state__functions.h
[4.320s] -- Installing: /home/iit.local/gturrisi/isaaclab_ws_home/basic-locomotion-dls-isaaclab/deploy/dls2_ws/install/dls2_interfaces/include/dls2_interfaces/dls2_interfaces/msg/detail/screw__type_support.h
[4.320s] -- Installing: /home/iit.local/gturrisi/isaaclab_ws_home/basic-locomotion-dls-isaaclab/deploy/dls2_ws/install/dls2_interfaces/include/dls2_interfaces/dls2_interfaces/msg/detail/screw__functions.h
[4.320s] -- Installing: /home/iit.local/gturrisi/isaaclab_ws_home/basic-locomotion-dls-isaaclab/deploy/dls2_ws/install/dls2_interfaces/include/dls2_interfaces/dls2_interfaces/msg/detail/base_state__type_support.h
[4.320s] -- Installing: /home/iit.local/gturrisi/isaaclab_ws_home/basic-locomotion-dls-isaaclab/deploy/dls2_ws/install/dls2_interfaces/include/dls2_interfaces/dls2_interfaces/msg/detail/trajectory_generator__functions.c
[4.320s] -- Installing: /home/iit.local/gturrisi/isaaclab_ws_home/basic-locomotion-dls-isaaclab/deploy/dls2_ws/install/dls2_interfaces/include/dls2_interfaces/dls2_interfaces/msg/imu.h
[4.321s] -- Installing: /home/iit.local/gturrisi/isaaclab_ws_home/basic-locomotion-dls-isaaclab/deploy/dls2_ws/install/dls2_interfaces/include/dls2_interfaces/dls2_interfaces/msg/pose.h
[4.321s] -- Installing: /home/iit.local/gturrisi/isaaclab_ws_home/basic-locomotion-dls-isaaclab/deploy/dls2_ws/install/dls2_interfaces/lib/libdls2_interfaces__rosidl_generator_c.so
[4.321s] -- Up-to-date: /home/iit.local/gturrisi/isaaclab_ws_home/basic-locomotion-dls-isaaclab/deploy/dls2_ws/install/dls2_interfaces/include/dls2_interfaces/dls2_interfaces
[4.321s] -- Up-to-date: /home/iit.local/gturrisi/isaaclab_ws_home/basic-locomotion-dls-isaaclab/deploy/dls2_ws/install/dls2_interfaces/include/dls2_interfaces/dls2_interfaces/msg
[4.321s] -- Up-to-date: /home/iit.local/gturrisi/isaaclab_ws_home/basic-locomotion-dls-isaaclab/deploy/dls2_ws/install/dls2_interfaces/include/dls2_interfaces/dls2_interfaces/msg/rosidl_typesupport_fastrtps_c__visibility_control.h
[4.321s] -- Up-to-date: /home/iit.local/gturrisi/isaaclab_ws_home/basic-locomotion-dls-isaaclab/deploy/dls2_ws/install/dls2_interfaces/include/dls2_interfaces/dls2_interfaces/msg/detail
[4.321s] -- Installing: /home/iit.local/gturrisi/isaaclab_ws_home/basic-locomotion-dls-isaaclab/deploy/dls2_ws/install/dls2_interfaces/include/dls2_interfaces/dls2_interfaces/msg/detail/trajectory_generator__rosidl_typesupport_fastrtps_c.h
[4.321s] -- Installing: /home/iit.local/gturrisi/isaaclab_ws_home/basic-locomotion-dls-isaaclab/deploy/dls2_ws/install/dls2_interfaces/include/dls2_interfaces/dls2_interfaces/msg/detail/screw__rosidl_typesupport_fastrtps_c.h
[4.322s] -- Installing: /home/iit.local/gturrisi/isaaclab_ws_home/basic-locomotion-dls-isaaclab/deploy/dls2_ws/install/dls2_interfaces/include/dls2_interfaces/dls2_interfaces/msg/detail/pose__rosidl_typesupport_fastrtps_c.h
[4.322s] -- Installing: /home/iit.local/gturrisi/isaaclab_ws_home/basic-locomotion-dls-isaaclab/deploy/dls2_ws/install/dls2_interfaces/include/dls2_interfaces/dls2_interfaces/msg/detail/blind_state__rosidl_typesupport_fastrtps_c.h
[4.322s] -- Installing: /home/iit.local/gturrisi/isaaclab_ws_home/basic-locomotion-dls-isaaclab/deploy/dls2_ws/install/dls2_interfaces/include/dls2_interfaces/dls2_interfaces/msg/detail/imu__rosidl_typesupport_fastrtps_c.h
[4.322s] -- Installing: /home/iit.local/gturrisi/isaaclab_ws_home/basic-locomotion-dls-isaaclab/deploy/dls2_ws/install/dls2_interfaces/include/dls2_interfaces/dls2_interfaces/msg/detail/base_state__rosidl_typesupport_fastrtps_c.h
[4.322s] -- Installing: /home/iit.local/gturrisi/isaaclab_ws_home/basic-locomotion-dls-isaaclab/deploy/dls2_ws/install/dls2_interfaces/lib/libdls2_interfaces__rosidl_typesupport_fastrtps_c.so
[4.323s] -- Set non-toolchain portion of runtime path of "/home/iit.local/gturrisi/isaaclab_ws_home/basic-locomotion-dls-isaaclab/deploy/dls2_ws/install/dls2_interfaces/lib/libdls2_interfaces__rosidl_typesupport_fastrtps_c.so" to ""
[4.323s] -- Up-to-date: /home/iit.local/gturrisi/isaaclab_ws_home/basic-locomotion-dls-isaaclab/deploy/dls2_ws/install/dls2_interfaces/include/dls2_interfaces/dls2_interfaces
[4.323s] -- Up-to-date: /home/iit.local/gturrisi/isaaclab_ws_home/basic-locomotion-dls-isaaclab/deploy/dls2_ws/install/dls2_interfaces/include/dls2_interfaces/dls2_interfaces/msg
[4.323s] -- Up-to-date: /home/iit.local/gturrisi/isaaclab_ws_home/basic-locomotion-dls-isaaclab/deploy/dls2_ws/install/dls2_interfaces/include/dls2_interfaces/dls2_interfaces/msg/detail
[4.323s] -- Installing: /home/iit.local/gturrisi/isaaclab_ws_home/basic-locomotion-dls-isaaclab/deploy/dls2_ws/install/dls2_interfaces/include/dls2_interfaces/dls2_interfaces/msg/detail/screw__rosidl_typesupport_introspection_c.h
[4.323s] -- Installing: /home/iit.local/gturrisi/isaaclab_ws_home/basic-locomotion-dls-isaaclab/deploy/dls2_ws/install/dls2_interfaces/include/dls2_interfaces/dls2_interfaces/msg/detail/trajectory_generator__rosidl_typesupport_introspection_c.h
[4.323s] -- Installing: /home/iit.local/gturrisi/isaaclab_ws_home/basic-locomotion-dls-isaaclab/deploy/dls2_ws/install/dls2_interfaces/include/dls2_interfaces/dls2_interfaces/msg/detail/trajectory_generator__type_support.c
[4.323s] -- Installing: /home/iit.local/gturrisi/isaaclab_ws_home/basic-locomotion-dls-isaaclab/deploy/dls2_ws/install/dls2_interfaces/include/dls2_interfaces/dls2_interfaces/msg/detail/imu__type_support.c
[4.324s] -- Installing: /home/iit.local/gturrisi/isaaclab_ws_home/basic-locomotion-dls-isaaclab/deploy/dls2_ws/install/dls2_interfaces/include/dls2_interfaces/dls2_interfaces/msg/detail/imu__rosidl_typesupport_introspection_c.h
[4.324s] -- Installing: /home/iit.local/gturrisi/isaaclab_ws_home/basic-locomotion-dls-isaaclab/deploy/dls2_ws/install/dls2_interfaces/include/dls2_interfaces/dls2_interfaces/msg/detail/screw__type_support.c
[4.324s] -- Installing: /home/iit.local/gturrisi/isaaclab_ws_home/basic-locomotion-dls-isaaclab/deploy/dls2_ws/install/dls2_interfaces/include/dls2_interfaces/dls2_interfaces/msg/detail/base_state__type_support.c
[4.324s] -- Installing: /home/iit.local/gturrisi/isaaclab_ws_home/basic-locomotion-dls-isaaclab/deploy/dls2_ws/install/dls2_interfaces/include/dls2_interfaces/dls2_interfaces/msg/detail/base_state__rosidl_typesupport_introspection_c.h
[4.324s] -- Installing: /home/iit.local/gturrisi/isaaclab_ws_home/basic-locomotion-dls-isaaclab/deploy/dls2_ws/install/dls2_interfaces/include/dls2_interfaces/dls2_interfaces/msg/detail/pose__rosidl_typesupport_introspection_c.h
[4.324s] -- Installing: /home/iit.local/gturrisi/isaaclab_ws_home/basic-locomotion-dls-isaaclab/deploy/dls2_ws/install/dls2_interfaces/include/dls2_interfaces/dls2_interfaces/msg/detail/blind_state__rosidl_typesupport_introspection_c.h
[4.324s] -- Installing: /home/iit.local/gturrisi/isaaclab_ws_home/basic-locomotion-dls-isaaclab/deploy/dls2_ws/install/dls2_interfaces/include/dls2_interfaces/dls2_interfaces/msg/detail/pose__type_support.c
[4.325s] -- Installing: /home/iit.local/gturrisi/isaaclab_ws_home/basic-locomotion-dls-isaaclab/deploy/dls2_ws/install/dls2_interfaces/include/dls2_interfaces/dls2_interfaces/msg/detail/blind_state__type_support.c
[4.325s] -- Up-to-date: /home/iit.local/gturrisi/isaaclab_ws_home/basic-locomotion-dls-isaaclab/deploy/dls2_ws/install/dls2_interfaces/include/dls2_interfaces/dls2_interfaces/msg/rosidl_typesupport_introspection_c__visibility_control.h
[4.325s] -- Installing: /home/iit.local/gturrisi/isaaclab_ws_home/basic-locomotion-dls-isaaclab/deploy/dls2_ws/install/dls2_interfaces/lib/libdls2_interfaces__rosidl_typesupport_introspection_c.so
[4.325s] -- Set non-toolchain portion of runtime path of "/home/iit.local/gturrisi/isaaclab_ws_home/basic-locomotion-dls-isaaclab/deploy/dls2_ws/install/dls2_interfaces/lib/libdls2_interfaces__rosidl_typesupport_introspection_c.so" to ""
[4.326s] -- Installing: /home/iit.local/gturrisi/isaaclab_ws_home/basic-locomotion-dls-isaaclab/deploy/dls2_ws/install/dls2_interfaces/lib/libdls2_interfaces__rosidl_typesupport_c.so
[4.326s] -- Set non-toolchain portion of runtime path of "/home/iit.local/gturrisi/isaaclab_ws_home/basic-locomotion-dls-isaaclab/deploy/dls2_ws/install/dls2_interfaces/lib/libdls2_interfaces__rosidl_typesupport_c.so" to ""
[4.326s] -- Up-to-date: /home/iit.local/gturrisi/isaaclab_ws_home/basic-locomotion-dls-isaaclab/deploy/dls2_ws/install/dls2_interfaces/include/dls2_interfaces/dls2_interfaces
[4.326s] -- Up-to-date: /home/iit.local/gturrisi/isaaclab_ws_home/basic-locomotion-dls-isaaclab/deploy/dls2_ws/install/dls2_interfaces/include/dls2_interfaces/dls2_interfaces/msg
[4.326s] -- Installing: /home/iit.local/gturrisi/isaaclab_ws_home/basic-locomotion-dls-isaaclab/deploy/dls2_ws/install/dls2_interfaces/include/dls2_interfaces/dls2_interfaces/msg/blind_state.hpp
[4.326s] -- Up-to-date: /home/iit.local/gturrisi/isaaclab_ws_home/basic-locomotion-dls-isaaclab/deploy/dls2_ws/install/dls2_interfaces/include/dls2_interfaces/dls2_interfaces/msg/detail
[4.326s] -- Installing: /home/iit.local/gturrisi/isaaclab_ws_home/basic-locomotion-dls-isaaclab/deploy/dls2_ws/install/dls2_interfaces/include/dls2_interfaces/dls2_interfaces/msg/detail/blind_state__builder.hpp
[4.327s] -- Installing: /home/iit.local/gturrisi/isaaclab_ws_home/basic-locomotion-dls-isaaclab/deploy/dls2_ws/install/dls2_interfaces/include/dls2_interfaces/dls2_interfaces/msg/detail/base_state__struct.hpp
[4.327s] -- Installing: /home/iit.local/gturrisi/isaaclab_ws_home/basic-locomotion-dls-isaaclab/deploy/dls2_ws/install/dls2_interfaces/include/dls2_interfaces/dls2_interfaces/msg/detail/screw__traits.hpp
[4.327s] -- Installing: /home/iit.local/gturrisi/isaaclab_ws_home/basic-locomotion-dls-isaaclab/deploy/dls2_ws/install/dls2_interfaces/include/dls2_interfaces/dls2_interfaces/msg/detail/imu__struct.hpp
[4.327s] -- Installing: /home/iit.local/gturrisi/isaaclab_ws_home/basic-locomotion-dls-isaaclab/deploy/dls2_ws/install/dls2_interfaces/include/dls2_interfaces/dls2_interfaces/msg/detail/pose__builder.hpp
[4.327s] -- Installing: /home/iit.local/gturrisi/isaaclab_ws_home/basic-locomotion-dls-isaaclab/deploy/dls2_ws/install/dls2_interfaces/include/dls2_interfaces/dls2_interfaces/msg/detail/screw__builder.hpp
[4.327s] -- Installing: /home/iit.local/gturrisi/isaaclab_ws_home/basic-locomotion-dls-isaaclab/deploy/dls2_ws/install/dls2_interfaces/include/dls2_interfaces/dls2_interfaces/msg/detail/trajectory_generator__traits.hpp
[4.327s] -- Installing: /home/iit.local/gturrisi/isaaclab_ws_home/basic-locomotion-dls-isaaclab/deploy/dls2_ws/install/dls2_interfaces/include/dls2_interfaces/dls2_interfaces/msg/detail/blind_state__traits.hpp
[4.327s] -- Installing: /home/iit.local/gturrisi/isaaclab_ws_home/basic-locomotion-dls-isaaclab/deploy/dls2_ws/install/dls2_interfaces/include/dls2_interfaces/dls2_interfaces/msg/detail/screw__struct.hpp
[4.328s] -- Installing: /home/iit.local/gturrisi/isaaclab_ws_home/basic-locomotion-dls-isaaclab/deploy/dls2_ws/install/dls2_interfaces/include/dls2_interfaces/dls2_interfaces/msg/detail/base_state__builder.hpp
[4.328s] -- Installing: /home/iit.local/gturrisi/isaaclab_ws_home/basic-locomotion-dls-isaaclab/deploy/dls2_ws/install/dls2_interfaces/include/dls2_interfaces/dls2_interfaces/msg/detail/imu__builder.hpp
[4.328s] -- Installing: /home/iit.local/gturrisi/isaaclab_ws_home/basic-locomotion-dls-isaaclab/deploy/dls2_ws/install/dls2_interfaces/include/dls2_interfaces/dls2_interfaces/msg/detail/pose__struct.hpp
[4.328s] -- Installing: /home/iit.local/gturrisi/isaaclab_ws_home/basic-locomotion-dls-isaaclab/deploy/dls2_ws/install/dls2_interfaces/include/dls2_interfaces/dls2_interfaces/msg/detail/pose__type_support.hpp
[4.328s] -- Installing: /home/iit.local/gturrisi/isaaclab_ws_home/basic-locomotion-dls-isaaclab/deploy/dls2_ws/install/dls2_interfaces/include/dls2_interfaces/dls2_interfaces/msg/detail/screw__type_support.hpp
[4.328s] -- Installing: /home/iit.local/gturrisi/isaaclab_ws_home/basic-locomotion-dls-isaaclab/deploy/dls2_ws/install/dls2_interfaces/include/dls2_interfaces/dls2_interfaces/msg/detail/base_state__type_support.hpp
[4.328s] -- Installing: /home/iit.local/gturrisi/isaaclab_ws_home/basic-locomotion-dls-isaaclab/deploy/dls2_ws/install/dls2_interfaces/include/dls2_interfaces/dls2_interfaces/msg/detail/trajectory_generator__struct.hpp
[4.329s] -- Installing: /home/iit.local/gturrisi/isaaclab_ws_home/basic-locomotion-dls-isaaclab/deploy/dls2_ws/install/dls2_interfaces/include/dls2_interfaces/dls2_interfaces/msg/detail/base_state__traits.hpp
[4.329s] -- Installing: /home/iit.local/gturrisi/isaaclab_ws_home/basic-locomotion-dls-isaaclab/deploy/dls2_ws/install/dls2_interfaces/include/dls2_interfaces/dls2_interfaces/msg/detail/blind_state__struct.hpp
[4.329s] -- Installing: /home/iit.local/gturrisi/isaaclab_ws_home/basic-locomotion-dls-isaaclab/deploy/dls2_ws/install/dls2_interfaces/include/dls2_interfaces/dls2_interfaces/msg/detail/trajectory_generator__builder.hpp
[4.329s] -- Installing: /home/iit.local/gturrisi/isaaclab_ws_home/basic-locomotion-dls-isaaclab/deploy/dls2_ws/install/dls2_interfaces/include/dls2_interfaces/dls2_interfaces/msg/detail/pose__traits.hpp
[4.329s] -- Installing: /home/iit.local/gturrisi/isaaclab_ws_home/basic-locomotion-dls-isaaclab/deploy/dls2_ws/install/dls2_interfaces/include/dls2_interfaces/dls2_interfaces/msg/detail/blind_state__type_support.hpp
[4.329s] -- Installing: /home/iit.local/gturrisi/isaaclab_ws_home/basic-locomotion-dls-isaaclab/deploy/dls2_ws/install/dls2_interfaces/include/dls2_interfaces/dls2_interfaces/msg/detail/imu__type_support.hpp
[4.329s] -- Installing: /home/iit.local/gturrisi/isaaclab_ws_home/basic-locomotion-dls-isaaclab/deploy/dls2_ws/install/dls2_interfaces/include/dls2_interfaces/dls2_interfaces/msg/detail/imu__traits.hpp
[4.330s] -- Installing: /home/iit.local/gturrisi/isaaclab_ws_home/basic-locomotion-dls-isaaclab/deploy/dls2_ws/install/dls2_interfaces/include/dls2_interfaces/dls2_interfaces/msg/detail/trajectory_generator__type_support.hpp
[4.330s] -- Installing: /home/iit.local/gturrisi/isaaclab_ws_home/basic-locomotion-dls-isaaclab/deploy/dls2_ws/install/dls2_interfaces/include/dls2_interfaces/dls2_interfaces/msg/imu.hpp
[4.330s] -- Installing: /home/iit.local/gturrisi/isaaclab_ws_home/basic-locomotion-dls-isaaclab/deploy/dls2_ws/install/dls2_interfaces/include/dls2_interfaces/dls2_interfaces/msg/base_state.hpp
[4.330s] -- Installing: /home/iit.local/gturrisi/isaaclab_ws_home/basic-locomotion-dls-isaaclab/deploy/dls2_ws/install/dls2_interfaces/include/dls2_interfaces/dls2_interfaces/msg/pose.hpp
[4.330s] -- Installing: /home/iit.local/gturrisi/isaaclab_ws_home/basic-locomotion-dls-isaaclab/deploy/dls2_ws/install/dls2_interfaces/include/dls2_interfaces/dls2_interfaces/msg/trajectory_generator.hpp
[4.330s] -- Installing: /home/iit.local/gturrisi/isaaclab_ws_home/basic-locomotion-dls-isaaclab/deploy/dls2_ws/install/dls2_interfaces/include/dls2_interfaces/dls2_interfaces/msg/screw.hpp
[4.331s] -- Up-to-date: /home/iit.local/gturrisi/isaaclab_ws_home/basic-locomotion-dls-isaaclab/deploy/dls2_ws/install/dls2_interfaces/include/dls2_interfaces/dls2_interfaces/msg/rosidl_generator_cpp__visibility_control.hpp
[4.331s] -- Up-to-date: /home/iit.local/gturrisi/isaaclab_ws_home/basic-locomotion-dls-isaaclab/deploy/dls2_ws/install/dls2_interfaces/include/dls2_interfaces/dls2_interfaces
[4.331s] -- Up-to-date: /home/iit.local/gturrisi/isaaclab_ws_home/basic-locomotion-dls-isaaclab/deploy/dls2_ws/install/dls2_interfaces/include/dls2_interfaces/dls2_interfaces/msg
[4.331s] -- Up-to-date: /home/iit.local/gturrisi/isaaclab_ws_home/basic-locomotion-dls-isaaclab/deploy/dls2_ws/install/dls2_interfaces/include/dls2_interfaces/dls2_interfaces/msg/rosidl_typesupport_fastrtps_cpp__visibility_control.h
[4.331s] -- Up-to-date: /home/iit.local/gturrisi/isaaclab_ws_home/basic-locomotion-dls-isaaclab/deploy/dls2_ws/install/dls2_interfaces/include/dls2_interfaces/dls2_interfaces/msg/detail
[4.331s] -- Installing: /home/iit.local/gturrisi/isaaclab_ws_home/basic-locomotion-dls-isaaclab/deploy/dls2_ws/install/dls2_interfaces/include/dls2_interfaces/dls2_interfaces/msg/detail/trajectory_generator__rosidl_typesupport_fastrtps_cpp.hpp
[4.331s] -- Installing: /home/iit.local/gturrisi/isaaclab_ws_home/basic-locomotion-dls-isaaclab/deploy/dls2_ws/install/dls2_interfaces/include/dls2_interfaces/dls2_interfaces/msg/detail/screw__rosidl_typesupport_fastrtps_cpp.hpp
[4.331s] -- Installing: /home/iit.local/gturrisi/isaaclab_ws_home/basic-locomotion-dls-isaaclab/deploy/dls2_ws/install/dls2_interfaces/include/dls2_interfaces/dls2_interfaces/msg/detail/pose__rosidl_typesupport_fastrtps_cpp.hpp
[4.331s] -- Installing: /home/iit.local/gturrisi/isaaclab_ws_home/basic-locomotion-dls-isaaclab/deploy/dls2_ws/install/dls2_interfaces/include/dls2_interfaces/dls2_interfaces/msg/detail/imu__rosidl_typesupport_fastrtps_cpp.hpp
[4.332s] -- Installing: /home/iit.local/gturrisi/isaaclab_ws_home/basic-locomotion-dls-isaaclab/deploy/dls2_ws/install/dls2_interfaces/include/dls2_interfaces/dls2_interfaces/msg/detail/blind_state__rosidl_typesupport_fastrtps_cpp.hpp
[4.332s] -- Up-to-date: /home/iit.local/gturrisi/isaaclab_ws_home/basic-locomotion-dls-isaaclab/deploy/dls2_ws/install/dls2_interfaces/include/dls2_interfaces/dls2_interfaces/msg/detail/dds_fastrtps
[4.332s] -- Installing: /home/iit.local/gturrisi/isaaclab_ws_home/basic-locomotion-dls-isaaclab/deploy/dls2_ws/install/dls2_interfaces/include/dls2_interfaces/dls2_interfaces/msg/detail/base_state__rosidl_typesupport_fastrtps_cpp.hpp
[4.332s] -- Installing: /home/iit.local/gturrisi/isaaclab_ws_home/basic-locomotion-dls-isaaclab/deploy/dls2_ws/install/dls2_interfaces/lib/libdls2_interfaces__rosidl_typesupport_fastrtps_cpp.so
[4.332s] -- Up-to-date: /home/iit.local/gturrisi/isaaclab_ws_home/basic-locomotion-dls-isaaclab/deploy/dls2_ws/install/dls2_interfaces/include/dls2_interfaces/dls2_interfaces
[4.332s] -- Up-to-date: /home/iit.local/gturrisi/isaaclab_ws_home/basic-locomotion-dls-isaaclab/deploy/dls2_ws/install/dls2_interfaces/include/dls2_interfaces/dls2_interfaces/msg
[4.332s] -- Up-to-date: /home/iit.local/gturrisi/isaaclab_ws_home/basic-locomotion-dls-isaaclab/deploy/dls2_ws/install/dls2_interfaces/include/dls2_interfaces/dls2_interfaces/msg/detail
[4.333s] -- Installing: /home/iit.local/gturrisi/isaaclab_ws_home/basic-locomotion-dls-isaaclab/deploy/dls2_ws/install/dls2_interfaces/include/dls2_interfaces/dls2_interfaces/msg/detail/pose__rosidl_typesupport_introspection_cpp.hpp
[4.333s] -- Installing: /home/iit.local/gturrisi/isaaclab_ws_home/basic-locomotion-dls-isaaclab/deploy/dls2_ws/install/dls2_interfaces/include/dls2_interfaces/dls2_interfaces/msg/detail/imu__type_support.cpp
[4.333s] -- Installing: /home/iit.local/gturrisi/isaaclab_ws_home/basic-locomotion-dls-isaaclab/deploy/dls2_ws/install/dls2_interfaces/include/dls2_interfaces/dls2_interfaces/msg/detail/base_state__rosidl_typesupport_introspection_cpp.hpp
[4.333s] -- Installing: /home/iit.local/gturrisi/isaaclab_ws_home/basic-locomotion-dls-isaaclab/deploy/dls2_ws/install/dls2_interfaces/include/dls2_interfaces/dls2_interfaces/msg/detail/imu__rosidl_typesupport_introspection_cpp.hpp
[4.333s] -- Installing: /home/iit.local/gturrisi/isaaclab_ws_home/basic-locomotion-dls-isaaclab/deploy/dls2_ws/install/dls2_interfaces/include/dls2_interfaces/dls2_interfaces/msg/detail/base_state__type_support.cpp
[4.333s] -- Installing: /home/iit.local/gturrisi/isaaclab_ws_home/basic-locomotion-dls-isaaclab/deploy/dls2_ws/install/dls2_interfaces/include/dls2_interfaces/dls2_interfaces/msg/detail/trajectory_generator__type_support.cpp
[4.333s] -- Installing: /home/iit.local/gturrisi/isaaclab_ws_home/basic-locomotion-dls-isaaclab/deploy/dls2_ws/install/dls2_interfaces/include/dls2_interfaces/dls2_interfaces/msg/detail/trajectory_generator__rosidl_typesupport_introspection_cpp.hpp
[4.333s] -- Installing: /home/iit.local/gturrisi/isaaclab_ws_home/basic-locomotion-dls-isaaclab/deploy/dls2_ws/install/dls2_interfaces/include/dls2_interfaces/dls2_interfaces/msg/detail/pose__type_support.cpp
[4.334s] -- Installing: /home/iit.local/gturrisi/isaaclab_ws_home/basic-locomotion-dls-isaaclab/deploy/dls2_ws/install/dls2_interfaces/include/dls2_interfaces/dls2_interfaces/msg/detail/blind_state__rosidl_typesupport_introspection_cpp.hpp
[4.334s] -- Installing: /home/iit.local/gturrisi/isaaclab_ws_home/basic-locomotion-dls-isaaclab/deploy/dls2_ws/install/dls2_interfaces/include/dls2_interfaces/dls2_interfaces/msg/detail/blind_state__type_support.cpp
[4.334s] -- Installing: /home/iit.local/gturrisi/isaaclab_ws_home/basic-locomotion-dls-isaaclab/deploy/dls2_ws/install/dls2_interfaces/include/dls2_interfaces/dls2_interfaces/msg/detail/screw__rosidl_typesupport_introspection_cpp.hpp
[4.334s] -- Installing: /home/iit.local/gturrisi/isaaclab_ws_home/basic-locomotion-dls-isaaclab/deploy/dls2_ws/install/dls2_interfaces/include/dls2_interfaces/dls2_interfaces/msg/detail/screw__type_support.cpp
[4.334s] -- Installing: /home/iit.local/gturrisi/isaaclab_ws_home/basic-locomotion-dls-isaaclab/deploy/dls2_ws/install/dls2_interfaces/lib/libdls2_interfaces__rosidl_typesupport_introspection_cpp.so
[4.335s] -- Installing: /home/iit.local/gturrisi/isaaclab_ws_home/basic-locomotion-dls-isaaclab/deploy/dls2_ws/install/dls2_interfaces/lib/libdls2_interfaces__rosidl_typesupport_cpp.so
[4.335s] -- Up-to-date: /home/iit.local/gturrisi/isaaclab_ws_home/basic-locomotion-dls-isaaclab/deploy/dls2_ws/install/dls2_interfaces/share/dls2_interfaces/environment/pythonpath.sh
[4.335s] -- Installing: /home/iit.local/gturrisi/isaaclab_ws_home/basic-locomotion-dls-isaaclab/deploy/dls2_ws/install/dls2_interfaces/share/dls2_interfaces/environment/pythonpath.dsv
[4.335s] -- Up-to-date: /home/iit.local/gturrisi/isaaclab_ws_home/basic-locomotion-dls-isaaclab/deploy/dls2_ws/install/dls2_interfaces/lib/python3.11/site-packages/dls2_interfaces-0.0.0-py3.11.egg-info
[4.335s] -- Installing: /home/iit.local/gturrisi/isaaclab_ws_home/basic-locomotion-dls-isaaclab/deploy/dls2_ws/install/dls2_interfaces/lib/python3.11/site-packages/dls2_interfaces-0.0.0-py3.11.egg-info/SOURCES.txt
[4.336s] -- Installing: /home/iit.local/gturrisi/isaaclab_ws_home/basic-locomotion-dls-isaaclab/deploy/dls2_ws/install/dls2_interfaces/lib/python3.11/site-packages/dls2_interfaces-0.0.0-py3.11.egg-info/top_level.txt
[4.336s] -- Installing: /home/iit.local/gturrisi/isaaclab_ws_home/basic-locomotion-dls-isaaclab/deploy/dls2_ws/install/dls2_interfaces/lib/python3.11/site-packages/dls2_interfaces-0.0.0-py3.11.egg-info/dependency_links.txt
[4.336s] -- Installing: /home/iit.local/gturrisi/isaaclab_ws_home/basic-locomotion-dls-isaaclab/deploy/dls2_ws/install/dls2_interfaces/lib/python3.11/site-packages/dls2_interfaces-0.0.0-py3.11.egg-info/PKG-INFO
[4.336s] -- Up-to-date: /home/iit.local/gturrisi/isaaclab_ws_home/basic-locomotion-dls-isaaclab/deploy/dls2_ws/install/dls2_interfaces/lib/python3.11/site-packages/dls2_interfaces
[4.336s] -- Installing: /home/iit.local/gturrisi/isaaclab_ws_home/basic-locomotion-dls-isaaclab/deploy/dls2_ws/install/dls2_interfaces/lib/python3.11/site-packages/dls2_interfaces/libdls2_interfaces__rosidl_generator_py.so
[4.336s] -- Installing: /home/iit.local/gturrisi/isaaclab_ws_home/basic-locomotion-dls-isaaclab/deploy/dls2_ws/install/dls2_interfaces/lib/python3.11/site-packages/dls2_interfaces/dls2_interfaces_s__rosidl_typesupport_fastrtps_c.cpython-311-x86_64-linux-gnu.so
[4.336s] -- Installing: /home/iit.local/gturrisi/isaaclab_ws_home/basic-locomotion-dls-isaaclab/deploy/dls2_ws/install/dls2_interfaces/lib/python3.11/site-packages/dls2_interfaces/_dls2_interfaces_s.ep.rosidl_typesupport_introspection_c.c
[4.337s] -- Installing: /home/iit.local/gturrisi/isaaclab_ws_home/basic-locomotion-dls-isaaclab/deploy/dls2_ws/install/dls2_interfaces/lib/python3.11/site-packages/dls2_interfaces/dls2_interfaces_s__rosidl_typesupport_c.cpython-311-x86_64-linux-gnu.so
[4.337s] -- Installing: /home/iit.local/gturrisi/isaaclab_ws_home/basic-locomotion-dls-isaaclab/deploy/dls2_ws/install/dls2_interfaces/lib/python3.11/site-packages/dls2_interfaces/_dls2_interfaces_s.ep.rosidl_typesupport_fastrtps_c.c
[4.337s] -- Up-to-date: /home/iit.local/gturrisi/isaaclab_ws_home/basic-locomotion-dls-isaaclab/deploy/dls2_ws/install/dls2_interfaces/lib/python3.11/site-packages/dls2_interfaces/msg
[4.337s] -- Installing: /home/iit.local/gturrisi/isaaclab_ws_home/basic-locomotion-dls-isaaclab/deploy/dls2_ws/install/dls2_interfaces/lib/python3.11/site-packages/dls2_interfaces/msg/_screw_s.c
[4.337s] -- Installing: /home/iit.local/gturrisi/isaaclab_ws_home/basic-locomotion-dls-isaaclab/deploy/dls2_ws/install/dls2_interfaces/lib/python3.11/site-packages/dls2_interfaces/msg/_blind_state_s.c
[4.337s] -- Installing: /home/iit.local/gturrisi/isaaclab_ws_home/basic-locomotion-dls-isaaclab/deploy/dls2_ws/install/dls2_interfaces/lib/python3.11/site-packages/dls2_interfaces/msg/_pose.py
[4.337s] -- Installing: /home/iit.local/gturrisi/isaaclab_ws_home/basic-locomotion-dls-isaaclab/deploy/dls2_ws/install/dls2_interfaces/lib/python3.11/site-packages/dls2_interfaces/msg/_base_state.py
[4.337s] -- Installing: /home/iit.local/gturrisi/isaaclab_ws_home/basic-locomotion-dls-isaaclab/deploy/dls2_ws/install/dls2_interfaces/lib/python3.11/site-packages/dls2_interfaces/msg/_screw.py
[4.338s] -- Installing: /home/iit.local/gturrisi/isaaclab_ws_home/basic-locomotion-dls-isaaclab/deploy/dls2_ws/install/dls2_interfaces/lib/python3.11/site-packages/dls2_interfaces/msg/_blind_state.py
[4.338s] -- Installing: /home/iit.local/gturrisi/isaaclab_ws_home/basic-locomotion-dls-isaaclab/deploy/dls2_ws/install/dls2_interfaces/lib/python3.11/site-packages/dls2_interfaces/msg/_imu_s.c
[4.338s] -- Installing: /home/iit.local/gturrisi/isaaclab_ws_home/basic-locomotion-dls-isaaclab/deploy/dls2_ws/install/dls2_interfaces/lib/python3.11/site-packages/dls2_interfaces/msg/_base_state_s.c
[4.338s] -- Installing: /home/iit.local/gturrisi/isaaclab_ws_home/basic-locomotion-dls-isaaclab/deploy/dls2_ws/install/dls2_interfaces/lib/python3.11/site-packages/dls2_interfaces/msg/_trajectory_generator.py
[4.338s] -- Installing: /home/iit.local/gturrisi/isaaclab_ws_home/basic-locomotion-dls-isaaclab/deploy/dls2_ws/install/dls2_interfaces/lib/python3.11/site-packages/dls2_interfaces/msg/__init__.py
[4.338s] -- Installing: /home/iit.local/gturrisi/isaaclab_ws_home/basic-locomotion-dls-isaaclab/deploy/dls2_ws/install/dls2_interfaces/lib/python3.11/site-packages/dls2_interfaces/msg/_imu.py
[4.338s] -- Installing: /home/iit.local/gturrisi/isaaclab_ws_home/basic-locomotion-dls-isaaclab/deploy/dls2_ws/install/dls2_interfaces/lib/python3.11/site-packages/dls2_interfaces/msg/_trajectory_generator_s.c
[4.339s] -- Installing: /home/iit.local/gturrisi/isaaclab_ws_home/basic-locomotion-dls-isaaclab/deploy/dls2_ws/install/dls2_interfaces/lib/python3.11/site-packages/dls2_interfaces/msg/_pose_s.c
[4.339s] -- Installing: /home/iit.local/gturrisi/isaaclab_ws_home/basic-locomotion-dls-isaaclab/deploy/dls2_ws/install/dls2_interfaces/lib/python3.11/site-packages/dls2_interfaces/__init__.py
[4.339s] -- Installing: /home/iit.local/gturrisi/isaaclab_ws_home/basic-locomotion-dls-isaaclab/deploy/dls2_ws/install/dls2_interfaces/lib/python3.11/site-packages/dls2_interfaces/_dls2_interfaces_s.ep.rosidl_typesupport_c.c
[4.339s] -- Installing: /home/iit.local/gturrisi/isaaclab_ws_home/basic-locomotion-dls-isaaclab/deploy/dls2_ws/install/dls2_interfaces/lib/python3.11/site-packages/dls2_interfaces/dls2_interfaces_s__rosidl_typesupport_introspection_c.cpython-311-x86_64-linux-gnu.so
[4.377s] Listing 'lib/python3.11/site-packages/dls2_interfaces'...
[4.377s] Can't list 'lib/python3.11/site-packages/dls2_interfaces'
[4.381s] -- Installing: /home/iit.local/gturrisi/isaaclab_ws_home/basic-locomotion-dls-isaaclab/deploy/dls2_ws/install/dls2_interfaces/lib/python3.11/site-packages/dls2_interfaces/dls2_interfaces_s__rosidl_typesupport_fastrtps_c.cpython-311-x86_64-linux-gnu.so
[4.382s] -- Set non-toolchain portion of runtime path of "/home/iit.local/gturrisi/isaaclab_ws_home/basic-locomotion-dls-isaaclab/deploy/dls2_ws/install/dls2_interfaces/lib/python3.11/site-packages/dls2_interfaces/dls2_interfaces_s__rosidl_typesupport_fastrtps_c.cpython-311-x86_64-linux-gnu.so" to ""
[4.382s] -- Installing: /home/iit.local/gturrisi/isaaclab_ws_home/basic-locomotion-dls-isaaclab/deploy/dls2_ws/install/dls2_interfaces/lib/python3.11/site-packages/dls2_interfaces/dls2_interfaces_s__rosidl_typesupport_introspection_c.cpython-311-x86_64-linux-gnu.so
[4.382s] -- Set non-toolchain portion of runtime path of "/home/iit.local/gturrisi/isaaclab_ws_home/basic-locomotion-dls-isaaclab/deploy/dls2_ws/install/dls2_interfaces/lib/python3.11/site-packages/dls2_interfaces/dls2_interfaces_s__rosidl_typesupport_introspection_c.cpython-311-x86_64-linux-gnu.so" to ""
[4.382s] -- Installing: /home/iit.local/gturrisi/isaaclab_ws_home/basic-locomotion-dls-isaaclab/deploy/dls2_ws/install/dls2_interfaces/lib/python3.11/site-packages/dls2_interfaces/dls2_interfaces_s__rosidl_typesupport_c.cpython-311-x86_64-linux-gnu.so
[4.382s] -- Set non-toolchain portion of runtime path of "/home/iit.local/gturrisi/isaaclab_ws_home/basic-locomotion-dls-isaaclab/deploy/dls2_ws/install/dls2_interfaces/lib/python3.11/site-packages/dls2_interfaces/dls2_interfaces_s__rosidl_typesupport_c.cpython-311-x86_64-linux-gnu.so" to ""
[4.382s] -- Installing: /home/iit.local/gturrisi/isaaclab_ws_home/basic-locomotion-dls-isaaclab/deploy/dls2_ws/install/dls2_interfaces/lib/libdls2_interfaces__rosidl_generator_py.so
[4.383s] -- Set non-toolchain portion of runtime path of "/home/iit.local/gturrisi/isaaclab_ws_home/basic-locomotion-dls-isaaclab/deploy/dls2_ws/install/dls2_interfaces/lib/libdls2_interfaces__rosidl_generator_py.so" to ""
[4.383s] -- Up-to-date: /home/iit.local/gturrisi/isaaclab_ws_home/basic-locomotion-dls-isaaclab/deploy/dls2_ws/install/dls2_interfaces/share/dls2_interfaces/msg/Pose.idl
[4.383s] -- Up-to-date: /home/iit.local/gturrisi/isaaclab_ws_home/basic-locomotion-dls-isaaclab/deploy/dls2_ws/install/dls2_interfaces/share/dls2_interfaces/msg/Screw.idl
[4.383s] -- Up-to-date: /home/iit.local/gturrisi/isaaclab_ws_home/basic-locomotion-dls-isaaclab/deploy/dls2_ws/install/dls2_interfaces/share/dls2_interfaces/msg/BlindState.idl
[4.383s] -- Installing: /home/iit.local/gturrisi/isaaclab_ws_home/basic-locomotion-dls-isaaclab/deploy/dls2_ws/install/dls2_interfaces/share/dls2_interfaces/msg/BaseState.idl
[4.383s] -- Up-to-date: /home/iit.local/gturrisi/isaaclab_ws_home/basic-locomotion-dls-isaaclab/deploy/dls2_ws/install/dls2_interfaces/share/dls2_interfaces/msg/Imu.idl
[4.383s] -- Up-to-date: /home/iit.local/gturrisi/isaaclab_ws_home/basic-locomotion-dls-isaaclab/deploy/dls2_ws/install/dls2_interfaces/share/dls2_interfaces/msg/TrajectoryGenerator.idl
[4.383s] -- Up-to-date: /home/iit.local/gturrisi/isaaclab_ws_home/basic-locomotion-dls-isaaclab/deploy/dls2_ws/install/dls2_interfaces/share/dls2_interfaces/msg/Pose.msg
[4.383s] -- Up-to-date: /home/iit.local/gturrisi/isaaclab_ws_home/basic-locomotion-dls-isaaclab/deploy/dls2_ws/install/dls2_interfaces/share/dls2_interfaces/msg/Screw.msg
[4.383s] -- Up-to-date: /home/iit.local/gturrisi/isaaclab_ws_home/basic-locomotion-dls-isaaclab/deploy/dls2_ws/install/dls2_interfaces/share/dls2_interfaces/msg/BlindState.msg
[4.383s] -- Installing: /home/iit.local/gturrisi/isaaclab_ws_home/basic-locomotion-dls-isaaclab/deploy/dls2_ws/install/dls2_interfaces/share/dls2_interfaces/msg/BaseState.msg
[4.383s] -- Up-to-date: /home/iit.local/gturrisi/isaaclab_ws_home/basic-locomotion-dls-isaaclab/deploy/dls2_ws/install/dls2_interfaces/share/dls2_interfaces/msg/Imu.msg
[4.383s] -- Up-to-date: /home/iit.local/gturrisi/isaaclab_ws_home/basic-locomotion-dls-isaaclab/deploy/dls2_ws/install/dls2_interfaces/share/dls2_interfaces/msg/TrajectoryGenerator.msg
[4.383s] -- Up-to-date: /home/iit.local/gturrisi/isaaclab_ws_home/basic-locomotion-dls-isaaclab/deploy/dls2_ws/install/dls2_interfaces/share/ament_index/resource_index/package_run_dependencies/dls2_interfaces
[4.383s] -- Up-to-date: /home/iit.local/gturrisi/isaaclab_ws_home/basic-locomotion-dls-isaaclab/deploy/dls2_ws/install/dls2_interfaces/share/ament_index/resource_index/parent_prefix_path/dls2_interfaces
[4.383s] -- Up-to-date: /home/iit.local/gturrisi/isaaclab_ws_home/basic-locomotion-dls-isaaclab/deploy/dls2_ws/install/dls2_interfaces/share/dls2_interfaces/environment/ament_prefix_path.sh
[4.383s] -- Installing: /home/iit.local/gturrisi/isaaclab_ws_home/basic-locomotion-dls-isaaclab/deploy/dls2_ws/install/dls2_interfaces/share/dls2_interfaces/environment/ament_prefix_path.dsv
[4.384s] -- Up-to-date: /home/iit.local/gturrisi/isaaclab_ws_home/basic-locomotion-dls-isaaclab/deploy/dls2_ws/install/dls2_interfaces/share/dls2_interfaces/environment/path.sh
[4.384s] -- Installing: /home/iit.local/gturrisi/isaaclab_ws_home/basic-locomotion-dls-isaaclab/deploy/dls2_ws/install/dls2_interfaces/share/dls2_interfaces/environment/path.dsv
[4.384s] -- Up-to-date: /home/iit.local/gturrisi/isaaclab_ws_home/basic-locomotion-dls-isaaclab/deploy/dls2_ws/install/dls2_interfaces/share/dls2_interfaces/local_setup.bash
[4.384s] -- Up-to-date: /home/iit.local/gturrisi/isaaclab_ws_home/basic-locomotion-dls-isaaclab/deploy/dls2_ws/install/dls2_interfaces/share/dls2_interfaces/local_setup.sh
[4.384s] -- Up-to-date: /home/iit.local/gturrisi/isaaclab_ws_home/basic-locomotion-dls-isaaclab/deploy/dls2_ws/install/dls2_interfaces/share/dls2_interfaces/local_setup.zsh
[4.384s] -- Installing: /home/iit.local/gturrisi/isaaclab_ws_home/basic-locomotion-dls-isaaclab/deploy/dls2_ws/install/dls2_interfaces/share/dls2_interfaces/local_setup.dsv
[4.384s] -- Installing: /home/iit.local/gturrisi/isaaclab_ws_home/basic-locomotion-dls-isaaclab/deploy/dls2_ws/install/dls2_interfaces/share/dls2_interfaces/package.dsv
[4.384s] -- Up-to-date: /home/iit.local/gturrisi/isaaclab_ws_home/basic-locomotion-dls-isaaclab/deploy/dls2_ws/install/dls2_interfaces/share/ament_index/resource_index/packages/dls2_interfaces
[4.384s] -- Up-to-date: /home/iit.local/gturrisi/isaaclab_ws_home/basic-locomotion-dls-isaaclab/deploy/dls2_ws/install/dls2_interfaces/share/dls2_interfaces/cmake/export_dls2_interfaces__rosidl_generator_cExport.cmake
[4.384s] -- Up-to-date: /home/iit.local/gturrisi/isaaclab_ws_home/basic-locomotion-dls-isaaclab/deploy/dls2_ws/install/dls2_interfaces/share/dls2_interfaces/cmake/export_dls2_interfaces__rosidl_generator_cExport-noconfig.cmake
[4.384s] -- Up-to-date: /home/iit.local/gturrisi/isaaclab_ws_home/basic-locomotion-dls-isaaclab/deploy/dls2_ws/install/dls2_interfaces/share/dls2_interfaces/cmake/export_dls2_interfaces__rosidl_typesupport_fastrtps_cExport.cmake
[4.384s] -- Up-to-date: /home/iit.local/gturrisi/isaaclab_ws_home/basic-locomotion-dls-isaaclab/deploy/dls2_ws/install/dls2_interfaces/share/dls2_interfaces/cmake/export_dls2_interfaces__rosidl_typesupport_fastrtps_cExport-noconfig.cmake
[4.384s] -- Up-to-date: /home/iit.local/gturrisi/isaaclab_ws_home/basic-locomotion-dls-isaaclab/deploy/dls2_ws/install/dls2_interfaces/share/dls2_interfaces/cmake/dls2_interfaces__rosidl_typesupport_introspection_cExport.cmake
[4.384s] -- Up-to-date: /home/iit.local/gturrisi/isaaclab_ws_home/basic-locomotion-dls-isaaclab/deploy/dls2_ws/install/dls2_interfaces/share/dls2_interfaces/cmake/dls2_interfaces__rosidl_typesupport_introspection_cExport-noconfig.cmake
[4.384s] -- Up-to-date: /home/iit.local/gturrisi/isaaclab_ws_home/basic-locomotion-dls-isaaclab/deploy/dls2_ws/install/dls2_interfaces/share/dls2_interfaces/cmake/dls2_interfaces__rosidl_typesupport_cExport.cmake
[4.384s] -- Up-to-date: /home/iit.local/gturrisi/isaaclab_ws_home/basic-locomotion-dls-isaaclab/deploy/dls2_ws/install/dls2_interfaces/share/dls2_interfaces/cmake/dls2_interfaces__rosidl_typesupport_cExport-noconfig.cmake
[4.384s] -- Up-to-date: /home/iit.local/gturrisi/isaaclab_ws_home/basic-locomotion-dls-isaaclab/deploy/dls2_ws/install/dls2_interfaces/share/dls2_interfaces/cmake/export_dls2_interfaces__rosidl_generator_cppExport.cmake
[4.384s] -- Up-to-date: /home/iit.local/gturrisi/isaaclab_ws_home/basic-locomotion-dls-isaaclab/deploy/dls2_ws/install/dls2_interfaces/share/dls2_interfaces/cmake/export_dls2_interfaces__rosidl_typesupport_fastrtps_cppExport.cmake
[4.384s] -- Up-to-date: /home/iit.local/gturrisi/isaaclab_ws_home/basic-locomotion-dls-isaaclab/deploy/dls2_ws/install/dls2_interfaces/share/dls2_interfaces/cmake/export_dls2_interfaces__rosidl_typesupport_fastrtps_cppExport-noconfig.cmake
[4.384s] -- Up-to-date: /home/iit.local/gturrisi/isaaclab_ws_home/basic-locomotion-dls-isaaclab/deploy/dls2_ws/install/dls2_interfaces/share/dls2_interfaces/cmake/dls2_interfaces__rosidl_typesupport_introspection_cppExport.cmake
[4.384s] -- Up-to-date: /home/iit.local/gturrisi/isaaclab_ws_home/basic-locomotion-dls-isaaclab/deploy/dls2_ws/install/dls2_interfaces/share/dls2_interfaces/cmake/dls2_interfaces__rosidl_typesupport_introspection_cppExport-noconfig.cmake
[4.384s] -- Up-to-date: /home/iit.local/gturrisi/isaaclab_ws_home/basic-locomotion-dls-isaaclab/deploy/dls2_ws/install/dls2_interfaces/share/dls2_interfaces/cmake/dls2_interfaces__rosidl_typesupport_cppExport.cmake
[4.384s] -- Up-to-date: /home/iit.local/gturrisi/isaaclab_ws_home/basic-locomotion-dls-isaaclab/deploy/dls2_ws/install/dls2_interfaces/share/dls2_interfaces/cmake/dls2_interfaces__rosidl_typesupport_cppExport-noconfig.cmake
[4.384s] -- Up-to-date: /home/iit.local/gturrisi/isaaclab_ws_home/basic-locomotion-dls-isaaclab/deploy/dls2_ws/install/dls2_interfaces/share/dls2_interfaces/cmake/export_dls2_interfaces__rosidl_generator_pyExport.cmake
[4.384s] -- Up-to-date: /home/iit.local/gturrisi/isaaclab_ws_home/basic-locomotion-dls-isaaclab/deploy/dls2_ws/install/dls2_interfaces/share/dls2_interfaces/cmake/export_dls2_interfaces__rosidl_generator_pyExport-noconfig.cmake
[4.384s] -- Up-to-date: /home/iit.local/gturrisi/isaaclab_ws_home/basic-locomotion-dls-isaaclab/deploy/dls2_ws/install/dls2_interfaces/share/dls2_interfaces/cmake/rosidl_cmake-extras.cmake
[4.384s] -- Up-to-date: /home/iit.local/gturrisi/isaaclab_ws_home/basic-locomotion-dls-isaaclab/deploy/dls2_ws/install/dls2_interfaces/share/dls2_interfaces/cmake/ament_cmake_export_include_directories-extras.cmake
[4.384s] -- Up-to-date: /home/iit.local/gturrisi/isaaclab_ws_home/basic-locomotion-dls-isaaclab/deploy/dls2_ws/install/dls2_interfaces/share/dls2_interfaces/cmake/ament_cmake_export_libraries-extras.cmake
[4.384s] -- Up-to-date: /home/iit.local/gturrisi/isaaclab_ws_home/basic-locomotion-dls-isaaclab/deploy/dls2_ws/install/dls2_interfaces/share/dls2_interfaces/cmake/ament_cmake_export_targets-extras.cmake
[4.384s] -- Up-to-date: /home/iit.local/gturrisi/isaaclab_ws_home/basic-locomotion-dls-isaaclab/deploy/dls2_ws/install/dls2_interfaces/share/dls2_interfaces/cmake/rosidl_cmake_export_typesupport_targets-extras.cmake
[4.385s] -- Up-to-date: /home/iit.local/gturrisi/isaaclab_ws_home/basic-locomotion-dls-isaaclab/deploy/dls2_ws/install/dls2_interfaces/share/dls2_interfaces/cmake/ament_cmake_export_dependencies-extras.cmake
[4.385s] -- Up-to-date: /home/iit.local/gturrisi/isaaclab_ws_home/basic-locomotion-dls-isaaclab/deploy/dls2_ws/install/dls2_interfaces/share/dls2_interfaces/cmake/rosidl_cmake_export_typesupport_libraries-extras.cmake
[4.385s] -- Up-to-date: /home/iit.local/gturrisi/isaaclab_ws_home/basic-locomotion-dls-isaaclab/deploy/dls2_ws/install/dls2_interfaces/share/dls2_interfaces/cmake/dls2_interfacesConfig.cmake
[4.385s] -- Up-to-date: /home/iit.local/gturrisi/isaaclab_ws_home/basic-locomotion-dls-isaaclab/deploy/dls2_ws/install/dls2_interfaces/share/dls2_interfaces/cmake/dls2_interfacesConfig-version.cmake
[4.385s] -- Up-to-date: /home/iit.local/gturrisi/isaaclab_ws_home/basic-locomotion-dls-isaaclab/deploy/dls2_ws/install/dls2_interfaces/share/dls2_interfaces/package.xml
[4.386s] Invoked command in '/home/iit.local/gturrisi/isaaclab_ws_home/basic-locomotion-dls-isaaclab/deploy/dls2_ws/build/dls2_interfaces' returned '0': CONDA_PROMPT_MODIFIER=(basic_locomotion_dls_isaaclab_ros2_env) /home/iit.local/gturrisi/miniforge3/envs/basic_locomotion_dls_isaaclab_ros2_env/bin/cmake --install /home/iit.local/gturrisi/isaaclab_ws_home/basic-locomotion-dls-isaaclab/deploy/dls2_ws/build/dls2_interfaces
